[2024-04-14T13:00:02.454+0000] {processor.py:161} INFO - Started process (PID=44) to work on /home/airflow/.local/lib/python3.12/site-packages/airflow/example_dags/example_complex.py
[2024-04-14T13:00:02.455+0000] {processor.py:830} INFO - Processing file /home/airflow/.local/lib/python3.12/site-packages/airflow/example_dags/example_complex.py for tasks to queue
[2024-04-14T13:00:02.457+0000] {logging_mixin.py:188} INFO - [2024-04-14T13:00:02.457+0000] {dagbag.py:540} INFO - Filling up the DagBag from /home/airflow/.local/lib/python3.12/site-packages/airflow/example_dags/example_complex.py
[2024-04-14T13:00:02.471+0000] {processor.py:840} INFO - DAG(s) 'example_complex' retrieved from /home/airflow/.local/lib/python3.12/site-packages/airflow/example_dags/example_complex.py
[2024-04-14T13:00:02.485+0000] {logging_mixin.py:188} INFO - [2024-04-14T13:00:02.484+0000] {dag.py:3096} INFO - Sync 1 DAGs
[2024-04-14T13:00:02.501+0000] {logging_mixin.py:188} INFO - [2024-04-14T13:00:02.501+0000] {dag.py:3954} INFO - Setting next_dagrun for example_complex to None, run_after=None
[2024-04-14T13:00:02.524+0000] {processor.py:183} INFO - Processing /home/airflow/.local/lib/python3.12/site-packages/airflow/example_dags/example_complex.py took 0.074 seconds
[2024-04-14T13:00:33.334+0000] {processor.py:161} INFO - Started process (PID=100) to work on /home/airflow/.local/lib/python3.12/site-packages/airflow/example_dags/example_complex.py
[2024-04-14T13:00:33.335+0000] {processor.py:830} INFO - Processing file /home/airflow/.local/lib/python3.12/site-packages/airflow/example_dags/example_complex.py for tasks to queue
[2024-04-14T13:00:33.336+0000] {logging_mixin.py:188} INFO - [2024-04-14T13:00:33.336+0000] {dagbag.py:540} INFO - Filling up the DagBag from /home/airflow/.local/lib/python3.12/site-packages/airflow/example_dags/example_complex.py
[2024-04-14T13:00:33.347+0000] {processor.py:840} INFO - DAG(s) 'example_complex' retrieved from /home/airflow/.local/lib/python3.12/site-packages/airflow/example_dags/example_complex.py
[2024-04-14T13:00:33.446+0000] {logging_mixin.py:188} INFO - [2024-04-14T13:00:33.446+0000] {dag.py:3096} INFO - Sync 1 DAGs
[2024-04-14T13:00:33.458+0000] {logging_mixin.py:188} INFO - [2024-04-14T13:00:33.458+0000] {dag.py:3954} INFO - Setting next_dagrun for example_complex to None, run_after=None
[2024-04-14T13:00:33.478+0000] {processor.py:183} INFO - Processing /home/airflow/.local/lib/python3.12/site-packages/airflow/example_dags/example_complex.py took 0.149 seconds
[2024-04-14T13:01:04.056+0000] {processor.py:161} INFO - Started process (PID=158) to work on /home/airflow/.local/lib/python3.12/site-packages/airflow/example_dags/example_complex.py
[2024-04-14T13:01:04.056+0000] {processor.py:830} INFO - Processing file /home/airflow/.local/lib/python3.12/site-packages/airflow/example_dags/example_complex.py for tasks to queue
[2024-04-14T13:01:04.058+0000] {logging_mixin.py:188} INFO - [2024-04-14T13:01:04.058+0000] {dagbag.py:540} INFO - Filling up the DagBag from /home/airflow/.local/lib/python3.12/site-packages/airflow/example_dags/example_complex.py
[2024-04-14T13:01:04.067+0000] {processor.py:840} INFO - DAG(s) 'example_complex' retrieved from /home/airflow/.local/lib/python3.12/site-packages/airflow/example_dags/example_complex.py
[2024-04-14T13:01:04.096+0000] {logging_mixin.py:188} INFO - [2024-04-14T13:01:04.096+0000] {dag.py:3096} INFO - Sync 1 DAGs
[2024-04-14T13:01:04.113+0000] {logging_mixin.py:188} INFO - [2024-04-14T13:01:04.113+0000] {dag.py:3954} INFO - Setting next_dagrun for example_complex to None, run_after=None
[2024-04-14T13:01:04.132+0000] {processor.py:183} INFO - Processing /home/airflow/.local/lib/python3.12/site-packages/airflow/example_dags/example_complex.py took 0.081 seconds
[2024-04-14T13:01:34.236+0000] {processor.py:161} INFO - Started process (PID=216) to work on /home/airflow/.local/lib/python3.12/site-packages/airflow/example_dags/example_complex.py
[2024-04-14T13:01:34.237+0000] {processor.py:830} INFO - Processing file /home/airflow/.local/lib/python3.12/site-packages/airflow/example_dags/example_complex.py for tasks to queue
[2024-04-14T13:01:34.239+0000] {logging_mixin.py:188} INFO - [2024-04-14T13:01:34.239+0000] {dagbag.py:540} INFO - Filling up the DagBag from /home/airflow/.local/lib/python3.12/site-packages/airflow/example_dags/example_complex.py
[2024-04-14T13:01:34.248+0000] {processor.py:840} INFO - DAG(s) 'example_complex' retrieved from /home/airflow/.local/lib/python3.12/site-packages/airflow/example_dags/example_complex.py
[2024-04-14T13:01:34.276+0000] {logging_mixin.py:188} INFO - [2024-04-14T13:01:34.276+0000] {dag.py:3096} INFO - Sync 1 DAGs
[2024-04-14T13:01:34.287+0000] {logging_mixin.py:188} INFO - [2024-04-14T13:01:34.287+0000] {dag.py:3954} INFO - Setting next_dagrun for example_complex to None, run_after=None
[2024-04-14T13:01:34.307+0000] {processor.py:183} INFO - Processing /home/airflow/.local/lib/python3.12/site-packages/airflow/example_dags/example_complex.py took 0.075 seconds
[2024-04-14T13:02:04.363+0000] {processor.py:161} INFO - Started process (PID=273) to work on /home/airflow/.local/lib/python3.12/site-packages/airflow/example_dags/example_complex.py
[2024-04-14T13:02:04.364+0000] {processor.py:830} INFO - Processing file /home/airflow/.local/lib/python3.12/site-packages/airflow/example_dags/example_complex.py for tasks to queue
[2024-04-14T13:02:04.366+0000] {logging_mixin.py:188} INFO - [2024-04-14T13:02:04.365+0000] {dagbag.py:540} INFO - Filling up the DagBag from /home/airflow/.local/lib/python3.12/site-packages/airflow/example_dags/example_complex.py
[2024-04-14T13:02:04.375+0000] {processor.py:840} INFO - DAG(s) 'example_complex' retrieved from /home/airflow/.local/lib/python3.12/site-packages/airflow/example_dags/example_complex.py
[2024-04-14T13:02:04.407+0000] {logging_mixin.py:188} INFO - [2024-04-14T13:02:04.406+0000] {dag.py:3096} INFO - Sync 1 DAGs
[2024-04-14T13:02:04.419+0000] {logging_mixin.py:188} INFO - [2024-04-14T13:02:04.419+0000] {dag.py:3954} INFO - Setting next_dagrun for example_complex to None, run_after=None
[2024-04-14T13:02:04.440+0000] {processor.py:183} INFO - Processing /home/airflow/.local/lib/python3.12/site-packages/airflow/example_dags/example_complex.py took 0.081 seconds
[2024-04-14T13:02:34.831+0000] {processor.py:161} INFO - Started process (PID=331) to work on /home/airflow/.local/lib/python3.12/site-packages/airflow/example_dags/example_complex.py
[2024-04-14T13:02:34.832+0000] {processor.py:830} INFO - Processing file /home/airflow/.local/lib/python3.12/site-packages/airflow/example_dags/example_complex.py for tasks to queue
[2024-04-14T13:02:34.833+0000] {logging_mixin.py:188} INFO - [2024-04-14T13:02:34.833+0000] {dagbag.py:540} INFO - Filling up the DagBag from /home/airflow/.local/lib/python3.12/site-packages/airflow/example_dags/example_complex.py
[2024-04-14T13:02:34.842+0000] {processor.py:840} INFO - DAG(s) 'example_complex' retrieved from /home/airflow/.local/lib/python3.12/site-packages/airflow/example_dags/example_complex.py
[2024-04-14T13:02:34.871+0000] {logging_mixin.py:188} INFO - [2024-04-14T13:02:34.870+0000] {dag.py:3096} INFO - Sync 1 DAGs
[2024-04-14T13:02:34.882+0000] {logging_mixin.py:188} INFO - [2024-04-14T13:02:34.882+0000] {dag.py:3954} INFO - Setting next_dagrun for example_complex to None, run_after=None
[2024-04-14T13:02:34.904+0000] {processor.py:183} INFO - Processing /home/airflow/.local/lib/python3.12/site-packages/airflow/example_dags/example_complex.py took 0.078 seconds
[2024-04-14T13:03:05.097+0000] {processor.py:161} INFO - Started process (PID=389) to work on /home/airflow/.local/lib/python3.12/site-packages/airflow/example_dags/example_complex.py
[2024-04-14T13:03:05.098+0000] {processor.py:830} INFO - Processing file /home/airflow/.local/lib/python3.12/site-packages/airflow/example_dags/example_complex.py for tasks to queue
[2024-04-14T13:03:05.099+0000] {logging_mixin.py:188} INFO - [2024-04-14T13:03:05.099+0000] {dagbag.py:540} INFO - Filling up the DagBag from /home/airflow/.local/lib/python3.12/site-packages/airflow/example_dags/example_complex.py
[2024-04-14T13:03:05.108+0000] {processor.py:840} INFO - DAG(s) 'example_complex' retrieved from /home/airflow/.local/lib/python3.12/site-packages/airflow/example_dags/example_complex.py
[2024-04-14T13:03:05.135+0000] {logging_mixin.py:188} INFO - [2024-04-14T13:03:05.135+0000] {dag.py:3096} INFO - Sync 1 DAGs
[2024-04-14T13:03:05.147+0000] {logging_mixin.py:188} INFO - [2024-04-14T13:03:05.146+0000] {dag.py:3954} INFO - Setting next_dagrun for example_complex to None, run_after=None
[2024-04-14T13:03:05.164+0000] {processor.py:183} INFO - Processing /home/airflow/.local/lib/python3.12/site-packages/airflow/example_dags/example_complex.py took 0.072 seconds
[2024-04-14T13:03:36.233+0000] {processor.py:161} INFO - Started process (PID=449) to work on /home/airflow/.local/lib/python3.12/site-packages/airflow/example_dags/example_complex.py
[2024-04-14T13:03:36.234+0000] {processor.py:830} INFO - Processing file /home/airflow/.local/lib/python3.12/site-packages/airflow/example_dags/example_complex.py for tasks to queue
[2024-04-14T13:03:36.236+0000] {logging_mixin.py:188} INFO - [2024-04-14T13:03:36.235+0000] {dagbag.py:540} INFO - Filling up the DagBag from /home/airflow/.local/lib/python3.12/site-packages/airflow/example_dags/example_complex.py
[2024-04-14T13:03:36.246+0000] {processor.py:840} INFO - DAG(s) 'example_complex' retrieved from /home/airflow/.local/lib/python3.12/site-packages/airflow/example_dags/example_complex.py
[2024-04-14T13:03:36.278+0000] {logging_mixin.py:188} INFO - [2024-04-14T13:03:36.278+0000] {dag.py:3096} INFO - Sync 1 DAGs
[2024-04-14T13:03:36.319+0000] {logging_mixin.py:188} INFO - [2024-04-14T13:03:36.318+0000] {dag.py:3954} INFO - Setting next_dagrun for example_complex to None, run_after=None
[2024-04-14T13:03:36.366+0000] {processor.py:183} INFO - Processing /home/airflow/.local/lib/python3.12/site-packages/airflow/example_dags/example_complex.py took 0.139 seconds
[2024-04-14T13:04:06.832+0000] {processor.py:161} INFO - Started process (PID=508) to work on /home/airflow/.local/lib/python3.12/site-packages/airflow/example_dags/example_complex.py
[2024-04-14T13:04:06.833+0000] {processor.py:830} INFO - Processing file /home/airflow/.local/lib/python3.12/site-packages/airflow/example_dags/example_complex.py for tasks to queue
[2024-04-14T13:04:06.835+0000] {logging_mixin.py:188} INFO - [2024-04-14T13:04:06.834+0000] {dagbag.py:540} INFO - Filling up the DagBag from /home/airflow/.local/lib/python3.12/site-packages/airflow/example_dags/example_complex.py
[2024-04-14T13:04:06.843+0000] {processor.py:840} INFO - DAG(s) 'example_complex' retrieved from /home/airflow/.local/lib/python3.12/site-packages/airflow/example_dags/example_complex.py
[2024-04-14T13:04:06.871+0000] {logging_mixin.py:188} INFO - [2024-04-14T13:04:06.871+0000] {dag.py:3096} INFO - Sync 1 DAGs
[2024-04-14T13:04:06.882+0000] {logging_mixin.py:188} INFO - [2024-04-14T13:04:06.882+0000] {dag.py:3954} INFO - Setting next_dagrun for example_complex to None, run_after=None
[2024-04-14T13:04:06.900+0000] {processor.py:183} INFO - Processing /home/airflow/.local/lib/python3.12/site-packages/airflow/example_dags/example_complex.py took 0.072 seconds
[2024-04-14T13:04:37.030+0000] {processor.py:161} INFO - Started process (PID=566) to work on /home/airflow/.local/lib/python3.12/site-packages/airflow/example_dags/example_complex.py
[2024-04-14T13:04:37.031+0000] {processor.py:830} INFO - Processing file /home/airflow/.local/lib/python3.12/site-packages/airflow/example_dags/example_complex.py for tasks to queue
[2024-04-14T13:04:37.033+0000] {logging_mixin.py:188} INFO - [2024-04-14T13:04:37.032+0000] {dagbag.py:540} INFO - Filling up the DagBag from /home/airflow/.local/lib/python3.12/site-packages/airflow/example_dags/example_complex.py
[2024-04-14T13:04:37.041+0000] {processor.py:840} INFO - DAG(s) 'example_complex' retrieved from /home/airflow/.local/lib/python3.12/site-packages/airflow/example_dags/example_complex.py
[2024-04-14T13:04:37.069+0000] {logging_mixin.py:188} INFO - [2024-04-14T13:04:37.069+0000] {dag.py:3096} INFO - Sync 1 DAGs
[2024-04-14T13:04:37.080+0000] {logging_mixin.py:188} INFO - [2024-04-14T13:04:37.080+0000] {dag.py:3954} INFO - Setting next_dagrun for example_complex to None, run_after=None
[2024-04-14T13:04:37.099+0000] {processor.py:183} INFO - Processing /home/airflow/.local/lib/python3.12/site-packages/airflow/example_dags/example_complex.py took 0.073 seconds
[2024-04-14T13:05:07.307+0000] {processor.py:161} INFO - Started process (PID=624) to work on /home/airflow/.local/lib/python3.12/site-packages/airflow/example_dags/example_complex.py
[2024-04-14T13:05:07.307+0000] {processor.py:830} INFO - Processing file /home/airflow/.local/lib/python3.12/site-packages/airflow/example_dags/example_complex.py for tasks to queue
[2024-04-14T13:05:07.309+0000] {logging_mixin.py:188} INFO - [2024-04-14T13:05:07.309+0000] {dagbag.py:540} INFO - Filling up the DagBag from /home/airflow/.local/lib/python3.12/site-packages/airflow/example_dags/example_complex.py
[2024-04-14T13:05:07.317+0000] {processor.py:840} INFO - DAG(s) 'example_complex' retrieved from /home/airflow/.local/lib/python3.12/site-packages/airflow/example_dags/example_complex.py
[2024-04-14T13:05:07.345+0000] {logging_mixin.py:188} INFO - [2024-04-14T13:05:07.345+0000] {dag.py:3096} INFO - Sync 1 DAGs
[2024-04-14T13:05:07.356+0000] {logging_mixin.py:188} INFO - [2024-04-14T13:05:07.356+0000] {dag.py:3954} INFO - Setting next_dagrun for example_complex to None, run_after=None
[2024-04-14T13:05:07.374+0000] {processor.py:183} INFO - Processing /home/airflow/.local/lib/python3.12/site-packages/airflow/example_dags/example_complex.py took 0.072 seconds
[2024-04-14T13:05:37.626+0000] {processor.py:161} INFO - Started process (PID=683) to work on /home/airflow/.local/lib/python3.12/site-packages/airflow/example_dags/example_complex.py
[2024-04-14T13:05:37.627+0000] {processor.py:830} INFO - Processing file /home/airflow/.local/lib/python3.12/site-packages/airflow/example_dags/example_complex.py for tasks to queue
[2024-04-14T13:05:37.628+0000] {logging_mixin.py:188} INFO - [2024-04-14T13:05:37.628+0000] {dagbag.py:540} INFO - Filling up the DagBag from /home/airflow/.local/lib/python3.12/site-packages/airflow/example_dags/example_complex.py
[2024-04-14T13:05:37.637+0000] {processor.py:840} INFO - DAG(s) 'example_complex' retrieved from /home/airflow/.local/lib/python3.12/site-packages/airflow/example_dags/example_complex.py
[2024-04-14T13:05:37.664+0000] {logging_mixin.py:188} INFO - [2024-04-14T13:05:37.664+0000] {dag.py:3096} INFO - Sync 1 DAGs
[2024-04-14T13:05:37.675+0000] {logging_mixin.py:188} INFO - [2024-04-14T13:05:37.675+0000] {dag.py:3954} INFO - Setting next_dagrun for example_complex to None, run_after=None
[2024-04-14T13:05:37.693+0000] {processor.py:183} INFO - Processing /home/airflow/.local/lib/python3.12/site-packages/airflow/example_dags/example_complex.py took 0.071 seconds
[2024-04-14T13:06:08.163+0000] {processor.py:161} INFO - Started process (PID=741) to work on /home/airflow/.local/lib/python3.12/site-packages/airflow/example_dags/example_complex.py
[2024-04-14T13:06:08.164+0000] {processor.py:830} INFO - Processing file /home/airflow/.local/lib/python3.12/site-packages/airflow/example_dags/example_complex.py for tasks to queue
[2024-04-14T13:06:08.165+0000] {logging_mixin.py:188} INFO - [2024-04-14T13:06:08.165+0000] {dagbag.py:540} INFO - Filling up the DagBag from /home/airflow/.local/lib/python3.12/site-packages/airflow/example_dags/example_complex.py
[2024-04-14T13:06:08.174+0000] {processor.py:840} INFO - DAG(s) 'example_complex' retrieved from /home/airflow/.local/lib/python3.12/site-packages/airflow/example_dags/example_complex.py
[2024-04-14T13:06:08.202+0000] {logging_mixin.py:188} INFO - [2024-04-14T13:06:08.201+0000] {dag.py:3096} INFO - Sync 1 DAGs
[2024-04-14T13:06:08.212+0000] {logging_mixin.py:188} INFO - [2024-04-14T13:06:08.212+0000] {dag.py:3954} INFO - Setting next_dagrun for example_complex to None, run_after=None
[2024-04-14T13:06:08.229+0000] {processor.py:183} INFO - Processing /home/airflow/.local/lib/python3.12/site-packages/airflow/example_dags/example_complex.py took 0.070 seconds
[2024-04-14T13:06:38.980+0000] {processor.py:161} INFO - Started process (PID=799) to work on /home/airflow/.local/lib/python3.12/site-packages/airflow/example_dags/example_complex.py
[2024-04-14T13:06:38.981+0000] {processor.py:830} INFO - Processing file /home/airflow/.local/lib/python3.12/site-packages/airflow/example_dags/example_complex.py for tasks to queue
[2024-04-14T13:06:38.983+0000] {logging_mixin.py:188} INFO - [2024-04-14T13:06:38.982+0000] {dagbag.py:540} INFO - Filling up the DagBag from /home/airflow/.local/lib/python3.12/site-packages/airflow/example_dags/example_complex.py
[2024-04-14T13:06:38.992+0000] {processor.py:840} INFO - DAG(s) 'example_complex' retrieved from /home/airflow/.local/lib/python3.12/site-packages/airflow/example_dags/example_complex.py
[2024-04-14T13:06:39.023+0000] {logging_mixin.py:188} INFO - [2024-04-14T13:06:39.022+0000] {dag.py:3096} INFO - Sync 1 DAGs
[2024-04-14T13:06:39.035+0000] {logging_mixin.py:188} INFO - [2024-04-14T13:06:39.035+0000] {dag.py:3954} INFO - Setting next_dagrun for example_complex to None, run_after=None
[2024-04-14T13:06:39.055+0000] {processor.py:183} INFO - Processing /home/airflow/.local/lib/python3.12/site-packages/airflow/example_dags/example_complex.py took 0.080 seconds
[2024-04-14T13:07:09.360+0000] {processor.py:161} INFO - Started process (PID=857) to work on /home/airflow/.local/lib/python3.12/site-packages/airflow/example_dags/example_complex.py
[2024-04-14T13:07:09.361+0000] {processor.py:830} INFO - Processing file /home/airflow/.local/lib/python3.12/site-packages/airflow/example_dags/example_complex.py for tasks to queue
[2024-04-14T13:07:09.362+0000] {logging_mixin.py:188} INFO - [2024-04-14T13:07:09.362+0000] {dagbag.py:540} INFO - Filling up the DagBag from /home/airflow/.local/lib/python3.12/site-packages/airflow/example_dags/example_complex.py
[2024-04-14T13:07:09.370+0000] {processor.py:840} INFO - DAG(s) 'example_complex' retrieved from /home/airflow/.local/lib/python3.12/site-packages/airflow/example_dags/example_complex.py
[2024-04-14T13:07:09.398+0000] {logging_mixin.py:188} INFO - [2024-04-14T13:07:09.398+0000] {dag.py:3096} INFO - Sync 1 DAGs
[2024-04-14T13:07:09.410+0000] {logging_mixin.py:188} INFO - [2024-04-14T13:07:09.410+0000] {dag.py:3954} INFO - Setting next_dagrun for example_complex to None, run_after=None
[2024-04-14T13:07:09.428+0000] {processor.py:183} INFO - Processing /home/airflow/.local/lib/python3.12/site-packages/airflow/example_dags/example_complex.py took 0.073 seconds
[2024-04-14T13:07:40.382+0000] {processor.py:161} INFO - Started process (PID=915) to work on /home/airflow/.local/lib/python3.12/site-packages/airflow/example_dags/example_complex.py
[2024-04-14T13:07:40.383+0000] {processor.py:830} INFO - Processing file /home/airflow/.local/lib/python3.12/site-packages/airflow/example_dags/example_complex.py for tasks to queue
[2024-04-14T13:07:40.384+0000] {logging_mixin.py:188} INFO - [2024-04-14T13:07:40.384+0000] {dagbag.py:540} INFO - Filling up the DagBag from /home/airflow/.local/lib/python3.12/site-packages/airflow/example_dags/example_complex.py
[2024-04-14T13:07:40.393+0000] {processor.py:840} INFO - DAG(s) 'example_complex' retrieved from /home/airflow/.local/lib/python3.12/site-packages/airflow/example_dags/example_complex.py
[2024-04-14T13:07:40.422+0000] {logging_mixin.py:188} INFO - [2024-04-14T13:07:40.422+0000] {dag.py:3096} INFO - Sync 1 DAGs
[2024-04-14T13:07:40.433+0000] {logging_mixin.py:188} INFO - [2024-04-14T13:07:40.433+0000] {dag.py:3954} INFO - Setting next_dagrun for example_complex to None, run_after=None
[2024-04-14T13:07:40.451+0000] {processor.py:183} INFO - Processing /home/airflow/.local/lib/python3.12/site-packages/airflow/example_dags/example_complex.py took 0.074 seconds
[2024-04-14T13:08:10.662+0000] {processor.py:161} INFO - Started process (PID=972) to work on /home/airflow/.local/lib/python3.12/site-packages/airflow/example_dags/example_complex.py
[2024-04-14T13:08:10.662+0000] {processor.py:830} INFO - Processing file /home/airflow/.local/lib/python3.12/site-packages/airflow/example_dags/example_complex.py for tasks to queue
[2024-04-14T13:08:10.664+0000] {logging_mixin.py:188} INFO - [2024-04-14T13:08:10.663+0000] {dagbag.py:540} INFO - Filling up the DagBag from /home/airflow/.local/lib/python3.12/site-packages/airflow/example_dags/example_complex.py
[2024-04-14T13:08:10.672+0000] {processor.py:840} INFO - DAG(s) 'example_complex' retrieved from /home/airflow/.local/lib/python3.12/site-packages/airflow/example_dags/example_complex.py
[2024-04-14T13:08:10.700+0000] {logging_mixin.py:188} INFO - [2024-04-14T13:08:10.700+0000] {dag.py:3096} INFO - Sync 1 DAGs
[2024-04-14T13:08:10.712+0000] {logging_mixin.py:188} INFO - [2024-04-14T13:08:10.711+0000] {dag.py:3954} INFO - Setting next_dagrun for example_complex to None, run_after=None
[2024-04-14T13:08:10.847+0000] {processor.py:183} INFO - Processing /home/airflow/.local/lib/python3.12/site-packages/airflow/example_dags/example_complex.py took 0.190 seconds
[2024-04-14T13:08:41.692+0000] {processor.py:161} INFO - Started process (PID=1031) to work on /home/airflow/.local/lib/python3.12/site-packages/airflow/example_dags/example_complex.py
[2024-04-14T13:08:41.692+0000] {processor.py:830} INFO - Processing file /home/airflow/.local/lib/python3.12/site-packages/airflow/example_dags/example_complex.py for tasks to queue
[2024-04-14T13:08:41.694+0000] {logging_mixin.py:188} INFO - [2024-04-14T13:08:41.694+0000] {dagbag.py:540} INFO - Filling up the DagBag from /home/airflow/.local/lib/python3.12/site-packages/airflow/example_dags/example_complex.py
[2024-04-14T13:08:41.703+0000] {processor.py:840} INFO - DAG(s) 'example_complex' retrieved from /home/airflow/.local/lib/python3.12/site-packages/airflow/example_dags/example_complex.py
[2024-04-14T13:08:41.733+0000] {logging_mixin.py:188} INFO - [2024-04-14T13:08:41.732+0000] {dag.py:3096} INFO - Sync 1 DAGs
[2024-04-14T13:08:41.746+0000] {logging_mixin.py:188} INFO - [2024-04-14T13:08:41.746+0000] {dag.py:3954} INFO - Setting next_dagrun for example_complex to None, run_after=None
[2024-04-14T13:08:41.897+0000] {processor.py:183} INFO - Processing /home/airflow/.local/lib/python3.12/site-packages/airflow/example_dags/example_complex.py took 0.210 seconds
[2024-04-14T13:09:12.738+0000] {processor.py:161} INFO - Started process (PID=1089) to work on /home/airflow/.local/lib/python3.12/site-packages/airflow/example_dags/example_complex.py
[2024-04-14T13:09:12.738+0000] {processor.py:830} INFO - Processing file /home/airflow/.local/lib/python3.12/site-packages/airflow/example_dags/example_complex.py for tasks to queue
[2024-04-14T13:09:12.740+0000] {logging_mixin.py:188} INFO - [2024-04-14T13:09:12.740+0000] {dagbag.py:540} INFO - Filling up the DagBag from /home/airflow/.local/lib/python3.12/site-packages/airflow/example_dags/example_complex.py
[2024-04-14T13:09:12.750+0000] {processor.py:840} INFO - DAG(s) 'example_complex' retrieved from /home/airflow/.local/lib/python3.12/site-packages/airflow/example_dags/example_complex.py
[2024-04-14T13:09:12.777+0000] {logging_mixin.py:188} INFO - [2024-04-14T13:09:12.777+0000] {dag.py:3096} INFO - Sync 1 DAGs
[2024-04-14T13:09:12.788+0000] {logging_mixin.py:188} INFO - [2024-04-14T13:09:12.788+0000] {dag.py:3954} INFO - Setting next_dagrun for example_complex to None, run_after=None
[2024-04-14T13:09:12.807+0000] {processor.py:183} INFO - Processing /home/airflow/.local/lib/python3.12/site-packages/airflow/example_dags/example_complex.py took 0.073 seconds
[2024-04-14T13:09:43.341+0000] {processor.py:161} INFO - Started process (PID=1147) to work on /home/airflow/.local/lib/python3.12/site-packages/airflow/example_dags/example_complex.py
[2024-04-14T13:09:43.342+0000] {processor.py:830} INFO - Processing file /home/airflow/.local/lib/python3.12/site-packages/airflow/example_dags/example_complex.py for tasks to queue
[2024-04-14T13:09:43.343+0000] {logging_mixin.py:188} INFO - [2024-04-14T13:09:43.343+0000] {dagbag.py:540} INFO - Filling up the DagBag from /home/airflow/.local/lib/python3.12/site-packages/airflow/example_dags/example_complex.py
[2024-04-14T13:09:43.351+0000] {processor.py:840} INFO - DAG(s) 'example_complex' retrieved from /home/airflow/.local/lib/python3.12/site-packages/airflow/example_dags/example_complex.py
[2024-04-14T13:09:43.379+0000] {logging_mixin.py:188} INFO - [2024-04-14T13:09:43.378+0000] {dag.py:3096} INFO - Sync 1 DAGs
[2024-04-14T13:09:43.390+0000] {logging_mixin.py:188} INFO - [2024-04-14T13:09:43.389+0000] {dag.py:3954} INFO - Setting next_dagrun for example_complex to None, run_after=None
[2024-04-14T13:09:43.407+0000] {processor.py:183} INFO - Processing /home/airflow/.local/lib/python3.12/site-packages/airflow/example_dags/example_complex.py took 0.070 seconds
[2024-04-14T13:10:13.737+0000] {processor.py:161} INFO - Started process (PID=1205) to work on /home/airflow/.local/lib/python3.12/site-packages/airflow/example_dags/example_complex.py
[2024-04-14T13:10:13.738+0000] {processor.py:830} INFO - Processing file /home/airflow/.local/lib/python3.12/site-packages/airflow/example_dags/example_complex.py for tasks to queue
[2024-04-14T13:10:13.739+0000] {logging_mixin.py:188} INFO - [2024-04-14T13:10:13.739+0000] {dagbag.py:540} INFO - Filling up the DagBag from /home/airflow/.local/lib/python3.12/site-packages/airflow/example_dags/example_complex.py
[2024-04-14T13:10:13.747+0000] {processor.py:840} INFO - DAG(s) 'example_complex' retrieved from /home/airflow/.local/lib/python3.12/site-packages/airflow/example_dags/example_complex.py
[2024-04-14T13:10:13.774+0000] {logging_mixin.py:188} INFO - [2024-04-14T13:10:13.774+0000] {dag.py:3096} INFO - Sync 1 DAGs
[2024-04-14T13:10:13.784+0000] {logging_mixin.py:188} INFO - [2024-04-14T13:10:13.784+0000] {dag.py:3954} INFO - Setting next_dagrun for example_complex to None, run_after=None
[2024-04-14T13:10:13.809+0000] {processor.py:183} INFO - Processing /home/airflow/.local/lib/python3.12/site-packages/airflow/example_dags/example_complex.py took 0.076 seconds
[2024-04-14T13:10:44.221+0000] {processor.py:161} INFO - Started process (PID=1263) to work on /home/airflow/.local/lib/python3.12/site-packages/airflow/example_dags/example_complex.py
[2024-04-14T13:10:44.222+0000] {processor.py:830} INFO - Processing file /home/airflow/.local/lib/python3.12/site-packages/airflow/example_dags/example_complex.py for tasks to queue
[2024-04-14T13:10:44.224+0000] {logging_mixin.py:188} INFO - [2024-04-14T13:10:44.223+0000] {dagbag.py:540} INFO - Filling up the DagBag from /home/airflow/.local/lib/python3.12/site-packages/airflow/example_dags/example_complex.py
[2024-04-14T13:10:44.232+0000] {processor.py:840} INFO - DAG(s) 'example_complex' retrieved from /home/airflow/.local/lib/python3.12/site-packages/airflow/example_dags/example_complex.py
[2024-04-14T13:10:44.260+0000] {logging_mixin.py:188} INFO - [2024-04-14T13:10:44.259+0000] {dag.py:3096} INFO - Sync 1 DAGs
[2024-04-14T13:10:44.271+0000] {logging_mixin.py:188} INFO - [2024-04-14T13:10:44.271+0000] {dag.py:3954} INFO - Setting next_dagrun for example_complex to None, run_after=None
[2024-04-14T13:10:44.289+0000] {processor.py:183} INFO - Processing /home/airflow/.local/lib/python3.12/site-packages/airflow/example_dags/example_complex.py took 0.072 seconds
[2024-04-14T13:11:14.585+0000] {processor.py:161} INFO - Started process (PID=1321) to work on /home/airflow/.local/lib/python3.12/site-packages/airflow/example_dags/example_complex.py
[2024-04-14T13:11:14.586+0000] {processor.py:830} INFO - Processing file /home/airflow/.local/lib/python3.12/site-packages/airflow/example_dags/example_complex.py for tasks to queue
[2024-04-14T13:11:14.588+0000] {logging_mixin.py:188} INFO - [2024-04-14T13:11:14.587+0000] {dagbag.py:540} INFO - Filling up the DagBag from /home/airflow/.local/lib/python3.12/site-packages/airflow/example_dags/example_complex.py
[2024-04-14T13:11:14.596+0000] {processor.py:840} INFO - DAG(s) 'example_complex' retrieved from /home/airflow/.local/lib/python3.12/site-packages/airflow/example_dags/example_complex.py
[2024-04-14T13:11:14.624+0000] {logging_mixin.py:188} INFO - [2024-04-14T13:11:14.623+0000] {dag.py:3096} INFO - Sync 1 DAGs
[2024-04-14T13:11:14.635+0000] {logging_mixin.py:188} INFO - [2024-04-14T13:11:14.634+0000] {dag.py:3954} INFO - Setting next_dagrun for example_complex to None, run_after=None
[2024-04-14T13:11:14.659+0000] {processor.py:183} INFO - Processing /home/airflow/.local/lib/python3.12/site-packages/airflow/example_dags/example_complex.py took 0.078 seconds
[2024-04-14T13:11:44.919+0000] {processor.py:161} INFO - Started process (PID=1379) to work on /home/airflow/.local/lib/python3.12/site-packages/airflow/example_dags/example_complex.py
[2024-04-14T13:11:44.920+0000] {processor.py:830} INFO - Processing file /home/airflow/.local/lib/python3.12/site-packages/airflow/example_dags/example_complex.py for tasks to queue
[2024-04-14T13:11:44.922+0000] {logging_mixin.py:188} INFO - [2024-04-14T13:11:44.921+0000] {dagbag.py:540} INFO - Filling up the DagBag from /home/airflow/.local/lib/python3.12/site-packages/airflow/example_dags/example_complex.py
[2024-04-14T13:11:44.930+0000] {processor.py:840} INFO - DAG(s) 'example_complex' retrieved from /home/airflow/.local/lib/python3.12/site-packages/airflow/example_dags/example_complex.py
[2024-04-14T13:11:44.957+0000] {logging_mixin.py:188} INFO - [2024-04-14T13:11:44.957+0000] {dag.py:3096} INFO - Sync 1 DAGs
[2024-04-14T13:11:44.968+0000] {logging_mixin.py:188} INFO - [2024-04-14T13:11:44.968+0000] {dag.py:3954} INFO - Setting next_dagrun for example_complex to None, run_after=None
[2024-04-14T13:11:44.992+0000] {processor.py:183} INFO - Processing /home/airflow/.local/lib/python3.12/site-packages/airflow/example_dags/example_complex.py took 0.077 seconds
[2024-04-14T13:12:15.246+0000] {processor.py:161} INFO - Started process (PID=1437) to work on /home/airflow/.local/lib/python3.12/site-packages/airflow/example_dags/example_complex.py
[2024-04-14T13:12:15.246+0000] {processor.py:830} INFO - Processing file /home/airflow/.local/lib/python3.12/site-packages/airflow/example_dags/example_complex.py for tasks to queue
[2024-04-14T13:12:15.248+0000] {logging_mixin.py:188} INFO - [2024-04-14T13:12:15.247+0000] {dagbag.py:540} INFO - Filling up the DagBag from /home/airflow/.local/lib/python3.12/site-packages/airflow/example_dags/example_complex.py
[2024-04-14T13:12:15.256+0000] {processor.py:840} INFO - DAG(s) 'example_complex' retrieved from /home/airflow/.local/lib/python3.12/site-packages/airflow/example_dags/example_complex.py
[2024-04-14T13:12:15.284+0000] {logging_mixin.py:188} INFO - [2024-04-14T13:12:15.284+0000] {dag.py:3096} INFO - Sync 1 DAGs
[2024-04-14T13:12:15.295+0000] {logging_mixin.py:188} INFO - [2024-04-14T13:12:15.295+0000] {dag.py:3954} INFO - Setting next_dagrun for example_complex to None, run_after=None
[2024-04-14T13:12:15.320+0000] {processor.py:183} INFO - Processing /home/airflow/.local/lib/python3.12/site-packages/airflow/example_dags/example_complex.py took 0.078 seconds
[2024-04-14T13:12:45.606+0000] {processor.py:161} INFO - Started process (PID=1495) to work on /home/airflow/.local/lib/python3.12/site-packages/airflow/example_dags/example_complex.py
[2024-04-14T13:12:45.607+0000] {processor.py:830} INFO - Processing file /home/airflow/.local/lib/python3.12/site-packages/airflow/example_dags/example_complex.py for tasks to queue
[2024-04-14T13:12:45.608+0000] {logging_mixin.py:188} INFO - [2024-04-14T13:12:45.608+0000] {dagbag.py:540} INFO - Filling up the DagBag from /home/airflow/.local/lib/python3.12/site-packages/airflow/example_dags/example_complex.py
[2024-04-14T13:12:45.616+0000] {processor.py:840} INFO - DAG(s) 'example_complex' retrieved from /home/airflow/.local/lib/python3.12/site-packages/airflow/example_dags/example_complex.py
[2024-04-14T13:12:45.643+0000] {logging_mixin.py:188} INFO - [2024-04-14T13:12:45.643+0000] {dag.py:3096} INFO - Sync 1 DAGs
[2024-04-14T13:12:45.654+0000] {logging_mixin.py:188} INFO - [2024-04-14T13:12:45.654+0000] {dag.py:3954} INFO - Setting next_dagrun for example_complex to None, run_after=None
[2024-04-14T13:12:45.674+0000] {processor.py:183} INFO - Processing /home/airflow/.local/lib/python3.12/site-packages/airflow/example_dags/example_complex.py took 0.071 seconds
[2024-04-14T13:13:15.984+0000] {processor.py:161} INFO - Started process (PID=1553) to work on /home/airflow/.local/lib/python3.12/site-packages/airflow/example_dags/example_complex.py
[2024-04-14T13:13:15.985+0000] {processor.py:830} INFO - Processing file /home/airflow/.local/lib/python3.12/site-packages/airflow/example_dags/example_complex.py for tasks to queue
[2024-04-14T13:13:15.987+0000] {logging_mixin.py:188} INFO - [2024-04-14T13:13:15.987+0000] {dagbag.py:540} INFO - Filling up the DagBag from /home/airflow/.local/lib/python3.12/site-packages/airflow/example_dags/example_complex.py
[2024-04-14T13:13:15.997+0000] {processor.py:840} INFO - DAG(s) 'example_complex' retrieved from /home/airflow/.local/lib/python3.12/site-packages/airflow/example_dags/example_complex.py
[2024-04-14T13:13:16.029+0000] {logging_mixin.py:188} INFO - [2024-04-14T13:13:16.028+0000] {dag.py:3096} INFO - Sync 1 DAGs
[2024-04-14T13:13:16.040+0000] {logging_mixin.py:188} INFO - [2024-04-14T13:13:16.040+0000] {dag.py:3954} INFO - Setting next_dagrun for example_complex to None, run_after=None
[2024-04-14T13:13:16.065+0000] {processor.py:183} INFO - Processing /home/airflow/.local/lib/python3.12/site-packages/airflow/example_dags/example_complex.py took 0.086 seconds
[2024-04-14T13:13:46.429+0000] {processor.py:161} INFO - Started process (PID=1611) to work on /home/airflow/.local/lib/python3.12/site-packages/airflow/example_dags/example_complex.py
[2024-04-14T13:13:46.429+0000] {processor.py:830} INFO - Processing file /home/airflow/.local/lib/python3.12/site-packages/airflow/example_dags/example_complex.py for tasks to queue
[2024-04-14T13:13:46.431+0000] {logging_mixin.py:188} INFO - [2024-04-14T13:13:46.430+0000] {dagbag.py:540} INFO - Filling up the DagBag from /home/airflow/.local/lib/python3.12/site-packages/airflow/example_dags/example_complex.py
[2024-04-14T13:13:46.439+0000] {processor.py:840} INFO - DAG(s) 'example_complex' retrieved from /home/airflow/.local/lib/python3.12/site-packages/airflow/example_dags/example_complex.py
[2024-04-14T13:13:46.468+0000] {logging_mixin.py:188} INFO - [2024-04-14T13:13:46.467+0000] {dag.py:3096} INFO - Sync 1 DAGs
[2024-04-14T13:13:46.480+0000] {logging_mixin.py:188} INFO - [2024-04-14T13:13:46.480+0000] {dag.py:3954} INFO - Setting next_dagrun for example_complex to None, run_after=None
[2024-04-14T13:13:46.503+0000] {processor.py:183} INFO - Processing /home/airflow/.local/lib/python3.12/site-packages/airflow/example_dags/example_complex.py took 0.078 seconds
[2024-04-14T13:14:16.548+0000] {processor.py:161} INFO - Started process (PID=1668) to work on /home/airflow/.local/lib/python3.12/site-packages/airflow/example_dags/example_complex.py
[2024-04-14T13:14:16.549+0000] {processor.py:830} INFO - Processing file /home/airflow/.local/lib/python3.12/site-packages/airflow/example_dags/example_complex.py for tasks to queue
[2024-04-14T13:14:16.551+0000] {logging_mixin.py:188} INFO - [2024-04-14T13:14:16.550+0000] {dagbag.py:540} INFO - Filling up the DagBag from /home/airflow/.local/lib/python3.12/site-packages/airflow/example_dags/example_complex.py
[2024-04-14T13:14:16.560+0000] {processor.py:840} INFO - DAG(s) 'example_complex' retrieved from /home/airflow/.local/lib/python3.12/site-packages/airflow/example_dags/example_complex.py
[2024-04-14T13:14:16.588+0000] {logging_mixin.py:188} INFO - [2024-04-14T13:14:16.587+0000] {dag.py:3096} INFO - Sync 1 DAGs
[2024-04-14T13:14:16.599+0000] {logging_mixin.py:188} INFO - [2024-04-14T13:14:16.599+0000] {dag.py:3954} INFO - Setting next_dagrun for example_complex to None, run_after=None
[2024-04-14T13:14:16.616+0000] {processor.py:183} INFO - Processing /home/airflow/.local/lib/python3.12/site-packages/airflow/example_dags/example_complex.py took 0.072 seconds
[2024-04-14T13:14:46.891+0000] {processor.py:161} INFO - Started process (PID=1727) to work on /home/airflow/.local/lib/python3.12/site-packages/airflow/example_dags/example_complex.py
[2024-04-14T13:14:46.892+0000] {processor.py:830} INFO - Processing file /home/airflow/.local/lib/python3.12/site-packages/airflow/example_dags/example_complex.py for tasks to queue
[2024-04-14T13:14:46.893+0000] {logging_mixin.py:188} INFO - [2024-04-14T13:14:46.893+0000] {dagbag.py:540} INFO - Filling up the DagBag from /home/airflow/.local/lib/python3.12/site-packages/airflow/example_dags/example_complex.py
[2024-04-14T13:14:46.901+0000] {processor.py:840} INFO - DAG(s) 'example_complex' retrieved from /home/airflow/.local/lib/python3.12/site-packages/airflow/example_dags/example_complex.py
[2024-04-14T13:14:46.930+0000] {logging_mixin.py:188} INFO - [2024-04-14T13:14:46.929+0000] {dag.py:3096} INFO - Sync 1 DAGs
[2024-04-14T13:14:46.941+0000] {logging_mixin.py:188} INFO - [2024-04-14T13:14:46.940+0000] {dag.py:3954} INFO - Setting next_dagrun for example_complex to None, run_after=None
[2024-04-14T13:14:46.957+0000] {processor.py:183} INFO - Processing /home/airflow/.local/lib/python3.12/site-packages/airflow/example_dags/example_complex.py took 0.070 seconds
[2024-04-14T13:15:17.480+0000] {processor.py:161} INFO - Started process (PID=1792) to work on /home/airflow/.local/lib/python3.12/site-packages/airflow/example_dags/example_complex.py
[2024-04-14T13:15:17.480+0000] {processor.py:830} INFO - Processing file /home/airflow/.local/lib/python3.12/site-packages/airflow/example_dags/example_complex.py for tasks to queue
[2024-04-14T13:15:17.482+0000] {logging_mixin.py:188} INFO - [2024-04-14T13:15:17.482+0000] {dagbag.py:540} INFO - Filling up the DagBag from /home/airflow/.local/lib/python3.12/site-packages/airflow/example_dags/example_complex.py
[2024-04-14T13:15:17.496+0000] {processor.py:840} INFO - DAG(s) 'example_complex' retrieved from /home/airflow/.local/lib/python3.12/site-packages/airflow/example_dags/example_complex.py
[2024-04-14T13:15:17.523+0000] {logging_mixin.py:188} INFO - [2024-04-14T13:15:17.523+0000] {dag.py:3096} INFO - Sync 1 DAGs
[2024-04-14T13:15:17.534+0000] {logging_mixin.py:188} INFO - [2024-04-14T13:15:17.534+0000] {dag.py:3954} INFO - Setting next_dagrun for example_complex to None, run_after=None
[2024-04-14T13:15:17.550+0000] {processor.py:183} INFO - Processing /home/airflow/.local/lib/python3.12/site-packages/airflow/example_dags/example_complex.py took 0.077 seconds
[2024-04-14T13:15:47.986+0000] {processor.py:161} INFO - Started process (PID=1851) to work on /home/airflow/.local/lib/python3.12/site-packages/airflow/example_dags/example_complex.py
[2024-04-14T13:15:47.986+0000] {processor.py:830} INFO - Processing file /home/airflow/.local/lib/python3.12/site-packages/airflow/example_dags/example_complex.py for tasks to queue
[2024-04-14T13:15:47.988+0000] {logging_mixin.py:188} INFO - [2024-04-14T13:15:47.988+0000] {dagbag.py:540} INFO - Filling up the DagBag from /home/airflow/.local/lib/python3.12/site-packages/airflow/example_dags/example_complex.py
[2024-04-14T13:15:47.996+0000] {processor.py:840} INFO - DAG(s) 'example_complex' retrieved from /home/airflow/.local/lib/python3.12/site-packages/airflow/example_dags/example_complex.py
[2024-04-14T13:15:48.024+0000] {logging_mixin.py:188} INFO - [2024-04-14T13:15:48.023+0000] {dag.py:3096} INFO - Sync 1 DAGs
[2024-04-14T13:15:48.034+0000] {logging_mixin.py:188} INFO - [2024-04-14T13:15:48.034+0000] {dag.py:3954} INFO - Setting next_dagrun for example_complex to None, run_after=None
[2024-04-14T13:15:48.051+0000] {processor.py:183} INFO - Processing /home/airflow/.local/lib/python3.12/site-packages/airflow/example_dags/example_complex.py took 0.070 seconds
[2024-04-14T13:16:18.463+0000] {processor.py:161} INFO - Started process (PID=1909) to work on /home/airflow/.local/lib/python3.12/site-packages/airflow/example_dags/example_complex.py
[2024-04-14T13:16:18.463+0000] {processor.py:830} INFO - Processing file /home/airflow/.local/lib/python3.12/site-packages/airflow/example_dags/example_complex.py for tasks to queue
[2024-04-14T13:16:18.465+0000] {logging_mixin.py:188} INFO - [2024-04-14T13:16:18.464+0000] {dagbag.py:540} INFO - Filling up the DagBag from /home/airflow/.local/lib/python3.12/site-packages/airflow/example_dags/example_complex.py
[2024-04-14T13:16:18.473+0000] {processor.py:840} INFO - DAG(s) 'example_complex' retrieved from /home/airflow/.local/lib/python3.12/site-packages/airflow/example_dags/example_complex.py
[2024-04-14T13:16:18.500+0000] {logging_mixin.py:188} INFO - [2024-04-14T13:16:18.500+0000] {dag.py:3096} INFO - Sync 1 DAGs
[2024-04-14T13:16:18.511+0000] {logging_mixin.py:188} INFO - [2024-04-14T13:16:18.510+0000] {dag.py:3954} INFO - Setting next_dagrun for example_complex to None, run_after=None
[2024-04-14T13:16:18.526+0000] {processor.py:183} INFO - Processing /home/airflow/.local/lib/python3.12/site-packages/airflow/example_dags/example_complex.py took 0.067 seconds
[2024-04-14T13:16:48.928+0000] {processor.py:161} INFO - Started process (PID=1968) to work on /home/airflow/.local/lib/python3.12/site-packages/airflow/example_dags/example_complex.py
[2024-04-14T13:16:48.929+0000] {processor.py:830} INFO - Processing file /home/airflow/.local/lib/python3.12/site-packages/airflow/example_dags/example_complex.py for tasks to queue
[2024-04-14T13:16:48.930+0000] {logging_mixin.py:188} INFO - [2024-04-14T13:16:48.930+0000] {dagbag.py:540} INFO - Filling up the DagBag from /home/airflow/.local/lib/python3.12/site-packages/airflow/example_dags/example_complex.py
[2024-04-14T13:16:48.938+0000] {processor.py:840} INFO - DAG(s) 'example_complex' retrieved from /home/airflow/.local/lib/python3.12/site-packages/airflow/example_dags/example_complex.py
[2024-04-14T13:16:48.964+0000] {logging_mixin.py:188} INFO - [2024-04-14T13:16:48.964+0000] {dag.py:3096} INFO - Sync 1 DAGs
[2024-04-14T13:16:48.974+0000] {logging_mixin.py:188} INFO - [2024-04-14T13:16:48.974+0000] {dag.py:3954} INFO - Setting next_dagrun for example_complex to None, run_after=None
[2024-04-14T13:16:48.996+0000] {processor.py:183} INFO - Processing /home/airflow/.local/lib/python3.12/site-packages/airflow/example_dags/example_complex.py took 0.072 seconds
[2024-04-14T13:17:19.228+0000] {processor.py:161} INFO - Started process (PID=2027) to work on /home/airflow/.local/lib/python3.12/site-packages/airflow/example_dags/example_complex.py
[2024-04-14T13:17:19.228+0000] {processor.py:830} INFO - Processing file /home/airflow/.local/lib/python3.12/site-packages/airflow/example_dags/example_complex.py for tasks to queue
[2024-04-14T13:17:19.230+0000] {logging_mixin.py:188} INFO - [2024-04-14T13:17:19.229+0000] {dagbag.py:540} INFO - Filling up the DagBag from /home/airflow/.local/lib/python3.12/site-packages/airflow/example_dags/example_complex.py
[2024-04-14T13:17:19.238+0000] {processor.py:840} INFO - DAG(s) 'example_complex' retrieved from /home/airflow/.local/lib/python3.12/site-packages/airflow/example_dags/example_complex.py
[2024-04-14T13:17:19.265+0000] {logging_mixin.py:188} INFO - [2024-04-14T13:17:19.264+0000] {dag.py:3096} INFO - Sync 1 DAGs
[2024-04-14T13:17:19.275+0000] {logging_mixin.py:188} INFO - [2024-04-14T13:17:19.275+0000] {dag.py:3954} INFO - Setting next_dagrun for example_complex to None, run_after=None
[2024-04-14T13:17:19.290+0000] {processor.py:183} INFO - Processing /home/airflow/.local/lib/python3.12/site-packages/airflow/example_dags/example_complex.py took 0.067 seconds
[2024-04-14T13:17:49.664+0000] {processor.py:161} INFO - Started process (PID=2085) to work on /home/airflow/.local/lib/python3.12/site-packages/airflow/example_dags/example_complex.py
[2024-04-14T13:17:49.665+0000] {processor.py:830} INFO - Processing file /home/airflow/.local/lib/python3.12/site-packages/airflow/example_dags/example_complex.py for tasks to queue
[2024-04-14T13:17:49.666+0000] {logging_mixin.py:188} INFO - [2024-04-14T13:17:49.666+0000] {dagbag.py:540} INFO - Filling up the DagBag from /home/airflow/.local/lib/python3.12/site-packages/airflow/example_dags/example_complex.py
[2024-04-14T13:17:49.674+0000] {processor.py:840} INFO - DAG(s) 'example_complex' retrieved from /home/airflow/.local/lib/python3.12/site-packages/airflow/example_dags/example_complex.py
[2024-04-14T13:17:49.702+0000] {logging_mixin.py:188} INFO - [2024-04-14T13:17:49.701+0000] {dag.py:3096} INFO - Sync 1 DAGs
[2024-04-14T13:17:49.713+0000] {logging_mixin.py:188} INFO - [2024-04-14T13:17:49.713+0000] {dag.py:3954} INFO - Setting next_dagrun for example_complex to None, run_after=None
[2024-04-14T13:17:49.728+0000] {processor.py:183} INFO - Processing /home/airflow/.local/lib/python3.12/site-packages/airflow/example_dags/example_complex.py took 0.067 seconds
[2024-04-14T13:18:20.000+0000] {processor.py:161} INFO - Started process (PID=2143) to work on /home/airflow/.local/lib/python3.12/site-packages/airflow/example_dags/example_complex.py
[2024-04-14T13:18:20.001+0000] {processor.py:830} INFO - Processing file /home/airflow/.local/lib/python3.12/site-packages/airflow/example_dags/example_complex.py for tasks to queue
[2024-04-14T13:18:20.003+0000] {logging_mixin.py:188} INFO - [2024-04-14T13:18:20.002+0000] {dagbag.py:540} INFO - Filling up the DagBag from /home/airflow/.local/lib/python3.12/site-packages/airflow/example_dags/example_complex.py
[2024-04-14T13:18:20.014+0000] {processor.py:840} INFO - DAG(s) 'example_complex' retrieved from /home/airflow/.local/lib/python3.12/site-packages/airflow/example_dags/example_complex.py
[2024-04-14T13:18:20.040+0000] {logging_mixin.py:188} INFO - [2024-04-14T13:18:20.040+0000] {dag.py:3096} INFO - Sync 1 DAGs
[2024-04-14T13:18:20.050+0000] {logging_mixin.py:188} INFO - [2024-04-14T13:18:20.050+0000] {dag.py:3954} INFO - Setting next_dagrun for example_complex to None, run_after=None
[2024-04-14T13:18:20.066+0000] {processor.py:183} INFO - Processing /home/airflow/.local/lib/python3.12/site-packages/airflow/example_dags/example_complex.py took 0.070 seconds
[2024-04-14T13:18:50.725+0000] {processor.py:161} INFO - Started process (PID=2202) to work on /home/airflow/.local/lib/python3.12/site-packages/airflow/example_dags/example_complex.py
[2024-04-14T13:18:50.725+0000] {processor.py:830} INFO - Processing file /home/airflow/.local/lib/python3.12/site-packages/airflow/example_dags/example_complex.py for tasks to queue
[2024-04-14T13:18:50.727+0000] {logging_mixin.py:188} INFO - [2024-04-14T13:18:50.726+0000] {dagbag.py:540} INFO - Filling up the DagBag from /home/airflow/.local/lib/python3.12/site-packages/airflow/example_dags/example_complex.py
[2024-04-14T13:18:50.735+0000] {processor.py:840} INFO - DAG(s) 'example_complex' retrieved from /home/airflow/.local/lib/python3.12/site-packages/airflow/example_dags/example_complex.py
[2024-04-14T13:18:50.762+0000] {logging_mixin.py:188} INFO - [2024-04-14T13:18:50.761+0000] {dag.py:3096} INFO - Sync 1 DAGs
[2024-04-14T13:18:50.772+0000] {logging_mixin.py:188} INFO - [2024-04-14T13:18:50.772+0000] {dag.py:3954} INFO - Setting next_dagrun for example_complex to None, run_after=None
[2024-04-14T13:18:50.789+0000] {processor.py:183} INFO - Processing /home/airflow/.local/lib/python3.12/site-packages/airflow/example_dags/example_complex.py took 0.068 seconds
[2024-04-14T13:19:21.649+0000] {processor.py:161} INFO - Started process (PID=2260) to work on /home/airflow/.local/lib/python3.12/site-packages/airflow/example_dags/example_complex.py
[2024-04-14T13:19:21.649+0000] {processor.py:830} INFO - Processing file /home/airflow/.local/lib/python3.12/site-packages/airflow/example_dags/example_complex.py for tasks to queue
[2024-04-14T13:19:21.651+0000] {logging_mixin.py:188} INFO - [2024-04-14T13:19:21.650+0000] {dagbag.py:540} INFO - Filling up the DagBag from /home/airflow/.local/lib/python3.12/site-packages/airflow/example_dags/example_complex.py
[2024-04-14T13:19:21.662+0000] {processor.py:840} INFO - DAG(s) 'example_complex' retrieved from /home/airflow/.local/lib/python3.12/site-packages/airflow/example_dags/example_complex.py
[2024-04-14T13:19:21.690+0000] {logging_mixin.py:188} INFO - [2024-04-14T13:19:21.690+0000] {dag.py:3096} INFO - Sync 1 DAGs
[2024-04-14T13:19:21.701+0000] {logging_mixin.py:188} INFO - [2024-04-14T13:19:21.701+0000] {dag.py:3954} INFO - Setting next_dagrun for example_complex to None, run_after=None
[2024-04-14T13:19:21.718+0000] {processor.py:183} INFO - Processing /home/airflow/.local/lib/python3.12/site-packages/airflow/example_dags/example_complex.py took 0.073 seconds
[2024-04-14T13:19:52.020+0000] {processor.py:161} INFO - Started process (PID=2318) to work on /home/airflow/.local/lib/python3.12/site-packages/airflow/example_dags/example_complex.py
[2024-04-14T13:19:52.021+0000] {processor.py:830} INFO - Processing file /home/airflow/.local/lib/python3.12/site-packages/airflow/example_dags/example_complex.py for tasks to queue
[2024-04-14T13:19:52.022+0000] {logging_mixin.py:188} INFO - [2024-04-14T13:19:52.022+0000] {dagbag.py:540} INFO - Filling up the DagBag from /home/airflow/.local/lib/python3.12/site-packages/airflow/example_dags/example_complex.py
[2024-04-14T13:19:52.030+0000] {processor.py:840} INFO - DAG(s) 'example_complex' retrieved from /home/airflow/.local/lib/python3.12/site-packages/airflow/example_dags/example_complex.py
[2024-04-14T13:19:52.057+0000] {logging_mixin.py:188} INFO - [2024-04-14T13:19:52.057+0000] {dag.py:3096} INFO - Sync 1 DAGs
[2024-04-14T13:19:52.069+0000] {logging_mixin.py:188} INFO - [2024-04-14T13:19:52.069+0000] {dag.py:3954} INFO - Setting next_dagrun for example_complex to None, run_after=None
[2024-04-14T13:19:52.085+0000] {processor.py:183} INFO - Processing /home/airflow/.local/lib/python3.12/site-packages/airflow/example_dags/example_complex.py took 0.068 seconds
[2024-04-14T13:20:22.481+0000] {processor.py:161} INFO - Started process (PID=2376) to work on /home/airflow/.local/lib/python3.12/site-packages/airflow/example_dags/example_complex.py
[2024-04-14T13:20:22.482+0000] {processor.py:830} INFO - Processing file /home/airflow/.local/lib/python3.12/site-packages/airflow/example_dags/example_complex.py for tasks to queue
[2024-04-14T13:20:22.483+0000] {logging_mixin.py:188} INFO - [2024-04-14T13:20:22.483+0000] {dagbag.py:540} INFO - Filling up the DagBag from /home/airflow/.local/lib/python3.12/site-packages/airflow/example_dags/example_complex.py
[2024-04-14T13:20:22.492+0000] {processor.py:840} INFO - DAG(s) 'example_complex' retrieved from /home/airflow/.local/lib/python3.12/site-packages/airflow/example_dags/example_complex.py
[2024-04-14T13:20:22.522+0000] {logging_mixin.py:188} INFO - [2024-04-14T13:20:22.521+0000] {dag.py:3096} INFO - Sync 1 DAGs
[2024-04-14T13:20:22.535+0000] {logging_mixin.py:188} INFO - [2024-04-14T13:20:22.534+0000] {dag.py:3954} INFO - Setting next_dagrun for example_complex to None, run_after=None
[2024-04-14T13:20:22.554+0000] {processor.py:183} INFO - Processing /home/airflow/.local/lib/python3.12/site-packages/airflow/example_dags/example_complex.py took 0.078 seconds
