[2024-04-14T13:00:03.483+0000] {processor.py:161} INFO - Started process (PID=59) to work on /home/airflow/.local/lib/python3.12/site-packages/airflow/example_dags/example_branch_operator.py
[2024-04-14T13:00:03.484+0000] {processor.py:830} INFO - Processing file /home/airflow/.local/lib/python3.12/site-packages/airflow/example_dags/example_branch_operator.py for tasks to queue
[2024-04-14T13:00:03.488+0000] {logging_mixin.py:188} INFO - [2024-04-14T13:00:03.487+0000] {dagbag.py:540} INFO - Filling up the DagBag from /home/airflow/.local/lib/python3.12/site-packages/airflow/example_dags/example_branch_operator.py
[2024-04-14T13:00:03.516+0000] {processor.py:840} INFO - DAG(s) 'example_branch_operator' retrieved from /home/airflow/.local/lib/python3.12/site-packages/airflow/example_dags/example_branch_operator.py
[2024-04-14T13:00:03.531+0000] {logging_mixin.py:188} INFO - [2024-04-14T13:00:03.531+0000] {dag.py:3096} INFO - Sync 1 DAGs
[2024-04-14T13:00:03.558+0000] {logging_mixin.py:188} INFO - [2024-04-14T13:00:03.557+0000] {dag.py:3954} INFO - Setting next_dagrun for example_branch_operator to 2024-04-13 00:00:00+00:00, run_after=2024-04-14 00:00:00+00:00
[2024-04-14T13:00:03.582+0000] {processor.py:183} INFO - Processing /home/airflow/.local/lib/python3.12/site-packages/airflow/example_dags/example_branch_operator.py took 0.108 seconds
[2024-04-14T13:00:34.674+0000] {processor.py:161} INFO - Started process (PID=116) to work on /home/airflow/.local/lib/python3.12/site-packages/airflow/example_dags/example_branch_operator.py
[2024-04-14T13:00:34.675+0000] {processor.py:830} INFO - Processing file /home/airflow/.local/lib/python3.12/site-packages/airflow/example_dags/example_branch_operator.py for tasks to queue
[2024-04-14T13:00:34.677+0000] {logging_mixin.py:188} INFO - [2024-04-14T13:00:34.676+0000] {dagbag.py:540} INFO - Filling up the DagBag from /home/airflow/.local/lib/python3.12/site-packages/airflow/example_dags/example_branch_operator.py
[2024-04-14T13:00:34.690+0000] {processor.py:840} INFO - DAG(s) 'example_branch_operator' retrieved from /home/airflow/.local/lib/python3.12/site-packages/airflow/example_dags/example_branch_operator.py
[2024-04-14T13:00:34.785+0000] {logging_mixin.py:188} INFO - [2024-04-14T13:00:34.785+0000] {dag.py:3096} INFO - Sync 1 DAGs
[2024-04-14T13:00:34.805+0000] {logging_mixin.py:188} INFO - [2024-04-14T13:00:34.804+0000] {dag.py:3954} INFO - Setting next_dagrun for example_branch_operator to 2024-04-13 00:00:00+00:00, run_after=2024-04-14 00:00:00+00:00
[2024-04-14T13:00:34.824+0000] {processor.py:183} INFO - Processing /home/airflow/.local/lib/python3.12/site-packages/airflow/example_dags/example_branch_operator.py took 0.154 seconds
[2024-04-14T13:01:05.194+0000] {processor.py:161} INFO - Started process (PID=174) to work on /home/airflow/.local/lib/python3.12/site-packages/airflow/example_dags/example_branch_operator.py
[2024-04-14T13:01:05.195+0000] {processor.py:830} INFO - Processing file /home/airflow/.local/lib/python3.12/site-packages/airflow/example_dags/example_branch_operator.py for tasks to queue
[2024-04-14T13:01:05.196+0000] {logging_mixin.py:188} INFO - [2024-04-14T13:01:05.196+0000] {dagbag.py:540} INFO - Filling up the DagBag from /home/airflow/.local/lib/python3.12/site-packages/airflow/example_dags/example_branch_operator.py
[2024-04-14T13:01:05.211+0000] {processor.py:840} INFO - DAG(s) 'example_branch_operator' retrieved from /home/airflow/.local/lib/python3.12/site-packages/airflow/example_dags/example_branch_operator.py
[2024-04-14T13:01:05.236+0000] {logging_mixin.py:188} INFO - [2024-04-14T13:01:05.236+0000] {dag.py:3096} INFO - Sync 1 DAGs
[2024-04-14T13:01:05.256+0000] {logging_mixin.py:188} INFO - [2024-04-14T13:01:05.256+0000] {dag.py:3954} INFO - Setting next_dagrun for example_branch_operator to 2024-04-13 00:00:00+00:00, run_after=2024-04-14 00:00:00+00:00
[2024-04-14T13:01:05.275+0000] {processor.py:183} INFO - Processing /home/airflow/.local/lib/python3.12/site-packages/airflow/example_dags/example_branch_operator.py took 0.086 seconds
[2024-04-14T13:01:35.553+0000] {processor.py:161} INFO - Started process (PID=232) to work on /home/airflow/.local/lib/python3.12/site-packages/airflow/example_dags/example_branch_operator.py
[2024-04-14T13:01:35.558+0000] {processor.py:830} INFO - Processing file /home/airflow/.local/lib/python3.12/site-packages/airflow/example_dags/example_branch_operator.py for tasks to queue
[2024-04-14T13:01:35.561+0000] {logging_mixin.py:188} INFO - [2024-04-14T13:01:35.560+0000] {dagbag.py:540} INFO - Filling up the DagBag from /home/airflow/.local/lib/python3.12/site-packages/airflow/example_dags/example_branch_operator.py
[2024-04-14T13:01:35.597+0000] {processor.py:840} INFO - DAG(s) 'example_branch_operator' retrieved from /home/airflow/.local/lib/python3.12/site-packages/airflow/example_dags/example_branch_operator.py
[2024-04-14T13:01:35.645+0000] {logging_mixin.py:188} INFO - [2024-04-14T13:01:35.644+0000] {dag.py:3096} INFO - Sync 1 DAGs
[2024-04-14T13:01:35.673+0000] {logging_mixin.py:188} INFO - [2024-04-14T13:01:35.673+0000] {dag.py:3954} INFO - Setting next_dagrun for example_branch_operator to 2024-04-13 00:00:00+00:00, run_after=2024-04-14 00:00:00+00:00
[2024-04-14T13:01:35.701+0000] {processor.py:183} INFO - Processing /home/airflow/.local/lib/python3.12/site-packages/airflow/example_dags/example_branch_operator.py took 0.156 seconds
[2024-04-14T13:02:06.377+0000] {processor.py:161} INFO - Started process (PID=290) to work on /home/airflow/.local/lib/python3.12/site-packages/airflow/example_dags/example_branch_operator.py
[2024-04-14T13:02:06.378+0000] {processor.py:830} INFO - Processing file /home/airflow/.local/lib/python3.12/site-packages/airflow/example_dags/example_branch_operator.py for tasks to queue
[2024-04-14T13:02:06.379+0000] {logging_mixin.py:188} INFO - [2024-04-14T13:02:06.379+0000] {dagbag.py:540} INFO - Filling up the DagBag from /home/airflow/.local/lib/python3.12/site-packages/airflow/example_dags/example_branch_operator.py
[2024-04-14T13:02:06.393+0000] {processor.py:840} INFO - DAG(s) 'example_branch_operator' retrieved from /home/airflow/.local/lib/python3.12/site-packages/airflow/example_dags/example_branch_operator.py
[2024-04-14T13:02:06.420+0000] {logging_mixin.py:188} INFO - [2024-04-14T13:02:06.419+0000] {dag.py:3096} INFO - Sync 1 DAGs
[2024-04-14T13:02:06.440+0000] {logging_mixin.py:188} INFO - [2024-04-14T13:02:06.440+0000] {dag.py:3954} INFO - Setting next_dagrun for example_branch_operator to 2024-04-13 00:00:00+00:00, run_after=2024-04-14 00:00:00+00:00
[2024-04-14T13:02:06.459+0000] {processor.py:183} INFO - Processing /home/airflow/.local/lib/python3.12/site-packages/airflow/example_dags/example_branch_operator.py took 0.086 seconds
[2024-04-14T13:02:36.655+0000] {processor.py:161} INFO - Started process (PID=348) to work on /home/airflow/.local/lib/python3.12/site-packages/airflow/example_dags/example_branch_operator.py
[2024-04-14T13:02:36.656+0000] {processor.py:830} INFO - Processing file /home/airflow/.local/lib/python3.12/site-packages/airflow/example_dags/example_branch_operator.py for tasks to queue
[2024-04-14T13:02:36.658+0000] {logging_mixin.py:188} INFO - [2024-04-14T13:02:36.657+0000] {dagbag.py:540} INFO - Filling up the DagBag from /home/airflow/.local/lib/python3.12/site-packages/airflow/example_dags/example_branch_operator.py
[2024-04-14T13:02:36.670+0000] {processor.py:840} INFO - DAG(s) 'example_branch_operator' retrieved from /home/airflow/.local/lib/python3.12/site-packages/airflow/example_dags/example_branch_operator.py
[2024-04-14T13:02:36.694+0000] {logging_mixin.py:188} INFO - [2024-04-14T13:02:36.694+0000] {dag.py:3096} INFO - Sync 1 DAGs
[2024-04-14T13:02:36.714+0000] {logging_mixin.py:188} INFO - [2024-04-14T13:02:36.714+0000] {dag.py:3954} INFO - Setting next_dagrun for example_branch_operator to 2024-04-13 00:00:00+00:00, run_after=2024-04-14 00:00:00+00:00
[2024-04-14T13:02:36.732+0000] {processor.py:183} INFO - Processing /home/airflow/.local/lib/python3.12/site-packages/airflow/example_dags/example_branch_operator.py took 0.081 seconds
[2024-04-14T13:03:07.147+0000] {processor.py:161} INFO - Started process (PID=406) to work on /home/airflow/.local/lib/python3.12/site-packages/airflow/example_dags/example_branch_operator.py
[2024-04-14T13:03:07.147+0000] {processor.py:830} INFO - Processing file /home/airflow/.local/lib/python3.12/site-packages/airflow/example_dags/example_branch_operator.py for tasks to queue
[2024-04-14T13:03:07.149+0000] {logging_mixin.py:188} INFO - [2024-04-14T13:03:07.149+0000] {dagbag.py:540} INFO - Filling up the DagBag from /home/airflow/.local/lib/python3.12/site-packages/airflow/example_dags/example_branch_operator.py
[2024-04-14T13:03:07.162+0000] {processor.py:840} INFO - DAG(s) 'example_branch_operator' retrieved from /home/airflow/.local/lib/python3.12/site-packages/airflow/example_dags/example_branch_operator.py
[2024-04-14T13:03:07.186+0000] {logging_mixin.py:188} INFO - [2024-04-14T13:03:07.186+0000] {dag.py:3096} INFO - Sync 1 DAGs
[2024-04-14T13:03:07.207+0000] {logging_mixin.py:188} INFO - [2024-04-14T13:03:07.206+0000] {dag.py:3954} INFO - Setting next_dagrun for example_branch_operator to 2024-04-13 00:00:00+00:00, run_after=2024-04-14 00:00:00+00:00
[2024-04-14T13:03:07.226+0000] {processor.py:183} INFO - Processing /home/airflow/.local/lib/python3.12/site-packages/airflow/example_dags/example_branch_operator.py took 0.083 seconds
[2024-04-14T13:03:37.362+0000] {processor.py:161} INFO - Started process (PID=466) to work on /home/airflow/.local/lib/python3.12/site-packages/airflow/example_dags/example_branch_operator.py
[2024-04-14T13:03:37.363+0000] {processor.py:830} INFO - Processing file /home/airflow/.local/lib/python3.12/site-packages/airflow/example_dags/example_branch_operator.py for tasks to queue
[2024-04-14T13:03:37.365+0000] {logging_mixin.py:188} INFO - [2024-04-14T13:03:37.364+0000] {dagbag.py:540} INFO - Filling up the DagBag from /home/airflow/.local/lib/python3.12/site-packages/airflow/example_dags/example_branch_operator.py
[2024-04-14T13:03:37.378+0000] {processor.py:840} INFO - DAG(s) 'example_branch_operator' retrieved from /home/airflow/.local/lib/python3.12/site-packages/airflow/example_dags/example_branch_operator.py
[2024-04-14T13:03:37.403+0000] {logging_mixin.py:188} INFO - [2024-04-14T13:03:37.402+0000] {dag.py:3096} INFO - Sync 1 DAGs
[2024-04-14T13:03:37.426+0000] {logging_mixin.py:188} INFO - [2024-04-14T13:03:37.425+0000] {dag.py:3954} INFO - Setting next_dagrun for example_branch_operator to 2024-04-13 00:00:00+00:00, run_after=2024-04-14 00:00:00+00:00
[2024-04-14T13:03:37.445+0000] {processor.py:183} INFO - Processing /home/airflow/.local/lib/python3.12/site-packages/airflow/example_dags/example_branch_operator.py took 0.088 seconds
[2024-04-14T13:04:08.105+0000] {processor.py:161} INFO - Started process (PID=524) to work on /home/airflow/.local/lib/python3.12/site-packages/airflow/example_dags/example_branch_operator.py
[2024-04-14T13:04:08.105+0000] {processor.py:830} INFO - Processing file /home/airflow/.local/lib/python3.12/site-packages/airflow/example_dags/example_branch_operator.py for tasks to queue
[2024-04-14T13:04:08.107+0000] {logging_mixin.py:188} INFO - [2024-04-14T13:04:08.107+0000] {dagbag.py:540} INFO - Filling up the DagBag from /home/airflow/.local/lib/python3.12/site-packages/airflow/example_dags/example_branch_operator.py
[2024-04-14T13:04:08.120+0000] {processor.py:840} INFO - DAG(s) 'example_branch_operator' retrieved from /home/airflow/.local/lib/python3.12/site-packages/airflow/example_dags/example_branch_operator.py
[2024-04-14T13:04:08.144+0000] {logging_mixin.py:188} INFO - [2024-04-14T13:04:08.144+0000] {dag.py:3096} INFO - Sync 1 DAGs
[2024-04-14T13:04:08.164+0000] {logging_mixin.py:188} INFO - [2024-04-14T13:04:08.164+0000] {dag.py:3954} INFO - Setting next_dagrun for example_branch_operator to 2024-04-13 00:00:00+00:00, run_after=2024-04-14 00:00:00+00:00
[2024-04-14T13:04:08.185+0000] {processor.py:183} INFO - Processing /home/airflow/.local/lib/python3.12/site-packages/airflow/example_dags/example_branch_operator.py took 0.085 seconds
[2024-04-14T13:04:39.084+0000] {processor.py:161} INFO - Started process (PID=582) to work on /home/airflow/.local/lib/python3.12/site-packages/airflow/example_dags/example_branch_operator.py
[2024-04-14T13:04:39.085+0000] {processor.py:830} INFO - Processing file /home/airflow/.local/lib/python3.12/site-packages/airflow/example_dags/example_branch_operator.py for tasks to queue
[2024-04-14T13:04:39.087+0000] {logging_mixin.py:188} INFO - [2024-04-14T13:04:39.087+0000] {dagbag.py:540} INFO - Filling up the DagBag from /home/airflow/.local/lib/python3.12/site-packages/airflow/example_dags/example_branch_operator.py
[2024-04-14T13:04:39.100+0000] {processor.py:840} INFO - DAG(s) 'example_branch_operator' retrieved from /home/airflow/.local/lib/python3.12/site-packages/airflow/example_dags/example_branch_operator.py
[2024-04-14T13:04:39.124+0000] {logging_mixin.py:188} INFO - [2024-04-14T13:04:39.123+0000] {dag.py:3096} INFO - Sync 1 DAGs
[2024-04-14T13:04:39.146+0000] {logging_mixin.py:188} INFO - [2024-04-14T13:04:39.146+0000] {dag.py:3954} INFO - Setting next_dagrun for example_branch_operator to 2024-04-13 00:00:00+00:00, run_after=2024-04-14 00:00:00+00:00
[2024-04-14T13:04:39.163+0000] {processor.py:183} INFO - Processing /home/airflow/.local/lib/python3.12/site-packages/airflow/example_dags/example_branch_operator.py took 0.083 seconds
[2024-04-14T13:05:10.171+0000] {processor.py:161} INFO - Started process (PID=640) to work on /home/airflow/.local/lib/python3.12/site-packages/airflow/example_dags/example_branch_operator.py
[2024-04-14T13:05:10.171+0000] {processor.py:830} INFO - Processing file /home/airflow/.local/lib/python3.12/site-packages/airflow/example_dags/example_branch_operator.py for tasks to queue
[2024-04-14T13:05:10.173+0000] {logging_mixin.py:188} INFO - [2024-04-14T13:05:10.172+0000] {dagbag.py:540} INFO - Filling up the DagBag from /home/airflow/.local/lib/python3.12/site-packages/airflow/example_dags/example_branch_operator.py
[2024-04-14T13:05:10.186+0000] {processor.py:840} INFO - DAG(s) 'example_branch_operator' retrieved from /home/airflow/.local/lib/python3.12/site-packages/airflow/example_dags/example_branch_operator.py
[2024-04-14T13:05:10.210+0000] {logging_mixin.py:188} INFO - [2024-04-14T13:05:10.210+0000] {dag.py:3096} INFO - Sync 1 DAGs
[2024-04-14T13:05:10.231+0000] {logging_mixin.py:188} INFO - [2024-04-14T13:05:10.230+0000] {dag.py:3954} INFO - Setting next_dagrun for example_branch_operator to 2024-04-13 00:00:00+00:00, run_after=2024-04-14 00:00:00+00:00
[2024-04-14T13:05:10.255+0000] {processor.py:183} INFO - Processing /home/airflow/.local/lib/python3.12/site-packages/airflow/example_dags/example_branch_operator.py took 0.089 seconds
[2024-04-14T13:05:40.628+0000] {processor.py:161} INFO - Started process (PID=699) to work on /home/airflow/.local/lib/python3.12/site-packages/airflow/example_dags/example_branch_operator.py
[2024-04-14T13:05:40.629+0000] {processor.py:830} INFO - Processing file /home/airflow/.local/lib/python3.12/site-packages/airflow/example_dags/example_branch_operator.py for tasks to queue
[2024-04-14T13:05:40.631+0000] {logging_mixin.py:188} INFO - [2024-04-14T13:05:40.631+0000] {dagbag.py:540} INFO - Filling up the DagBag from /home/airflow/.local/lib/python3.12/site-packages/airflow/example_dags/example_branch_operator.py
[2024-04-14T13:05:40.644+0000] {processor.py:840} INFO - DAG(s) 'example_branch_operator' retrieved from /home/airflow/.local/lib/python3.12/site-packages/airflow/example_dags/example_branch_operator.py
[2024-04-14T13:05:40.670+0000] {logging_mixin.py:188} INFO - [2024-04-14T13:05:40.670+0000] {dag.py:3096} INFO - Sync 1 DAGs
[2024-04-14T13:05:40.692+0000] {logging_mixin.py:188} INFO - [2024-04-14T13:05:40.691+0000] {dag.py:3954} INFO - Setting next_dagrun for example_branch_operator to 2024-04-13 00:00:00+00:00, run_after=2024-04-14 00:00:00+00:00
[2024-04-14T13:05:40.711+0000] {processor.py:183} INFO - Processing /home/airflow/.local/lib/python3.12/site-packages/airflow/example_dags/example_branch_operator.py took 0.087 seconds
[2024-04-14T13:06:11.051+0000] {processor.py:161} INFO - Started process (PID=757) to work on /home/airflow/.local/lib/python3.12/site-packages/airflow/example_dags/example_branch_operator.py
[2024-04-14T13:06:11.052+0000] {processor.py:830} INFO - Processing file /home/airflow/.local/lib/python3.12/site-packages/airflow/example_dags/example_branch_operator.py for tasks to queue
[2024-04-14T13:06:11.053+0000] {logging_mixin.py:188} INFO - [2024-04-14T13:06:11.053+0000] {dagbag.py:540} INFO - Filling up the DagBag from /home/airflow/.local/lib/python3.12/site-packages/airflow/example_dags/example_branch_operator.py
[2024-04-14T13:06:11.069+0000] {processor.py:840} INFO - DAG(s) 'example_branch_operator' retrieved from /home/airflow/.local/lib/python3.12/site-packages/airflow/example_dags/example_branch_operator.py
[2024-04-14T13:06:11.095+0000] {logging_mixin.py:188} INFO - [2024-04-14T13:06:11.095+0000] {dag.py:3096} INFO - Sync 1 DAGs
[2024-04-14T13:06:11.118+0000] {logging_mixin.py:188} INFO - [2024-04-14T13:06:11.117+0000] {dag.py:3954} INFO - Setting next_dagrun for example_branch_operator to 2024-04-13 00:00:00+00:00, run_after=2024-04-14 00:00:00+00:00
[2024-04-14T13:06:11.138+0000] {processor.py:183} INFO - Processing /home/airflow/.local/lib/python3.12/site-packages/airflow/example_dags/example_branch_operator.py took 0.092 seconds
[2024-04-14T13:06:41.956+0000] {processor.py:161} INFO - Started process (PID=815) to work on /home/airflow/.local/lib/python3.12/site-packages/airflow/example_dags/example_branch_operator.py
[2024-04-14T13:06:41.956+0000] {processor.py:830} INFO - Processing file /home/airflow/.local/lib/python3.12/site-packages/airflow/example_dags/example_branch_operator.py for tasks to queue
[2024-04-14T13:06:41.958+0000] {logging_mixin.py:188} INFO - [2024-04-14T13:06:41.957+0000] {dagbag.py:540} INFO - Filling up the DagBag from /home/airflow/.local/lib/python3.12/site-packages/airflow/example_dags/example_branch_operator.py
[2024-04-14T13:06:41.970+0000] {processor.py:840} INFO - DAG(s) 'example_branch_operator' retrieved from /home/airflow/.local/lib/python3.12/site-packages/airflow/example_dags/example_branch_operator.py
[2024-04-14T13:06:41.993+0000] {logging_mixin.py:188} INFO - [2024-04-14T13:06:41.993+0000] {dag.py:3096} INFO - Sync 1 DAGs
[2024-04-14T13:06:42.012+0000] {logging_mixin.py:188} INFO - [2024-04-14T13:06:42.012+0000] {dag.py:3954} INFO - Setting next_dagrun for example_branch_operator to 2024-04-13 00:00:00+00:00, run_after=2024-04-14 00:00:00+00:00
[2024-04-14T13:06:42.029+0000] {processor.py:183} INFO - Processing /home/airflow/.local/lib/python3.12/site-packages/airflow/example_dags/example_branch_operator.py took 0.078 seconds
[2024-04-14T13:07:12.420+0000] {processor.py:161} INFO - Started process (PID=873) to work on /home/airflow/.local/lib/python3.12/site-packages/airflow/example_dags/example_branch_operator.py
[2024-04-14T13:07:12.421+0000] {processor.py:830} INFO - Processing file /home/airflow/.local/lib/python3.12/site-packages/airflow/example_dags/example_branch_operator.py for tasks to queue
[2024-04-14T13:07:12.422+0000] {logging_mixin.py:188} INFO - [2024-04-14T13:07:12.422+0000] {dagbag.py:540} INFO - Filling up the DagBag from /home/airflow/.local/lib/python3.12/site-packages/airflow/example_dags/example_branch_operator.py
[2024-04-14T13:07:12.439+0000] {processor.py:840} INFO - DAG(s) 'example_branch_operator' retrieved from /home/airflow/.local/lib/python3.12/site-packages/airflow/example_dags/example_branch_operator.py
[2024-04-14T13:07:12.471+0000] {logging_mixin.py:188} INFO - [2024-04-14T13:07:12.471+0000] {dag.py:3096} INFO - Sync 1 DAGs
[2024-04-14T13:07:12.494+0000] {logging_mixin.py:188} INFO - [2024-04-14T13:07:12.493+0000] {dag.py:3954} INFO - Setting next_dagrun for example_branch_operator to 2024-04-13 00:00:00+00:00, run_after=2024-04-14 00:00:00+00:00
[2024-04-14T13:07:12.516+0000] {processor.py:183} INFO - Processing /home/airflow/.local/lib/python3.12/site-packages/airflow/example_dags/example_branch_operator.py took 0.101 seconds
[2024-04-14T13:07:43.320+0000] {processor.py:161} INFO - Started process (PID=931) to work on /home/airflow/.local/lib/python3.12/site-packages/airflow/example_dags/example_branch_operator.py
[2024-04-14T13:07:43.321+0000] {processor.py:830} INFO - Processing file /home/airflow/.local/lib/python3.12/site-packages/airflow/example_dags/example_branch_operator.py for tasks to queue
[2024-04-14T13:07:43.323+0000] {logging_mixin.py:188} INFO - [2024-04-14T13:07:43.323+0000] {dagbag.py:540} INFO - Filling up the DagBag from /home/airflow/.local/lib/python3.12/site-packages/airflow/example_dags/example_branch_operator.py
[2024-04-14T13:07:43.339+0000] {processor.py:840} INFO - DAG(s) 'example_branch_operator' retrieved from /home/airflow/.local/lib/python3.12/site-packages/airflow/example_dags/example_branch_operator.py
[2024-04-14T13:07:43.367+0000] {logging_mixin.py:188} INFO - [2024-04-14T13:07:43.366+0000] {dag.py:3096} INFO - Sync 1 DAGs
[2024-04-14T13:07:43.386+0000] {logging_mixin.py:188} INFO - [2024-04-14T13:07:43.385+0000] {dag.py:3954} INFO - Setting next_dagrun for example_branch_operator to 2024-04-13 00:00:00+00:00, run_after=2024-04-14 00:00:00+00:00
[2024-04-14T13:07:43.405+0000] {processor.py:183} INFO - Processing /home/airflow/.local/lib/python3.12/site-packages/airflow/example_dags/example_branch_operator.py took 0.090 seconds
[2024-04-14T13:08:14.546+0000] {processor.py:161} INFO - Started process (PID=989) to work on /home/airflow/.local/lib/python3.12/site-packages/airflow/example_dags/example_branch_operator.py
[2024-04-14T13:08:14.547+0000] {processor.py:830} INFO - Processing file /home/airflow/.local/lib/python3.12/site-packages/airflow/example_dags/example_branch_operator.py for tasks to queue
[2024-04-14T13:08:14.549+0000] {logging_mixin.py:188} INFO - [2024-04-14T13:08:14.548+0000] {dagbag.py:540} INFO - Filling up the DagBag from /home/airflow/.local/lib/python3.12/site-packages/airflow/example_dags/example_branch_operator.py
[2024-04-14T13:08:14.567+0000] {processor.py:840} INFO - DAG(s) 'example_branch_operator' retrieved from /home/airflow/.local/lib/python3.12/site-packages/airflow/example_dags/example_branch_operator.py
[2024-04-14T13:08:14.596+0000] {logging_mixin.py:188} INFO - [2024-04-14T13:08:14.596+0000] {dag.py:3096} INFO - Sync 1 DAGs
[2024-04-14T13:08:14.617+0000] {logging_mixin.py:188} INFO - [2024-04-14T13:08:14.617+0000] {dag.py:3954} INFO - Setting next_dagrun for example_branch_operator to 2024-04-13 00:00:00+00:00, run_after=2024-04-14 00:00:00+00:00
[2024-04-14T13:08:14.635+0000] {processor.py:183} INFO - Processing /home/airflow/.local/lib/python3.12/site-packages/airflow/example_dags/example_branch_operator.py took 0.094 seconds
[2024-04-14T13:08:45.462+0000] {processor.py:161} INFO - Started process (PID=1047) to work on /home/airflow/.local/lib/python3.12/site-packages/airflow/example_dags/example_branch_operator.py
[2024-04-14T13:08:45.463+0000] {processor.py:830} INFO - Processing file /home/airflow/.local/lib/python3.12/site-packages/airflow/example_dags/example_branch_operator.py for tasks to queue
[2024-04-14T13:08:45.464+0000] {logging_mixin.py:188} INFO - [2024-04-14T13:08:45.464+0000] {dagbag.py:540} INFO - Filling up the DagBag from /home/airflow/.local/lib/python3.12/site-packages/airflow/example_dags/example_branch_operator.py
[2024-04-14T13:08:45.479+0000] {processor.py:840} INFO - DAG(s) 'example_branch_operator' retrieved from /home/airflow/.local/lib/python3.12/site-packages/airflow/example_dags/example_branch_operator.py
[2024-04-14T13:08:45.628+0000] {logging_mixin.py:188} INFO - [2024-04-14T13:08:45.628+0000] {dag.py:3096} INFO - Sync 1 DAGs
[2024-04-14T13:08:45.650+0000] {logging_mixin.py:188} INFO - [2024-04-14T13:08:45.650+0000] {dag.py:3954} INFO - Setting next_dagrun for example_branch_operator to 2024-04-13 00:00:00+00:00, run_after=2024-04-14 00:00:00+00:00
[2024-04-14T13:08:45.668+0000] {processor.py:183} INFO - Processing /home/airflow/.local/lib/python3.12/site-packages/airflow/example_dags/example_branch_operator.py took 0.211 seconds
[2024-04-14T13:09:16.297+0000] {processor.py:161} INFO - Started process (PID=1111) to work on /home/airflow/.local/lib/python3.12/site-packages/airflow/example_dags/example_branch_operator.py
[2024-04-14T13:09:16.298+0000] {processor.py:830} INFO - Processing file /home/airflow/.local/lib/python3.12/site-packages/airflow/example_dags/example_branch_operator.py for tasks to queue
[2024-04-14T13:09:16.301+0000] {logging_mixin.py:188} INFO - [2024-04-14T13:09:16.300+0000] {dagbag.py:540} INFO - Filling up the DagBag from /home/airflow/.local/lib/python3.12/site-packages/airflow/example_dags/example_branch_operator.py
[2024-04-14T13:09:16.324+0000] {processor.py:840} INFO - DAG(s) 'example_branch_operator' retrieved from /home/airflow/.local/lib/python3.12/site-packages/airflow/example_dags/example_branch_operator.py
[2024-04-14T13:09:16.352+0000] {logging_mixin.py:188} INFO - [2024-04-14T13:09:16.352+0000] {dag.py:3096} INFO - Sync 1 DAGs
[2024-04-14T13:09:16.523+0000] {logging_mixin.py:188} INFO - [2024-04-14T13:09:16.523+0000] {dag.py:3954} INFO - Setting next_dagrun for example_branch_operator to 2024-04-13 00:00:00+00:00, run_after=2024-04-14 00:00:00+00:00
[2024-04-14T13:09:16.543+0000] {processor.py:183} INFO - Processing /home/airflow/.local/lib/python3.12/site-packages/airflow/example_dags/example_branch_operator.py took 0.256 seconds
[2024-04-14T13:09:47.276+0000] {processor.py:161} INFO - Started process (PID=1169) to work on /home/airflow/.local/lib/python3.12/site-packages/airflow/example_dags/example_branch_operator.py
[2024-04-14T13:09:47.276+0000] {processor.py:830} INFO - Processing file /home/airflow/.local/lib/python3.12/site-packages/airflow/example_dags/example_branch_operator.py for tasks to queue
[2024-04-14T13:09:47.278+0000] {logging_mixin.py:188} INFO - [2024-04-14T13:09:47.278+0000] {dagbag.py:540} INFO - Filling up the DagBag from /home/airflow/.local/lib/python3.12/site-packages/airflow/example_dags/example_branch_operator.py
[2024-04-14T13:09:47.291+0000] {processor.py:840} INFO - DAG(s) 'example_branch_operator' retrieved from /home/airflow/.local/lib/python3.12/site-packages/airflow/example_dags/example_branch_operator.py
[2024-04-14T13:09:47.316+0000] {logging_mixin.py:188} INFO - [2024-04-14T13:09:47.316+0000] {dag.py:3096} INFO - Sync 1 DAGs
[2024-04-14T13:09:47.336+0000] {logging_mixin.py:188} INFO - [2024-04-14T13:09:47.336+0000] {dag.py:3954} INFO - Setting next_dagrun for example_branch_operator to 2024-04-13 00:00:00+00:00, run_after=2024-04-14 00:00:00+00:00
[2024-04-14T13:09:47.354+0000] {processor.py:183} INFO - Processing /home/airflow/.local/lib/python3.12/site-packages/airflow/example_dags/example_branch_operator.py took 0.082 seconds
[2024-04-14T13:10:17.660+0000] {processor.py:161} INFO - Started process (PID=1227) to work on /home/airflow/.local/lib/python3.12/site-packages/airflow/example_dags/example_branch_operator.py
[2024-04-14T13:10:17.661+0000] {processor.py:830} INFO - Processing file /home/airflow/.local/lib/python3.12/site-packages/airflow/example_dags/example_branch_operator.py for tasks to queue
[2024-04-14T13:10:17.662+0000] {logging_mixin.py:188} INFO - [2024-04-14T13:10:17.662+0000] {dagbag.py:540} INFO - Filling up the DagBag from /home/airflow/.local/lib/python3.12/site-packages/airflow/example_dags/example_branch_operator.py
[2024-04-14T13:10:17.677+0000] {processor.py:840} INFO - DAG(s) 'example_branch_operator' retrieved from /home/airflow/.local/lib/python3.12/site-packages/airflow/example_dags/example_branch_operator.py
[2024-04-14T13:10:17.702+0000] {logging_mixin.py:188} INFO - [2024-04-14T13:10:17.701+0000] {dag.py:3096} INFO - Sync 1 DAGs
[2024-04-14T13:10:17.721+0000] {logging_mixin.py:188} INFO - [2024-04-14T13:10:17.721+0000] {dag.py:3954} INFO - Setting next_dagrun for example_branch_operator to 2024-04-13 00:00:00+00:00, run_after=2024-04-14 00:00:00+00:00
[2024-04-14T13:10:17.739+0000] {processor.py:183} INFO - Processing /home/airflow/.local/lib/python3.12/site-packages/airflow/example_dags/example_branch_operator.py took 0.083 seconds
[2024-04-14T13:10:48.093+0000] {processor.py:161} INFO - Started process (PID=1285) to work on /home/airflow/.local/lib/python3.12/site-packages/airflow/example_dags/example_branch_operator.py
[2024-04-14T13:10:48.093+0000] {processor.py:830} INFO - Processing file /home/airflow/.local/lib/python3.12/site-packages/airflow/example_dags/example_branch_operator.py for tasks to queue
[2024-04-14T13:10:48.095+0000] {logging_mixin.py:188} INFO - [2024-04-14T13:10:48.095+0000] {dagbag.py:540} INFO - Filling up the DagBag from /home/airflow/.local/lib/python3.12/site-packages/airflow/example_dags/example_branch_operator.py
[2024-04-14T13:10:48.108+0000] {processor.py:840} INFO - DAG(s) 'example_branch_operator' retrieved from /home/airflow/.local/lib/python3.12/site-packages/airflow/example_dags/example_branch_operator.py
[2024-04-14T13:10:48.132+0000] {logging_mixin.py:188} INFO - [2024-04-14T13:10:48.131+0000] {dag.py:3096} INFO - Sync 1 DAGs
[2024-04-14T13:10:48.151+0000] {logging_mixin.py:188} INFO - [2024-04-14T13:10:48.150+0000] {dag.py:3954} INFO - Setting next_dagrun for example_branch_operator to 2024-04-13 00:00:00+00:00, run_after=2024-04-14 00:00:00+00:00
[2024-04-14T13:10:48.170+0000] {processor.py:183} INFO - Processing /home/airflow/.local/lib/python3.12/site-packages/airflow/example_dags/example_branch_operator.py took 0.082 seconds
[2024-04-14T13:11:18.445+0000] {processor.py:161} INFO - Started process (PID=1343) to work on /home/airflow/.local/lib/python3.12/site-packages/airflow/example_dags/example_branch_operator.py
[2024-04-14T13:11:18.446+0000] {processor.py:830} INFO - Processing file /home/airflow/.local/lib/python3.12/site-packages/airflow/example_dags/example_branch_operator.py for tasks to queue
[2024-04-14T13:11:18.447+0000] {logging_mixin.py:188} INFO - [2024-04-14T13:11:18.447+0000] {dagbag.py:540} INFO - Filling up the DagBag from /home/airflow/.local/lib/python3.12/site-packages/airflow/example_dags/example_branch_operator.py
[2024-04-14T13:11:18.460+0000] {processor.py:840} INFO - DAG(s) 'example_branch_operator' retrieved from /home/airflow/.local/lib/python3.12/site-packages/airflow/example_dags/example_branch_operator.py
[2024-04-14T13:11:18.484+0000] {logging_mixin.py:188} INFO - [2024-04-14T13:11:18.483+0000] {dag.py:3096} INFO - Sync 1 DAGs
[2024-04-14T13:11:18.503+0000] {logging_mixin.py:188} INFO - [2024-04-14T13:11:18.503+0000] {dag.py:3954} INFO - Setting next_dagrun for example_branch_operator to 2024-04-13 00:00:00+00:00, run_after=2024-04-14 00:00:00+00:00
[2024-04-14T13:11:18.523+0000] {processor.py:183} INFO - Processing /home/airflow/.local/lib/python3.12/site-packages/airflow/example_dags/example_branch_operator.py took 0.082 seconds
[2024-04-14T13:11:48.780+0000] {processor.py:161} INFO - Started process (PID=1401) to work on /home/airflow/.local/lib/python3.12/site-packages/airflow/example_dags/example_branch_operator.py
[2024-04-14T13:11:48.781+0000] {processor.py:830} INFO - Processing file /home/airflow/.local/lib/python3.12/site-packages/airflow/example_dags/example_branch_operator.py for tasks to queue
[2024-04-14T13:11:48.782+0000] {logging_mixin.py:188} INFO - [2024-04-14T13:11:48.782+0000] {dagbag.py:540} INFO - Filling up the DagBag from /home/airflow/.local/lib/python3.12/site-packages/airflow/example_dags/example_branch_operator.py
[2024-04-14T13:11:48.796+0000] {processor.py:840} INFO - DAG(s) 'example_branch_operator' retrieved from /home/airflow/.local/lib/python3.12/site-packages/airflow/example_dags/example_branch_operator.py
[2024-04-14T13:11:48.819+0000] {logging_mixin.py:188} INFO - [2024-04-14T13:11:48.819+0000] {dag.py:3096} INFO - Sync 1 DAGs
[2024-04-14T13:11:48.839+0000] {logging_mixin.py:188} INFO - [2024-04-14T13:11:48.839+0000] {dag.py:3954} INFO - Setting next_dagrun for example_branch_operator to 2024-04-13 00:00:00+00:00, run_after=2024-04-14 00:00:00+00:00
[2024-04-14T13:11:48.856+0000] {processor.py:183} INFO - Processing /home/airflow/.local/lib/python3.12/site-packages/airflow/example_dags/example_branch_operator.py took 0.080 seconds
[2024-04-14T13:12:19.125+0000] {processor.py:161} INFO - Started process (PID=1459) to work on /home/airflow/.local/lib/python3.12/site-packages/airflow/example_dags/example_branch_operator.py
[2024-04-14T13:12:19.126+0000] {processor.py:830} INFO - Processing file /home/airflow/.local/lib/python3.12/site-packages/airflow/example_dags/example_branch_operator.py for tasks to queue
[2024-04-14T13:12:19.128+0000] {logging_mixin.py:188} INFO - [2024-04-14T13:12:19.127+0000] {dagbag.py:540} INFO - Filling up the DagBag from /home/airflow/.local/lib/python3.12/site-packages/airflow/example_dags/example_branch_operator.py
[2024-04-14T13:12:19.141+0000] {processor.py:840} INFO - DAG(s) 'example_branch_operator' retrieved from /home/airflow/.local/lib/python3.12/site-packages/airflow/example_dags/example_branch_operator.py
[2024-04-14T13:12:19.164+0000] {logging_mixin.py:188} INFO - [2024-04-14T13:12:19.164+0000] {dag.py:3096} INFO - Sync 1 DAGs
[2024-04-14T13:12:19.183+0000] {logging_mixin.py:188} INFO - [2024-04-14T13:12:19.182+0000] {dag.py:3954} INFO - Setting next_dagrun for example_branch_operator to 2024-04-13 00:00:00+00:00, run_after=2024-04-14 00:00:00+00:00
[2024-04-14T13:12:19.200+0000] {processor.py:183} INFO - Processing /home/airflow/.local/lib/python3.12/site-packages/airflow/example_dags/example_branch_operator.py took 0.079 seconds
[2024-04-14T13:12:49.466+0000] {processor.py:161} INFO - Started process (PID=1517) to work on /home/airflow/.local/lib/python3.12/site-packages/airflow/example_dags/example_branch_operator.py
[2024-04-14T13:12:49.467+0000] {processor.py:830} INFO - Processing file /home/airflow/.local/lib/python3.12/site-packages/airflow/example_dags/example_branch_operator.py for tasks to queue
[2024-04-14T13:12:49.468+0000] {logging_mixin.py:188} INFO - [2024-04-14T13:12:49.468+0000] {dagbag.py:540} INFO - Filling up the DagBag from /home/airflow/.local/lib/python3.12/site-packages/airflow/example_dags/example_branch_operator.py
[2024-04-14T13:12:49.481+0000] {processor.py:840} INFO - DAG(s) 'example_branch_operator' retrieved from /home/airflow/.local/lib/python3.12/site-packages/airflow/example_dags/example_branch_operator.py
[2024-04-14T13:12:49.505+0000] {logging_mixin.py:188} INFO - [2024-04-14T13:12:49.505+0000] {dag.py:3096} INFO - Sync 1 DAGs
[2024-04-14T13:12:49.525+0000] {logging_mixin.py:188} INFO - [2024-04-14T13:12:49.524+0000] {dag.py:3954} INFO - Setting next_dagrun for example_branch_operator to 2024-04-13 00:00:00+00:00, run_after=2024-04-14 00:00:00+00:00
[2024-04-14T13:12:49.542+0000] {processor.py:183} INFO - Processing /home/airflow/.local/lib/python3.12/site-packages/airflow/example_dags/example_branch_operator.py took 0.081 seconds
[2024-04-14T13:13:19.805+0000] {processor.py:161} INFO - Started process (PID=1575) to work on /home/airflow/.local/lib/python3.12/site-packages/airflow/example_dags/example_branch_operator.py
[2024-04-14T13:13:19.805+0000] {processor.py:830} INFO - Processing file /home/airflow/.local/lib/python3.12/site-packages/airflow/example_dags/example_branch_operator.py for tasks to queue
[2024-04-14T13:13:19.806+0000] {logging_mixin.py:188} INFO - [2024-04-14T13:13:19.806+0000] {dagbag.py:540} INFO - Filling up the DagBag from /home/airflow/.local/lib/python3.12/site-packages/airflow/example_dags/example_branch_operator.py
[2024-04-14T13:13:19.819+0000] {processor.py:840} INFO - DAG(s) 'example_branch_operator' retrieved from /home/airflow/.local/lib/python3.12/site-packages/airflow/example_dags/example_branch_operator.py
[2024-04-14T13:13:19.844+0000] {logging_mixin.py:188} INFO - [2024-04-14T13:13:19.844+0000] {dag.py:3096} INFO - Sync 1 DAGs
[2024-04-14T13:13:19.863+0000] {logging_mixin.py:188} INFO - [2024-04-14T13:13:19.863+0000] {dag.py:3954} INFO - Setting next_dagrun for example_branch_operator to 2024-04-13 00:00:00+00:00, run_after=2024-04-14 00:00:00+00:00
[2024-04-14T13:13:19.881+0000] {processor.py:183} INFO - Processing /home/airflow/.local/lib/python3.12/site-packages/airflow/example_dags/example_branch_operator.py took 0.081 seconds
[2024-04-14T13:13:50.730+0000] {processor.py:161} INFO - Started process (PID=1633) to work on /home/airflow/.local/lib/python3.12/site-packages/airflow/example_dags/example_branch_operator.py
[2024-04-14T13:13:50.731+0000] {processor.py:830} INFO - Processing file /home/airflow/.local/lib/python3.12/site-packages/airflow/example_dags/example_branch_operator.py for tasks to queue
[2024-04-14T13:13:50.732+0000] {logging_mixin.py:188} INFO - [2024-04-14T13:13:50.732+0000] {dagbag.py:540} INFO - Filling up the DagBag from /home/airflow/.local/lib/python3.12/site-packages/airflow/example_dags/example_branch_operator.py
[2024-04-14T13:13:50.746+0000] {processor.py:840} INFO - DAG(s) 'example_branch_operator' retrieved from /home/airflow/.local/lib/python3.12/site-packages/airflow/example_dags/example_branch_operator.py
[2024-04-14T13:13:50.770+0000] {logging_mixin.py:188} INFO - [2024-04-14T13:13:50.769+0000] {dag.py:3096} INFO - Sync 1 DAGs
[2024-04-14T13:13:50.789+0000] {logging_mixin.py:188} INFO - [2024-04-14T13:13:50.789+0000] {dag.py:3954} INFO - Setting next_dagrun for example_branch_operator to 2024-04-13 00:00:00+00:00, run_after=2024-04-14 00:00:00+00:00
[2024-04-14T13:13:50.806+0000] {processor.py:183} INFO - Processing /home/airflow/.local/lib/python3.12/site-packages/airflow/example_dags/example_branch_operator.py took 0.081 seconds
[2024-04-14T13:14:21.387+0000] {processor.py:161} INFO - Started process (PID=1691) to work on /home/airflow/.local/lib/python3.12/site-packages/airflow/example_dags/example_branch_operator.py
[2024-04-14T13:14:21.388+0000] {processor.py:830} INFO - Processing file /home/airflow/.local/lib/python3.12/site-packages/airflow/example_dags/example_branch_operator.py for tasks to queue
[2024-04-14T13:14:21.390+0000] {logging_mixin.py:188} INFO - [2024-04-14T13:14:21.389+0000] {dagbag.py:540} INFO - Filling up the DagBag from /home/airflow/.local/lib/python3.12/site-packages/airflow/example_dags/example_branch_operator.py
[2024-04-14T13:14:21.402+0000] {processor.py:840} INFO - DAG(s) 'example_branch_operator' retrieved from /home/airflow/.local/lib/python3.12/site-packages/airflow/example_dags/example_branch_operator.py
[2024-04-14T13:14:21.427+0000] {logging_mixin.py:188} INFO - [2024-04-14T13:14:21.427+0000] {dag.py:3096} INFO - Sync 1 DAGs
[2024-04-14T13:14:21.448+0000] {logging_mixin.py:188} INFO - [2024-04-14T13:14:21.447+0000] {dag.py:3954} INFO - Setting next_dagrun for example_branch_operator to 2024-04-13 00:00:00+00:00, run_after=2024-04-14 00:00:00+00:00
[2024-04-14T13:14:21.465+0000] {processor.py:183} INFO - Processing /home/airflow/.local/lib/python3.12/site-packages/airflow/example_dags/example_branch_operator.py took 0.083 seconds
[2024-04-14T13:14:51.719+0000] {processor.py:161} INFO - Started process (PID=1750) to work on /home/airflow/.local/lib/python3.12/site-packages/airflow/example_dags/example_branch_operator.py
[2024-04-14T13:14:51.720+0000] {processor.py:830} INFO - Processing file /home/airflow/.local/lib/python3.12/site-packages/airflow/example_dags/example_branch_operator.py for tasks to queue
[2024-04-14T13:14:51.722+0000] {logging_mixin.py:188} INFO - [2024-04-14T13:14:51.721+0000] {dagbag.py:540} INFO - Filling up the DagBag from /home/airflow/.local/lib/python3.12/site-packages/airflow/example_dags/example_branch_operator.py
[2024-04-14T13:14:51.741+0000] {processor.py:840} INFO - DAG(s) 'example_branch_operator' retrieved from /home/airflow/.local/lib/python3.12/site-packages/airflow/example_dags/example_branch_operator.py
[2024-04-14T13:14:51.770+0000] {logging_mixin.py:188} INFO - [2024-04-14T13:14:51.770+0000] {dag.py:3096} INFO - Sync 1 DAGs
[2024-04-14T13:14:51.794+0000] {logging_mixin.py:188} INFO - [2024-04-14T13:14:51.794+0000] {dag.py:3954} INFO - Setting next_dagrun for example_branch_operator to 2024-04-13 00:00:00+00:00, run_after=2024-04-14 00:00:00+00:00
[2024-04-14T13:14:51.815+0000] {processor.py:183} INFO - Processing /home/airflow/.local/lib/python3.12/site-packages/airflow/example_dags/example_branch_operator.py took 0.102 seconds
[2024-04-14T13:15:22.351+0000] {processor.py:161} INFO - Started process (PID=1808) to work on /home/airflow/.local/lib/python3.12/site-packages/airflow/example_dags/example_branch_operator.py
[2024-04-14T13:15:22.352+0000] {processor.py:830} INFO - Processing file /home/airflow/.local/lib/python3.12/site-packages/airflow/example_dags/example_branch_operator.py for tasks to queue
[2024-04-14T13:15:22.353+0000] {logging_mixin.py:188} INFO - [2024-04-14T13:15:22.352+0000] {dagbag.py:540} INFO - Filling up the DagBag from /home/airflow/.local/lib/python3.12/site-packages/airflow/example_dags/example_branch_operator.py
[2024-04-14T13:15:22.365+0000] {processor.py:840} INFO - DAG(s) 'example_branch_operator' retrieved from /home/airflow/.local/lib/python3.12/site-packages/airflow/example_dags/example_branch_operator.py
[2024-04-14T13:15:22.389+0000] {logging_mixin.py:188} INFO - [2024-04-14T13:15:22.389+0000] {dag.py:3096} INFO - Sync 1 DAGs
[2024-04-14T13:15:22.408+0000] {logging_mixin.py:188} INFO - [2024-04-14T13:15:22.408+0000] {dag.py:3954} INFO - Setting next_dagrun for example_branch_operator to 2024-04-13 00:00:00+00:00, run_after=2024-04-14 00:00:00+00:00
[2024-04-14T13:15:22.424+0000] {processor.py:183} INFO - Processing /home/airflow/.local/lib/python3.12/site-packages/airflow/example_dags/example_branch_operator.py took 0.078 seconds
[2024-04-14T13:15:52.798+0000] {processor.py:161} INFO - Started process (PID=1867) to work on /home/airflow/.local/lib/python3.12/site-packages/airflow/example_dags/example_branch_operator.py
[2024-04-14T13:15:52.798+0000] {processor.py:830} INFO - Processing file /home/airflow/.local/lib/python3.12/site-packages/airflow/example_dags/example_branch_operator.py for tasks to queue
[2024-04-14T13:15:52.799+0000] {logging_mixin.py:188} INFO - [2024-04-14T13:15:52.799+0000] {dagbag.py:540} INFO - Filling up the DagBag from /home/airflow/.local/lib/python3.12/site-packages/airflow/example_dags/example_branch_operator.py
[2024-04-14T13:15:52.812+0000] {processor.py:840} INFO - DAG(s) 'example_branch_operator' retrieved from /home/airflow/.local/lib/python3.12/site-packages/airflow/example_dags/example_branch_operator.py
[2024-04-14T13:15:52.838+0000] {logging_mixin.py:188} INFO - [2024-04-14T13:15:52.838+0000] {dag.py:3096} INFO - Sync 1 DAGs
[2024-04-14T13:15:52.859+0000] {logging_mixin.py:188} INFO - [2024-04-14T13:15:52.858+0000] {dag.py:3954} INFO - Setting next_dagrun for example_branch_operator to 2024-04-13 00:00:00+00:00, run_after=2024-04-14 00:00:00+00:00
[2024-04-14T13:15:52.876+0000] {processor.py:183} INFO - Processing /home/airflow/.local/lib/python3.12/site-packages/airflow/example_dags/example_branch_operator.py took 0.083 seconds
[2024-04-14T13:16:23.265+0000] {processor.py:161} INFO - Started process (PID=1925) to work on /home/airflow/.local/lib/python3.12/site-packages/airflow/example_dags/example_branch_operator.py
[2024-04-14T13:16:23.266+0000] {processor.py:830} INFO - Processing file /home/airflow/.local/lib/python3.12/site-packages/airflow/example_dags/example_branch_operator.py for tasks to queue
[2024-04-14T13:16:23.267+0000] {logging_mixin.py:188} INFO - [2024-04-14T13:16:23.267+0000] {dagbag.py:540} INFO - Filling up the DagBag from /home/airflow/.local/lib/python3.12/site-packages/airflow/example_dags/example_branch_operator.py
[2024-04-14T13:16:23.280+0000] {processor.py:840} INFO - DAG(s) 'example_branch_operator' retrieved from /home/airflow/.local/lib/python3.12/site-packages/airflow/example_dags/example_branch_operator.py
[2024-04-14T13:16:23.303+0000] {logging_mixin.py:188} INFO - [2024-04-14T13:16:23.303+0000] {dag.py:3096} INFO - Sync 1 DAGs
[2024-04-14T13:16:23.323+0000] {logging_mixin.py:188} INFO - [2024-04-14T13:16:23.323+0000] {dag.py:3954} INFO - Setting next_dagrun for example_branch_operator to 2024-04-13 00:00:00+00:00, run_after=2024-04-14 00:00:00+00:00
[2024-04-14T13:16:23.347+0000] {processor.py:183} INFO - Processing /home/airflow/.local/lib/python3.12/site-packages/airflow/example_dags/example_branch_operator.py took 0.086 seconds
[2024-04-14T13:16:53.745+0000] {processor.py:161} INFO - Started process (PID=1984) to work on /home/airflow/.local/lib/python3.12/site-packages/airflow/example_dags/example_branch_operator.py
[2024-04-14T13:16:53.745+0000] {processor.py:830} INFO - Processing file /home/airflow/.local/lib/python3.12/site-packages/airflow/example_dags/example_branch_operator.py for tasks to queue
[2024-04-14T13:16:53.746+0000] {logging_mixin.py:188} INFO - [2024-04-14T13:16:53.746+0000] {dagbag.py:540} INFO - Filling up the DagBag from /home/airflow/.local/lib/python3.12/site-packages/airflow/example_dags/example_branch_operator.py
[2024-04-14T13:16:53.759+0000] {processor.py:840} INFO - DAG(s) 'example_branch_operator' retrieved from /home/airflow/.local/lib/python3.12/site-packages/airflow/example_dags/example_branch_operator.py
[2024-04-14T13:16:53.784+0000] {logging_mixin.py:188} INFO - [2024-04-14T13:16:53.784+0000] {dag.py:3096} INFO - Sync 1 DAGs
[2024-04-14T13:16:53.805+0000] {logging_mixin.py:188} INFO - [2024-04-14T13:16:53.804+0000] {dag.py:3954} INFO - Setting next_dagrun for example_branch_operator to 2024-04-13 00:00:00+00:00, run_after=2024-04-14 00:00:00+00:00
[2024-04-14T13:16:53.823+0000] {processor.py:183} INFO - Processing /home/airflow/.local/lib/python3.12/site-packages/airflow/example_dags/example_branch_operator.py took 0.083 seconds
[2024-04-14T13:17:24.024+0000] {processor.py:161} INFO - Started process (PID=2043) to work on /home/airflow/.local/lib/python3.12/site-packages/airflow/example_dags/example_branch_operator.py
[2024-04-14T13:17:24.025+0000] {processor.py:830} INFO - Processing file /home/airflow/.local/lib/python3.12/site-packages/airflow/example_dags/example_branch_operator.py for tasks to queue
[2024-04-14T13:17:24.026+0000] {logging_mixin.py:188} INFO - [2024-04-14T13:17:24.026+0000] {dagbag.py:540} INFO - Filling up the DagBag from /home/airflow/.local/lib/python3.12/site-packages/airflow/example_dags/example_branch_operator.py
[2024-04-14T13:17:24.039+0000] {processor.py:840} INFO - DAG(s) 'example_branch_operator' retrieved from /home/airflow/.local/lib/python3.12/site-packages/airflow/example_dags/example_branch_operator.py
[2024-04-14T13:17:24.064+0000] {logging_mixin.py:188} INFO - [2024-04-14T13:17:24.064+0000] {dag.py:3096} INFO - Sync 1 DAGs
[2024-04-14T13:17:24.085+0000] {logging_mixin.py:188} INFO - [2024-04-14T13:17:24.084+0000] {dag.py:3954} INFO - Setting next_dagrun for example_branch_operator to 2024-04-13 00:00:00+00:00, run_after=2024-04-14 00:00:00+00:00
[2024-04-14T13:17:24.103+0000] {processor.py:183} INFO - Processing /home/airflow/.local/lib/python3.12/site-packages/airflow/example_dags/example_branch_operator.py took 0.083 seconds
[2024-04-14T13:17:54.473+0000] {processor.py:161} INFO - Started process (PID=2101) to work on /home/airflow/.local/lib/python3.12/site-packages/airflow/example_dags/example_branch_operator.py
[2024-04-14T13:17:54.473+0000] {processor.py:830} INFO - Processing file /home/airflow/.local/lib/python3.12/site-packages/airflow/example_dags/example_branch_operator.py for tasks to queue
[2024-04-14T13:17:54.475+0000] {logging_mixin.py:188} INFO - [2024-04-14T13:17:54.475+0000] {dagbag.py:540} INFO - Filling up the DagBag from /home/airflow/.local/lib/python3.12/site-packages/airflow/example_dags/example_branch_operator.py
[2024-04-14T13:17:54.487+0000] {processor.py:840} INFO - DAG(s) 'example_branch_operator' retrieved from /home/airflow/.local/lib/python3.12/site-packages/airflow/example_dags/example_branch_operator.py
[2024-04-14T13:17:54.510+0000] {logging_mixin.py:188} INFO - [2024-04-14T13:17:54.510+0000] {dag.py:3096} INFO - Sync 1 DAGs
[2024-04-14T13:17:54.529+0000] {logging_mixin.py:188} INFO - [2024-04-14T13:17:54.529+0000] {dag.py:3954} INFO - Setting next_dagrun for example_branch_operator to 2024-04-13 00:00:00+00:00, run_after=2024-04-14 00:00:00+00:00
[2024-04-14T13:17:54.545+0000] {processor.py:183} INFO - Processing /home/airflow/.local/lib/python3.12/site-packages/airflow/example_dags/example_branch_operator.py took 0.077 seconds
[2024-04-14T13:18:24.813+0000] {processor.py:161} INFO - Started process (PID=2159) to work on /home/airflow/.local/lib/python3.12/site-packages/airflow/example_dags/example_branch_operator.py
[2024-04-14T13:18:24.814+0000] {processor.py:830} INFO - Processing file /home/airflow/.local/lib/python3.12/site-packages/airflow/example_dags/example_branch_operator.py for tasks to queue
[2024-04-14T13:18:24.815+0000] {logging_mixin.py:188} INFO - [2024-04-14T13:18:24.815+0000] {dagbag.py:540} INFO - Filling up the DagBag from /home/airflow/.local/lib/python3.12/site-packages/airflow/example_dags/example_branch_operator.py
[2024-04-14T13:18:24.829+0000] {processor.py:840} INFO - DAG(s) 'example_branch_operator' retrieved from /home/airflow/.local/lib/python3.12/site-packages/airflow/example_dags/example_branch_operator.py
[2024-04-14T13:18:24.854+0000] {logging_mixin.py:188} INFO - [2024-04-14T13:18:24.854+0000] {dag.py:3096} INFO - Sync 1 DAGs
[2024-04-14T13:18:24.875+0000] {logging_mixin.py:188} INFO - [2024-04-14T13:18:24.875+0000] {dag.py:3954} INFO - Setting next_dagrun for example_branch_operator to 2024-04-13 00:00:00+00:00, run_after=2024-04-14 00:00:00+00:00
[2024-04-14T13:18:24.894+0000] {processor.py:183} INFO - Processing /home/airflow/.local/lib/python3.12/site-packages/airflow/example_dags/example_branch_operator.py took 0.086 seconds
[2024-04-14T13:18:55.608+0000] {processor.py:161} INFO - Started process (PID=2218) to work on /home/airflow/.local/lib/python3.12/site-packages/airflow/example_dags/example_branch_operator.py
[2024-04-14T13:18:55.608+0000] {processor.py:830} INFO - Processing file /home/airflow/.local/lib/python3.12/site-packages/airflow/example_dags/example_branch_operator.py for tasks to queue
[2024-04-14T13:18:55.610+0000] {logging_mixin.py:188} INFO - [2024-04-14T13:18:55.610+0000] {dagbag.py:540} INFO - Filling up the DagBag from /home/airflow/.local/lib/python3.12/site-packages/airflow/example_dags/example_branch_operator.py
[2024-04-14T13:18:55.623+0000] {processor.py:840} INFO - DAG(s) 'example_branch_operator' retrieved from /home/airflow/.local/lib/python3.12/site-packages/airflow/example_dags/example_branch_operator.py
[2024-04-14T13:18:55.653+0000] {logging_mixin.py:188} INFO - [2024-04-14T13:18:55.653+0000] {dag.py:3096} INFO - Sync 1 DAGs
[2024-04-14T13:18:55.677+0000] {logging_mixin.py:188} INFO - [2024-04-14T13:18:55.677+0000] {dag.py:3954} INFO - Setting next_dagrun for example_branch_operator to 2024-04-13 00:00:00+00:00, run_after=2024-04-14 00:00:00+00:00
[2024-04-14T13:18:55.717+0000] {processor.py:183} INFO - Processing /home/airflow/.local/lib/python3.12/site-packages/airflow/example_dags/example_branch_operator.py took 0.114 seconds
[2024-04-14T13:19:26.564+0000] {processor.py:161} INFO - Started process (PID=2276) to work on /home/airflow/.local/lib/python3.12/site-packages/airflow/example_dags/example_branch_operator.py
[2024-04-14T13:19:26.565+0000] {processor.py:830} INFO - Processing file /home/airflow/.local/lib/python3.12/site-packages/airflow/example_dags/example_branch_operator.py for tasks to queue
[2024-04-14T13:19:26.566+0000] {logging_mixin.py:188} INFO - [2024-04-14T13:19:26.566+0000] {dagbag.py:540} INFO - Filling up the DagBag from /home/airflow/.local/lib/python3.12/site-packages/airflow/example_dags/example_branch_operator.py
[2024-04-14T13:19:26.580+0000] {processor.py:840} INFO - DAG(s) 'example_branch_operator' retrieved from /home/airflow/.local/lib/python3.12/site-packages/airflow/example_dags/example_branch_operator.py
[2024-04-14T13:19:26.603+0000] {logging_mixin.py:188} INFO - [2024-04-14T13:19:26.603+0000] {dag.py:3096} INFO - Sync 1 DAGs
[2024-04-14T13:19:26.622+0000] {logging_mixin.py:188} INFO - [2024-04-14T13:19:26.622+0000] {dag.py:3954} INFO - Setting next_dagrun for example_branch_operator to 2024-04-13 00:00:00+00:00, run_after=2024-04-14 00:00:00+00:00
[2024-04-14T13:19:26.638+0000] {processor.py:183} INFO - Processing /home/airflow/.local/lib/python3.12/site-packages/airflow/example_dags/example_branch_operator.py took 0.079 seconds
[2024-04-14T13:19:56.823+0000] {processor.py:161} INFO - Started process (PID=2334) to work on /home/airflow/.local/lib/python3.12/site-packages/airflow/example_dags/example_branch_operator.py
[2024-04-14T13:19:56.824+0000] {processor.py:830} INFO - Processing file /home/airflow/.local/lib/python3.12/site-packages/airflow/example_dags/example_branch_operator.py for tasks to queue
[2024-04-14T13:19:56.826+0000] {logging_mixin.py:188} INFO - [2024-04-14T13:19:56.826+0000] {dagbag.py:540} INFO - Filling up the DagBag from /home/airflow/.local/lib/python3.12/site-packages/airflow/example_dags/example_branch_operator.py
[2024-04-14T13:19:56.839+0000] {processor.py:840} INFO - DAG(s) 'example_branch_operator' retrieved from /home/airflow/.local/lib/python3.12/site-packages/airflow/example_dags/example_branch_operator.py
[2024-04-14T13:19:56.866+0000] {logging_mixin.py:188} INFO - [2024-04-14T13:19:56.866+0000] {dag.py:3096} INFO - Sync 1 DAGs
[2024-04-14T13:19:56.887+0000] {logging_mixin.py:188} INFO - [2024-04-14T13:19:56.887+0000] {dag.py:3954} INFO - Setting next_dagrun for example_branch_operator to 2024-04-13 00:00:00+00:00, run_after=2024-04-14 00:00:00+00:00
[2024-04-14T13:19:56.904+0000] {processor.py:183} INFO - Processing /home/airflow/.local/lib/python3.12/site-packages/airflow/example_dags/example_branch_operator.py took 0.085 seconds
