[2024-04-14T13:00:04.302+0000] {processor.py:161} INFO - Started process (PID=72) to work on /home/airflow/.local/lib/python3.12/site-packages/airflow/example_dags/example_subdag_operator.py
[2024-04-14T13:00:04.303+0000] {processor.py:830} INFO - Processing file /home/airflow/.local/lib/python3.12/site-packages/airflow/example_dags/example_subdag_operator.py for tasks to queue
[2024-04-14T13:00:04.304+0000] {logging_mixin.py:188} INFO - [2024-04-14T13:00:04.304+0000] {dagbag.py:540} INFO - Filling up the DagBag from /home/airflow/.local/lib/python3.12/site-packages/airflow/example_dags/example_subdag_operator.py
[2024-04-14T13:00:04.325+0000] {processor.py:840} INFO - DAG(s) 'example_subdag_operator.section-1', 'example_subdag_operator.section-2', 'example_subdag_operator' retrieved from /home/airflow/.local/lib/python3.12/site-packages/airflow/example_dags/example_subdag_operator.py
[2024-04-14T13:00:04.329+0000] {logging_mixin.py:188} INFO - [2024-04-14T13:00:04.329+0000] {dag.py:3096} INFO - Sync 3 DAGs
[2024-04-14T13:00:04.351+0000] {logging_mixin.py:188} INFO - [2024-04-14T13:00:04.351+0000] {dag.py:3954} INFO - Setting next_dagrun for example_subdag_operator to 2022-01-01 00:00:00+00:00, run_after=2022-01-01 00:00:00+00:00
[2024-04-14T13:00:04.355+0000] {logging_mixin.py:188} INFO - [2024-04-14T13:00:04.355+0000] {dag.py:3954} INFO - Setting next_dagrun for example_subdag_operator.section-1 to None, run_after=None
[2024-04-14T13:00:04.358+0000] {logging_mixin.py:188} INFO - [2024-04-14T13:00:04.357+0000] {dag.py:3954} INFO - Setting next_dagrun for example_subdag_operator.section-2 to None, run_after=None
[2024-04-14T13:00:04.365+0000] {logging_mixin.py:188} INFO - [2024-04-14T13:00:04.365+0000] {dag.py:3096} INFO - Sync 2 DAGs
[2024-04-14T13:00:04.371+0000] {logging_mixin.py:188} INFO - [2024-04-14T13:00:04.371+0000] {dag.py:3954} INFO - Setting next_dagrun for example_subdag_operator.section-1 to None, run_after=None
[2024-04-14T13:00:04.372+0000] {logging_mixin.py:188} INFO - [2024-04-14T13:00:04.372+0000] {dag.py:3954} INFO - Setting next_dagrun for example_subdag_operator.section-2 to None, run_after=None
[2024-04-14T13:00:04.384+0000] {processor.py:183} INFO - Processing /home/airflow/.local/lib/python3.12/site-packages/airflow/example_dags/example_subdag_operator.py took 0.086 seconds
[2024-04-14T13:00:35.811+0000] {processor.py:161} INFO - Started process (PID=129) to work on /home/airflow/.local/lib/python3.12/site-packages/airflow/example_dags/example_subdag_operator.py
[2024-04-14T13:00:35.812+0000] {processor.py:830} INFO - Processing file /home/airflow/.local/lib/python3.12/site-packages/airflow/example_dags/example_subdag_operator.py for tasks to queue
[2024-04-14T13:00:35.814+0000] {logging_mixin.py:188} INFO - [2024-04-14T13:00:35.814+0000] {dagbag.py:540} INFO - Filling up the DagBag from /home/airflow/.local/lib/python3.12/site-packages/airflow/example_dags/example_subdag_operator.py
[2024-04-14T13:00:35.834+0000] {processor.py:840} INFO - DAG(s) 'example_subdag_operator.section-1', 'example_subdag_operator.section-2', 'example_subdag_operator' retrieved from /home/airflow/.local/lib/python3.12/site-packages/airflow/example_dags/example_subdag_operator.py
[2024-04-14T13:00:35.920+0000] {logging_mixin.py:188} INFO - [2024-04-14T13:00:35.919+0000] {dag.py:3096} INFO - Sync 3 DAGs
[2024-04-14T13:00:35.937+0000] {logging_mixin.py:188} INFO - [2024-04-14T13:00:35.937+0000] {dag.py:3954} INFO - Setting next_dagrun for example_subdag_operator to 2022-01-01 00:00:00+00:00, run_after=2022-01-01 00:00:00+00:00
[2024-04-14T13:00:35.940+0000] {logging_mixin.py:188} INFO - [2024-04-14T13:00:35.940+0000] {dag.py:3954} INFO - Setting next_dagrun for example_subdag_operator.section-1 to None, run_after=None
[2024-04-14T13:00:35.941+0000] {logging_mixin.py:188} INFO - [2024-04-14T13:00:35.941+0000] {dag.py:3954} INFO - Setting next_dagrun for example_subdag_operator.section-2 to None, run_after=None
[2024-04-14T13:00:35.949+0000] {logging_mixin.py:188} INFO - [2024-04-14T13:00:35.949+0000] {dag.py:3096} INFO - Sync 2 DAGs
[2024-04-14T13:00:35.954+0000] {logging_mixin.py:188} INFO - [2024-04-14T13:00:35.954+0000] {dag.py:3954} INFO - Setting next_dagrun for example_subdag_operator.section-1 to None, run_after=None
[2024-04-14T13:00:35.955+0000] {logging_mixin.py:188} INFO - [2024-04-14T13:00:35.954+0000] {dag.py:3954} INFO - Setting next_dagrun for example_subdag_operator.section-2 to None, run_after=None
[2024-04-14T13:00:35.965+0000] {processor.py:183} INFO - Processing /home/airflow/.local/lib/python3.12/site-packages/airflow/example_dags/example_subdag_operator.py took 0.159 seconds
[2024-04-14T13:01:06.936+0000] {processor.py:161} INFO - Started process (PID=187) to work on /home/airflow/.local/lib/python3.12/site-packages/airflow/example_dags/example_subdag_operator.py
[2024-04-14T13:01:06.937+0000] {processor.py:830} INFO - Processing file /home/airflow/.local/lib/python3.12/site-packages/airflow/example_dags/example_subdag_operator.py for tasks to queue
[2024-04-14T13:01:06.938+0000] {logging_mixin.py:188} INFO - [2024-04-14T13:01:06.938+0000] {dagbag.py:540} INFO - Filling up the DagBag from /home/airflow/.local/lib/python3.12/site-packages/airflow/example_dags/example_subdag_operator.py
[2024-04-14T13:01:06.956+0000] {processor.py:840} INFO - DAG(s) 'example_subdag_operator.section-1', 'example_subdag_operator.section-2', 'example_subdag_operator' retrieved from /home/airflow/.local/lib/python3.12/site-packages/airflow/example_dags/example_subdag_operator.py
[2024-04-14T13:01:06.971+0000] {logging_mixin.py:188} INFO - [2024-04-14T13:01:06.971+0000] {dag.py:3096} INFO - Sync 3 DAGs
[2024-04-14T13:01:06.990+0000] {logging_mixin.py:188} INFO - [2024-04-14T13:01:06.990+0000] {dag.py:3954} INFO - Setting next_dagrun for example_subdag_operator to 2022-01-01 00:00:00+00:00, run_after=2022-01-01 00:00:00+00:00
[2024-04-14T13:01:06.995+0000] {logging_mixin.py:188} INFO - [2024-04-14T13:01:06.994+0000] {dag.py:3954} INFO - Setting next_dagrun for example_subdag_operator.section-1 to None, run_after=None
[2024-04-14T13:01:06.996+0000] {logging_mixin.py:188} INFO - [2024-04-14T13:01:06.996+0000] {dag.py:3954} INFO - Setting next_dagrun for example_subdag_operator.section-2 to None, run_after=None
[2024-04-14T13:01:07.002+0000] {logging_mixin.py:188} INFO - [2024-04-14T13:01:07.002+0000] {dag.py:3096} INFO - Sync 2 DAGs
[2024-04-14T13:01:07.008+0000] {logging_mixin.py:188} INFO - [2024-04-14T13:01:07.008+0000] {dag.py:3954} INFO - Setting next_dagrun for example_subdag_operator.section-1 to None, run_after=None
[2024-04-14T13:01:07.009+0000] {logging_mixin.py:188} INFO - [2024-04-14T13:01:07.009+0000] {dag.py:3954} INFO - Setting next_dagrun for example_subdag_operator.section-2 to None, run_after=None
[2024-04-14T13:01:07.021+0000] {processor.py:183} INFO - Processing /home/airflow/.local/lib/python3.12/site-packages/airflow/example_dags/example_subdag_operator.py took 0.089 seconds
[2024-04-14T13:01:37.431+0000] {processor.py:161} INFO - Started process (PID=245) to work on /home/airflow/.local/lib/python3.12/site-packages/airflow/example_dags/example_subdag_operator.py
[2024-04-14T13:01:37.432+0000] {processor.py:830} INFO - Processing file /home/airflow/.local/lib/python3.12/site-packages/airflow/example_dags/example_subdag_operator.py for tasks to queue
[2024-04-14T13:01:37.433+0000] {logging_mixin.py:188} INFO - [2024-04-14T13:01:37.433+0000] {dagbag.py:540} INFO - Filling up the DagBag from /home/airflow/.local/lib/python3.12/site-packages/airflow/example_dags/example_subdag_operator.py
[2024-04-14T13:01:37.450+0000] {processor.py:840} INFO - DAG(s) 'example_subdag_operator.section-1', 'example_subdag_operator.section-2', 'example_subdag_operator' retrieved from /home/airflow/.local/lib/python3.12/site-packages/airflow/example_dags/example_subdag_operator.py
[2024-04-14T13:01:37.465+0000] {logging_mixin.py:188} INFO - [2024-04-14T13:01:37.464+0000] {dag.py:3096} INFO - Sync 3 DAGs
[2024-04-14T13:01:37.483+0000] {logging_mixin.py:188} INFO - [2024-04-14T13:01:37.482+0000] {dag.py:3954} INFO - Setting next_dagrun for example_subdag_operator to 2022-01-01 00:00:00+00:00, run_after=2022-01-01 00:00:00+00:00
[2024-04-14T13:01:37.486+0000] {logging_mixin.py:188} INFO - [2024-04-14T13:01:37.486+0000] {dag.py:3954} INFO - Setting next_dagrun for example_subdag_operator.section-1 to None, run_after=None
[2024-04-14T13:01:37.488+0000] {logging_mixin.py:188} INFO - [2024-04-14T13:01:37.487+0000] {dag.py:3954} INFO - Setting next_dagrun for example_subdag_operator.section-2 to None, run_after=None
[2024-04-14T13:01:37.494+0000] {logging_mixin.py:188} INFO - [2024-04-14T13:01:37.494+0000] {dag.py:3096} INFO - Sync 2 DAGs
[2024-04-14T13:01:37.500+0000] {logging_mixin.py:188} INFO - [2024-04-14T13:01:37.499+0000] {dag.py:3954} INFO - Setting next_dagrun for example_subdag_operator.section-1 to None, run_after=None
[2024-04-14T13:01:37.500+0000] {logging_mixin.py:188} INFO - [2024-04-14T13:01:37.500+0000] {dag.py:3954} INFO - Setting next_dagrun for example_subdag_operator.section-2 to None, run_after=None
[2024-04-14T13:01:37.512+0000] {processor.py:183} INFO - Processing /home/airflow/.local/lib/python3.12/site-packages/airflow/example_dags/example_subdag_operator.py took 0.085 seconds
[2024-04-14T13:02:07.996+0000] {processor.py:161} INFO - Started process (PID=303) to work on /home/airflow/.local/lib/python3.12/site-packages/airflow/example_dags/example_subdag_operator.py
[2024-04-14T13:02:07.997+0000] {processor.py:830} INFO - Processing file /home/airflow/.local/lib/python3.12/site-packages/airflow/example_dags/example_subdag_operator.py for tasks to queue
[2024-04-14T13:02:07.999+0000] {logging_mixin.py:188} INFO - [2024-04-14T13:02:07.999+0000] {dagbag.py:540} INFO - Filling up the DagBag from /home/airflow/.local/lib/python3.12/site-packages/airflow/example_dags/example_subdag_operator.py
[2024-04-14T13:02:08.017+0000] {processor.py:840} INFO - DAG(s) 'example_subdag_operator.section-1', 'example_subdag_operator.section-2', 'example_subdag_operator' retrieved from /home/airflow/.local/lib/python3.12/site-packages/airflow/example_dags/example_subdag_operator.py
[2024-04-14T13:02:08.034+0000] {logging_mixin.py:188} INFO - [2024-04-14T13:02:08.034+0000] {dag.py:3096} INFO - Sync 3 DAGs
[2024-04-14T13:02:08.054+0000] {logging_mixin.py:188} INFO - [2024-04-14T13:02:08.053+0000] {dag.py:3954} INFO - Setting next_dagrun for example_subdag_operator to 2022-01-01 00:00:00+00:00, run_after=2022-01-01 00:00:00+00:00
[2024-04-14T13:02:08.057+0000] {logging_mixin.py:188} INFO - [2024-04-14T13:02:08.057+0000] {dag.py:3954} INFO - Setting next_dagrun for example_subdag_operator.section-1 to None, run_after=None
[2024-04-14T13:02:08.059+0000] {logging_mixin.py:188} INFO - [2024-04-14T13:02:08.059+0000] {dag.py:3954} INFO - Setting next_dagrun for example_subdag_operator.section-2 to None, run_after=None
[2024-04-14T13:02:08.067+0000] {logging_mixin.py:188} INFO - [2024-04-14T13:02:08.066+0000] {dag.py:3096} INFO - Sync 2 DAGs
[2024-04-14T13:02:08.073+0000] {logging_mixin.py:188} INFO - [2024-04-14T13:02:08.073+0000] {dag.py:3954} INFO - Setting next_dagrun for example_subdag_operator.section-1 to None, run_after=None
[2024-04-14T13:02:08.074+0000] {logging_mixin.py:188} INFO - [2024-04-14T13:02:08.073+0000] {dag.py:3954} INFO - Setting next_dagrun for example_subdag_operator.section-2 to None, run_after=None
[2024-04-14T13:02:08.087+0000] {processor.py:183} INFO - Processing /home/airflow/.local/lib/python3.12/site-packages/airflow/example_dags/example_subdag_operator.py took 0.095 seconds
[2024-04-14T13:02:38.294+0000] {processor.py:161} INFO - Started process (PID=361) to work on /home/airflow/.local/lib/python3.12/site-packages/airflow/example_dags/example_subdag_operator.py
[2024-04-14T13:02:38.295+0000] {processor.py:830} INFO - Processing file /home/airflow/.local/lib/python3.12/site-packages/airflow/example_dags/example_subdag_operator.py for tasks to queue
[2024-04-14T13:02:38.297+0000] {logging_mixin.py:188} INFO - [2024-04-14T13:02:38.297+0000] {dagbag.py:540} INFO - Filling up the DagBag from /home/airflow/.local/lib/python3.12/site-packages/airflow/example_dags/example_subdag_operator.py
[2024-04-14T13:02:38.315+0000] {processor.py:840} INFO - DAG(s) 'example_subdag_operator.section-1', 'example_subdag_operator.section-2', 'example_subdag_operator' retrieved from /home/airflow/.local/lib/python3.12/site-packages/airflow/example_dags/example_subdag_operator.py
[2024-04-14T13:02:38.328+0000] {logging_mixin.py:188} INFO - [2024-04-14T13:02:38.328+0000] {dag.py:3096} INFO - Sync 3 DAGs
[2024-04-14T13:02:38.347+0000] {logging_mixin.py:188} INFO - [2024-04-14T13:02:38.347+0000] {dag.py:3954} INFO - Setting next_dagrun for example_subdag_operator to 2022-01-01 00:00:00+00:00, run_after=2022-01-01 00:00:00+00:00
[2024-04-14T13:02:38.351+0000] {logging_mixin.py:188} INFO - [2024-04-14T13:02:38.351+0000] {dag.py:3954} INFO - Setting next_dagrun for example_subdag_operator.section-1 to None, run_after=None
[2024-04-14T13:02:38.352+0000] {logging_mixin.py:188} INFO - [2024-04-14T13:02:38.352+0000] {dag.py:3954} INFO - Setting next_dagrun for example_subdag_operator.section-2 to None, run_after=None
[2024-04-14T13:02:38.359+0000] {logging_mixin.py:188} INFO - [2024-04-14T13:02:38.359+0000] {dag.py:3096} INFO - Sync 2 DAGs
[2024-04-14T13:02:38.364+0000] {logging_mixin.py:188} INFO - [2024-04-14T13:02:38.364+0000] {dag.py:3954} INFO - Setting next_dagrun for example_subdag_operator.section-1 to None, run_after=None
[2024-04-14T13:02:38.364+0000] {logging_mixin.py:188} INFO - [2024-04-14T13:02:38.364+0000] {dag.py:3954} INFO - Setting next_dagrun for example_subdag_operator.section-2 to None, run_after=None
[2024-04-14T13:02:38.375+0000] {processor.py:183} INFO - Processing /home/airflow/.local/lib/python3.12/site-packages/airflow/example_dags/example_subdag_operator.py took 0.086 seconds
[2024-04-14T13:03:08.702+0000] {processor.py:161} INFO - Started process (PID=419) to work on /home/airflow/.local/lib/python3.12/site-packages/airflow/example_dags/example_subdag_operator.py
[2024-04-14T13:03:08.703+0000] {processor.py:830} INFO - Processing file /home/airflow/.local/lib/python3.12/site-packages/airflow/example_dags/example_subdag_operator.py for tasks to queue
[2024-04-14T13:03:08.704+0000] {logging_mixin.py:188} INFO - [2024-04-14T13:03:08.704+0000] {dagbag.py:540} INFO - Filling up the DagBag from /home/airflow/.local/lib/python3.12/site-packages/airflow/example_dags/example_subdag_operator.py
[2024-04-14T13:03:08.723+0000] {processor.py:840} INFO - DAG(s) 'example_subdag_operator.section-1', 'example_subdag_operator.section-2', 'example_subdag_operator' retrieved from /home/airflow/.local/lib/python3.12/site-packages/airflow/example_dags/example_subdag_operator.py
[2024-04-14T13:03:08.738+0000] {logging_mixin.py:188} INFO - [2024-04-14T13:03:08.737+0000] {dag.py:3096} INFO - Sync 3 DAGs
[2024-04-14T13:03:08.759+0000] {logging_mixin.py:188} INFO - [2024-04-14T13:03:08.758+0000] {dag.py:3954} INFO - Setting next_dagrun for example_subdag_operator to 2022-01-01 00:00:00+00:00, run_after=2022-01-01 00:00:00+00:00
[2024-04-14T13:03:08.763+0000] {logging_mixin.py:188} INFO - [2024-04-14T13:03:08.763+0000] {dag.py:3954} INFO - Setting next_dagrun for example_subdag_operator.section-1 to None, run_after=None
[2024-04-14T13:03:08.765+0000] {logging_mixin.py:188} INFO - [2024-04-14T13:03:08.764+0000] {dag.py:3954} INFO - Setting next_dagrun for example_subdag_operator.section-2 to None, run_after=None
[2024-04-14T13:03:08.772+0000] {logging_mixin.py:188} INFO - [2024-04-14T13:03:08.771+0000] {dag.py:3096} INFO - Sync 2 DAGs
[2024-04-14T13:03:08.777+0000] {logging_mixin.py:188} INFO - [2024-04-14T13:03:08.777+0000] {dag.py:3954} INFO - Setting next_dagrun for example_subdag_operator.section-1 to None, run_after=None
[2024-04-14T13:03:08.778+0000] {logging_mixin.py:188} INFO - [2024-04-14T13:03:08.778+0000] {dag.py:3954} INFO - Setting next_dagrun for example_subdag_operator.section-2 to None, run_after=None
[2024-04-14T13:03:08.790+0000] {processor.py:183} INFO - Processing /home/airflow/.local/lib/python3.12/site-packages/airflow/example_dags/example_subdag_operator.py took 0.092 seconds
[2024-04-14T13:03:38.907+0000] {processor.py:161} INFO - Started process (PID=478) to work on /home/airflow/.local/lib/python3.12/site-packages/airflow/example_dags/example_subdag_operator.py
[2024-04-14T13:03:38.908+0000] {processor.py:830} INFO - Processing file /home/airflow/.local/lib/python3.12/site-packages/airflow/example_dags/example_subdag_operator.py for tasks to queue
[2024-04-14T13:03:38.910+0000] {logging_mixin.py:188} INFO - [2024-04-14T13:03:38.909+0000] {dagbag.py:540} INFO - Filling up the DagBag from /home/airflow/.local/lib/python3.12/site-packages/airflow/example_dags/example_subdag_operator.py
[2024-04-14T13:03:38.929+0000] {processor.py:840} INFO - DAG(s) 'example_subdag_operator.section-1', 'example_subdag_operator.section-2', 'example_subdag_operator' retrieved from /home/airflow/.local/lib/python3.12/site-packages/airflow/example_dags/example_subdag_operator.py
[2024-04-14T13:03:38.941+0000] {logging_mixin.py:188} INFO - [2024-04-14T13:03:38.941+0000] {dag.py:3096} INFO - Sync 3 DAGs
[2024-04-14T13:03:38.959+0000] {logging_mixin.py:188} INFO - [2024-04-14T13:03:38.959+0000] {dag.py:3954} INFO - Setting next_dagrun for example_subdag_operator to 2022-01-01 00:00:00+00:00, run_after=2022-01-01 00:00:00+00:00
[2024-04-14T13:03:38.963+0000] {logging_mixin.py:188} INFO - [2024-04-14T13:03:38.963+0000] {dag.py:3954} INFO - Setting next_dagrun for example_subdag_operator.section-1 to None, run_after=None
[2024-04-14T13:03:38.964+0000] {logging_mixin.py:188} INFO - [2024-04-14T13:03:38.964+0000] {dag.py:3954} INFO - Setting next_dagrun for example_subdag_operator.section-2 to None, run_after=None
[2024-04-14T13:03:38.970+0000] {logging_mixin.py:188} INFO - [2024-04-14T13:03:38.970+0000] {dag.py:3096} INFO - Sync 2 DAGs
[2024-04-14T13:03:38.975+0000] {logging_mixin.py:188} INFO - [2024-04-14T13:03:38.975+0000] {dag.py:3954} INFO - Setting next_dagrun for example_subdag_operator.section-1 to None, run_after=None
[2024-04-14T13:03:38.976+0000] {logging_mixin.py:188} INFO - [2024-04-14T13:03:38.976+0000] {dag.py:3954} INFO - Setting next_dagrun for example_subdag_operator.section-2 to None, run_after=None
[2024-04-14T13:03:38.987+0000] {processor.py:183} INFO - Processing /home/airflow/.local/lib/python3.12/site-packages/airflow/example_dags/example_subdag_operator.py took 0.084 seconds
[2024-04-14T13:04:09.672+0000] {processor.py:161} INFO - Started process (PID=537) to work on /home/airflow/.local/lib/python3.12/site-packages/airflow/example_dags/example_subdag_operator.py
[2024-04-14T13:04:09.673+0000] {processor.py:830} INFO - Processing file /home/airflow/.local/lib/python3.12/site-packages/airflow/example_dags/example_subdag_operator.py for tasks to queue
[2024-04-14T13:04:09.675+0000] {logging_mixin.py:188} INFO - [2024-04-14T13:04:09.674+0000] {dagbag.py:540} INFO - Filling up the DagBag from /home/airflow/.local/lib/python3.12/site-packages/airflow/example_dags/example_subdag_operator.py
[2024-04-14T13:04:09.693+0000] {processor.py:840} INFO - DAG(s) 'example_subdag_operator.section-1', 'example_subdag_operator.section-2', 'example_subdag_operator' retrieved from /home/airflow/.local/lib/python3.12/site-packages/airflow/example_dags/example_subdag_operator.py
[2024-04-14T13:04:09.707+0000] {logging_mixin.py:188} INFO - [2024-04-14T13:04:09.707+0000] {dag.py:3096} INFO - Sync 3 DAGs
[2024-04-14T13:04:09.727+0000] {logging_mixin.py:188} INFO - [2024-04-14T13:04:09.726+0000] {dag.py:3954} INFO - Setting next_dagrun for example_subdag_operator to 2022-01-01 00:00:00+00:00, run_after=2022-01-01 00:00:00+00:00
[2024-04-14T13:04:09.730+0000] {logging_mixin.py:188} INFO - [2024-04-14T13:04:09.730+0000] {dag.py:3954} INFO - Setting next_dagrun for example_subdag_operator.section-1 to None, run_after=None
[2024-04-14T13:04:09.732+0000] {logging_mixin.py:188} INFO - [2024-04-14T13:04:09.732+0000] {dag.py:3954} INFO - Setting next_dagrun for example_subdag_operator.section-2 to None, run_after=None
[2024-04-14T13:04:09.739+0000] {logging_mixin.py:188} INFO - [2024-04-14T13:04:09.739+0000] {dag.py:3096} INFO - Sync 2 DAGs
[2024-04-14T13:04:09.746+0000] {logging_mixin.py:188} INFO - [2024-04-14T13:04:09.745+0000] {dag.py:3954} INFO - Setting next_dagrun for example_subdag_operator.section-1 to None, run_after=None
[2024-04-14T13:04:09.746+0000] {logging_mixin.py:188} INFO - [2024-04-14T13:04:09.746+0000] {dag.py:3954} INFO - Setting next_dagrun for example_subdag_operator.section-2 to None, run_after=None
[2024-04-14T13:04:09.759+0000] {processor.py:183} INFO - Processing /home/airflow/.local/lib/python3.12/site-packages/airflow/example_dags/example_subdag_operator.py took 0.092 seconds
[2024-04-14T13:04:39.869+0000] {processor.py:161} INFO - Started process (PID=596) to work on /home/airflow/.local/lib/python3.12/site-packages/airflow/example_dags/example_subdag_operator.py
[2024-04-14T13:04:39.870+0000] {processor.py:830} INFO - Processing file /home/airflow/.local/lib/python3.12/site-packages/airflow/example_dags/example_subdag_operator.py for tasks to queue
[2024-04-14T13:04:39.871+0000] {logging_mixin.py:188} INFO - [2024-04-14T13:04:39.871+0000] {dagbag.py:540} INFO - Filling up the DagBag from /home/airflow/.local/lib/python3.12/site-packages/airflow/example_dags/example_subdag_operator.py
[2024-04-14T13:04:39.889+0000] {processor.py:840} INFO - DAG(s) 'example_subdag_operator.section-1', 'example_subdag_operator.section-2', 'example_subdag_operator' retrieved from /home/airflow/.local/lib/python3.12/site-packages/airflow/example_dags/example_subdag_operator.py
[2024-04-14T13:04:39.903+0000] {logging_mixin.py:188} INFO - [2024-04-14T13:04:39.903+0000] {dag.py:3096} INFO - Sync 3 DAGs
[2024-04-14T13:04:39.923+0000] {logging_mixin.py:188} INFO - [2024-04-14T13:04:39.923+0000] {dag.py:3954} INFO - Setting next_dagrun for example_subdag_operator to 2022-01-01 00:00:00+00:00, run_after=2022-01-01 00:00:00+00:00
[2024-04-14T13:04:39.927+0000] {logging_mixin.py:188} INFO - [2024-04-14T13:04:39.927+0000] {dag.py:3954} INFO - Setting next_dagrun for example_subdag_operator.section-1 to None, run_after=None
[2024-04-14T13:04:39.928+0000] {logging_mixin.py:188} INFO - [2024-04-14T13:04:39.928+0000] {dag.py:3954} INFO - Setting next_dagrun for example_subdag_operator.section-2 to None, run_after=None
[2024-04-14T13:04:39.935+0000] {logging_mixin.py:188} INFO - [2024-04-14T13:04:39.935+0000] {dag.py:3096} INFO - Sync 2 DAGs
[2024-04-14T13:04:39.940+0000] {logging_mixin.py:188} INFO - [2024-04-14T13:04:39.940+0000] {dag.py:3954} INFO - Setting next_dagrun for example_subdag_operator.section-1 to None, run_after=None
[2024-04-14T13:04:39.941+0000] {logging_mixin.py:188} INFO - [2024-04-14T13:04:39.941+0000] {dag.py:3954} INFO - Setting next_dagrun for example_subdag_operator.section-2 to None, run_after=None
[2024-04-14T13:04:39.953+0000] {processor.py:183} INFO - Processing /home/airflow/.local/lib/python3.12/site-packages/airflow/example_dags/example_subdag_operator.py took 0.089 seconds
[2024-04-14T13:05:10.721+0000] {processor.py:161} INFO - Started process (PID=653) to work on /home/airflow/.local/lib/python3.12/site-packages/airflow/example_dags/example_subdag_operator.py
[2024-04-14T13:05:10.722+0000] {processor.py:830} INFO - Processing file /home/airflow/.local/lib/python3.12/site-packages/airflow/example_dags/example_subdag_operator.py for tasks to queue
[2024-04-14T13:05:10.723+0000] {logging_mixin.py:188} INFO - [2024-04-14T13:05:10.723+0000] {dagbag.py:540} INFO - Filling up the DagBag from /home/airflow/.local/lib/python3.12/site-packages/airflow/example_dags/example_subdag_operator.py
[2024-04-14T13:05:10.740+0000] {processor.py:840} INFO - DAG(s) 'example_subdag_operator.section-1', 'example_subdag_operator.section-2', 'example_subdag_operator' retrieved from /home/airflow/.local/lib/python3.12/site-packages/airflow/example_dags/example_subdag_operator.py
[2024-04-14T13:05:10.753+0000] {logging_mixin.py:188} INFO - [2024-04-14T13:05:10.753+0000] {dag.py:3096} INFO - Sync 3 DAGs
[2024-04-14T13:05:10.772+0000] {logging_mixin.py:188} INFO - [2024-04-14T13:05:10.771+0000] {dag.py:3954} INFO - Setting next_dagrun for example_subdag_operator to 2022-01-01 00:00:00+00:00, run_after=2022-01-01 00:00:00+00:00
[2024-04-14T13:05:10.775+0000] {logging_mixin.py:188} INFO - [2024-04-14T13:05:10.775+0000] {dag.py:3954} INFO - Setting next_dagrun for example_subdag_operator.section-1 to None, run_after=None
[2024-04-14T13:05:10.776+0000] {logging_mixin.py:188} INFO - [2024-04-14T13:05:10.776+0000] {dag.py:3954} INFO - Setting next_dagrun for example_subdag_operator.section-2 to None, run_after=None
[2024-04-14T13:05:10.782+0000] {logging_mixin.py:188} INFO - [2024-04-14T13:05:10.782+0000] {dag.py:3096} INFO - Sync 2 DAGs
[2024-04-14T13:05:10.789+0000] {logging_mixin.py:188} INFO - [2024-04-14T13:05:10.788+0000] {dag.py:3954} INFO - Setting next_dagrun for example_subdag_operator.section-1 to None, run_after=None
[2024-04-14T13:05:10.789+0000] {logging_mixin.py:188} INFO - [2024-04-14T13:05:10.789+0000] {dag.py:3954} INFO - Setting next_dagrun for example_subdag_operator.section-2 to None, run_after=None
[2024-04-14T13:05:10.800+0000] {processor.py:183} INFO - Processing /home/airflow/.local/lib/python3.12/site-packages/airflow/example_dags/example_subdag_operator.py took 0.083 seconds
[2024-04-14T13:05:41.216+0000] {processor.py:161} INFO - Started process (PID=712) to work on /home/airflow/.local/lib/python3.12/site-packages/airflow/example_dags/example_subdag_operator.py
[2024-04-14T13:05:41.217+0000] {processor.py:830} INFO - Processing file /home/airflow/.local/lib/python3.12/site-packages/airflow/example_dags/example_subdag_operator.py for tasks to queue
[2024-04-14T13:05:41.219+0000] {logging_mixin.py:188} INFO - [2024-04-14T13:05:41.219+0000] {dagbag.py:540} INFO - Filling up the DagBag from /home/airflow/.local/lib/python3.12/site-packages/airflow/example_dags/example_subdag_operator.py
[2024-04-14T13:05:41.241+0000] {processor.py:840} INFO - DAG(s) 'example_subdag_operator.section-1', 'example_subdag_operator.section-2', 'example_subdag_operator' retrieved from /home/airflow/.local/lib/python3.12/site-packages/airflow/example_dags/example_subdag_operator.py
[2024-04-14T13:05:41.256+0000] {logging_mixin.py:188} INFO - [2024-04-14T13:05:41.256+0000] {dag.py:3096} INFO - Sync 3 DAGs
[2024-04-14T13:05:41.276+0000] {logging_mixin.py:188} INFO - [2024-04-14T13:05:41.276+0000] {dag.py:3954} INFO - Setting next_dagrun for example_subdag_operator to 2022-01-01 00:00:00+00:00, run_after=2022-01-01 00:00:00+00:00
[2024-04-14T13:05:41.280+0000] {logging_mixin.py:188} INFO - [2024-04-14T13:05:41.280+0000] {dag.py:3954} INFO - Setting next_dagrun for example_subdag_operator.section-1 to None, run_after=None
[2024-04-14T13:05:41.282+0000] {logging_mixin.py:188} INFO - [2024-04-14T13:05:41.281+0000] {dag.py:3954} INFO - Setting next_dagrun for example_subdag_operator.section-2 to None, run_after=None
[2024-04-14T13:05:41.291+0000] {logging_mixin.py:188} INFO - [2024-04-14T13:05:41.290+0000] {dag.py:3096} INFO - Sync 2 DAGs
[2024-04-14T13:05:41.297+0000] {logging_mixin.py:188} INFO - [2024-04-14T13:05:41.297+0000] {dag.py:3954} INFO - Setting next_dagrun for example_subdag_operator.section-1 to None, run_after=None
[2024-04-14T13:05:41.297+0000] {logging_mixin.py:188} INFO - [2024-04-14T13:05:41.297+0000] {dag.py:3954} INFO - Setting next_dagrun for example_subdag_operator.section-2 to None, run_after=None
[2024-04-14T13:05:41.310+0000] {processor.py:183} INFO - Processing /home/airflow/.local/lib/python3.12/site-packages/airflow/example_dags/example_subdag_operator.py took 0.098 seconds
[2024-04-14T13:06:11.779+0000] {processor.py:161} INFO - Started process (PID=770) to work on /home/airflow/.local/lib/python3.12/site-packages/airflow/example_dags/example_subdag_operator.py
[2024-04-14T13:06:11.779+0000] {processor.py:830} INFO - Processing file /home/airflow/.local/lib/python3.12/site-packages/airflow/example_dags/example_subdag_operator.py for tasks to queue
[2024-04-14T13:06:11.781+0000] {logging_mixin.py:188} INFO - [2024-04-14T13:06:11.781+0000] {dagbag.py:540} INFO - Filling up the DagBag from /home/airflow/.local/lib/python3.12/site-packages/airflow/example_dags/example_subdag_operator.py
[2024-04-14T13:06:11.798+0000] {processor.py:840} INFO - DAG(s) 'example_subdag_operator.section-1', 'example_subdag_operator.section-2', 'example_subdag_operator' retrieved from /home/airflow/.local/lib/python3.12/site-packages/airflow/example_dags/example_subdag_operator.py
[2024-04-14T13:06:11.812+0000] {logging_mixin.py:188} INFO - [2024-04-14T13:06:11.812+0000] {dag.py:3096} INFO - Sync 3 DAGs
[2024-04-14T13:06:11.830+0000] {logging_mixin.py:188} INFO - [2024-04-14T13:06:11.830+0000] {dag.py:3954} INFO - Setting next_dagrun for example_subdag_operator to 2022-01-01 00:00:00+00:00, run_after=2022-01-01 00:00:00+00:00
[2024-04-14T13:06:11.834+0000] {logging_mixin.py:188} INFO - [2024-04-14T13:06:11.834+0000] {dag.py:3954} INFO - Setting next_dagrun for example_subdag_operator.section-1 to None, run_after=None
[2024-04-14T13:06:11.836+0000] {logging_mixin.py:188} INFO - [2024-04-14T13:06:11.835+0000] {dag.py:3954} INFO - Setting next_dagrun for example_subdag_operator.section-2 to None, run_after=None
[2024-04-14T13:06:11.842+0000] {logging_mixin.py:188} INFO - [2024-04-14T13:06:11.842+0000] {dag.py:3096} INFO - Sync 2 DAGs
[2024-04-14T13:06:11.847+0000] {logging_mixin.py:188} INFO - [2024-04-14T13:06:11.847+0000] {dag.py:3954} INFO - Setting next_dagrun for example_subdag_operator.section-1 to None, run_after=None
[2024-04-14T13:06:11.848+0000] {logging_mixin.py:188} INFO - [2024-04-14T13:06:11.848+0000] {dag.py:3954} INFO - Setting next_dagrun for example_subdag_operator.section-2 to None, run_after=None
[2024-04-14T13:06:11.860+0000] {processor.py:183} INFO - Processing /home/airflow/.local/lib/python3.12/site-packages/airflow/example_dags/example_subdag_operator.py took 0.085 seconds
[2024-04-14T13:06:42.486+0000] {processor.py:161} INFO - Started process (PID=828) to work on /home/airflow/.local/lib/python3.12/site-packages/airflow/example_dags/example_subdag_operator.py
[2024-04-14T13:06:42.487+0000] {processor.py:830} INFO - Processing file /home/airflow/.local/lib/python3.12/site-packages/airflow/example_dags/example_subdag_operator.py for tasks to queue
[2024-04-14T13:06:42.488+0000] {logging_mixin.py:188} INFO - [2024-04-14T13:06:42.488+0000] {dagbag.py:540} INFO - Filling up the DagBag from /home/airflow/.local/lib/python3.12/site-packages/airflow/example_dags/example_subdag_operator.py
[2024-04-14T13:06:42.506+0000] {processor.py:840} INFO - DAG(s) 'example_subdag_operator.section-1', 'example_subdag_operator.section-2', 'example_subdag_operator' retrieved from /home/airflow/.local/lib/python3.12/site-packages/airflow/example_dags/example_subdag_operator.py
[2024-04-14T13:06:42.520+0000] {logging_mixin.py:188} INFO - [2024-04-14T13:06:42.519+0000] {dag.py:3096} INFO - Sync 3 DAGs
[2024-04-14T13:06:42.539+0000] {logging_mixin.py:188} INFO - [2024-04-14T13:06:42.538+0000] {dag.py:3954} INFO - Setting next_dagrun for example_subdag_operator to 2022-01-01 00:00:00+00:00, run_after=2022-01-01 00:00:00+00:00
[2024-04-14T13:06:42.542+0000] {logging_mixin.py:188} INFO - [2024-04-14T13:06:42.542+0000] {dag.py:3954} INFO - Setting next_dagrun for example_subdag_operator.section-1 to None, run_after=None
[2024-04-14T13:06:42.544+0000] {logging_mixin.py:188} INFO - [2024-04-14T13:06:42.543+0000] {dag.py:3954} INFO - Setting next_dagrun for example_subdag_operator.section-2 to None, run_after=None
[2024-04-14T13:06:42.550+0000] {logging_mixin.py:188} INFO - [2024-04-14T13:06:42.550+0000] {dag.py:3096} INFO - Sync 2 DAGs
[2024-04-14T13:06:42.555+0000] {logging_mixin.py:188} INFO - [2024-04-14T13:06:42.554+0000] {dag.py:3954} INFO - Setting next_dagrun for example_subdag_operator.section-1 to None, run_after=None
[2024-04-14T13:06:42.555+0000] {logging_mixin.py:188} INFO - [2024-04-14T13:06:42.555+0000] {dag.py:3954} INFO - Setting next_dagrun for example_subdag_operator.section-2 to None, run_after=None
[2024-04-14T13:06:42.566+0000] {processor.py:183} INFO - Processing /home/airflow/.local/lib/python3.12/site-packages/airflow/example_dags/example_subdag_operator.py took 0.084 seconds
[2024-04-14T13:07:13.122+0000] {processor.py:161} INFO - Started process (PID=886) to work on /home/airflow/.local/lib/python3.12/site-packages/airflow/example_dags/example_subdag_operator.py
[2024-04-14T13:07:13.123+0000] {processor.py:830} INFO - Processing file /home/airflow/.local/lib/python3.12/site-packages/airflow/example_dags/example_subdag_operator.py for tasks to queue
[2024-04-14T13:07:13.125+0000] {logging_mixin.py:188} INFO - [2024-04-14T13:07:13.124+0000] {dagbag.py:540} INFO - Filling up the DagBag from /home/airflow/.local/lib/python3.12/site-packages/airflow/example_dags/example_subdag_operator.py
[2024-04-14T13:07:13.144+0000] {processor.py:840} INFO - DAG(s) 'example_subdag_operator.section-1', 'example_subdag_operator.section-2', 'example_subdag_operator' retrieved from /home/airflow/.local/lib/python3.12/site-packages/airflow/example_dags/example_subdag_operator.py
[2024-04-14T13:07:13.159+0000] {logging_mixin.py:188} INFO - [2024-04-14T13:07:13.159+0000] {dag.py:3096} INFO - Sync 3 DAGs
[2024-04-14T13:07:13.178+0000] {logging_mixin.py:188} INFO - [2024-04-14T13:07:13.178+0000] {dag.py:3954} INFO - Setting next_dagrun for example_subdag_operator to 2022-01-01 00:00:00+00:00, run_after=2022-01-01 00:00:00+00:00
[2024-04-14T13:07:13.182+0000] {logging_mixin.py:188} INFO - [2024-04-14T13:07:13.182+0000] {dag.py:3954} INFO - Setting next_dagrun for example_subdag_operator.section-1 to None, run_after=None
[2024-04-14T13:07:13.183+0000] {logging_mixin.py:188} INFO - [2024-04-14T13:07:13.183+0000] {dag.py:3954} INFO - Setting next_dagrun for example_subdag_operator.section-2 to None, run_after=None
[2024-04-14T13:07:13.190+0000] {logging_mixin.py:188} INFO - [2024-04-14T13:07:13.189+0000] {dag.py:3096} INFO - Sync 2 DAGs
[2024-04-14T13:07:13.196+0000] {logging_mixin.py:188} INFO - [2024-04-14T13:07:13.195+0000] {dag.py:3954} INFO - Setting next_dagrun for example_subdag_operator.section-1 to None, run_after=None
[2024-04-14T13:07:13.196+0000] {logging_mixin.py:188} INFO - [2024-04-14T13:07:13.196+0000] {dag.py:3954} INFO - Setting next_dagrun for example_subdag_operator.section-2 to None, run_after=None
[2024-04-14T13:07:13.208+0000] {processor.py:183} INFO - Processing /home/airflow/.local/lib/python3.12/site-packages/airflow/example_dags/example_subdag_operator.py took 0.090 seconds
[2024-04-14T13:07:44.072+0000] {processor.py:161} INFO - Started process (PID=944) to work on /home/airflow/.local/lib/python3.12/site-packages/airflow/example_dags/example_subdag_operator.py
[2024-04-14T13:07:44.072+0000] {processor.py:830} INFO - Processing file /home/airflow/.local/lib/python3.12/site-packages/airflow/example_dags/example_subdag_operator.py for tasks to queue
[2024-04-14T13:07:44.074+0000] {logging_mixin.py:188} INFO - [2024-04-14T13:07:44.074+0000] {dagbag.py:540} INFO - Filling up the DagBag from /home/airflow/.local/lib/python3.12/site-packages/airflow/example_dags/example_subdag_operator.py
[2024-04-14T13:07:44.094+0000] {processor.py:840} INFO - DAG(s) 'example_subdag_operator.section-1', 'example_subdag_operator.section-2', 'example_subdag_operator' retrieved from /home/airflow/.local/lib/python3.12/site-packages/airflow/example_dags/example_subdag_operator.py
[2024-04-14T13:07:44.109+0000] {logging_mixin.py:188} INFO - [2024-04-14T13:07:44.109+0000] {dag.py:3096} INFO - Sync 3 DAGs
[2024-04-14T13:07:44.130+0000] {logging_mixin.py:188} INFO - [2024-04-14T13:07:44.130+0000] {dag.py:3954} INFO - Setting next_dagrun for example_subdag_operator to 2022-01-01 00:00:00+00:00, run_after=2022-01-01 00:00:00+00:00
[2024-04-14T13:07:44.134+0000] {logging_mixin.py:188} INFO - [2024-04-14T13:07:44.134+0000] {dag.py:3954} INFO - Setting next_dagrun for example_subdag_operator.section-1 to None, run_after=None
[2024-04-14T13:07:44.135+0000] {logging_mixin.py:188} INFO - [2024-04-14T13:07:44.135+0000] {dag.py:3954} INFO - Setting next_dagrun for example_subdag_operator.section-2 to None, run_after=None
[2024-04-14T13:07:44.143+0000] {logging_mixin.py:188} INFO - [2024-04-14T13:07:44.142+0000] {dag.py:3096} INFO - Sync 2 DAGs
[2024-04-14T13:07:44.148+0000] {logging_mixin.py:188} INFO - [2024-04-14T13:07:44.148+0000] {dag.py:3954} INFO - Setting next_dagrun for example_subdag_operator.section-1 to None, run_after=None
[2024-04-14T13:07:44.149+0000] {logging_mixin.py:188} INFO - [2024-04-14T13:07:44.149+0000] {dag.py:3954} INFO - Setting next_dagrun for example_subdag_operator.section-2 to None, run_after=None
[2024-04-14T13:07:44.162+0000] {processor.py:183} INFO - Processing /home/airflow/.local/lib/python3.12/site-packages/airflow/example_dags/example_subdag_operator.py took 0.095 seconds
[2024-04-14T13:08:15.142+0000] {processor.py:161} INFO - Started process (PID=1002) to work on /home/airflow/.local/lib/python3.12/site-packages/airflow/example_dags/example_subdag_operator.py
[2024-04-14T13:08:15.143+0000] {processor.py:830} INFO - Processing file /home/airflow/.local/lib/python3.12/site-packages/airflow/example_dags/example_subdag_operator.py for tasks to queue
[2024-04-14T13:08:15.144+0000] {logging_mixin.py:188} INFO - [2024-04-14T13:08:15.144+0000] {dagbag.py:540} INFO - Filling up the DagBag from /home/airflow/.local/lib/python3.12/site-packages/airflow/example_dags/example_subdag_operator.py
[2024-04-14T13:08:15.163+0000] {processor.py:840} INFO - DAG(s) 'example_subdag_operator.section-1', 'example_subdag_operator.section-2', 'example_subdag_operator' retrieved from /home/airflow/.local/lib/python3.12/site-packages/airflow/example_dags/example_subdag_operator.py
[2024-04-14T13:08:15.178+0000] {logging_mixin.py:188} INFO - [2024-04-14T13:08:15.178+0000] {dag.py:3096} INFO - Sync 3 DAGs
[2024-04-14T13:08:15.199+0000] {logging_mixin.py:188} INFO - [2024-04-14T13:08:15.199+0000] {dag.py:3954} INFO - Setting next_dagrun for example_subdag_operator to 2022-01-01 00:00:00+00:00, run_after=2022-01-01 00:00:00+00:00
[2024-04-14T13:08:15.204+0000] {logging_mixin.py:188} INFO - [2024-04-14T13:08:15.204+0000] {dag.py:3954} INFO - Setting next_dagrun for example_subdag_operator.section-1 to None, run_after=None
[2024-04-14T13:08:15.206+0000] {logging_mixin.py:188} INFO - [2024-04-14T13:08:15.206+0000] {dag.py:3954} INFO - Setting next_dagrun for example_subdag_operator.section-2 to None, run_after=None
[2024-04-14T13:08:15.214+0000] {logging_mixin.py:188} INFO - [2024-04-14T13:08:15.213+0000] {dag.py:3096} INFO - Sync 2 DAGs
[2024-04-14T13:08:15.219+0000] {logging_mixin.py:188} INFO - [2024-04-14T13:08:15.218+0000] {dag.py:3954} INFO - Setting next_dagrun for example_subdag_operator.section-1 to None, run_after=None
[2024-04-14T13:08:15.219+0000] {logging_mixin.py:188} INFO - [2024-04-14T13:08:15.219+0000] {dag.py:3954} INFO - Setting next_dagrun for example_subdag_operator.section-2 to None, run_after=None
[2024-04-14T13:08:15.231+0000] {processor.py:183} INFO - Processing /home/airflow/.local/lib/python3.12/site-packages/airflow/example_dags/example_subdag_operator.py took 0.093 seconds
[2024-04-14T13:08:47.077+0000] {processor.py:161} INFO - Started process (PID=1066) to work on /home/airflow/.local/lib/python3.12/site-packages/airflow/example_dags/example_subdag_operator.py
[2024-04-14T13:08:47.078+0000] {processor.py:830} INFO - Processing file /home/airflow/.local/lib/python3.12/site-packages/airflow/example_dags/example_subdag_operator.py for tasks to queue
[2024-04-14T13:08:47.080+0000] {logging_mixin.py:188} INFO - [2024-04-14T13:08:47.079+0000] {dagbag.py:540} INFO - Filling up the DagBag from /home/airflow/.local/lib/python3.12/site-packages/airflow/example_dags/example_subdag_operator.py
[2024-04-14T13:08:47.098+0000] {processor.py:840} INFO - DAG(s) 'example_subdag_operator.section-1', 'example_subdag_operator.section-2', 'example_subdag_operator' retrieved from /home/airflow/.local/lib/python3.12/site-packages/airflow/example_dags/example_subdag_operator.py
[2024-04-14T13:08:47.234+0000] {logging_mixin.py:188} INFO - [2024-04-14T13:08:47.234+0000] {dag.py:3096} INFO - Sync 3 DAGs
[2024-04-14T13:08:47.254+0000] {logging_mixin.py:188} INFO - [2024-04-14T13:08:47.253+0000] {dag.py:3954} INFO - Setting next_dagrun for example_subdag_operator to 2022-01-01 00:00:00+00:00, run_after=2022-01-01 00:00:00+00:00
[2024-04-14T13:08:47.258+0000] {logging_mixin.py:188} INFO - [2024-04-14T13:08:47.258+0000] {dag.py:3954} INFO - Setting next_dagrun for example_subdag_operator.section-1 to None, run_after=None
[2024-04-14T13:08:47.260+0000] {logging_mixin.py:188} INFO - [2024-04-14T13:08:47.260+0000] {dag.py:3954} INFO - Setting next_dagrun for example_subdag_operator.section-2 to None, run_after=None
[2024-04-14T13:08:47.269+0000] {logging_mixin.py:188} INFO - [2024-04-14T13:08:47.268+0000] {dag.py:3096} INFO - Sync 2 DAGs
[2024-04-14T13:08:47.275+0000] {logging_mixin.py:188} INFO - [2024-04-14T13:08:47.275+0000] {dag.py:3954} INFO - Setting next_dagrun for example_subdag_operator.section-1 to None, run_after=None
[2024-04-14T13:08:47.276+0000] {logging_mixin.py:188} INFO - [2024-04-14T13:08:47.276+0000] {dag.py:3954} INFO - Setting next_dagrun for example_subdag_operator.section-2 to None, run_after=None
[2024-04-14T13:08:47.292+0000] {processor.py:183} INFO - Processing /home/airflow/.local/lib/python3.12/site-packages/airflow/example_dags/example_subdag_operator.py took 0.219 seconds
[2024-04-14T13:09:18.003+0000] {processor.py:161} INFO - Started process (PID=1124) to work on /home/airflow/.local/lib/python3.12/site-packages/airflow/example_dags/example_subdag_operator.py
[2024-04-14T13:09:18.004+0000] {processor.py:830} INFO - Processing file /home/airflow/.local/lib/python3.12/site-packages/airflow/example_dags/example_subdag_operator.py for tasks to queue
[2024-04-14T13:09:18.006+0000] {logging_mixin.py:188} INFO - [2024-04-14T13:09:18.006+0000] {dagbag.py:540} INFO - Filling up the DagBag from /home/airflow/.local/lib/python3.12/site-packages/airflow/example_dags/example_subdag_operator.py
[2024-04-14T13:09:18.025+0000] {processor.py:840} INFO - DAG(s) 'example_subdag_operator.section-1', 'example_subdag_operator.section-2', 'example_subdag_operator' retrieved from /home/airflow/.local/lib/python3.12/site-packages/airflow/example_dags/example_subdag_operator.py
[2024-04-14T13:09:18.041+0000] {logging_mixin.py:188} INFO - [2024-04-14T13:09:18.041+0000] {dag.py:3096} INFO - Sync 3 DAGs
[2024-04-14T13:09:18.196+0000] {logging_mixin.py:188} INFO - [2024-04-14T13:09:18.195+0000] {dag.py:3954} INFO - Setting next_dagrun for example_subdag_operator to 2022-01-01 00:00:00+00:00, run_after=2022-01-01 00:00:00+00:00
[2024-04-14T13:09:18.201+0000] {logging_mixin.py:188} INFO - [2024-04-14T13:09:18.201+0000] {dag.py:3954} INFO - Setting next_dagrun for example_subdag_operator.section-1 to None, run_after=None
[2024-04-14T13:09:18.203+0000] {logging_mixin.py:188} INFO - [2024-04-14T13:09:18.202+0000] {dag.py:3954} INFO - Setting next_dagrun for example_subdag_operator.section-2 to None, run_after=None
[2024-04-14T13:09:18.209+0000] {logging_mixin.py:188} INFO - [2024-04-14T13:09:18.209+0000] {dag.py:3096} INFO - Sync 2 DAGs
[2024-04-14T13:09:18.216+0000] {logging_mixin.py:188} INFO - [2024-04-14T13:09:18.215+0000] {dag.py:3954} INFO - Setting next_dagrun for example_subdag_operator.section-1 to None, run_after=None
[2024-04-14T13:09:18.216+0000] {logging_mixin.py:188} INFO - [2024-04-14T13:09:18.216+0000] {dag.py:3954} INFO - Setting next_dagrun for example_subdag_operator.section-2 to None, run_after=None
[2024-04-14T13:09:18.235+0000] {processor.py:183} INFO - Processing /home/airflow/.local/lib/python3.12/site-packages/airflow/example_dags/example_subdag_operator.py took 0.236 seconds
[2024-04-14T13:09:48.838+0000] {processor.py:161} INFO - Started process (PID=1182) to work on /home/airflow/.local/lib/python3.12/site-packages/airflow/example_dags/example_subdag_operator.py
[2024-04-14T13:09:48.839+0000] {processor.py:830} INFO - Processing file /home/airflow/.local/lib/python3.12/site-packages/airflow/example_dags/example_subdag_operator.py for tasks to queue
[2024-04-14T13:09:48.841+0000] {logging_mixin.py:188} INFO - [2024-04-14T13:09:48.840+0000] {dagbag.py:540} INFO - Filling up the DagBag from /home/airflow/.local/lib/python3.12/site-packages/airflow/example_dags/example_subdag_operator.py
[2024-04-14T13:09:48.858+0000] {processor.py:840} INFO - DAG(s) 'example_subdag_operator.section-1', 'example_subdag_operator.section-2', 'example_subdag_operator' retrieved from /home/airflow/.local/lib/python3.12/site-packages/airflow/example_dags/example_subdag_operator.py
[2024-04-14T13:09:48.872+0000] {logging_mixin.py:188} INFO - [2024-04-14T13:09:48.871+0000] {dag.py:3096} INFO - Sync 3 DAGs
[2024-04-14T13:09:48.892+0000] {logging_mixin.py:188} INFO - [2024-04-14T13:09:48.891+0000] {dag.py:3954} INFO - Setting next_dagrun for example_subdag_operator to 2022-01-01 00:00:00+00:00, run_after=2022-01-01 00:00:00+00:00
[2024-04-14T13:09:48.895+0000] {logging_mixin.py:188} INFO - [2024-04-14T13:09:48.895+0000] {dag.py:3954} INFO - Setting next_dagrun for example_subdag_operator.section-1 to None, run_after=None
[2024-04-14T13:09:48.897+0000] {logging_mixin.py:188} INFO - [2024-04-14T13:09:48.897+0000] {dag.py:3954} INFO - Setting next_dagrun for example_subdag_operator.section-2 to None, run_after=None
[2024-04-14T13:09:48.903+0000] {logging_mixin.py:188} INFO - [2024-04-14T13:09:48.903+0000] {dag.py:3096} INFO - Sync 2 DAGs
[2024-04-14T13:09:48.908+0000] {logging_mixin.py:188} INFO - [2024-04-14T13:09:48.908+0000] {dag.py:3954} INFO - Setting next_dagrun for example_subdag_operator.section-1 to None, run_after=None
[2024-04-14T13:09:48.908+0000] {logging_mixin.py:188} INFO - [2024-04-14T13:09:48.908+0000] {dag.py:3954} INFO - Setting next_dagrun for example_subdag_operator.section-2 to None, run_after=None
[2024-04-14T13:09:48.922+0000] {processor.py:183} INFO - Processing /home/airflow/.local/lib/python3.12/site-packages/airflow/example_dags/example_subdag_operator.py took 0.088 seconds
[2024-04-14T13:10:19.256+0000] {processor.py:161} INFO - Started process (PID=1240) to work on /home/airflow/.local/lib/python3.12/site-packages/airflow/example_dags/example_subdag_operator.py
[2024-04-14T13:10:19.257+0000] {processor.py:830} INFO - Processing file /home/airflow/.local/lib/python3.12/site-packages/airflow/example_dags/example_subdag_operator.py for tasks to queue
[2024-04-14T13:10:19.259+0000] {logging_mixin.py:188} INFO - [2024-04-14T13:10:19.259+0000] {dagbag.py:540} INFO - Filling up the DagBag from /home/airflow/.local/lib/python3.12/site-packages/airflow/example_dags/example_subdag_operator.py
[2024-04-14T13:10:19.283+0000] {processor.py:840} INFO - DAG(s) 'example_subdag_operator.section-1', 'example_subdag_operator.section-2', 'example_subdag_operator' retrieved from /home/airflow/.local/lib/python3.12/site-packages/airflow/example_dags/example_subdag_operator.py
[2024-04-14T13:10:19.304+0000] {logging_mixin.py:188} INFO - [2024-04-14T13:10:19.303+0000] {dag.py:3096} INFO - Sync 3 DAGs
[2024-04-14T13:10:19.333+0000] {logging_mixin.py:188} INFO - [2024-04-14T13:10:19.333+0000] {dag.py:3954} INFO - Setting next_dagrun for example_subdag_operator to 2022-01-01 00:00:00+00:00, run_after=2022-01-01 00:00:00+00:00
[2024-04-14T13:10:19.337+0000] {logging_mixin.py:188} INFO - [2024-04-14T13:10:19.337+0000] {dag.py:3954} INFO - Setting next_dagrun for example_subdag_operator.section-1 to None, run_after=None
[2024-04-14T13:10:19.340+0000] {logging_mixin.py:188} INFO - [2024-04-14T13:10:19.339+0000] {dag.py:3954} INFO - Setting next_dagrun for example_subdag_operator.section-2 to None, run_after=None
[2024-04-14T13:10:19.348+0000] {logging_mixin.py:188} INFO - [2024-04-14T13:10:19.348+0000] {dag.py:3096} INFO - Sync 2 DAGs
[2024-04-14T13:10:19.354+0000] {logging_mixin.py:188} INFO - [2024-04-14T13:10:19.353+0000] {dag.py:3954} INFO - Setting next_dagrun for example_subdag_operator.section-1 to None, run_after=None
[2024-04-14T13:10:19.354+0000] {logging_mixin.py:188} INFO - [2024-04-14T13:10:19.354+0000] {dag.py:3954} INFO - Setting next_dagrun for example_subdag_operator.section-2 to None, run_after=None
[2024-04-14T13:10:19.367+0000] {processor.py:183} INFO - Processing /home/airflow/.local/lib/python3.12/site-packages/airflow/example_dags/example_subdag_operator.py took 0.117 seconds
[2024-04-14T13:10:49.663+0000] {processor.py:161} INFO - Started process (PID=1298) to work on /home/airflow/.local/lib/python3.12/site-packages/airflow/example_dags/example_subdag_operator.py
[2024-04-14T13:10:49.663+0000] {processor.py:830} INFO - Processing file /home/airflow/.local/lib/python3.12/site-packages/airflow/example_dags/example_subdag_operator.py for tasks to queue
[2024-04-14T13:10:49.664+0000] {logging_mixin.py:188} INFO - [2024-04-14T13:10:49.664+0000] {dagbag.py:540} INFO - Filling up the DagBag from /home/airflow/.local/lib/python3.12/site-packages/airflow/example_dags/example_subdag_operator.py
[2024-04-14T13:10:49.682+0000] {processor.py:840} INFO - DAG(s) 'example_subdag_operator.section-1', 'example_subdag_operator.section-2', 'example_subdag_operator' retrieved from /home/airflow/.local/lib/python3.12/site-packages/airflow/example_dags/example_subdag_operator.py
[2024-04-14T13:10:49.695+0000] {logging_mixin.py:188} INFO - [2024-04-14T13:10:49.695+0000] {dag.py:3096} INFO - Sync 3 DAGs
[2024-04-14T13:10:49.714+0000] {logging_mixin.py:188} INFO - [2024-04-14T13:10:49.713+0000] {dag.py:3954} INFO - Setting next_dagrun for example_subdag_operator to 2022-01-01 00:00:00+00:00, run_after=2022-01-01 00:00:00+00:00
[2024-04-14T13:10:49.718+0000] {logging_mixin.py:188} INFO - [2024-04-14T13:10:49.718+0000] {dag.py:3954} INFO - Setting next_dagrun for example_subdag_operator.section-1 to None, run_after=None
[2024-04-14T13:10:49.719+0000] {logging_mixin.py:188} INFO - [2024-04-14T13:10:49.719+0000] {dag.py:3954} INFO - Setting next_dagrun for example_subdag_operator.section-2 to None, run_after=None
[2024-04-14T13:10:49.725+0000] {logging_mixin.py:188} INFO - [2024-04-14T13:10:49.725+0000] {dag.py:3096} INFO - Sync 2 DAGs
[2024-04-14T13:10:49.730+0000] {logging_mixin.py:188} INFO - [2024-04-14T13:10:49.730+0000] {dag.py:3954} INFO - Setting next_dagrun for example_subdag_operator.section-1 to None, run_after=None
[2024-04-14T13:10:49.731+0000] {logging_mixin.py:188} INFO - [2024-04-14T13:10:49.731+0000] {dag.py:3954} INFO - Setting next_dagrun for example_subdag_operator.section-2 to None, run_after=None
[2024-04-14T13:10:49.743+0000] {processor.py:183} INFO - Processing /home/airflow/.local/lib/python3.12/site-packages/airflow/example_dags/example_subdag_operator.py took 0.084 seconds
[2024-04-14T13:11:20.010+0000] {processor.py:161} INFO - Started process (PID=1356) to work on /home/airflow/.local/lib/python3.12/site-packages/airflow/example_dags/example_subdag_operator.py
[2024-04-14T13:11:20.011+0000] {processor.py:830} INFO - Processing file /home/airflow/.local/lib/python3.12/site-packages/airflow/example_dags/example_subdag_operator.py for tasks to queue
[2024-04-14T13:11:20.012+0000] {logging_mixin.py:188} INFO - [2024-04-14T13:11:20.012+0000] {dagbag.py:540} INFO - Filling up the DagBag from /home/airflow/.local/lib/python3.12/site-packages/airflow/example_dags/example_subdag_operator.py
[2024-04-14T13:11:20.029+0000] {processor.py:840} INFO - DAG(s) 'example_subdag_operator.section-1', 'example_subdag_operator.section-2', 'example_subdag_operator' retrieved from /home/airflow/.local/lib/python3.12/site-packages/airflow/example_dags/example_subdag_operator.py
[2024-04-14T13:11:20.042+0000] {logging_mixin.py:188} INFO - [2024-04-14T13:11:20.042+0000] {dag.py:3096} INFO - Sync 3 DAGs
[2024-04-14T13:11:20.061+0000] {logging_mixin.py:188} INFO - [2024-04-14T13:11:20.060+0000] {dag.py:3954} INFO - Setting next_dagrun for example_subdag_operator to 2022-01-01 00:00:00+00:00, run_after=2022-01-01 00:00:00+00:00
[2024-04-14T13:11:20.064+0000] {logging_mixin.py:188} INFO - [2024-04-14T13:11:20.064+0000] {dag.py:3954} INFO - Setting next_dagrun for example_subdag_operator.section-1 to None, run_after=None
[2024-04-14T13:11:20.065+0000] {logging_mixin.py:188} INFO - [2024-04-14T13:11:20.065+0000] {dag.py:3954} INFO - Setting next_dagrun for example_subdag_operator.section-2 to None, run_after=None
[2024-04-14T13:11:20.071+0000] {logging_mixin.py:188} INFO - [2024-04-14T13:11:20.071+0000] {dag.py:3096} INFO - Sync 2 DAGs
[2024-04-14T13:11:20.078+0000] {logging_mixin.py:188} INFO - [2024-04-14T13:11:20.077+0000] {dag.py:3954} INFO - Setting next_dagrun for example_subdag_operator.section-1 to None, run_after=None
[2024-04-14T13:11:20.078+0000] {logging_mixin.py:188} INFO - [2024-04-14T13:11:20.078+0000] {dag.py:3954} INFO - Setting next_dagrun for example_subdag_operator.section-2 to None, run_after=None
[2024-04-14T13:11:20.090+0000] {processor.py:183} INFO - Processing /home/airflow/.local/lib/python3.12/site-packages/airflow/example_dags/example_subdag_operator.py took 0.084 seconds
[2024-04-14T13:11:50.330+0000] {processor.py:161} INFO - Started process (PID=1414) to work on /home/airflow/.local/lib/python3.12/site-packages/airflow/example_dags/example_subdag_operator.py
[2024-04-14T13:11:50.331+0000] {processor.py:830} INFO - Processing file /home/airflow/.local/lib/python3.12/site-packages/airflow/example_dags/example_subdag_operator.py for tasks to queue
[2024-04-14T13:11:50.332+0000] {logging_mixin.py:188} INFO - [2024-04-14T13:11:50.332+0000] {dagbag.py:540} INFO - Filling up the DagBag from /home/airflow/.local/lib/python3.12/site-packages/airflow/example_dags/example_subdag_operator.py
[2024-04-14T13:11:50.349+0000] {processor.py:840} INFO - DAG(s) 'example_subdag_operator.section-1', 'example_subdag_operator.section-2', 'example_subdag_operator' retrieved from /home/airflow/.local/lib/python3.12/site-packages/airflow/example_dags/example_subdag_operator.py
[2024-04-14T13:11:50.362+0000] {logging_mixin.py:188} INFO - [2024-04-14T13:11:50.361+0000] {dag.py:3096} INFO - Sync 3 DAGs
[2024-04-14T13:11:50.380+0000] {logging_mixin.py:188} INFO - [2024-04-14T13:11:50.380+0000] {dag.py:3954} INFO - Setting next_dagrun for example_subdag_operator to 2022-01-01 00:00:00+00:00, run_after=2022-01-01 00:00:00+00:00
[2024-04-14T13:11:50.383+0000] {logging_mixin.py:188} INFO - [2024-04-14T13:11:50.383+0000] {dag.py:3954} INFO - Setting next_dagrun for example_subdag_operator.section-1 to None, run_after=None
[2024-04-14T13:11:50.384+0000] {logging_mixin.py:188} INFO - [2024-04-14T13:11:50.384+0000] {dag.py:3954} INFO - Setting next_dagrun for example_subdag_operator.section-2 to None, run_after=None
[2024-04-14T13:11:50.390+0000] {logging_mixin.py:188} INFO - [2024-04-14T13:11:50.390+0000] {dag.py:3096} INFO - Sync 2 DAGs
[2024-04-14T13:11:50.395+0000] {logging_mixin.py:188} INFO - [2024-04-14T13:11:50.395+0000] {dag.py:3954} INFO - Setting next_dagrun for example_subdag_operator.section-1 to None, run_after=None
[2024-04-14T13:11:50.396+0000] {logging_mixin.py:188} INFO - [2024-04-14T13:11:50.395+0000] {dag.py:3954} INFO - Setting next_dagrun for example_subdag_operator.section-2 to None, run_after=None
[2024-04-14T13:11:50.406+0000] {processor.py:183} INFO - Processing /home/airflow/.local/lib/python3.12/site-packages/airflow/example_dags/example_subdag_operator.py took 0.080 seconds
[2024-04-14T13:12:20.673+0000] {processor.py:161} INFO - Started process (PID=1472) to work on /home/airflow/.local/lib/python3.12/site-packages/airflow/example_dags/example_subdag_operator.py
[2024-04-14T13:12:20.674+0000] {processor.py:830} INFO - Processing file /home/airflow/.local/lib/python3.12/site-packages/airflow/example_dags/example_subdag_operator.py for tasks to queue
[2024-04-14T13:12:20.675+0000] {logging_mixin.py:188} INFO - [2024-04-14T13:12:20.675+0000] {dagbag.py:540} INFO - Filling up the DagBag from /home/airflow/.local/lib/python3.12/site-packages/airflow/example_dags/example_subdag_operator.py
[2024-04-14T13:12:20.692+0000] {processor.py:840} INFO - DAG(s) 'example_subdag_operator.section-1', 'example_subdag_operator.section-2', 'example_subdag_operator' retrieved from /home/airflow/.local/lib/python3.12/site-packages/airflow/example_dags/example_subdag_operator.py
[2024-04-14T13:12:20.704+0000] {logging_mixin.py:188} INFO - [2024-04-14T13:12:20.704+0000] {dag.py:3096} INFO - Sync 3 DAGs
[2024-04-14T13:12:20.722+0000] {logging_mixin.py:188} INFO - [2024-04-14T13:12:20.722+0000] {dag.py:3954} INFO - Setting next_dagrun for example_subdag_operator to 2022-01-01 00:00:00+00:00, run_after=2022-01-01 00:00:00+00:00
[2024-04-14T13:12:20.726+0000] {logging_mixin.py:188} INFO - [2024-04-14T13:12:20.726+0000] {dag.py:3954} INFO - Setting next_dagrun for example_subdag_operator.section-1 to None, run_after=None
[2024-04-14T13:12:20.727+0000] {logging_mixin.py:188} INFO - [2024-04-14T13:12:20.727+0000] {dag.py:3954} INFO - Setting next_dagrun for example_subdag_operator.section-2 to None, run_after=None
[2024-04-14T13:12:20.733+0000] {logging_mixin.py:188} INFO - [2024-04-14T13:12:20.733+0000] {dag.py:3096} INFO - Sync 2 DAGs
[2024-04-14T13:12:20.739+0000] {logging_mixin.py:188} INFO - [2024-04-14T13:12:20.738+0000] {dag.py:3954} INFO - Setting next_dagrun for example_subdag_operator.section-1 to None, run_after=None
[2024-04-14T13:12:20.739+0000] {logging_mixin.py:188} INFO - [2024-04-14T13:12:20.739+0000] {dag.py:3954} INFO - Setting next_dagrun for example_subdag_operator.section-2 to None, run_after=None
[2024-04-14T13:12:20.750+0000] {processor.py:183} INFO - Processing /home/airflow/.local/lib/python3.12/site-packages/airflow/example_dags/example_subdag_operator.py took 0.081 seconds
[2024-04-14T13:12:51.029+0000] {processor.py:161} INFO - Started process (PID=1530) to work on /home/airflow/.local/lib/python3.12/site-packages/airflow/example_dags/example_subdag_operator.py
[2024-04-14T13:12:51.030+0000] {processor.py:830} INFO - Processing file /home/airflow/.local/lib/python3.12/site-packages/airflow/example_dags/example_subdag_operator.py for tasks to queue
[2024-04-14T13:12:51.031+0000] {logging_mixin.py:188} INFO - [2024-04-14T13:12:51.031+0000] {dagbag.py:540} INFO - Filling up the DagBag from /home/airflow/.local/lib/python3.12/site-packages/airflow/example_dags/example_subdag_operator.py
[2024-04-14T13:12:51.051+0000] {processor.py:840} INFO - DAG(s) 'example_subdag_operator.section-1', 'example_subdag_operator.section-2', 'example_subdag_operator' retrieved from /home/airflow/.local/lib/python3.12/site-packages/airflow/example_dags/example_subdag_operator.py
[2024-04-14T13:12:51.066+0000] {logging_mixin.py:188} INFO - [2024-04-14T13:12:51.065+0000] {dag.py:3096} INFO - Sync 3 DAGs
[2024-04-14T13:12:51.089+0000] {logging_mixin.py:188} INFO - [2024-04-14T13:12:51.089+0000] {dag.py:3954} INFO - Setting next_dagrun for example_subdag_operator to 2022-01-01 00:00:00+00:00, run_after=2022-01-01 00:00:00+00:00
[2024-04-14T13:12:51.094+0000] {logging_mixin.py:188} INFO - [2024-04-14T13:12:51.093+0000] {dag.py:3954} INFO - Setting next_dagrun for example_subdag_operator.section-1 to None, run_after=None
[2024-04-14T13:12:51.096+0000] {logging_mixin.py:188} INFO - [2024-04-14T13:12:51.095+0000] {dag.py:3954} INFO - Setting next_dagrun for example_subdag_operator.section-2 to None, run_after=None
[2024-04-14T13:12:51.103+0000] {logging_mixin.py:188} INFO - [2024-04-14T13:12:51.102+0000] {dag.py:3096} INFO - Sync 2 DAGs
[2024-04-14T13:12:51.109+0000] {logging_mixin.py:188} INFO - [2024-04-14T13:12:51.109+0000] {dag.py:3954} INFO - Setting next_dagrun for example_subdag_operator.section-1 to None, run_after=None
[2024-04-14T13:12:51.109+0000] {logging_mixin.py:188} INFO - [2024-04-14T13:12:51.109+0000] {dag.py:3954} INFO - Setting next_dagrun for example_subdag_operator.section-2 to None, run_after=None
[2024-04-14T13:12:51.123+0000] {processor.py:183} INFO - Processing /home/airflow/.local/lib/python3.12/site-packages/airflow/example_dags/example_subdag_operator.py took 0.098 seconds
[2024-04-14T13:13:21.487+0000] {processor.py:161} INFO - Started process (PID=1588) to work on /home/airflow/.local/lib/python3.12/site-packages/airflow/example_dags/example_subdag_operator.py
[2024-04-14T13:13:21.488+0000] {processor.py:830} INFO - Processing file /home/airflow/.local/lib/python3.12/site-packages/airflow/example_dags/example_subdag_operator.py for tasks to queue
[2024-04-14T13:13:21.489+0000] {logging_mixin.py:188} INFO - [2024-04-14T13:13:21.489+0000] {dagbag.py:540} INFO - Filling up the DagBag from /home/airflow/.local/lib/python3.12/site-packages/airflow/example_dags/example_subdag_operator.py
[2024-04-14T13:13:21.561+0000] {processor.py:840} INFO - DAG(s) 'example_subdag_operator.section-1', 'example_subdag_operator.section-2', 'example_subdag_operator' retrieved from /home/airflow/.local/lib/python3.12/site-packages/airflow/example_dags/example_subdag_operator.py
[2024-04-14T13:13:21.581+0000] {logging_mixin.py:188} INFO - [2024-04-14T13:13:21.580+0000] {dag.py:3096} INFO - Sync 3 DAGs
[2024-04-14T13:13:21.603+0000] {logging_mixin.py:188} INFO - [2024-04-14T13:13:21.603+0000] {dag.py:3954} INFO - Setting next_dagrun for example_subdag_operator to 2022-01-01 00:00:00+00:00, run_after=2022-01-01 00:00:00+00:00
[2024-04-14T13:13:21.607+0000] {logging_mixin.py:188} INFO - [2024-04-14T13:13:21.607+0000] {dag.py:3954} INFO - Setting next_dagrun for example_subdag_operator.section-1 to None, run_after=None
[2024-04-14T13:13:21.608+0000] {logging_mixin.py:188} INFO - [2024-04-14T13:13:21.608+0000] {dag.py:3954} INFO - Setting next_dagrun for example_subdag_operator.section-2 to None, run_after=None
[2024-04-14T13:13:21.615+0000] {logging_mixin.py:188} INFO - [2024-04-14T13:13:21.615+0000] {dag.py:3096} INFO - Sync 2 DAGs
[2024-04-14T13:13:21.621+0000] {logging_mixin.py:188} INFO - [2024-04-14T13:13:21.621+0000] {dag.py:3954} INFO - Setting next_dagrun for example_subdag_operator.section-1 to None, run_after=None
[2024-04-14T13:13:21.622+0000] {logging_mixin.py:188} INFO - [2024-04-14T13:13:21.622+0000] {dag.py:3954} INFO - Setting next_dagrun for example_subdag_operator.section-2 to None, run_after=None
[2024-04-14T13:13:21.633+0000] {processor.py:183} INFO - Processing /home/airflow/.local/lib/python3.12/site-packages/airflow/example_dags/example_subdag_operator.py took 0.151 seconds
[2024-04-14T13:13:52.381+0000] {processor.py:161} INFO - Started process (PID=1646) to work on /home/airflow/.local/lib/python3.12/site-packages/airflow/example_dags/example_subdag_operator.py
[2024-04-14T13:13:52.382+0000] {processor.py:830} INFO - Processing file /home/airflow/.local/lib/python3.12/site-packages/airflow/example_dags/example_subdag_operator.py for tasks to queue
[2024-04-14T13:13:52.384+0000] {logging_mixin.py:188} INFO - [2024-04-14T13:13:52.383+0000] {dagbag.py:540} INFO - Filling up the DagBag from /home/airflow/.local/lib/python3.12/site-packages/airflow/example_dags/example_subdag_operator.py
[2024-04-14T13:13:52.402+0000] {processor.py:840} INFO - DAG(s) 'example_subdag_operator.section-1', 'example_subdag_operator.section-2', 'example_subdag_operator' retrieved from /home/airflow/.local/lib/python3.12/site-packages/airflow/example_dags/example_subdag_operator.py
[2024-04-14T13:13:52.416+0000] {logging_mixin.py:188} INFO - [2024-04-14T13:13:52.416+0000] {dag.py:3096} INFO - Sync 3 DAGs
[2024-04-14T13:13:52.438+0000] {logging_mixin.py:188} INFO - [2024-04-14T13:13:52.438+0000] {dag.py:3954} INFO - Setting next_dagrun for example_subdag_operator to 2022-01-01 00:00:00+00:00, run_after=2022-01-01 00:00:00+00:00
[2024-04-14T13:13:52.442+0000] {logging_mixin.py:188} INFO - [2024-04-14T13:13:52.442+0000] {dag.py:3954} INFO - Setting next_dagrun for example_subdag_operator.section-1 to None, run_after=None
[2024-04-14T13:13:52.444+0000] {logging_mixin.py:188} INFO - [2024-04-14T13:13:52.444+0000] {dag.py:3954} INFO - Setting next_dagrun for example_subdag_operator.section-2 to None, run_after=None
[2024-04-14T13:13:52.450+0000] {logging_mixin.py:188} INFO - [2024-04-14T13:13:52.450+0000] {dag.py:3096} INFO - Sync 2 DAGs
[2024-04-14T13:13:52.456+0000] {logging_mixin.py:188} INFO - [2024-04-14T13:13:52.455+0000] {dag.py:3954} INFO - Setting next_dagrun for example_subdag_operator.section-1 to None, run_after=None
[2024-04-14T13:13:52.456+0000] {logging_mixin.py:188} INFO - [2024-04-14T13:13:52.456+0000] {dag.py:3954} INFO - Setting next_dagrun for example_subdag_operator.section-2 to None, run_after=None
[2024-04-14T13:13:52.467+0000] {processor.py:183} INFO - Processing /home/airflow/.local/lib/python3.12/site-packages/airflow/example_dags/example_subdag_operator.py took 0.090 seconds
[2024-04-14T13:14:23.037+0000] {processor.py:161} INFO - Started process (PID=1704) to work on /home/airflow/.local/lib/python3.12/site-packages/airflow/example_dags/example_subdag_operator.py
[2024-04-14T13:14:23.038+0000] {processor.py:830} INFO - Processing file /home/airflow/.local/lib/python3.12/site-packages/airflow/example_dags/example_subdag_operator.py for tasks to queue
[2024-04-14T13:14:23.040+0000] {logging_mixin.py:188} INFO - [2024-04-14T13:14:23.039+0000] {dagbag.py:540} INFO - Filling up the DagBag from /home/airflow/.local/lib/python3.12/site-packages/airflow/example_dags/example_subdag_operator.py
[2024-04-14T13:14:23.058+0000] {processor.py:840} INFO - DAG(s) 'example_subdag_operator.section-1', 'example_subdag_operator.section-2', 'example_subdag_operator' retrieved from /home/airflow/.local/lib/python3.12/site-packages/airflow/example_dags/example_subdag_operator.py
[2024-04-14T13:14:23.073+0000] {logging_mixin.py:188} INFO - [2024-04-14T13:14:23.072+0000] {dag.py:3096} INFO - Sync 3 DAGs
[2024-04-14T13:14:23.092+0000] {logging_mixin.py:188} INFO - [2024-04-14T13:14:23.091+0000] {dag.py:3954} INFO - Setting next_dagrun for example_subdag_operator to 2022-01-01 00:00:00+00:00, run_after=2022-01-01 00:00:00+00:00
[2024-04-14T13:14:23.095+0000] {logging_mixin.py:188} INFO - [2024-04-14T13:14:23.095+0000] {dag.py:3954} INFO - Setting next_dagrun for example_subdag_operator.section-1 to None, run_after=None
[2024-04-14T13:14:23.096+0000] {logging_mixin.py:188} INFO - [2024-04-14T13:14:23.096+0000] {dag.py:3954} INFO - Setting next_dagrun for example_subdag_operator.section-2 to None, run_after=None
[2024-04-14T13:14:23.103+0000] {logging_mixin.py:188} INFO - [2024-04-14T13:14:23.102+0000] {dag.py:3096} INFO - Sync 2 DAGs
[2024-04-14T13:14:23.108+0000] {logging_mixin.py:188} INFO - [2024-04-14T13:14:23.108+0000] {dag.py:3954} INFO - Setting next_dagrun for example_subdag_operator.section-1 to None, run_after=None
[2024-04-14T13:14:23.108+0000] {logging_mixin.py:188} INFO - [2024-04-14T13:14:23.108+0000] {dag.py:3954} INFO - Setting next_dagrun for example_subdag_operator.section-2 to None, run_after=None
[2024-04-14T13:14:23.125+0000] {processor.py:183} INFO - Processing /home/airflow/.local/lib/python3.12/site-packages/airflow/example_dags/example_subdag_operator.py took 0.092 seconds
[2024-04-14T13:14:53.499+0000] {processor.py:161} INFO - Started process (PID=1763) to work on /home/airflow/.local/lib/python3.12/site-packages/airflow/example_dags/example_subdag_operator.py
[2024-04-14T13:14:53.500+0000] {processor.py:830} INFO - Processing file /home/airflow/.local/lib/python3.12/site-packages/airflow/example_dags/example_subdag_operator.py for tasks to queue
[2024-04-14T13:14:53.501+0000] {logging_mixin.py:188} INFO - [2024-04-14T13:14:53.501+0000] {dagbag.py:540} INFO - Filling up the DagBag from /home/airflow/.local/lib/python3.12/site-packages/airflow/example_dags/example_subdag_operator.py
[2024-04-14T13:14:53.519+0000] {processor.py:840} INFO - DAG(s) 'example_subdag_operator.section-1', 'example_subdag_operator.section-2', 'example_subdag_operator' retrieved from /home/airflow/.local/lib/python3.12/site-packages/airflow/example_dags/example_subdag_operator.py
[2024-04-14T13:14:53.533+0000] {logging_mixin.py:188} INFO - [2024-04-14T13:14:53.533+0000] {dag.py:3096} INFO - Sync 3 DAGs
[2024-04-14T13:14:53.553+0000] {logging_mixin.py:188} INFO - [2024-04-14T13:14:53.552+0000] {dag.py:3954} INFO - Setting next_dagrun for example_subdag_operator to 2022-01-01 00:00:00+00:00, run_after=2022-01-01 00:00:00+00:00
[2024-04-14T13:14:53.557+0000] {logging_mixin.py:188} INFO - [2024-04-14T13:14:53.557+0000] {dag.py:3954} INFO - Setting next_dagrun for example_subdag_operator.section-1 to None, run_after=None
[2024-04-14T13:14:53.558+0000] {logging_mixin.py:188} INFO - [2024-04-14T13:14:53.558+0000] {dag.py:3954} INFO - Setting next_dagrun for example_subdag_operator.section-2 to None, run_after=None
[2024-04-14T13:14:53.565+0000] {logging_mixin.py:188} INFO - [2024-04-14T13:14:53.565+0000] {dag.py:3096} INFO - Sync 2 DAGs
[2024-04-14T13:14:53.571+0000] {logging_mixin.py:188} INFO - [2024-04-14T13:14:53.571+0000] {dag.py:3954} INFO - Setting next_dagrun for example_subdag_operator.section-1 to None, run_after=None
[2024-04-14T13:14:53.572+0000] {logging_mixin.py:188} INFO - [2024-04-14T13:14:53.572+0000] {dag.py:3954} INFO - Setting next_dagrun for example_subdag_operator.section-2 to None, run_after=None
[2024-04-14T13:14:53.582+0000] {processor.py:183} INFO - Processing /home/airflow/.local/lib/python3.12/site-packages/airflow/example_dags/example_subdag_operator.py took 0.087 seconds
[2024-04-14T13:15:24.099+0000] {processor.py:161} INFO - Started process (PID=1821) to work on /home/airflow/.local/lib/python3.12/site-packages/airflow/example_dags/example_subdag_operator.py
[2024-04-14T13:15:24.100+0000] {processor.py:830} INFO - Processing file /home/airflow/.local/lib/python3.12/site-packages/airflow/example_dags/example_subdag_operator.py for tasks to queue
[2024-04-14T13:15:24.101+0000] {logging_mixin.py:188} INFO - [2024-04-14T13:15:24.101+0000] {dagbag.py:540} INFO - Filling up the DagBag from /home/airflow/.local/lib/python3.12/site-packages/airflow/example_dags/example_subdag_operator.py
[2024-04-14T13:15:24.119+0000] {processor.py:840} INFO - DAG(s) 'example_subdag_operator.section-1', 'example_subdag_operator.section-2', 'example_subdag_operator' retrieved from /home/airflow/.local/lib/python3.12/site-packages/airflow/example_dags/example_subdag_operator.py
[2024-04-14T13:15:24.133+0000] {logging_mixin.py:188} INFO - [2024-04-14T13:15:24.132+0000] {dag.py:3096} INFO - Sync 3 DAGs
[2024-04-14T13:15:24.151+0000] {logging_mixin.py:188} INFO - [2024-04-14T13:15:24.151+0000] {dag.py:3954} INFO - Setting next_dagrun for example_subdag_operator to 2022-01-01 00:00:00+00:00, run_after=2022-01-01 00:00:00+00:00
[2024-04-14T13:15:24.155+0000] {logging_mixin.py:188} INFO - [2024-04-14T13:15:24.155+0000] {dag.py:3954} INFO - Setting next_dagrun for example_subdag_operator.section-1 to None, run_after=None
[2024-04-14T13:15:24.156+0000] {logging_mixin.py:188} INFO - [2024-04-14T13:15:24.156+0000] {dag.py:3954} INFO - Setting next_dagrun for example_subdag_operator.section-2 to None, run_after=None
[2024-04-14T13:15:24.162+0000] {logging_mixin.py:188} INFO - [2024-04-14T13:15:24.162+0000] {dag.py:3096} INFO - Sync 2 DAGs
[2024-04-14T13:15:24.168+0000] {logging_mixin.py:188} INFO - [2024-04-14T13:15:24.167+0000] {dag.py:3954} INFO - Setting next_dagrun for example_subdag_operator.section-1 to None, run_after=None
[2024-04-14T13:15:24.168+0000] {logging_mixin.py:188} INFO - [2024-04-14T13:15:24.168+0000] {dag.py:3954} INFO - Setting next_dagrun for example_subdag_operator.section-2 to None, run_after=None
[2024-04-14T13:15:24.179+0000] {processor.py:183} INFO - Processing /home/airflow/.local/lib/python3.12/site-packages/airflow/example_dags/example_subdag_operator.py took 0.084 seconds
[2024-04-14T13:15:54.512+0000] {processor.py:161} INFO - Started process (PID=1880) to work on /home/airflow/.local/lib/python3.12/site-packages/airflow/example_dags/example_subdag_operator.py
[2024-04-14T13:15:54.513+0000] {processor.py:830} INFO - Processing file /home/airflow/.local/lib/python3.12/site-packages/airflow/example_dags/example_subdag_operator.py for tasks to queue
[2024-04-14T13:15:54.514+0000] {logging_mixin.py:188} INFO - [2024-04-14T13:15:54.514+0000] {dagbag.py:540} INFO - Filling up the DagBag from /home/airflow/.local/lib/python3.12/site-packages/airflow/example_dags/example_subdag_operator.py
[2024-04-14T13:15:54.531+0000] {processor.py:840} INFO - DAG(s) 'example_subdag_operator.section-1', 'example_subdag_operator.section-2', 'example_subdag_operator' retrieved from /home/airflow/.local/lib/python3.12/site-packages/airflow/example_dags/example_subdag_operator.py
[2024-04-14T13:15:54.544+0000] {logging_mixin.py:188} INFO - [2024-04-14T13:15:54.544+0000] {dag.py:3096} INFO - Sync 3 DAGs
[2024-04-14T13:15:54.562+0000] {logging_mixin.py:188} INFO - [2024-04-14T13:15:54.562+0000] {dag.py:3954} INFO - Setting next_dagrun for example_subdag_operator to 2022-01-01 00:00:00+00:00, run_after=2022-01-01 00:00:00+00:00
[2024-04-14T13:15:54.566+0000] {logging_mixin.py:188} INFO - [2024-04-14T13:15:54.566+0000] {dag.py:3954} INFO - Setting next_dagrun for example_subdag_operator.section-1 to None, run_after=None
[2024-04-14T13:15:54.567+0000] {logging_mixin.py:188} INFO - [2024-04-14T13:15:54.567+0000] {dag.py:3954} INFO - Setting next_dagrun for example_subdag_operator.section-2 to None, run_after=None
[2024-04-14T13:15:54.573+0000] {logging_mixin.py:188} INFO - [2024-04-14T13:15:54.572+0000] {dag.py:3096} INFO - Sync 2 DAGs
[2024-04-14T13:15:54.577+0000] {logging_mixin.py:188} INFO - [2024-04-14T13:15:54.577+0000] {dag.py:3954} INFO - Setting next_dagrun for example_subdag_operator.section-1 to None, run_after=None
[2024-04-14T13:15:54.578+0000] {logging_mixin.py:188} INFO - [2024-04-14T13:15:54.578+0000] {dag.py:3954} INFO - Setting next_dagrun for example_subdag_operator.section-2 to None, run_after=None
[2024-04-14T13:15:54.586+0000] {processor.py:183} INFO - Processing /home/airflow/.local/lib/python3.12/site-packages/airflow/example_dags/example_subdag_operator.py took 0.079 seconds
[2024-04-14T13:16:24.984+0000] {processor.py:161} INFO - Started process (PID=1938) to work on /home/airflow/.local/lib/python3.12/site-packages/airflow/example_dags/example_subdag_operator.py
[2024-04-14T13:16:24.984+0000] {processor.py:830} INFO - Processing file /home/airflow/.local/lib/python3.12/site-packages/airflow/example_dags/example_subdag_operator.py for tasks to queue
[2024-04-14T13:16:24.986+0000] {logging_mixin.py:188} INFO - [2024-04-14T13:16:24.986+0000] {dagbag.py:540} INFO - Filling up the DagBag from /home/airflow/.local/lib/python3.12/site-packages/airflow/example_dags/example_subdag_operator.py
[2024-04-14T13:16:25.004+0000] {processor.py:840} INFO - DAG(s) 'example_subdag_operator.section-1', 'example_subdag_operator.section-2', 'example_subdag_operator' retrieved from /home/airflow/.local/lib/python3.12/site-packages/airflow/example_dags/example_subdag_operator.py
[2024-04-14T13:16:25.018+0000] {logging_mixin.py:188} INFO - [2024-04-14T13:16:25.018+0000] {dag.py:3096} INFO - Sync 3 DAGs
[2024-04-14T13:16:25.037+0000] {logging_mixin.py:188} INFO - [2024-04-14T13:16:25.037+0000] {dag.py:3954} INFO - Setting next_dagrun for example_subdag_operator to 2022-01-01 00:00:00+00:00, run_after=2022-01-01 00:00:00+00:00
[2024-04-14T13:16:25.041+0000] {logging_mixin.py:188} INFO - [2024-04-14T13:16:25.040+0000] {dag.py:3954} INFO - Setting next_dagrun for example_subdag_operator.section-1 to None, run_after=None
[2024-04-14T13:16:25.042+0000] {logging_mixin.py:188} INFO - [2024-04-14T13:16:25.042+0000] {dag.py:3954} INFO - Setting next_dagrun for example_subdag_operator.section-2 to None, run_after=None
[2024-04-14T13:16:25.047+0000] {logging_mixin.py:188} INFO - [2024-04-14T13:16:25.047+0000] {dag.py:3096} INFO - Sync 2 DAGs
[2024-04-14T13:16:25.052+0000] {logging_mixin.py:188} INFO - [2024-04-14T13:16:25.052+0000] {dag.py:3954} INFO - Setting next_dagrun for example_subdag_operator.section-1 to None, run_after=None
[2024-04-14T13:16:25.053+0000] {logging_mixin.py:188} INFO - [2024-04-14T13:16:25.053+0000] {dag.py:3954} INFO - Setting next_dagrun for example_subdag_operator.section-2 to None, run_after=None
[2024-04-14T13:16:25.063+0000] {processor.py:183} INFO - Processing /home/airflow/.local/lib/python3.12/site-packages/airflow/example_dags/example_subdag_operator.py took 0.083 seconds
[2024-04-14T13:16:55.378+0000] {processor.py:161} INFO - Started process (PID=1997) to work on /home/airflow/.local/lib/python3.12/site-packages/airflow/example_dags/example_subdag_operator.py
[2024-04-14T13:16:55.378+0000] {processor.py:830} INFO - Processing file /home/airflow/.local/lib/python3.12/site-packages/airflow/example_dags/example_subdag_operator.py for tasks to queue
[2024-04-14T13:16:55.380+0000] {logging_mixin.py:188} INFO - [2024-04-14T13:16:55.379+0000] {dagbag.py:540} INFO - Filling up the DagBag from /home/airflow/.local/lib/python3.12/site-packages/airflow/example_dags/example_subdag_operator.py
[2024-04-14T13:16:55.399+0000] {processor.py:840} INFO - DAG(s) 'example_subdag_operator.section-1', 'example_subdag_operator.section-2', 'example_subdag_operator' retrieved from /home/airflow/.local/lib/python3.12/site-packages/airflow/example_dags/example_subdag_operator.py
[2024-04-14T13:16:55.412+0000] {logging_mixin.py:188} INFO - [2024-04-14T13:16:55.412+0000] {dag.py:3096} INFO - Sync 3 DAGs
[2024-04-14T13:16:55.431+0000] {logging_mixin.py:188} INFO - [2024-04-14T13:16:55.430+0000] {dag.py:3954} INFO - Setting next_dagrun for example_subdag_operator to 2022-01-01 00:00:00+00:00, run_after=2022-01-01 00:00:00+00:00
[2024-04-14T13:16:55.435+0000] {logging_mixin.py:188} INFO - [2024-04-14T13:16:55.434+0000] {dag.py:3954} INFO - Setting next_dagrun for example_subdag_operator.section-1 to None, run_after=None
[2024-04-14T13:16:55.436+0000] {logging_mixin.py:188} INFO - [2024-04-14T13:16:55.435+0000] {dag.py:3954} INFO - Setting next_dagrun for example_subdag_operator.section-2 to None, run_after=None
[2024-04-14T13:16:55.442+0000] {logging_mixin.py:188} INFO - [2024-04-14T13:16:55.442+0000] {dag.py:3096} INFO - Sync 2 DAGs
[2024-04-14T13:16:55.447+0000] {logging_mixin.py:188} INFO - [2024-04-14T13:16:55.447+0000] {dag.py:3954} INFO - Setting next_dagrun for example_subdag_operator.section-1 to None, run_after=None
[2024-04-14T13:16:55.448+0000] {logging_mixin.py:188} INFO - [2024-04-14T13:16:55.447+0000] {dag.py:3954} INFO - Setting next_dagrun for example_subdag_operator.section-2 to None, run_after=None
[2024-04-14T13:16:55.458+0000] {processor.py:183} INFO - Processing /home/airflow/.local/lib/python3.12/site-packages/airflow/example_dags/example_subdag_operator.py took 0.085 seconds
[2024-04-14T13:17:25.731+0000] {processor.py:161} INFO - Started process (PID=2056) to work on /home/airflow/.local/lib/python3.12/site-packages/airflow/example_dags/example_subdag_operator.py
[2024-04-14T13:17:25.732+0000] {processor.py:830} INFO - Processing file /home/airflow/.local/lib/python3.12/site-packages/airflow/example_dags/example_subdag_operator.py for tasks to queue
[2024-04-14T13:17:25.734+0000] {logging_mixin.py:188} INFO - [2024-04-14T13:17:25.734+0000] {dagbag.py:540} INFO - Filling up the DagBag from /home/airflow/.local/lib/python3.12/site-packages/airflow/example_dags/example_subdag_operator.py
[2024-04-14T13:17:25.751+0000] {processor.py:840} INFO - DAG(s) 'example_subdag_operator.section-1', 'example_subdag_operator.section-2', 'example_subdag_operator' retrieved from /home/airflow/.local/lib/python3.12/site-packages/airflow/example_dags/example_subdag_operator.py
[2024-04-14T13:17:25.764+0000] {logging_mixin.py:188} INFO - [2024-04-14T13:17:25.764+0000] {dag.py:3096} INFO - Sync 3 DAGs
[2024-04-14T13:17:25.782+0000] {logging_mixin.py:188} INFO - [2024-04-14T13:17:25.781+0000] {dag.py:3954} INFO - Setting next_dagrun for example_subdag_operator to 2022-01-01 00:00:00+00:00, run_after=2022-01-01 00:00:00+00:00
[2024-04-14T13:17:25.785+0000] {logging_mixin.py:188} INFO - [2024-04-14T13:17:25.785+0000] {dag.py:3954} INFO - Setting next_dagrun for example_subdag_operator.section-1 to None, run_after=None
[2024-04-14T13:17:25.786+0000] {logging_mixin.py:188} INFO - [2024-04-14T13:17:25.786+0000] {dag.py:3954} INFO - Setting next_dagrun for example_subdag_operator.section-2 to None, run_after=None
[2024-04-14T13:17:25.792+0000] {logging_mixin.py:188} INFO - [2024-04-14T13:17:25.792+0000] {dag.py:3096} INFO - Sync 2 DAGs
[2024-04-14T13:17:25.798+0000] {logging_mixin.py:188} INFO - [2024-04-14T13:17:25.798+0000] {dag.py:3954} INFO - Setting next_dagrun for example_subdag_operator.section-1 to None, run_after=None
[2024-04-14T13:17:25.799+0000] {logging_mixin.py:188} INFO - [2024-04-14T13:17:25.799+0000] {dag.py:3954} INFO - Setting next_dagrun for example_subdag_operator.section-2 to None, run_after=None
[2024-04-14T13:17:25.809+0000] {processor.py:183} INFO - Processing /home/airflow/.local/lib/python3.12/site-packages/airflow/example_dags/example_subdag_operator.py took 0.082 seconds
[2024-04-14T13:17:56.120+0000] {processor.py:161} INFO - Started process (PID=2114) to work on /home/airflow/.local/lib/python3.12/site-packages/airflow/example_dags/example_subdag_operator.py
[2024-04-14T13:17:56.121+0000] {processor.py:830} INFO - Processing file /home/airflow/.local/lib/python3.12/site-packages/airflow/example_dags/example_subdag_operator.py for tasks to queue
[2024-04-14T13:17:56.122+0000] {logging_mixin.py:188} INFO - [2024-04-14T13:17:56.122+0000] {dagbag.py:540} INFO - Filling up the DagBag from /home/airflow/.local/lib/python3.12/site-packages/airflow/example_dags/example_subdag_operator.py
[2024-04-14T13:17:56.144+0000] {processor.py:840} INFO - DAG(s) 'example_subdag_operator.section-1', 'example_subdag_operator.section-2', 'example_subdag_operator' retrieved from /home/airflow/.local/lib/python3.12/site-packages/airflow/example_dags/example_subdag_operator.py
[2024-04-14T13:17:56.162+0000] {logging_mixin.py:188} INFO - [2024-04-14T13:17:56.161+0000] {dag.py:3096} INFO - Sync 3 DAGs
[2024-04-14T13:17:56.184+0000] {logging_mixin.py:188} INFO - [2024-04-14T13:17:56.184+0000] {dag.py:3954} INFO - Setting next_dagrun for example_subdag_operator to 2022-01-01 00:00:00+00:00, run_after=2022-01-01 00:00:00+00:00
[2024-04-14T13:17:56.189+0000] {logging_mixin.py:188} INFO - [2024-04-14T13:17:56.188+0000] {dag.py:3954} INFO - Setting next_dagrun for example_subdag_operator.section-1 to None, run_after=None
[2024-04-14T13:17:56.190+0000] {logging_mixin.py:188} INFO - [2024-04-14T13:17:56.190+0000] {dag.py:3954} INFO - Setting next_dagrun for example_subdag_operator.section-2 to None, run_after=None
[2024-04-14T13:17:56.198+0000] {logging_mixin.py:188} INFO - [2024-04-14T13:17:56.197+0000] {dag.py:3096} INFO - Sync 2 DAGs
[2024-04-14T13:17:56.205+0000] {logging_mixin.py:188} INFO - [2024-04-14T13:17:56.204+0000] {dag.py:3954} INFO - Setting next_dagrun for example_subdag_operator.section-1 to None, run_after=None
[2024-04-14T13:17:56.205+0000] {logging_mixin.py:188} INFO - [2024-04-14T13:17:56.205+0000] {dag.py:3954} INFO - Setting next_dagrun for example_subdag_operator.section-2 to None, run_after=None
[2024-04-14T13:17:56.218+0000] {processor.py:183} INFO - Processing /home/airflow/.local/lib/python3.12/site-packages/airflow/example_dags/example_subdag_operator.py took 0.103 seconds
[2024-04-14T13:18:26.563+0000] {processor.py:161} INFO - Started process (PID=2172) to work on /home/airflow/.local/lib/python3.12/site-packages/airflow/example_dags/example_subdag_operator.py
[2024-04-14T13:18:26.563+0000] {processor.py:830} INFO - Processing file /home/airflow/.local/lib/python3.12/site-packages/airflow/example_dags/example_subdag_operator.py for tasks to queue
[2024-04-14T13:18:26.564+0000] {logging_mixin.py:188} INFO - [2024-04-14T13:18:26.564+0000] {dagbag.py:540} INFO - Filling up the DagBag from /home/airflow/.local/lib/python3.12/site-packages/airflow/example_dags/example_subdag_operator.py
[2024-04-14T13:18:26.582+0000] {processor.py:840} INFO - DAG(s) 'example_subdag_operator.section-1', 'example_subdag_operator.section-2', 'example_subdag_operator' retrieved from /home/airflow/.local/lib/python3.12/site-packages/airflow/example_dags/example_subdag_operator.py
[2024-04-14T13:18:26.596+0000] {logging_mixin.py:188} INFO - [2024-04-14T13:18:26.595+0000] {dag.py:3096} INFO - Sync 3 DAGs
[2024-04-14T13:18:26.614+0000] {logging_mixin.py:188} INFO - [2024-04-14T13:18:26.613+0000] {dag.py:3954} INFO - Setting next_dagrun for example_subdag_operator to 2022-01-01 00:00:00+00:00, run_after=2022-01-01 00:00:00+00:00
[2024-04-14T13:18:26.617+0000] {logging_mixin.py:188} INFO - [2024-04-14T13:18:26.617+0000] {dag.py:3954} INFO - Setting next_dagrun for example_subdag_operator.section-1 to None, run_after=None
[2024-04-14T13:18:26.618+0000] {logging_mixin.py:188} INFO - [2024-04-14T13:18:26.618+0000] {dag.py:3954} INFO - Setting next_dagrun for example_subdag_operator.section-2 to None, run_after=None
[2024-04-14T13:18:26.624+0000] {logging_mixin.py:188} INFO - [2024-04-14T13:18:26.624+0000] {dag.py:3096} INFO - Sync 2 DAGs
[2024-04-14T13:18:26.629+0000] {logging_mixin.py:188} INFO - [2024-04-14T13:18:26.629+0000] {dag.py:3954} INFO - Setting next_dagrun for example_subdag_operator.section-1 to None, run_after=None
[2024-04-14T13:18:26.630+0000] {logging_mixin.py:188} INFO - [2024-04-14T13:18:26.630+0000] {dag.py:3954} INFO - Setting next_dagrun for example_subdag_operator.section-2 to None, run_after=None
[2024-04-14T13:18:26.640+0000] {processor.py:183} INFO - Processing /home/airflow/.local/lib/python3.12/site-packages/airflow/example_dags/example_subdag_operator.py took 0.082 seconds
[2024-04-14T13:18:57.404+0000] {processor.py:161} INFO - Started process (PID=2231) to work on /home/airflow/.local/lib/python3.12/site-packages/airflow/example_dags/example_subdag_operator.py
[2024-04-14T13:18:57.405+0000] {processor.py:830} INFO - Processing file /home/airflow/.local/lib/python3.12/site-packages/airflow/example_dags/example_subdag_operator.py for tasks to queue
[2024-04-14T13:18:57.406+0000] {logging_mixin.py:188} INFO - [2024-04-14T13:18:57.406+0000] {dagbag.py:540} INFO - Filling up the DagBag from /home/airflow/.local/lib/python3.12/site-packages/airflow/example_dags/example_subdag_operator.py
[2024-04-14T13:18:57.425+0000] {processor.py:840} INFO - DAG(s) 'example_subdag_operator.section-1', 'example_subdag_operator.section-2', 'example_subdag_operator' retrieved from /home/airflow/.local/lib/python3.12/site-packages/airflow/example_dags/example_subdag_operator.py
[2024-04-14T13:18:57.440+0000] {logging_mixin.py:188} INFO - [2024-04-14T13:18:57.439+0000] {dag.py:3096} INFO - Sync 3 DAGs
[2024-04-14T13:18:57.459+0000] {logging_mixin.py:188} INFO - [2024-04-14T13:18:57.458+0000] {dag.py:3954} INFO - Setting next_dagrun for example_subdag_operator to 2022-01-01 00:00:00+00:00, run_after=2022-01-01 00:00:00+00:00
[2024-04-14T13:18:57.463+0000] {logging_mixin.py:188} INFO - [2024-04-14T13:18:57.463+0000] {dag.py:3954} INFO - Setting next_dagrun for example_subdag_operator.section-1 to None, run_after=None
[2024-04-14T13:18:57.465+0000] {logging_mixin.py:188} INFO - [2024-04-14T13:18:57.465+0000] {dag.py:3954} INFO - Setting next_dagrun for example_subdag_operator.section-2 to None, run_after=None
[2024-04-14T13:18:57.473+0000] {logging_mixin.py:188} INFO - [2024-04-14T13:18:57.472+0000] {dag.py:3096} INFO - Sync 2 DAGs
[2024-04-14T13:18:57.478+0000] {logging_mixin.py:188} INFO - [2024-04-14T13:18:57.478+0000] {dag.py:3954} INFO - Setting next_dagrun for example_subdag_operator.section-1 to None, run_after=None
[2024-04-14T13:18:57.479+0000] {logging_mixin.py:188} INFO - [2024-04-14T13:18:57.479+0000] {dag.py:3954} INFO - Setting next_dagrun for example_subdag_operator.section-2 to None, run_after=None
[2024-04-14T13:18:57.490+0000] {processor.py:183} INFO - Processing /home/airflow/.local/lib/python3.12/site-packages/airflow/example_dags/example_subdag_operator.py took 0.091 seconds
[2024-04-14T13:19:28.126+0000] {processor.py:161} INFO - Started process (PID=2289) to work on /home/airflow/.local/lib/python3.12/site-packages/airflow/example_dags/example_subdag_operator.py
[2024-04-14T13:19:28.128+0000] {processor.py:830} INFO - Processing file /home/airflow/.local/lib/python3.12/site-packages/airflow/example_dags/example_subdag_operator.py for tasks to queue
[2024-04-14T13:19:28.129+0000] {logging_mixin.py:188} INFO - [2024-04-14T13:19:28.129+0000] {dagbag.py:540} INFO - Filling up the DagBag from /home/airflow/.local/lib/python3.12/site-packages/airflow/example_dags/example_subdag_operator.py
[2024-04-14T13:19:28.149+0000] {processor.py:840} INFO - DAG(s) 'example_subdag_operator.section-1', 'example_subdag_operator.section-2', 'example_subdag_operator' retrieved from /home/airflow/.local/lib/python3.12/site-packages/airflow/example_dags/example_subdag_operator.py
[2024-04-14T13:19:28.164+0000] {logging_mixin.py:188} INFO - [2024-04-14T13:19:28.163+0000] {dag.py:3096} INFO - Sync 3 DAGs
[2024-04-14T13:19:28.184+0000] {logging_mixin.py:188} INFO - [2024-04-14T13:19:28.183+0000] {dag.py:3954} INFO - Setting next_dagrun for example_subdag_operator to 2022-01-01 00:00:00+00:00, run_after=2022-01-01 00:00:00+00:00
[2024-04-14T13:19:28.188+0000] {logging_mixin.py:188} INFO - [2024-04-14T13:19:28.187+0000] {dag.py:3954} INFO - Setting next_dagrun for example_subdag_operator.section-1 to None, run_after=None
[2024-04-14T13:19:28.189+0000] {logging_mixin.py:188} INFO - [2024-04-14T13:19:28.189+0000] {dag.py:3954} INFO - Setting next_dagrun for example_subdag_operator.section-2 to None, run_after=None
[2024-04-14T13:19:28.195+0000] {logging_mixin.py:188} INFO - [2024-04-14T13:19:28.195+0000] {dag.py:3096} INFO - Sync 2 DAGs
[2024-04-14T13:19:28.202+0000] {logging_mixin.py:188} INFO - [2024-04-14T13:19:28.202+0000] {dag.py:3954} INFO - Setting next_dagrun for example_subdag_operator.section-1 to None, run_after=None
[2024-04-14T13:19:28.203+0000] {logging_mixin.py:188} INFO - [2024-04-14T13:19:28.203+0000] {dag.py:3954} INFO - Setting next_dagrun for example_subdag_operator.section-2 to None, run_after=None
[2024-04-14T13:19:28.214+0000] {processor.py:183} INFO - Processing /home/airflow/.local/lib/python3.12/site-packages/airflow/example_dags/example_subdag_operator.py took 0.092 seconds
[2024-04-14T13:19:58.564+0000] {processor.py:161} INFO - Started process (PID=2347) to work on /home/airflow/.local/lib/python3.12/site-packages/airflow/example_dags/example_subdag_operator.py
[2024-04-14T13:19:58.564+0000] {processor.py:830} INFO - Processing file /home/airflow/.local/lib/python3.12/site-packages/airflow/example_dags/example_subdag_operator.py for tasks to queue
[2024-04-14T13:19:58.566+0000] {logging_mixin.py:188} INFO - [2024-04-14T13:19:58.566+0000] {dagbag.py:540} INFO - Filling up the DagBag from /home/airflow/.local/lib/python3.12/site-packages/airflow/example_dags/example_subdag_operator.py
[2024-04-14T13:19:58.584+0000] {processor.py:840} INFO - DAG(s) 'example_subdag_operator.section-1', 'example_subdag_operator.section-2', 'example_subdag_operator' retrieved from /home/airflow/.local/lib/python3.12/site-packages/airflow/example_dags/example_subdag_operator.py
[2024-04-14T13:19:58.597+0000] {logging_mixin.py:188} INFO - [2024-04-14T13:19:58.596+0000] {dag.py:3096} INFO - Sync 3 DAGs
[2024-04-14T13:19:58.614+0000] {logging_mixin.py:188} INFO - [2024-04-14T13:19:58.614+0000] {dag.py:3954} INFO - Setting next_dagrun for example_subdag_operator to 2022-01-01 00:00:00+00:00, run_after=2022-01-01 00:00:00+00:00
[2024-04-14T13:19:58.618+0000] {logging_mixin.py:188} INFO - [2024-04-14T13:19:58.617+0000] {dag.py:3954} INFO - Setting next_dagrun for example_subdag_operator.section-1 to None, run_after=None
[2024-04-14T13:19:58.619+0000] {logging_mixin.py:188} INFO - [2024-04-14T13:19:58.619+0000] {dag.py:3954} INFO - Setting next_dagrun for example_subdag_operator.section-2 to None, run_after=None
[2024-04-14T13:19:58.624+0000] {logging_mixin.py:188} INFO - [2024-04-14T13:19:58.624+0000] {dag.py:3096} INFO - Sync 2 DAGs
[2024-04-14T13:19:58.630+0000] {logging_mixin.py:188} INFO - [2024-04-14T13:19:58.630+0000] {dag.py:3954} INFO - Setting next_dagrun for example_subdag_operator.section-1 to None, run_after=None
[2024-04-14T13:19:58.630+0000] {logging_mixin.py:188} INFO - [2024-04-14T13:19:58.630+0000] {dag.py:3954} INFO - Setting next_dagrun for example_subdag_operator.section-2 to None, run_after=None
[2024-04-14T13:19:58.641+0000] {processor.py:183} INFO - Processing /home/airflow/.local/lib/python3.12/site-packages/airflow/example_dags/example_subdag_operator.py took 0.082 seconds
