[2024-04-14T13:00:03.434+0000] {processor.py:161} INFO - Started process (PID=58) to work on /home/airflow/.local/lib/python3.12/site-packages/airflow/example_dags/example_sla_dag.py
[2024-04-14T13:00:03.435+0000] {processor.py:830} INFO - Processing file /home/airflow/.local/lib/python3.12/site-packages/airflow/example_dags/example_sla_dag.py for tasks to queue
[2024-04-14T13:00:03.439+0000] {logging_mixin.py:188} INFO - [2024-04-14T13:00:03.439+0000] {dagbag.py:540} INFO - Filling up the DagBag from /home/airflow/.local/lib/python3.12/site-packages/airflow/example_dags/example_sla_dag.py
[2024-04-14T13:00:03.456+0000] {processor.py:840} INFO - DAG(s) 'example_sla_dag' retrieved from /home/airflow/.local/lib/python3.12/site-packages/airflow/example_dags/example_sla_dag.py
[2024-04-14T13:00:03.471+0000] {logging_mixin.py:188} INFO - [2024-04-14T13:00:03.471+0000] {dag.py:3096} INFO - Sync 1 DAGs
[2024-04-14T13:00:03.504+0000] {logging_mixin.py:188} INFO - [2024-04-14T13:00:03.504+0000] {dag.py:3954} INFO - Setting next_dagrun for example_sla_dag to 2024-04-14 12:58:00+00:00, run_after=2024-04-14 13:00:00+00:00
[2024-04-14T13:00:03.528+0000] {processor.py:183} INFO - Processing /home/airflow/.local/lib/python3.12/site-packages/airflow/example_dags/example_sla_dag.py took 0.104 seconds
[2024-04-14T13:00:34.652+0000] {processor.py:161} INFO - Started process (PID=115) to work on /home/airflow/.local/lib/python3.12/site-packages/airflow/example_dags/example_sla_dag.py
[2024-04-14T13:00:34.653+0000] {processor.py:830} INFO - Processing file /home/airflow/.local/lib/python3.12/site-packages/airflow/example_dags/example_sla_dag.py for tasks to queue
[2024-04-14T13:00:34.655+0000] {logging_mixin.py:188} INFO - [2024-04-14T13:00:34.654+0000] {dagbag.py:540} INFO - Filling up the DagBag from /home/airflow/.local/lib/python3.12/site-packages/airflow/example_dags/example_sla_dag.py
[2024-04-14T13:00:34.662+0000] {processor.py:840} INFO - DAG(s) 'example_sla_dag' retrieved from /home/airflow/.local/lib/python3.12/site-packages/airflow/example_dags/example_sla_dag.py
[2024-04-14T13:00:34.746+0000] {logging_mixin.py:188} INFO - [2024-04-14T13:00:34.746+0000] {dag.py:3096} INFO - Sync 1 DAGs
[2024-04-14T13:00:34.766+0000] {logging_mixin.py:188} INFO - [2024-04-14T13:00:34.766+0000] {dag.py:3954} INFO - Setting next_dagrun for example_sla_dag to 2024-04-14 12:58:00+00:00, run_after=2024-04-14 13:00:00+00:00
[2024-04-14T13:00:34.784+0000] {processor.py:183} INFO - Processing /home/airflow/.local/lib/python3.12/site-packages/airflow/example_dags/example_sla_dag.py took 0.137 seconds
[2024-04-14T13:01:05.095+0000] {processor.py:161} INFO - Started process (PID=173) to work on /home/airflow/.local/lib/python3.12/site-packages/airflow/example_dags/example_sla_dag.py
[2024-04-14T13:01:05.096+0000] {processor.py:830} INFO - Processing file /home/airflow/.local/lib/python3.12/site-packages/airflow/example_dags/example_sla_dag.py for tasks to queue
[2024-04-14T13:01:05.097+0000] {logging_mixin.py:188} INFO - [2024-04-14T13:01:05.097+0000] {dagbag.py:540} INFO - Filling up the DagBag from /home/airflow/.local/lib/python3.12/site-packages/airflow/example_dags/example_sla_dag.py
[2024-04-14T13:01:05.103+0000] {processor.py:840} INFO - DAG(s) 'example_sla_dag' retrieved from /home/airflow/.local/lib/python3.12/site-packages/airflow/example_dags/example_sla_dag.py
[2024-04-14T13:01:05.122+0000] {logging_mixin.py:188} INFO - [2024-04-14T13:01:05.121+0000] {dag.py:3096} INFO - Sync 1 DAGs
[2024-04-14T13:01:05.144+0000] {logging_mixin.py:188} INFO - [2024-04-14T13:01:05.144+0000] {dag.py:3954} INFO - Setting next_dagrun for example_sla_dag to 2024-04-14 12:58:00+00:00, run_after=2024-04-14 13:00:00+00:00
[2024-04-14T13:01:05.164+0000] {processor.py:183} INFO - Processing /home/airflow/.local/lib/python3.12/site-packages/airflow/example_dags/example_sla_dag.py took 0.074 seconds
[2024-04-14T13:01:35.351+0000] {processor.py:161} INFO - Started process (PID=231) to work on /home/airflow/.local/lib/python3.12/site-packages/airflow/example_dags/example_sla_dag.py
[2024-04-14T13:01:35.352+0000] {processor.py:830} INFO - Processing file /home/airflow/.local/lib/python3.12/site-packages/airflow/example_dags/example_sla_dag.py for tasks to queue
[2024-04-14T13:01:35.354+0000] {logging_mixin.py:188} INFO - [2024-04-14T13:01:35.354+0000] {dagbag.py:540} INFO - Filling up the DagBag from /home/airflow/.local/lib/python3.12/site-packages/airflow/example_dags/example_sla_dag.py
[2024-04-14T13:01:35.364+0000] {processor.py:840} INFO - DAG(s) 'example_sla_dag' retrieved from /home/airflow/.local/lib/python3.12/site-packages/airflow/example_dags/example_sla_dag.py
[2024-04-14T13:01:35.392+0000] {logging_mixin.py:188} INFO - [2024-04-14T13:01:35.392+0000] {dag.py:3096} INFO - Sync 1 DAGs
[2024-04-14T13:01:35.437+0000] {logging_mixin.py:188} INFO - [2024-04-14T13:01:35.436+0000] {dag.py:3954} INFO - Setting next_dagrun for example_sla_dag to 2024-04-14 12:58:00+00:00, run_after=2024-04-14 13:00:00+00:00
[2024-04-14T13:01:35.471+0000] {processor.py:183} INFO - Processing /home/airflow/.local/lib/python3.12/site-packages/airflow/example_dags/example_sla_dag.py took 0.126 seconds
[2024-04-14T13:02:06.360+0000] {processor.py:161} INFO - Started process (PID=289) to work on /home/airflow/.local/lib/python3.12/site-packages/airflow/example_dags/example_sla_dag.py
[2024-04-14T13:02:06.361+0000] {processor.py:830} INFO - Processing file /home/airflow/.local/lib/python3.12/site-packages/airflow/example_dags/example_sla_dag.py for tasks to queue
[2024-04-14T13:02:06.362+0000] {logging_mixin.py:188} INFO - [2024-04-14T13:02:06.362+0000] {dagbag.py:540} INFO - Filling up the DagBag from /home/airflow/.local/lib/python3.12/site-packages/airflow/example_dags/example_sla_dag.py
[2024-04-14T13:02:06.369+0000] {processor.py:840} INFO - DAG(s) 'example_sla_dag' retrieved from /home/airflow/.local/lib/python3.12/site-packages/airflow/example_dags/example_sla_dag.py
[2024-04-14T13:02:06.385+0000] {logging_mixin.py:188} INFO - [2024-04-14T13:02:06.384+0000] {dag.py:3096} INFO - Sync 1 DAGs
[2024-04-14T13:02:06.407+0000] {logging_mixin.py:188} INFO - [2024-04-14T13:02:06.407+0000] {dag.py:3954} INFO - Setting next_dagrun for example_sla_dag to 2024-04-14 13:00:00+00:00, run_after=2024-04-14 13:02:00+00:00
[2024-04-14T13:02:06.426+0000] {processor.py:183} INFO - Processing /home/airflow/.local/lib/python3.12/site-packages/airflow/example_dags/example_sla_dag.py took 0.071 seconds
[2024-04-14T13:02:36.640+0000] {processor.py:161} INFO - Started process (PID=347) to work on /home/airflow/.local/lib/python3.12/site-packages/airflow/example_dags/example_sla_dag.py
[2024-04-14T13:02:36.641+0000] {processor.py:830} INFO - Processing file /home/airflow/.local/lib/python3.12/site-packages/airflow/example_dags/example_sla_dag.py for tasks to queue
[2024-04-14T13:02:36.642+0000] {logging_mixin.py:188} INFO - [2024-04-14T13:02:36.642+0000] {dagbag.py:540} INFO - Filling up the DagBag from /home/airflow/.local/lib/python3.12/site-packages/airflow/example_dags/example_sla_dag.py
[2024-04-14T13:02:36.648+0000] {processor.py:840} INFO - DAG(s) 'example_sla_dag' retrieved from /home/airflow/.local/lib/python3.12/site-packages/airflow/example_dags/example_sla_dag.py
[2024-04-14T13:02:36.663+0000] {logging_mixin.py:188} INFO - [2024-04-14T13:02:36.663+0000] {dag.py:3096} INFO - Sync 1 DAGs
[2024-04-14T13:02:36.684+0000] {logging_mixin.py:188} INFO - [2024-04-14T13:02:36.684+0000] {dag.py:3954} INFO - Setting next_dagrun for example_sla_dag to 2024-04-14 13:00:00+00:00, run_after=2024-04-14 13:02:00+00:00
[2024-04-14T13:02:36.701+0000] {processor.py:183} INFO - Processing /home/airflow/.local/lib/python3.12/site-packages/airflow/example_dags/example_sla_dag.py took 0.066 seconds
[2024-04-14T13:03:07.065+0000] {processor.py:161} INFO - Started process (PID=405) to work on /home/airflow/.local/lib/python3.12/site-packages/airflow/example_dags/example_sla_dag.py
[2024-04-14T13:03:07.066+0000] {processor.py:830} INFO - Processing file /home/airflow/.local/lib/python3.12/site-packages/airflow/example_dags/example_sla_dag.py for tasks to queue
[2024-04-14T13:03:07.067+0000] {logging_mixin.py:188} INFO - [2024-04-14T13:03:07.067+0000] {dagbag.py:540} INFO - Filling up the DagBag from /home/airflow/.local/lib/python3.12/site-packages/airflow/example_dags/example_sla_dag.py
[2024-04-14T13:03:07.073+0000] {processor.py:840} INFO - DAG(s) 'example_sla_dag' retrieved from /home/airflow/.local/lib/python3.12/site-packages/airflow/example_dags/example_sla_dag.py
[2024-04-14T13:03:07.088+0000] {logging_mixin.py:188} INFO - [2024-04-14T13:03:07.088+0000] {dag.py:3096} INFO - Sync 1 DAGs
[2024-04-14T13:03:07.109+0000] {logging_mixin.py:188} INFO - [2024-04-14T13:03:07.109+0000] {dag.py:3954} INFO - Setting next_dagrun for example_sla_dag to 2024-04-14 13:00:00+00:00, run_after=2024-04-14 13:02:00+00:00
[2024-04-14T13:03:07.127+0000] {processor.py:183} INFO - Processing /home/airflow/.local/lib/python3.12/site-packages/airflow/example_dags/example_sla_dag.py took 0.065 seconds
[2024-04-14T13:03:37.169+0000] {processor.py:161} INFO - Started process (PID=464) to work on /home/airflow/.local/lib/python3.12/site-packages/airflow/example_dags/example_sla_dag.py
[2024-04-14T13:03:37.169+0000] {processor.py:830} INFO - Processing file /home/airflow/.local/lib/python3.12/site-packages/airflow/example_dags/example_sla_dag.py for tasks to queue
[2024-04-14T13:03:37.171+0000] {logging_mixin.py:188} INFO - [2024-04-14T13:03:37.170+0000] {dagbag.py:540} INFO - Filling up the DagBag from /home/airflow/.local/lib/python3.12/site-packages/airflow/example_dags/example_sla_dag.py
[2024-04-14T13:03:37.176+0000] {processor.py:840} INFO - DAG(s) 'example_sla_dag' retrieved from /home/airflow/.local/lib/python3.12/site-packages/airflow/example_dags/example_sla_dag.py
[2024-04-14T13:03:37.191+0000] {logging_mixin.py:188} INFO - [2024-04-14T13:03:37.191+0000] {dag.py:3096} INFO - Sync 1 DAGs
[2024-04-14T13:03:37.214+0000] {logging_mixin.py:188} INFO - [2024-04-14T13:03:37.213+0000] {dag.py:3954} INFO - Setting next_dagrun for example_sla_dag to 2024-04-14 13:00:00+00:00, run_after=2024-04-14 13:02:00+00:00
[2024-04-14T13:03:37.231+0000] {processor.py:183} INFO - Processing /home/airflow/.local/lib/python3.12/site-packages/airflow/example_dags/example_sla_dag.py took 0.067 seconds
[2024-04-14T13:04:08.014+0000] {processor.py:161} INFO - Started process (PID=523) to work on /home/airflow/.local/lib/python3.12/site-packages/airflow/example_dags/example_sla_dag.py
[2024-04-14T13:04:08.015+0000] {processor.py:830} INFO - Processing file /home/airflow/.local/lib/python3.12/site-packages/airflow/example_dags/example_sla_dag.py for tasks to queue
[2024-04-14T13:04:08.016+0000] {logging_mixin.py:188} INFO - [2024-04-14T13:04:08.016+0000] {dagbag.py:540} INFO - Filling up the DagBag from /home/airflow/.local/lib/python3.12/site-packages/airflow/example_dags/example_sla_dag.py
[2024-04-14T13:04:08.022+0000] {processor.py:840} INFO - DAG(s) 'example_sla_dag' retrieved from /home/airflow/.local/lib/python3.12/site-packages/airflow/example_dags/example_sla_dag.py
[2024-04-14T13:04:08.038+0000] {logging_mixin.py:188} INFO - [2024-04-14T13:04:08.038+0000] {dag.py:3096} INFO - Sync 1 DAGs
[2024-04-14T13:04:08.059+0000] {logging_mixin.py:188} INFO - [2024-04-14T13:04:08.059+0000] {dag.py:3954} INFO - Setting next_dagrun for example_sla_dag to 2024-04-14 13:02:00+00:00, run_after=2024-04-14 13:04:00+00:00
[2024-04-14T13:04:08.077+0000] {processor.py:183} INFO - Processing /home/airflow/.local/lib/python3.12/site-packages/airflow/example_dags/example_sla_dag.py took 0.068 seconds
[2024-04-14T13:04:38.993+0000] {processor.py:161} INFO - Started process (PID=581) to work on /home/airflow/.local/lib/python3.12/site-packages/airflow/example_dags/example_sla_dag.py
[2024-04-14T13:04:38.994+0000] {processor.py:830} INFO - Processing file /home/airflow/.local/lib/python3.12/site-packages/airflow/example_dags/example_sla_dag.py for tasks to queue
[2024-04-14T13:04:38.996+0000] {logging_mixin.py:188} INFO - [2024-04-14T13:04:38.995+0000] {dagbag.py:540} INFO - Filling up the DagBag from /home/airflow/.local/lib/python3.12/site-packages/airflow/example_dags/example_sla_dag.py
[2024-04-14T13:04:39.002+0000] {processor.py:840} INFO - DAG(s) 'example_sla_dag' retrieved from /home/airflow/.local/lib/python3.12/site-packages/airflow/example_dags/example_sla_dag.py
[2024-04-14T13:04:39.017+0000] {logging_mixin.py:188} INFO - [2024-04-14T13:04:39.017+0000] {dag.py:3096} INFO - Sync 1 DAGs
[2024-04-14T13:04:39.037+0000] {logging_mixin.py:188} INFO - [2024-04-14T13:04:39.037+0000] {dag.py:3954} INFO - Setting next_dagrun for example_sla_dag to 2024-04-14 13:02:00+00:00, run_after=2024-04-14 13:04:00+00:00
[2024-04-14T13:04:39.055+0000] {processor.py:183} INFO - Processing /home/airflow/.local/lib/python3.12/site-packages/airflow/example_dags/example_sla_dag.py took 0.066 seconds
[2024-04-14T13:05:09.112+0000] {processor.py:161} INFO - Started process (PID=639) to work on /home/airflow/.local/lib/python3.12/site-packages/airflow/example_dags/example_sla_dag.py
[2024-04-14T13:05:09.113+0000] {processor.py:830} INFO - Processing file /home/airflow/.local/lib/python3.12/site-packages/airflow/example_dags/example_sla_dag.py for tasks to queue
[2024-04-14T13:05:09.114+0000] {logging_mixin.py:188} INFO - [2024-04-14T13:05:09.114+0000] {dagbag.py:540} INFO - Filling up the DagBag from /home/airflow/.local/lib/python3.12/site-packages/airflow/example_dags/example_sla_dag.py
[2024-04-14T13:05:09.120+0000] {processor.py:840} INFO - DAG(s) 'example_sla_dag' retrieved from /home/airflow/.local/lib/python3.12/site-packages/airflow/example_dags/example_sla_dag.py
[2024-04-14T13:05:09.135+0000] {logging_mixin.py:188} INFO - [2024-04-14T13:05:09.134+0000] {dag.py:3096} INFO - Sync 1 DAGs
[2024-04-14T13:05:09.155+0000] {logging_mixin.py:188} INFO - [2024-04-14T13:05:09.155+0000] {dag.py:3954} INFO - Setting next_dagrun for example_sla_dag to 2024-04-14 13:02:00+00:00, run_after=2024-04-14 13:04:00+00:00
[2024-04-14T13:05:09.172+0000] {processor.py:183} INFO - Processing /home/airflow/.local/lib/python3.12/site-packages/airflow/example_dags/example_sla_dag.py took 0.065 seconds
[2024-04-14T13:05:40.455+0000] {processor.py:161} INFO - Started process (PID=698) to work on /home/airflow/.local/lib/python3.12/site-packages/airflow/example_dags/example_sla_dag.py
[2024-04-14T13:05:40.456+0000] {processor.py:830} INFO - Processing file /home/airflow/.local/lib/python3.12/site-packages/airflow/example_dags/example_sla_dag.py for tasks to queue
[2024-04-14T13:05:40.458+0000] {logging_mixin.py:188} INFO - [2024-04-14T13:05:40.457+0000] {dagbag.py:540} INFO - Filling up the DagBag from /home/airflow/.local/lib/python3.12/site-packages/airflow/example_dags/example_sla_dag.py
[2024-04-14T13:05:40.468+0000] {processor.py:840} INFO - DAG(s) 'example_sla_dag' retrieved from /home/airflow/.local/lib/python3.12/site-packages/airflow/example_dags/example_sla_dag.py
[2024-04-14T13:05:40.555+0000] {logging_mixin.py:188} INFO - [2024-04-14T13:05:40.555+0000] {dag.py:3096} INFO - Sync 1 DAGs
[2024-04-14T13:05:40.580+0000] {logging_mixin.py:188} INFO - [2024-04-14T13:05:40.580+0000] {dag.py:3954} INFO - Setting next_dagrun for example_sla_dag to 2024-04-14 13:02:00+00:00, run_after=2024-04-14 13:04:00+00:00
[2024-04-14T13:05:40.598+0000] {processor.py:183} INFO - Processing /home/airflow/.local/lib/python3.12/site-packages/airflow/example_dags/example_sla_dag.py took 0.149 seconds
[2024-04-14T13:06:10.975+0000] {processor.py:161} INFO - Started process (PID=756) to work on /home/airflow/.local/lib/python3.12/site-packages/airflow/example_dags/example_sla_dag.py
[2024-04-14T13:06:10.976+0000] {processor.py:830} INFO - Processing file /home/airflow/.local/lib/python3.12/site-packages/airflow/example_dags/example_sla_dag.py for tasks to queue
[2024-04-14T13:06:10.977+0000] {logging_mixin.py:188} INFO - [2024-04-14T13:06:10.977+0000] {dagbag.py:540} INFO - Filling up the DagBag from /home/airflow/.local/lib/python3.12/site-packages/airflow/example_dags/example_sla_dag.py
[2024-04-14T13:06:10.984+0000] {processor.py:840} INFO - DAG(s) 'example_sla_dag' retrieved from /home/airflow/.local/lib/python3.12/site-packages/airflow/example_dags/example_sla_dag.py
[2024-04-14T13:06:10.999+0000] {logging_mixin.py:188} INFO - [2024-04-14T13:06:10.999+0000] {dag.py:3096} INFO - Sync 1 DAGs
[2024-04-14T13:06:11.019+0000] {logging_mixin.py:188} INFO - [2024-04-14T13:06:11.018+0000] {dag.py:3954} INFO - Setting next_dagrun for example_sla_dag to 2024-04-14 13:04:00+00:00, run_after=2024-04-14 13:06:00+00:00
[2024-04-14T13:06:11.037+0000] {processor.py:183} INFO - Processing /home/airflow/.local/lib/python3.12/site-packages/airflow/example_dags/example_sla_dag.py took 0.067 seconds
[2024-04-14T13:06:41.866+0000] {processor.py:161} INFO - Started process (PID=814) to work on /home/airflow/.local/lib/python3.12/site-packages/airflow/example_dags/example_sla_dag.py
[2024-04-14T13:06:41.867+0000] {processor.py:830} INFO - Processing file /home/airflow/.local/lib/python3.12/site-packages/airflow/example_dags/example_sla_dag.py for tasks to queue
[2024-04-14T13:06:41.868+0000] {logging_mixin.py:188} INFO - [2024-04-14T13:06:41.868+0000] {dagbag.py:540} INFO - Filling up the DagBag from /home/airflow/.local/lib/python3.12/site-packages/airflow/example_dags/example_sla_dag.py
[2024-04-14T13:06:41.874+0000] {processor.py:840} INFO - DAG(s) 'example_sla_dag' retrieved from /home/airflow/.local/lib/python3.12/site-packages/airflow/example_dags/example_sla_dag.py
[2024-04-14T13:06:41.890+0000] {logging_mixin.py:188} INFO - [2024-04-14T13:06:41.889+0000] {dag.py:3096} INFO - Sync 1 DAGs
[2024-04-14T13:06:41.910+0000] {logging_mixin.py:188} INFO - [2024-04-14T13:06:41.910+0000] {dag.py:3954} INFO - Setting next_dagrun for example_sla_dag to 2024-04-14 13:04:00+00:00, run_after=2024-04-14 13:06:00+00:00
[2024-04-14T13:06:41.927+0000] {processor.py:183} INFO - Processing /home/airflow/.local/lib/python3.12/site-packages/airflow/example_dags/example_sla_dag.py took 0.065 seconds
[2024-04-14T13:07:12.404+0000] {processor.py:161} INFO - Started process (PID=872) to work on /home/airflow/.local/lib/python3.12/site-packages/airflow/example_dags/example_sla_dag.py
[2024-04-14T13:07:12.406+0000] {processor.py:830} INFO - Processing file /home/airflow/.local/lib/python3.12/site-packages/airflow/example_dags/example_sla_dag.py for tasks to queue
[2024-04-14T13:07:12.407+0000] {logging_mixin.py:188} INFO - [2024-04-14T13:07:12.407+0000] {dagbag.py:540} INFO - Filling up the DagBag from /home/airflow/.local/lib/python3.12/site-packages/airflow/example_dags/example_sla_dag.py
[2024-04-14T13:07:12.417+0000] {processor.py:840} INFO - DAG(s) 'example_sla_dag' retrieved from /home/airflow/.local/lib/python3.12/site-packages/airflow/example_dags/example_sla_dag.py
[2024-04-14T13:07:12.437+0000] {logging_mixin.py:188} INFO - [2024-04-14T13:07:12.436+0000] {dag.py:3096} INFO - Sync 1 DAGs
[2024-04-14T13:07:12.465+0000] {logging_mixin.py:188} INFO - [2024-04-14T13:07:12.465+0000] {dag.py:3954} INFO - Setting next_dagrun for example_sla_dag to 2024-04-14 13:04:00+00:00, run_after=2024-04-14 13:06:00+00:00
[2024-04-14T13:07:12.486+0000] {processor.py:183} INFO - Processing /home/airflow/.local/lib/python3.12/site-packages/airflow/example_dags/example_sla_dag.py took 0.087 seconds
[2024-04-14T13:07:43.317+0000] {processor.py:161} INFO - Started process (PID=930) to work on /home/airflow/.local/lib/python3.12/site-packages/airflow/example_dags/example_sla_dag.py
[2024-04-14T13:07:43.318+0000] {processor.py:830} INFO - Processing file /home/airflow/.local/lib/python3.12/site-packages/airflow/example_dags/example_sla_dag.py for tasks to queue
[2024-04-14T13:07:43.320+0000] {logging_mixin.py:188} INFO - [2024-04-14T13:07:43.319+0000] {dagbag.py:540} INFO - Filling up the DagBag from /home/airflow/.local/lib/python3.12/site-packages/airflow/example_dags/example_sla_dag.py
[2024-04-14T13:07:43.328+0000] {processor.py:840} INFO - DAG(s) 'example_sla_dag' retrieved from /home/airflow/.local/lib/python3.12/site-packages/airflow/example_dags/example_sla_dag.py
[2024-04-14T13:07:43.347+0000] {logging_mixin.py:188} INFO - [2024-04-14T13:07:43.347+0000] {dag.py:3096} INFO - Sync 1 DAGs
[2024-04-14T13:07:43.369+0000] {logging_mixin.py:188} INFO - [2024-04-14T13:07:43.369+0000] {dag.py:3954} INFO - Setting next_dagrun for example_sla_dag to 2024-04-14 13:04:00+00:00, run_after=2024-04-14 13:06:00+00:00
[2024-04-14T13:07:43.386+0000] {processor.py:183} INFO - Processing /home/airflow/.local/lib/python3.12/site-packages/airflow/example_dags/example_sla_dag.py took 0.074 seconds
[2024-04-14T13:08:14.449+0000] {processor.py:161} INFO - Started process (PID=988) to work on /home/airflow/.local/lib/python3.12/site-packages/airflow/example_dags/example_sla_dag.py
[2024-04-14T13:08:14.450+0000] {processor.py:830} INFO - Processing file /home/airflow/.local/lib/python3.12/site-packages/airflow/example_dags/example_sla_dag.py for tasks to queue
[2024-04-14T13:08:14.451+0000] {logging_mixin.py:188} INFO - [2024-04-14T13:08:14.451+0000] {dagbag.py:540} INFO - Filling up the DagBag from /home/airflow/.local/lib/python3.12/site-packages/airflow/example_dags/example_sla_dag.py
[2024-04-14T13:08:14.458+0000] {processor.py:840} INFO - DAG(s) 'example_sla_dag' retrieved from /home/airflow/.local/lib/python3.12/site-packages/airflow/example_dags/example_sla_dag.py
[2024-04-14T13:08:14.473+0000] {logging_mixin.py:188} INFO - [2024-04-14T13:08:14.473+0000] {dag.py:3096} INFO - Sync 1 DAGs
[2024-04-14T13:08:14.494+0000] {logging_mixin.py:188} INFO - [2024-04-14T13:08:14.494+0000] {dag.py:3954} INFO - Setting next_dagrun for example_sla_dag to 2024-04-14 13:06:00+00:00, run_after=2024-04-14 13:08:00+00:00
[2024-04-14T13:08:14.516+0000] {processor.py:183} INFO - Processing /home/airflow/.local/lib/python3.12/site-packages/airflow/example_dags/example_sla_dag.py took 0.071 seconds
[2024-04-14T13:08:45.425+0000] {processor.py:161} INFO - Started process (PID=1046) to work on /home/airflow/.local/lib/python3.12/site-packages/airflow/example_dags/example_sla_dag.py
[2024-04-14T13:08:45.426+0000] {processor.py:830} INFO - Processing file /home/airflow/.local/lib/python3.12/site-packages/airflow/example_dags/example_sla_dag.py for tasks to queue
[2024-04-14T13:08:45.428+0000] {logging_mixin.py:188} INFO - [2024-04-14T13:08:45.428+0000] {dagbag.py:540} INFO - Filling up the DagBag from /home/airflow/.local/lib/python3.12/site-packages/airflow/example_dags/example_sla_dag.py
[2024-04-14T13:08:45.435+0000] {processor.py:840} INFO - DAG(s) 'example_sla_dag' retrieved from /home/airflow/.local/lib/python3.12/site-packages/airflow/example_dags/example_sla_dag.py
[2024-04-14T13:08:45.453+0000] {logging_mixin.py:188} INFO - [2024-04-14T13:08:45.453+0000] {dag.py:3096} INFO - Sync 1 DAGs
[2024-04-14T13:08:45.607+0000] {logging_mixin.py:188} INFO - [2024-04-14T13:08:45.607+0000] {dag.py:3954} INFO - Setting next_dagrun for example_sla_dag to 2024-04-14 13:06:00+00:00, run_after=2024-04-14 13:08:00+00:00
[2024-04-14T13:08:45.625+0000] {processor.py:183} INFO - Processing /home/airflow/.local/lib/python3.12/site-packages/airflow/example_dags/example_sla_dag.py took 0.205 seconds
[2024-04-14T13:09:16.251+0000] {processor.py:161} INFO - Started process (PID=1106) to work on /home/airflow/.local/lib/python3.12/site-packages/airflow/example_dags/example_sla_dag.py
[2024-04-14T13:09:16.252+0000] {processor.py:830} INFO - Processing file /home/airflow/.local/lib/python3.12/site-packages/airflow/example_dags/example_sla_dag.py for tasks to queue
[2024-04-14T13:09:16.254+0000] {logging_mixin.py:188} INFO - [2024-04-14T13:09:16.254+0000] {dagbag.py:540} INFO - Filling up the DagBag from /home/airflow/.local/lib/python3.12/site-packages/airflow/example_dags/example_sla_dag.py
[2024-04-14T13:09:16.261+0000] {processor.py:840} INFO - DAG(s) 'example_sla_dag' retrieved from /home/airflow/.local/lib/python3.12/site-packages/airflow/example_dags/example_sla_dag.py
[2024-04-14T13:09:16.296+0000] {logging_mixin.py:188} INFO - [2024-04-14T13:09:16.295+0000] {dag.py:3096} INFO - Sync 1 DAGs
[2024-04-14T13:09:16.454+0000] {logging_mixin.py:188} INFO - [2024-04-14T13:09:16.454+0000] {dag.py:3954} INFO - Setting next_dagrun for example_sla_dag to 2024-04-14 13:06:00+00:00, run_after=2024-04-14 13:08:00+00:00
[2024-04-14T13:09:16.473+0000] {processor.py:183} INFO - Processing /home/airflow/.local/lib/python3.12/site-packages/airflow/example_dags/example_sla_dag.py took 0.227 seconds
[2024-04-14T13:09:47.180+0000] {processor.py:161} INFO - Started process (PID=1168) to work on /home/airflow/.local/lib/python3.12/site-packages/airflow/example_dags/example_sla_dag.py
[2024-04-14T13:09:47.181+0000] {processor.py:830} INFO - Processing file /home/airflow/.local/lib/python3.12/site-packages/airflow/example_dags/example_sla_dag.py for tasks to queue
[2024-04-14T13:09:47.182+0000] {logging_mixin.py:188} INFO - [2024-04-14T13:09:47.182+0000] {dagbag.py:540} INFO - Filling up the DagBag from /home/airflow/.local/lib/python3.12/site-packages/airflow/example_dags/example_sla_dag.py
[2024-04-14T13:09:47.188+0000] {processor.py:840} INFO - DAG(s) 'example_sla_dag' retrieved from /home/airflow/.local/lib/python3.12/site-packages/airflow/example_dags/example_sla_dag.py
[2024-04-14T13:09:47.204+0000] {logging_mixin.py:188} INFO - [2024-04-14T13:09:47.204+0000] {dag.py:3096} INFO - Sync 1 DAGs
[2024-04-14T13:09:47.228+0000] {logging_mixin.py:188} INFO - [2024-04-14T13:09:47.228+0000] {dag.py:3954} INFO - Setting next_dagrun for example_sla_dag to 2024-04-14 13:06:00+00:00, run_after=2024-04-14 13:08:00+00:00
[2024-04-14T13:09:47.246+0000] {processor.py:183} INFO - Processing /home/airflow/.local/lib/python3.12/site-packages/airflow/example_dags/example_sla_dag.py took 0.070 seconds
[2024-04-14T13:10:17.560+0000] {processor.py:161} INFO - Started process (PID=1226) to work on /home/airflow/.local/lib/python3.12/site-packages/airflow/example_dags/example_sla_dag.py
[2024-04-14T13:10:17.560+0000] {processor.py:830} INFO - Processing file /home/airflow/.local/lib/python3.12/site-packages/airflow/example_dags/example_sla_dag.py for tasks to queue
[2024-04-14T13:10:17.562+0000] {logging_mixin.py:188} INFO - [2024-04-14T13:10:17.562+0000] {dagbag.py:540} INFO - Filling up the DagBag from /home/airflow/.local/lib/python3.12/site-packages/airflow/example_dags/example_sla_dag.py
[2024-04-14T13:10:17.568+0000] {processor.py:840} INFO - DAG(s) 'example_sla_dag' retrieved from /home/airflow/.local/lib/python3.12/site-packages/airflow/example_dags/example_sla_dag.py
[2024-04-14T13:10:17.583+0000] {logging_mixin.py:188} INFO - [2024-04-14T13:10:17.583+0000] {dag.py:3096} INFO - Sync 1 DAGs
[2024-04-14T13:10:17.607+0000] {logging_mixin.py:188} INFO - [2024-04-14T13:10:17.607+0000] {dag.py:3954} INFO - Setting next_dagrun for example_sla_dag to 2024-04-14 13:08:00+00:00, run_after=2024-04-14 13:10:00+00:00
[2024-04-14T13:10:17.628+0000] {processor.py:183} INFO - Processing /home/airflow/.local/lib/python3.12/site-packages/airflow/example_dags/example_sla_dag.py took 0.073 seconds
[2024-04-14T13:10:48.002+0000] {processor.py:161} INFO - Started process (PID=1284) to work on /home/airflow/.local/lib/python3.12/site-packages/airflow/example_dags/example_sla_dag.py
[2024-04-14T13:10:48.003+0000] {processor.py:830} INFO - Processing file /home/airflow/.local/lib/python3.12/site-packages/airflow/example_dags/example_sla_dag.py for tasks to queue
[2024-04-14T13:10:48.004+0000] {logging_mixin.py:188} INFO - [2024-04-14T13:10:48.004+0000] {dagbag.py:540} INFO - Filling up the DagBag from /home/airflow/.local/lib/python3.12/site-packages/airflow/example_dags/example_sla_dag.py
[2024-04-14T13:10:48.011+0000] {processor.py:840} INFO - DAG(s) 'example_sla_dag' retrieved from /home/airflow/.local/lib/python3.12/site-packages/airflow/example_dags/example_sla_dag.py
[2024-04-14T13:10:48.025+0000] {logging_mixin.py:188} INFO - [2024-04-14T13:10:48.025+0000] {dag.py:3096} INFO - Sync 1 DAGs
[2024-04-14T13:10:48.046+0000] {logging_mixin.py:188} INFO - [2024-04-14T13:10:48.046+0000] {dag.py:3954} INFO - Setting next_dagrun for example_sla_dag to 2024-04-14 13:08:00+00:00, run_after=2024-04-14 13:10:00+00:00
[2024-04-14T13:10:48.063+0000] {processor.py:183} INFO - Processing /home/airflow/.local/lib/python3.12/site-packages/airflow/example_dags/example_sla_dag.py took 0.065 seconds
[2024-04-14T13:11:18.353+0000] {processor.py:161} INFO - Started process (PID=1342) to work on /home/airflow/.local/lib/python3.12/site-packages/airflow/example_dags/example_sla_dag.py
[2024-04-14T13:11:18.354+0000] {processor.py:830} INFO - Processing file /home/airflow/.local/lib/python3.12/site-packages/airflow/example_dags/example_sla_dag.py for tasks to queue
[2024-04-14T13:11:18.355+0000] {logging_mixin.py:188} INFO - [2024-04-14T13:11:18.355+0000] {dagbag.py:540} INFO - Filling up the DagBag from /home/airflow/.local/lib/python3.12/site-packages/airflow/example_dags/example_sla_dag.py
[2024-04-14T13:11:18.361+0000] {processor.py:840} INFO - DAG(s) 'example_sla_dag' retrieved from /home/airflow/.local/lib/python3.12/site-packages/airflow/example_dags/example_sla_dag.py
[2024-04-14T13:11:18.376+0000] {logging_mixin.py:188} INFO - [2024-04-14T13:11:18.376+0000] {dag.py:3096} INFO - Sync 1 DAGs
[2024-04-14T13:11:18.397+0000] {logging_mixin.py:188} INFO - [2024-04-14T13:11:18.396+0000] {dag.py:3954} INFO - Setting next_dagrun for example_sla_dag to 2024-04-14 13:08:00+00:00, run_after=2024-04-14 13:10:00+00:00
[2024-04-14T13:11:18.413+0000] {processor.py:183} INFO - Processing /home/airflow/.local/lib/python3.12/site-packages/airflow/example_dags/example_sla_dag.py took 0.065 seconds
[2024-04-14T13:11:48.684+0000] {processor.py:161} INFO - Started process (PID=1400) to work on /home/airflow/.local/lib/python3.12/site-packages/airflow/example_dags/example_sla_dag.py
[2024-04-14T13:11:48.685+0000] {processor.py:830} INFO - Processing file /home/airflow/.local/lib/python3.12/site-packages/airflow/example_dags/example_sla_dag.py for tasks to queue
[2024-04-14T13:11:48.686+0000] {logging_mixin.py:188} INFO - [2024-04-14T13:11:48.686+0000] {dagbag.py:540} INFO - Filling up the DagBag from /home/airflow/.local/lib/python3.12/site-packages/airflow/example_dags/example_sla_dag.py
[2024-04-14T13:11:48.693+0000] {processor.py:840} INFO - DAG(s) 'example_sla_dag' retrieved from /home/airflow/.local/lib/python3.12/site-packages/airflow/example_dags/example_sla_dag.py
[2024-04-14T13:11:48.708+0000] {logging_mixin.py:188} INFO - [2024-04-14T13:11:48.707+0000] {dag.py:3096} INFO - Sync 1 DAGs
[2024-04-14T13:11:48.728+0000] {logging_mixin.py:188} INFO - [2024-04-14T13:11:48.728+0000] {dag.py:3954} INFO - Setting next_dagrun for example_sla_dag to 2024-04-14 13:08:00+00:00, run_after=2024-04-14 13:10:00+00:00
[2024-04-14T13:11:48.749+0000] {processor.py:183} INFO - Processing /home/airflow/.local/lib/python3.12/site-packages/airflow/example_dags/example_sla_dag.py took 0.070 seconds
[2024-04-14T13:12:19.038+0000] {processor.py:161} INFO - Started process (PID=1458) to work on /home/airflow/.local/lib/python3.12/site-packages/airflow/example_dags/example_sla_dag.py
[2024-04-14T13:12:19.039+0000] {processor.py:830} INFO - Processing file /home/airflow/.local/lib/python3.12/site-packages/airflow/example_dags/example_sla_dag.py for tasks to queue
[2024-04-14T13:12:19.040+0000] {logging_mixin.py:188} INFO - [2024-04-14T13:12:19.040+0000] {dagbag.py:540} INFO - Filling up the DagBag from /home/airflow/.local/lib/python3.12/site-packages/airflow/example_dags/example_sla_dag.py
[2024-04-14T13:12:19.046+0000] {processor.py:840} INFO - DAG(s) 'example_sla_dag' retrieved from /home/airflow/.local/lib/python3.12/site-packages/airflow/example_dags/example_sla_dag.py
[2024-04-14T13:12:19.061+0000] {logging_mixin.py:188} INFO - [2024-04-14T13:12:19.061+0000] {dag.py:3096} INFO - Sync 1 DAGs
[2024-04-14T13:12:19.081+0000] {logging_mixin.py:188} INFO - [2024-04-14T13:12:19.081+0000] {dag.py:3954} INFO - Setting next_dagrun for example_sla_dag to 2024-04-14 13:10:00+00:00, run_after=2024-04-14 13:12:00+00:00
[2024-04-14T13:12:19.097+0000] {processor.py:183} INFO - Processing /home/airflow/.local/lib/python3.12/site-packages/airflow/example_dags/example_sla_dag.py took 0.064 seconds
[2024-04-14T13:12:49.377+0000] {processor.py:161} INFO - Started process (PID=1516) to work on /home/airflow/.local/lib/python3.12/site-packages/airflow/example_dags/example_sla_dag.py
[2024-04-14T13:12:49.378+0000] {processor.py:830} INFO - Processing file /home/airflow/.local/lib/python3.12/site-packages/airflow/example_dags/example_sla_dag.py for tasks to queue
[2024-04-14T13:12:49.379+0000] {logging_mixin.py:188} INFO - [2024-04-14T13:12:49.379+0000] {dagbag.py:540} INFO - Filling up the DagBag from /home/airflow/.local/lib/python3.12/site-packages/airflow/example_dags/example_sla_dag.py
[2024-04-14T13:12:49.386+0000] {processor.py:840} INFO - DAG(s) 'example_sla_dag' retrieved from /home/airflow/.local/lib/python3.12/site-packages/airflow/example_dags/example_sla_dag.py
[2024-04-14T13:12:49.401+0000] {logging_mixin.py:188} INFO - [2024-04-14T13:12:49.400+0000] {dag.py:3096} INFO - Sync 1 DAGs
[2024-04-14T13:12:49.421+0000] {logging_mixin.py:188} INFO - [2024-04-14T13:12:49.420+0000] {dag.py:3954} INFO - Setting next_dagrun for example_sla_dag to 2024-04-14 13:10:00+00:00, run_after=2024-04-14 13:12:00+00:00
[2024-04-14T13:12:49.438+0000] {processor.py:183} INFO - Processing /home/airflow/.local/lib/python3.12/site-packages/airflow/example_dags/example_sla_dag.py took 0.065 seconds
[2024-04-14T13:13:19.803+0000] {processor.py:161} INFO - Started process (PID=1574) to work on /home/airflow/.local/lib/python3.12/site-packages/airflow/example_dags/example_sla_dag.py
[2024-04-14T13:13:19.804+0000] {processor.py:830} INFO - Processing file /home/airflow/.local/lib/python3.12/site-packages/airflow/example_dags/example_sla_dag.py for tasks to queue
[2024-04-14T13:13:19.805+0000] {logging_mixin.py:188} INFO - [2024-04-14T13:13:19.805+0000] {dagbag.py:540} INFO - Filling up the DagBag from /home/airflow/.local/lib/python3.12/site-packages/airflow/example_dags/example_sla_dag.py
[2024-04-14T13:13:19.812+0000] {processor.py:840} INFO - DAG(s) 'example_sla_dag' retrieved from /home/airflow/.local/lib/python3.12/site-packages/airflow/example_dags/example_sla_dag.py
[2024-04-14T13:13:19.829+0000] {logging_mixin.py:188} INFO - [2024-04-14T13:13:19.829+0000] {dag.py:3096} INFO - Sync 1 DAGs
[2024-04-14T13:13:19.850+0000] {logging_mixin.py:188} INFO - [2024-04-14T13:13:19.850+0000] {dag.py:3954} INFO - Setting next_dagrun for example_sla_dag to 2024-04-14 13:10:00+00:00, run_after=2024-04-14 13:12:00+00:00
[2024-04-14T13:13:19.865+0000] {processor.py:183} INFO - Processing /home/airflow/.local/lib/python3.12/site-packages/airflow/example_dags/example_sla_dag.py took 0.067 seconds
[2024-04-14T13:13:50.640+0000] {processor.py:161} INFO - Started process (PID=1632) to work on /home/airflow/.local/lib/python3.12/site-packages/airflow/example_dags/example_sla_dag.py
[2024-04-14T13:13:50.641+0000] {processor.py:830} INFO - Processing file /home/airflow/.local/lib/python3.12/site-packages/airflow/example_dags/example_sla_dag.py for tasks to queue
[2024-04-14T13:13:50.642+0000] {logging_mixin.py:188} INFO - [2024-04-14T13:13:50.642+0000] {dagbag.py:540} INFO - Filling up the DagBag from /home/airflow/.local/lib/python3.12/site-packages/airflow/example_dags/example_sla_dag.py
[2024-04-14T13:13:50.648+0000] {processor.py:840} INFO - DAG(s) 'example_sla_dag' retrieved from /home/airflow/.local/lib/python3.12/site-packages/airflow/example_dags/example_sla_dag.py
[2024-04-14T13:13:50.663+0000] {logging_mixin.py:188} INFO - [2024-04-14T13:13:50.663+0000] {dag.py:3096} INFO - Sync 1 DAGs
[2024-04-14T13:13:50.684+0000] {logging_mixin.py:188} INFO - [2024-04-14T13:13:50.684+0000] {dag.py:3954} INFO - Setting next_dagrun for example_sla_dag to 2024-04-14 13:10:00+00:00, run_after=2024-04-14 13:12:00+00:00
[2024-04-14T13:13:50.700+0000] {processor.py:183} INFO - Processing /home/airflow/.local/lib/python3.12/site-packages/airflow/example_dags/example_sla_dag.py took 0.065 seconds
[2024-04-14T13:14:21.380+0000] {processor.py:161} INFO - Started process (PID=1690) to work on /home/airflow/.local/lib/python3.12/site-packages/airflow/example_dags/example_sla_dag.py
[2024-04-14T13:14:21.382+0000] {processor.py:830} INFO - Processing file /home/airflow/.local/lib/python3.12/site-packages/airflow/example_dags/example_sla_dag.py for tasks to queue
[2024-04-14T13:14:21.383+0000] {logging_mixin.py:188} INFO - [2024-04-14T13:14:21.383+0000] {dagbag.py:540} INFO - Filling up the DagBag from /home/airflow/.local/lib/python3.12/site-packages/airflow/example_dags/example_sla_dag.py
[2024-04-14T13:14:21.389+0000] {processor.py:840} INFO - DAG(s) 'example_sla_dag' retrieved from /home/airflow/.local/lib/python3.12/site-packages/airflow/example_dags/example_sla_dag.py
[2024-04-14T13:14:21.404+0000] {logging_mixin.py:188} INFO - [2024-04-14T13:14:21.404+0000] {dag.py:3096} INFO - Sync 1 DAGs
[2024-04-14T13:14:21.424+0000] {logging_mixin.py:188} INFO - [2024-04-14T13:14:21.424+0000] {dag.py:3954} INFO - Setting next_dagrun for example_sla_dag to 2024-04-14 13:12:00+00:00, run_after=2024-04-14 13:14:00+00:00
[2024-04-14T13:14:21.440+0000] {processor.py:183} INFO - Processing /home/airflow/.local/lib/python3.12/site-packages/airflow/example_dags/example_sla_dag.py took 0.065 seconds
[2024-04-14T13:14:51.715+0000] {processor.py:161} INFO - Started process (PID=1749) to work on /home/airflow/.local/lib/python3.12/site-packages/airflow/example_dags/example_sla_dag.py
[2024-04-14T13:14:51.716+0000] {processor.py:830} INFO - Processing file /home/airflow/.local/lib/python3.12/site-packages/airflow/example_dags/example_sla_dag.py for tasks to queue
[2024-04-14T13:14:51.719+0000] {logging_mixin.py:188} INFO - [2024-04-14T13:14:51.719+0000] {dagbag.py:540} INFO - Filling up the DagBag from /home/airflow/.local/lib/python3.12/site-packages/airflow/example_dags/example_sla_dag.py
[2024-04-14T13:14:51.726+0000] {processor.py:840} INFO - DAG(s) 'example_sla_dag' retrieved from /home/airflow/.local/lib/python3.12/site-packages/airflow/example_dags/example_sla_dag.py
[2024-04-14T13:14:51.745+0000] {logging_mixin.py:188} INFO - [2024-04-14T13:14:51.745+0000] {dag.py:3096} INFO - Sync 1 DAGs
[2024-04-14T13:14:51.769+0000] {logging_mixin.py:188} INFO - [2024-04-14T13:14:51.768+0000] {dag.py:3954} INFO - Setting next_dagrun for example_sla_dag to 2024-04-14 13:12:00+00:00, run_after=2024-04-14 13:14:00+00:00
[2024-04-14T13:14:51.788+0000] {processor.py:183} INFO - Processing /home/airflow/.local/lib/python3.12/site-packages/airflow/example_dags/example_sla_dag.py took 0.078 seconds
[2024-04-14T13:15:22.349+0000] {processor.py:161} INFO - Started process (PID=1807) to work on /home/airflow/.local/lib/python3.12/site-packages/airflow/example_dags/example_sla_dag.py
[2024-04-14T13:15:22.350+0000] {processor.py:830} INFO - Processing file /home/airflow/.local/lib/python3.12/site-packages/airflow/example_dags/example_sla_dag.py for tasks to queue
[2024-04-14T13:15:22.352+0000] {logging_mixin.py:188} INFO - [2024-04-14T13:15:22.351+0000] {dagbag.py:540} INFO - Filling up the DagBag from /home/airflow/.local/lib/python3.12/site-packages/airflow/example_dags/example_sla_dag.py
[2024-04-14T13:15:22.358+0000] {processor.py:840} INFO - DAG(s) 'example_sla_dag' retrieved from /home/airflow/.local/lib/python3.12/site-packages/airflow/example_dags/example_sla_dag.py
[2024-04-14T13:15:22.372+0000] {logging_mixin.py:188} INFO - [2024-04-14T13:15:22.372+0000] {dag.py:3096} INFO - Sync 1 DAGs
[2024-04-14T13:15:22.393+0000] {logging_mixin.py:188} INFO - [2024-04-14T13:15:22.392+0000] {dag.py:3954} INFO - Setting next_dagrun for example_sla_dag to 2024-04-14 13:12:00+00:00, run_after=2024-04-14 13:14:00+00:00
[2024-04-14T13:15:22.407+0000] {processor.py:183} INFO - Processing /home/airflow/.local/lib/python3.12/site-packages/airflow/example_dags/example_sla_dag.py took 0.062 seconds
[2024-04-14T13:15:52.795+0000] {processor.py:161} INFO - Started process (PID=1866) to work on /home/airflow/.local/lib/python3.12/site-packages/airflow/example_dags/example_sla_dag.py
[2024-04-14T13:15:52.796+0000] {processor.py:830} INFO - Processing file /home/airflow/.local/lib/python3.12/site-packages/airflow/example_dags/example_sla_dag.py for tasks to queue
[2024-04-14T13:15:52.798+0000] {logging_mixin.py:188} INFO - [2024-04-14T13:15:52.797+0000] {dagbag.py:540} INFO - Filling up the DagBag from /home/airflow/.local/lib/python3.12/site-packages/airflow/example_dags/example_sla_dag.py
[2024-04-14T13:15:52.804+0000] {processor.py:840} INFO - DAG(s) 'example_sla_dag' retrieved from /home/airflow/.local/lib/python3.12/site-packages/airflow/example_dags/example_sla_dag.py
[2024-04-14T13:15:52.819+0000] {logging_mixin.py:188} INFO - [2024-04-14T13:15:52.819+0000] {dag.py:3096} INFO - Sync 1 DAGs
[2024-04-14T13:15:52.840+0000] {logging_mixin.py:188} INFO - [2024-04-14T13:15:52.839+0000] {dag.py:3954} INFO - Setting next_dagrun for example_sla_dag to 2024-04-14 13:12:00+00:00, run_after=2024-04-14 13:14:00+00:00
[2024-04-14T13:15:52.854+0000] {processor.py:183} INFO - Processing /home/airflow/.local/lib/python3.12/site-packages/airflow/example_dags/example_sla_dag.py took 0.064 seconds
[2024-04-14T13:16:23.263+0000] {processor.py:161} INFO - Started process (PID=1924) to work on /home/airflow/.local/lib/python3.12/site-packages/airflow/example_dags/example_sla_dag.py
[2024-04-14T13:16:23.264+0000] {processor.py:830} INFO - Processing file /home/airflow/.local/lib/python3.12/site-packages/airflow/example_dags/example_sla_dag.py for tasks to queue
[2024-04-14T13:16:23.265+0000] {logging_mixin.py:188} INFO - [2024-04-14T13:16:23.265+0000] {dagbag.py:540} INFO - Filling up the DagBag from /home/airflow/.local/lib/python3.12/site-packages/airflow/example_dags/example_sla_dag.py
[2024-04-14T13:16:23.271+0000] {processor.py:840} INFO - DAG(s) 'example_sla_dag' retrieved from /home/airflow/.local/lib/python3.12/site-packages/airflow/example_dags/example_sla_dag.py
[2024-04-14T13:16:23.286+0000] {logging_mixin.py:188} INFO - [2024-04-14T13:16:23.285+0000] {dag.py:3096} INFO - Sync 1 DAGs
[2024-04-14T13:16:23.306+0000] {logging_mixin.py:188} INFO - [2024-04-14T13:16:23.305+0000] {dag.py:3954} INFO - Setting next_dagrun for example_sla_dag to 2024-04-14 13:14:00+00:00, run_after=2024-04-14 13:16:00+00:00
[2024-04-14T13:16:23.322+0000] {processor.py:183} INFO - Processing /home/airflow/.local/lib/python3.12/site-packages/airflow/example_dags/example_sla_dag.py took 0.063 seconds
[2024-04-14T13:16:53.743+0000] {processor.py:161} INFO - Started process (PID=1983) to work on /home/airflow/.local/lib/python3.12/site-packages/airflow/example_dags/example_sla_dag.py
[2024-04-14T13:16:53.744+0000] {processor.py:830} INFO - Processing file /home/airflow/.local/lib/python3.12/site-packages/airflow/example_dags/example_sla_dag.py for tasks to queue
[2024-04-14T13:16:53.745+0000] {logging_mixin.py:188} INFO - [2024-04-14T13:16:53.745+0000] {dagbag.py:540} INFO - Filling up the DagBag from /home/airflow/.local/lib/python3.12/site-packages/airflow/example_dags/example_sla_dag.py
[2024-04-14T13:16:53.751+0000] {processor.py:840} INFO - DAG(s) 'example_sla_dag' retrieved from /home/airflow/.local/lib/python3.12/site-packages/airflow/example_dags/example_sla_dag.py
[2024-04-14T13:16:53.766+0000] {logging_mixin.py:188} INFO - [2024-04-14T13:16:53.766+0000] {dag.py:3096} INFO - Sync 1 DAGs
[2024-04-14T13:16:53.787+0000] {logging_mixin.py:188} INFO - [2024-04-14T13:16:53.787+0000] {dag.py:3954} INFO - Setting next_dagrun for example_sla_dag to 2024-04-14 13:14:00+00:00, run_after=2024-04-14 13:16:00+00:00
[2024-04-14T13:16:53.802+0000] {processor.py:183} INFO - Processing /home/airflow/.local/lib/python3.12/site-packages/airflow/example_dags/example_sla_dag.py took 0.064 seconds
[2024-04-14T13:17:24.023+0000] {processor.py:161} INFO - Started process (PID=2042) to work on /home/airflow/.local/lib/python3.12/site-packages/airflow/example_dags/example_sla_dag.py
[2024-04-14T13:17:24.024+0000] {processor.py:830} INFO - Processing file /home/airflow/.local/lib/python3.12/site-packages/airflow/example_dags/example_sla_dag.py for tasks to queue
[2024-04-14T13:17:24.025+0000] {logging_mixin.py:188} INFO - [2024-04-14T13:17:24.025+0000] {dagbag.py:540} INFO - Filling up the DagBag from /home/airflow/.local/lib/python3.12/site-packages/airflow/example_dags/example_sla_dag.py
[2024-04-14T13:17:24.031+0000] {processor.py:840} INFO - DAG(s) 'example_sla_dag' retrieved from /home/airflow/.local/lib/python3.12/site-packages/airflow/example_dags/example_sla_dag.py
[2024-04-14T13:17:24.046+0000] {logging_mixin.py:188} INFO - [2024-04-14T13:17:24.046+0000] {dag.py:3096} INFO - Sync 1 DAGs
[2024-04-14T13:17:24.069+0000] {logging_mixin.py:188} INFO - [2024-04-14T13:17:24.069+0000] {dag.py:3954} INFO - Setting next_dagrun for example_sla_dag to 2024-04-14 13:14:00+00:00, run_after=2024-04-14 13:16:00+00:00
[2024-04-14T13:17:24.085+0000] {processor.py:183} INFO - Processing /home/airflow/.local/lib/python3.12/site-packages/airflow/example_dags/example_sla_dag.py took 0.067 seconds
[2024-04-14T13:17:54.472+0000] {processor.py:161} INFO - Started process (PID=2100) to work on /home/airflow/.local/lib/python3.12/site-packages/airflow/example_dags/example_sla_dag.py
[2024-04-14T13:17:54.472+0000] {processor.py:830} INFO - Processing file /home/airflow/.local/lib/python3.12/site-packages/airflow/example_dags/example_sla_dag.py for tasks to queue
[2024-04-14T13:17:54.474+0000] {logging_mixin.py:188} INFO - [2024-04-14T13:17:54.473+0000] {dagbag.py:540} INFO - Filling up the DagBag from /home/airflow/.local/lib/python3.12/site-packages/airflow/example_dags/example_sla_dag.py
[2024-04-14T13:17:54.480+0000] {processor.py:840} INFO - DAG(s) 'example_sla_dag' retrieved from /home/airflow/.local/lib/python3.12/site-packages/airflow/example_dags/example_sla_dag.py
[2024-04-14T13:17:54.495+0000] {logging_mixin.py:188} INFO - [2024-04-14T13:17:54.494+0000] {dag.py:3096} INFO - Sync 1 DAGs
[2024-04-14T13:17:54.515+0000] {logging_mixin.py:188} INFO - [2024-04-14T13:17:54.515+0000] {dag.py:3954} INFO - Setting next_dagrun for example_sla_dag to 2024-04-14 13:14:00+00:00, run_after=2024-04-14 13:16:00+00:00
[2024-04-14T13:17:54.530+0000] {processor.py:183} INFO - Processing /home/airflow/.local/lib/python3.12/site-packages/airflow/example_dags/example_sla_dag.py took 0.063 seconds
[2024-04-14T13:18:24.806+0000] {processor.py:161} INFO - Started process (PID=2158) to work on /home/airflow/.local/lib/python3.12/site-packages/airflow/example_dags/example_sla_dag.py
[2024-04-14T13:18:24.806+0000] {processor.py:830} INFO - Processing file /home/airflow/.local/lib/python3.12/site-packages/airflow/example_dags/example_sla_dag.py for tasks to queue
[2024-04-14T13:18:24.808+0000] {logging_mixin.py:188} INFO - [2024-04-14T13:18:24.808+0000] {dagbag.py:540} INFO - Filling up the DagBag from /home/airflow/.local/lib/python3.12/site-packages/airflow/example_dags/example_sla_dag.py
[2024-04-14T13:18:24.814+0000] {processor.py:840} INFO - DAG(s) 'example_sla_dag' retrieved from /home/airflow/.local/lib/python3.12/site-packages/airflow/example_dags/example_sla_dag.py
[2024-04-14T13:18:24.830+0000] {logging_mixin.py:188} INFO - [2024-04-14T13:18:24.830+0000] {dag.py:3096} INFO - Sync 1 DAGs
[2024-04-14T13:18:24.852+0000] {logging_mixin.py:188} INFO - [2024-04-14T13:18:24.851+0000] {dag.py:3954} INFO - Setting next_dagrun for example_sla_dag to 2024-04-14 13:16:00+00:00, run_after=2024-04-14 13:18:00+00:00
[2024-04-14T13:18:24.869+0000] {processor.py:183} INFO - Processing /home/airflow/.local/lib/python3.12/site-packages/airflow/example_dags/example_sla_dag.py took 0.068 seconds
[2024-04-14T13:18:55.606+0000] {processor.py:161} INFO - Started process (PID=2217) to work on /home/airflow/.local/lib/python3.12/site-packages/airflow/example_dags/example_sla_dag.py
[2024-04-14T13:18:55.607+0000] {processor.py:830} INFO - Processing file /home/airflow/.local/lib/python3.12/site-packages/airflow/example_dags/example_sla_dag.py for tasks to queue
[2024-04-14T13:18:55.609+0000] {logging_mixin.py:188} INFO - [2024-04-14T13:18:55.608+0000] {dagbag.py:540} INFO - Filling up the DagBag from /home/airflow/.local/lib/python3.12/site-packages/airflow/example_dags/example_sla_dag.py
[2024-04-14T13:18:55.615+0000] {processor.py:840} INFO - DAG(s) 'example_sla_dag' retrieved from /home/airflow/.local/lib/python3.12/site-packages/airflow/example_dags/example_sla_dag.py
[2024-04-14T13:18:55.632+0000] {logging_mixin.py:188} INFO - [2024-04-14T13:18:55.632+0000] {dag.py:3096} INFO - Sync 1 DAGs
[2024-04-14T13:18:55.659+0000] {logging_mixin.py:188} INFO - [2024-04-14T13:18:55.659+0000] {dag.py:3954} INFO - Setting next_dagrun for example_sla_dag to 2024-04-14 13:16:00+00:00, run_after=2024-04-14 13:18:00+00:00
[2024-04-14T13:18:55.678+0000] {processor.py:183} INFO - Processing /home/airflow/.local/lib/python3.12/site-packages/airflow/example_dags/example_sla_dag.py took 0.078 seconds
[2024-04-14T13:19:26.476+0000] {processor.py:161} INFO - Started process (PID=2275) to work on /home/airflow/.local/lib/python3.12/site-packages/airflow/example_dags/example_sla_dag.py
[2024-04-14T13:19:26.477+0000] {processor.py:830} INFO - Processing file /home/airflow/.local/lib/python3.12/site-packages/airflow/example_dags/example_sla_dag.py for tasks to queue
[2024-04-14T13:19:26.478+0000] {logging_mixin.py:188} INFO - [2024-04-14T13:19:26.478+0000] {dagbag.py:540} INFO - Filling up the DagBag from /home/airflow/.local/lib/python3.12/site-packages/airflow/example_dags/example_sla_dag.py
[2024-04-14T13:19:26.484+0000] {processor.py:840} INFO - DAG(s) 'example_sla_dag' retrieved from /home/airflow/.local/lib/python3.12/site-packages/airflow/example_dags/example_sla_dag.py
[2024-04-14T13:19:26.499+0000] {logging_mixin.py:188} INFO - [2024-04-14T13:19:26.499+0000] {dag.py:3096} INFO - Sync 1 DAGs
[2024-04-14T13:19:26.519+0000] {logging_mixin.py:188} INFO - [2024-04-14T13:19:26.519+0000] {dag.py:3954} INFO - Setting next_dagrun for example_sla_dag to 2024-04-14 13:16:00+00:00, run_after=2024-04-14 13:18:00+00:00
[2024-04-14T13:19:26.534+0000] {processor.py:183} INFO - Processing /home/airflow/.local/lib/python3.12/site-packages/airflow/example_dags/example_sla_dag.py took 0.063 seconds
[2024-04-14T13:19:56.821+0000] {processor.py:161} INFO - Started process (PID=2333) to work on /home/airflow/.local/lib/python3.12/site-packages/airflow/example_dags/example_sla_dag.py
[2024-04-14T13:19:56.822+0000] {processor.py:830} INFO - Processing file /home/airflow/.local/lib/python3.12/site-packages/airflow/example_dags/example_sla_dag.py for tasks to queue
[2024-04-14T13:19:56.824+0000] {logging_mixin.py:188} INFO - [2024-04-14T13:19:56.824+0000] {dagbag.py:540} INFO - Filling up the DagBag from /home/airflow/.local/lib/python3.12/site-packages/airflow/example_dags/example_sla_dag.py
[2024-04-14T13:19:56.831+0000] {processor.py:840} INFO - DAG(s) 'example_sla_dag' retrieved from /home/airflow/.local/lib/python3.12/site-packages/airflow/example_dags/example_sla_dag.py
[2024-04-14T13:19:56.848+0000] {logging_mixin.py:188} INFO - [2024-04-14T13:19:56.847+0000] {dag.py:3096} INFO - Sync 1 DAGs
[2024-04-14T13:19:56.870+0000] {logging_mixin.py:188} INFO - [2024-04-14T13:19:56.869+0000] {dag.py:3954} INFO - Setting next_dagrun for example_sla_dag to 2024-04-14 13:16:00+00:00, run_after=2024-04-14 13:18:00+00:00
[2024-04-14T13:19:56.885+0000] {processor.py:183} INFO - Processing /home/airflow/.local/lib/python3.12/site-packages/airflow/example_dags/example_sla_dag.py took 0.069 seconds
