[2024-04-14T13:00:02.849+0000] {processor.py:161} INFO - Started process (PID=49) to work on /home/airflow/.local/lib/python3.12/site-packages/airflow/example_dags/example_sensor_decorator.py
[2024-04-14T13:00:02.850+0000] {processor.py:830} INFO - Processing file /home/airflow/.local/lib/python3.12/site-packages/airflow/example_dags/example_sensor_decorator.py for tasks to queue
[2024-04-14T13:00:02.875+0000] {logging_mixin.py:188} INFO - [2024-04-14T13:00:02.875+0000] {dagbag.py:540} INFO - Filling up the DagBag from /home/airflow/.local/lib/python3.12/site-packages/airflow/example_dags/example_sensor_decorator.py
[2024-04-14T13:00:02.893+0000] {processor.py:840} INFO - DAG(s) 'example_sensor_decorator' retrieved from /home/airflow/.local/lib/python3.12/site-packages/airflow/example_dags/example_sensor_decorator.py
[2024-04-14T13:00:02.918+0000] {logging_mixin.py:188} INFO - [2024-04-14T13:00:02.917+0000] {dag.py:3096} INFO - Sync 1 DAGs
[2024-04-14T13:00:02.945+0000] {logging_mixin.py:188} INFO - [2024-04-14T13:00:02.945+0000] {dag.py:3954} INFO - Setting next_dagrun for example_sensor_decorator to None, run_after=None
[2024-04-14T13:00:02.970+0000] {processor.py:183} INFO - Processing /home/airflow/.local/lib/python3.12/site-packages/airflow/example_dags/example_sensor_decorator.py took 0.126 seconds
[2024-04-14T13:00:33.897+0000] {processor.py:161} INFO - Started process (PID=106) to work on /home/airflow/.local/lib/python3.12/site-packages/airflow/example_dags/example_sensor_decorator.py
[2024-04-14T13:00:33.898+0000] {processor.py:830} INFO - Processing file /home/airflow/.local/lib/python3.12/site-packages/airflow/example_dags/example_sensor_decorator.py for tasks to queue
[2024-04-14T13:00:33.899+0000] {logging_mixin.py:188} INFO - [2024-04-14T13:00:33.899+0000] {dagbag.py:540} INFO - Filling up the DagBag from /home/airflow/.local/lib/python3.12/site-packages/airflow/example_dags/example_sensor_decorator.py
[2024-04-14T13:00:33.904+0000] {processor.py:840} INFO - DAG(s) 'example_sensor_decorator' retrieved from /home/airflow/.local/lib/python3.12/site-packages/airflow/example_dags/example_sensor_decorator.py
[2024-04-14T13:00:33.992+0000] {logging_mixin.py:188} INFO - [2024-04-14T13:00:33.991+0000] {dag.py:3096} INFO - Sync 1 DAGs
[2024-04-14T13:00:34.001+0000] {logging_mixin.py:188} INFO - [2024-04-14T13:00:34.001+0000] {dag.py:3954} INFO - Setting next_dagrun for example_sensor_decorator to None, run_after=None
[2024-04-14T13:00:34.020+0000] {processor.py:183} INFO - Processing /home/airflow/.local/lib/python3.12/site-packages/airflow/example_dags/example_sensor_decorator.py took 0.127 seconds
[2024-04-14T13:01:04.549+0000] {processor.py:161} INFO - Started process (PID=164) to work on /home/airflow/.local/lib/python3.12/site-packages/airflow/example_dags/example_sensor_decorator.py
[2024-04-14T13:01:04.550+0000] {processor.py:830} INFO - Processing file /home/airflow/.local/lib/python3.12/site-packages/airflow/example_dags/example_sensor_decorator.py for tasks to queue
[2024-04-14T13:01:04.551+0000] {logging_mixin.py:188} INFO - [2024-04-14T13:01:04.551+0000] {dagbag.py:540} INFO - Filling up the DagBag from /home/airflow/.local/lib/python3.12/site-packages/airflow/example_dags/example_sensor_decorator.py
[2024-04-14T13:01:04.555+0000] {processor.py:840} INFO - DAG(s) 'example_sensor_decorator' retrieved from /home/airflow/.local/lib/python3.12/site-packages/airflow/example_dags/example_sensor_decorator.py
[2024-04-14T13:01:04.571+0000] {logging_mixin.py:188} INFO - [2024-04-14T13:01:04.571+0000] {dag.py:3096} INFO - Sync 1 DAGs
[2024-04-14T13:01:04.584+0000] {logging_mixin.py:188} INFO - [2024-04-14T13:01:04.584+0000] {dag.py:3954} INFO - Setting next_dagrun for example_sensor_decorator to None, run_after=None
[2024-04-14T13:01:04.602+0000] {processor.py:183} INFO - Processing /home/airflow/.local/lib/python3.12/site-packages/airflow/example_dags/example_sensor_decorator.py took 0.058 seconds
[2024-04-14T13:01:34.703+0000] {processor.py:161} INFO - Started process (PID=222) to work on /home/airflow/.local/lib/python3.12/site-packages/airflow/example_dags/example_sensor_decorator.py
[2024-04-14T13:01:34.704+0000] {processor.py:830} INFO - Processing file /home/airflow/.local/lib/python3.12/site-packages/airflow/example_dags/example_sensor_decorator.py for tasks to queue
[2024-04-14T13:01:34.705+0000] {logging_mixin.py:188} INFO - [2024-04-14T13:01:34.705+0000] {dagbag.py:540} INFO - Filling up the DagBag from /home/airflow/.local/lib/python3.12/site-packages/airflow/example_dags/example_sensor_decorator.py
[2024-04-14T13:01:34.710+0000] {processor.py:840} INFO - DAG(s) 'example_sensor_decorator' retrieved from /home/airflow/.local/lib/python3.12/site-packages/airflow/example_dags/example_sensor_decorator.py
[2024-04-14T13:01:34.727+0000] {logging_mixin.py:188} INFO - [2024-04-14T13:01:34.726+0000] {dag.py:3096} INFO - Sync 1 DAGs
[2024-04-14T13:01:34.739+0000] {logging_mixin.py:188} INFO - [2024-04-14T13:01:34.738+0000] {dag.py:3954} INFO - Setting next_dagrun for example_sensor_decorator to None, run_after=None
[2024-04-14T13:01:34.757+0000] {processor.py:183} INFO - Processing /home/airflow/.local/lib/python3.12/site-packages/airflow/example_dags/example_sensor_decorator.py took 0.058 seconds
[2024-04-14T13:02:04.934+0000] {processor.py:161} INFO - Started process (PID=280) to work on /home/airflow/.local/lib/python3.12/site-packages/airflow/example_dags/example_sensor_decorator.py
[2024-04-14T13:02:04.935+0000] {processor.py:830} INFO - Processing file /home/airflow/.local/lib/python3.12/site-packages/airflow/example_dags/example_sensor_decorator.py for tasks to queue
[2024-04-14T13:02:04.936+0000] {logging_mixin.py:188} INFO - [2024-04-14T13:02:04.936+0000] {dagbag.py:540} INFO - Filling up the DagBag from /home/airflow/.local/lib/python3.12/site-packages/airflow/example_dags/example_sensor_decorator.py
[2024-04-14T13:02:04.941+0000] {processor.py:840} INFO - DAG(s) 'example_sensor_decorator' retrieved from /home/airflow/.local/lib/python3.12/site-packages/airflow/example_dags/example_sensor_decorator.py
[2024-04-14T13:02:04.957+0000] {logging_mixin.py:188} INFO - [2024-04-14T13:02:04.957+0000] {dag.py:3096} INFO - Sync 1 DAGs
[2024-04-14T13:02:04.968+0000] {logging_mixin.py:188} INFO - [2024-04-14T13:02:04.968+0000] {dag.py:3954} INFO - Setting next_dagrun for example_sensor_decorator to None, run_after=None
[2024-04-14T13:02:04.987+0000] {processor.py:183} INFO - Processing /home/airflow/.local/lib/python3.12/site-packages/airflow/example_dags/example_sensor_decorator.py took 0.057 seconds
[2024-04-14T13:02:35.271+0000] {processor.py:161} INFO - Started process (PID=338) to work on /home/airflow/.local/lib/python3.12/site-packages/airflow/example_dags/example_sensor_decorator.py
[2024-04-14T13:02:35.272+0000] {processor.py:830} INFO - Processing file /home/airflow/.local/lib/python3.12/site-packages/airflow/example_dags/example_sensor_decorator.py for tasks to queue
[2024-04-14T13:02:35.273+0000] {logging_mixin.py:188} INFO - [2024-04-14T13:02:35.273+0000] {dagbag.py:540} INFO - Filling up the DagBag from /home/airflow/.local/lib/python3.12/site-packages/airflow/example_dags/example_sensor_decorator.py
[2024-04-14T13:02:35.278+0000] {processor.py:840} INFO - DAG(s) 'example_sensor_decorator' retrieved from /home/airflow/.local/lib/python3.12/site-packages/airflow/example_dags/example_sensor_decorator.py
[2024-04-14T13:02:35.295+0000] {logging_mixin.py:188} INFO - [2024-04-14T13:02:35.295+0000] {dag.py:3096} INFO - Sync 1 DAGs
[2024-04-14T13:02:35.306+0000] {logging_mixin.py:188} INFO - [2024-04-14T13:02:35.305+0000] {dag.py:3954} INFO - Setting next_dagrun for example_sensor_decorator to None, run_after=None
[2024-04-14T13:02:35.323+0000] {processor.py:183} INFO - Processing /home/airflow/.local/lib/python3.12/site-packages/airflow/example_dags/example_sensor_decorator.py took 0.057 seconds
[2024-04-14T13:03:05.716+0000] {processor.py:161} INFO - Started process (PID=396) to work on /home/airflow/.local/lib/python3.12/site-packages/airflow/example_dags/example_sensor_decorator.py
[2024-04-14T13:03:05.717+0000] {processor.py:830} INFO - Processing file /home/airflow/.local/lib/python3.12/site-packages/airflow/example_dags/example_sensor_decorator.py for tasks to queue
[2024-04-14T13:03:05.718+0000] {logging_mixin.py:188} INFO - [2024-04-14T13:03:05.718+0000] {dagbag.py:540} INFO - Filling up the DagBag from /home/airflow/.local/lib/python3.12/site-packages/airflow/example_dags/example_sensor_decorator.py
[2024-04-14T13:03:05.722+0000] {processor.py:840} INFO - DAG(s) 'example_sensor_decorator' retrieved from /home/airflow/.local/lib/python3.12/site-packages/airflow/example_dags/example_sensor_decorator.py
[2024-04-14T13:03:05.737+0000] {logging_mixin.py:188} INFO - [2024-04-14T13:03:05.737+0000] {dag.py:3096} INFO - Sync 1 DAGs
[2024-04-14T13:03:05.748+0000] {logging_mixin.py:188} INFO - [2024-04-14T13:03:05.748+0000] {dag.py:3954} INFO - Setting next_dagrun for example_sensor_decorator to None, run_after=None
[2024-04-14T13:03:05.765+0000] {processor.py:183} INFO - Processing /home/airflow/.local/lib/python3.12/site-packages/airflow/example_dags/example_sensor_decorator.py took 0.053 seconds
[2024-04-14T13:03:36.760+0000] {processor.py:161} INFO - Started process (PID=455) to work on /home/airflow/.local/lib/python3.12/site-packages/airflow/example_dags/example_sensor_decorator.py
[2024-04-14T13:03:36.761+0000] {processor.py:830} INFO - Processing file /home/airflow/.local/lib/python3.12/site-packages/airflow/example_dags/example_sensor_decorator.py for tasks to queue
[2024-04-14T13:03:36.763+0000] {logging_mixin.py:188} INFO - [2024-04-14T13:03:36.763+0000] {dagbag.py:540} INFO - Filling up the DagBag from /home/airflow/.local/lib/python3.12/site-packages/airflow/example_dags/example_sensor_decorator.py
[2024-04-14T13:03:36.767+0000] {processor.py:840} INFO - DAG(s) 'example_sensor_decorator' retrieved from /home/airflow/.local/lib/python3.12/site-packages/airflow/example_dags/example_sensor_decorator.py
[2024-04-14T13:03:36.783+0000] {logging_mixin.py:188} INFO - [2024-04-14T13:03:36.783+0000] {dag.py:3096} INFO - Sync 1 DAGs
[2024-04-14T13:03:36.795+0000] {logging_mixin.py:188} INFO - [2024-04-14T13:03:36.795+0000] {dag.py:3954} INFO - Setting next_dagrun for example_sensor_decorator to None, run_after=None
[2024-04-14T13:03:36.812+0000] {processor.py:183} INFO - Processing /home/airflow/.local/lib/python3.12/site-packages/airflow/example_dags/example_sensor_decorator.py took 0.057 seconds
[2024-04-14T13:04:07.495+0000] {processor.py:161} INFO - Started process (PID=514) to work on /home/airflow/.local/lib/python3.12/site-packages/airflow/example_dags/example_sensor_decorator.py
[2024-04-14T13:04:07.496+0000] {processor.py:830} INFO - Processing file /home/airflow/.local/lib/python3.12/site-packages/airflow/example_dags/example_sensor_decorator.py for tasks to queue
[2024-04-14T13:04:07.498+0000] {logging_mixin.py:188} INFO - [2024-04-14T13:04:07.497+0000] {dagbag.py:540} INFO - Filling up the DagBag from /home/airflow/.local/lib/python3.12/site-packages/airflow/example_dags/example_sensor_decorator.py
[2024-04-14T13:04:07.502+0000] {processor.py:840} INFO - DAG(s) 'example_sensor_decorator' retrieved from /home/airflow/.local/lib/python3.12/site-packages/airflow/example_dags/example_sensor_decorator.py
[2024-04-14T13:04:07.518+0000] {logging_mixin.py:188} INFO - [2024-04-14T13:04:07.518+0000] {dag.py:3096} INFO - Sync 1 DAGs
[2024-04-14T13:04:07.529+0000] {logging_mixin.py:188} INFO - [2024-04-14T13:04:07.529+0000] {dag.py:3954} INFO - Setting next_dagrun for example_sensor_decorator to None, run_after=None
[2024-04-14T13:04:07.546+0000] {processor.py:183} INFO - Processing /home/airflow/.local/lib/python3.12/site-packages/airflow/example_dags/example_sensor_decorator.py took 0.055 seconds
[2024-04-14T13:04:38.499+0000] {processor.py:161} INFO - Started process (PID=572) to work on /home/airflow/.local/lib/python3.12/site-packages/airflow/example_dags/example_sensor_decorator.py
[2024-04-14T13:04:38.500+0000] {processor.py:830} INFO - Processing file /home/airflow/.local/lib/python3.12/site-packages/airflow/example_dags/example_sensor_decorator.py for tasks to queue
[2024-04-14T13:04:38.501+0000] {logging_mixin.py:188} INFO - [2024-04-14T13:04:38.501+0000] {dagbag.py:540} INFO - Filling up the DagBag from /home/airflow/.local/lib/python3.12/site-packages/airflow/example_dags/example_sensor_decorator.py
[2024-04-14T13:04:38.506+0000] {processor.py:840} INFO - DAG(s) 'example_sensor_decorator' retrieved from /home/airflow/.local/lib/python3.12/site-packages/airflow/example_dags/example_sensor_decorator.py
[2024-04-14T13:04:38.521+0000] {logging_mixin.py:188} INFO - [2024-04-14T13:04:38.520+0000] {dag.py:3096} INFO - Sync 1 DAGs
[2024-04-14T13:04:38.531+0000] {logging_mixin.py:188} INFO - [2024-04-14T13:04:38.531+0000] {dag.py:3954} INFO - Setting next_dagrun for example_sensor_decorator to None, run_after=None
[2024-04-14T13:04:38.548+0000] {processor.py:183} INFO - Processing /home/airflow/.local/lib/python3.12/site-packages/airflow/example_dags/example_sensor_decorator.py took 0.053 seconds
[2024-04-14T13:05:08.759+0000] {processor.py:161} INFO - Started process (PID=630) to work on /home/airflow/.local/lib/python3.12/site-packages/airflow/example_dags/example_sensor_decorator.py
[2024-04-14T13:05:08.759+0000] {processor.py:830} INFO - Processing file /home/airflow/.local/lib/python3.12/site-packages/airflow/example_dags/example_sensor_decorator.py for tasks to queue
[2024-04-14T13:05:08.761+0000] {logging_mixin.py:188} INFO - [2024-04-14T13:05:08.761+0000] {dagbag.py:540} INFO - Filling up the DagBag from /home/airflow/.local/lib/python3.12/site-packages/airflow/example_dags/example_sensor_decorator.py
[2024-04-14T13:05:08.765+0000] {processor.py:840} INFO - DAG(s) 'example_sensor_decorator' retrieved from /home/airflow/.local/lib/python3.12/site-packages/airflow/example_dags/example_sensor_decorator.py
[2024-04-14T13:05:08.781+0000] {logging_mixin.py:188} INFO - [2024-04-14T13:05:08.781+0000] {dag.py:3096} INFO - Sync 1 DAGs
[2024-04-14T13:05:08.792+0000] {logging_mixin.py:188} INFO - [2024-04-14T13:05:08.792+0000] {dag.py:3954} INFO - Setting next_dagrun for example_sensor_decorator to None, run_after=None
[2024-04-14T13:05:08.810+0000] {processor.py:183} INFO - Processing /home/airflow/.local/lib/python3.12/site-packages/airflow/example_dags/example_sensor_decorator.py took 0.056 seconds
[2024-04-14T13:05:39.853+0000] {processor.py:161} INFO - Started process (PID=689) to work on /home/airflow/.local/lib/python3.12/site-packages/airflow/example_dags/example_sensor_decorator.py
[2024-04-14T13:05:39.854+0000] {processor.py:830} INFO - Processing file /home/airflow/.local/lib/python3.12/site-packages/airflow/example_dags/example_sensor_decorator.py for tasks to queue
[2024-04-14T13:05:39.856+0000] {logging_mixin.py:188} INFO - [2024-04-14T13:05:39.855+0000] {dagbag.py:540} INFO - Filling up the DagBag from /home/airflow/.local/lib/python3.12/site-packages/airflow/example_dags/example_sensor_decorator.py
[2024-04-14T13:05:39.860+0000] {processor.py:840} INFO - DAG(s) 'example_sensor_decorator' retrieved from /home/airflow/.local/lib/python3.12/site-packages/airflow/example_dags/example_sensor_decorator.py
[2024-04-14T13:05:39.877+0000] {logging_mixin.py:188} INFO - [2024-04-14T13:05:39.877+0000] {dag.py:3096} INFO - Sync 1 DAGs
[2024-04-14T13:05:39.889+0000] {logging_mixin.py:188} INFO - [2024-04-14T13:05:39.889+0000] {dag.py:3954} INFO - Setting next_dagrun for example_sensor_decorator to None, run_after=None
[2024-04-14T13:05:39.908+0000] {processor.py:183} INFO - Processing /home/airflow/.local/lib/python3.12/site-packages/airflow/example_dags/example_sensor_decorator.py took 0.060 seconds
[2024-04-14T13:06:10.487+0000] {processor.py:161} INFO - Started process (PID=747) to work on /home/airflow/.local/lib/python3.12/site-packages/airflow/example_dags/example_sensor_decorator.py
[2024-04-14T13:06:10.488+0000] {processor.py:830} INFO - Processing file /home/airflow/.local/lib/python3.12/site-packages/airflow/example_dags/example_sensor_decorator.py for tasks to queue
[2024-04-14T13:06:10.489+0000] {logging_mixin.py:188} INFO - [2024-04-14T13:06:10.489+0000] {dagbag.py:540} INFO - Filling up the DagBag from /home/airflow/.local/lib/python3.12/site-packages/airflow/example_dags/example_sensor_decorator.py
[2024-04-14T13:06:10.493+0000] {processor.py:840} INFO - DAG(s) 'example_sensor_decorator' retrieved from /home/airflow/.local/lib/python3.12/site-packages/airflow/example_dags/example_sensor_decorator.py
[2024-04-14T13:06:10.509+0000] {logging_mixin.py:188} INFO - [2024-04-14T13:06:10.508+0000] {dag.py:3096} INFO - Sync 1 DAGs
[2024-04-14T13:06:10.519+0000] {logging_mixin.py:188} INFO - [2024-04-14T13:06:10.519+0000] {dag.py:3954} INFO - Setting next_dagrun for example_sensor_decorator to None, run_after=None
[2024-04-14T13:06:10.537+0000] {processor.py:183} INFO - Processing /home/airflow/.local/lib/python3.12/site-packages/airflow/example_dags/example_sensor_decorator.py took 0.055 seconds
[2024-04-14T13:06:41.295+0000] {processor.py:161} INFO - Started process (PID=805) to work on /home/airflow/.local/lib/python3.12/site-packages/airflow/example_dags/example_sensor_decorator.py
[2024-04-14T13:06:41.296+0000] {processor.py:830} INFO - Processing file /home/airflow/.local/lib/python3.12/site-packages/airflow/example_dags/example_sensor_decorator.py for tasks to queue
[2024-04-14T13:06:41.297+0000] {logging_mixin.py:188} INFO - [2024-04-14T13:06:41.297+0000] {dagbag.py:540} INFO - Filling up the DagBag from /home/airflow/.local/lib/python3.12/site-packages/airflow/example_dags/example_sensor_decorator.py
[2024-04-14T13:06:41.302+0000] {processor.py:840} INFO - DAG(s) 'example_sensor_decorator' retrieved from /home/airflow/.local/lib/python3.12/site-packages/airflow/example_dags/example_sensor_decorator.py
[2024-04-14T13:06:41.317+0000] {logging_mixin.py:188} INFO - [2024-04-14T13:06:41.316+0000] {dag.py:3096} INFO - Sync 1 DAGs
[2024-04-14T13:06:41.327+0000] {logging_mixin.py:188} INFO - [2024-04-14T13:06:41.327+0000] {dag.py:3954} INFO - Setting next_dagrun for example_sensor_decorator to None, run_after=None
[2024-04-14T13:06:41.344+0000] {processor.py:183} INFO - Processing /home/airflow/.local/lib/python3.12/site-packages/airflow/example_dags/example_sensor_decorator.py took 0.054 seconds
[2024-04-14T13:07:11.728+0000] {processor.py:161} INFO - Started process (PID=863) to work on /home/airflow/.local/lib/python3.12/site-packages/airflow/example_dags/example_sensor_decorator.py
[2024-04-14T13:07:11.729+0000] {processor.py:830} INFO - Processing file /home/airflow/.local/lib/python3.12/site-packages/airflow/example_dags/example_sensor_decorator.py for tasks to queue
[2024-04-14T13:07:11.734+0000] {logging_mixin.py:188} INFO - [2024-04-14T13:07:11.734+0000] {dagbag.py:540} INFO - Filling up the DagBag from /home/airflow/.local/lib/python3.12/site-packages/airflow/example_dags/example_sensor_decorator.py
[2024-04-14T13:07:11.742+0000] {processor.py:840} INFO - DAG(s) 'example_sensor_decorator' retrieved from /home/airflow/.local/lib/python3.12/site-packages/airflow/example_dags/example_sensor_decorator.py
[2024-04-14T13:07:11.765+0000] {logging_mixin.py:188} INFO - [2024-04-14T13:07:11.764+0000] {dag.py:3096} INFO - Sync 1 DAGs
[2024-04-14T13:07:11.778+0000] {logging_mixin.py:188} INFO - [2024-04-14T13:07:11.778+0000] {dag.py:3954} INFO - Setting next_dagrun for example_sensor_decorator to None, run_after=None
[2024-04-14T13:07:11.804+0000] {processor.py:183} INFO - Processing /home/airflow/.local/lib/python3.12/site-packages/airflow/example_dags/example_sensor_decorator.py took 0.082 seconds
[2024-04-14T13:07:42.780+0000] {processor.py:161} INFO - Started process (PID=921) to work on /home/airflow/.local/lib/python3.12/site-packages/airflow/example_dags/example_sensor_decorator.py
[2024-04-14T13:07:42.781+0000] {processor.py:830} INFO - Processing file /home/airflow/.local/lib/python3.12/site-packages/airflow/example_dags/example_sensor_decorator.py for tasks to queue
[2024-04-14T13:07:42.783+0000] {logging_mixin.py:188} INFO - [2024-04-14T13:07:42.782+0000] {dagbag.py:540} INFO - Filling up the DagBag from /home/airflow/.local/lib/python3.12/site-packages/airflow/example_dags/example_sensor_decorator.py
[2024-04-14T13:07:42.787+0000] {processor.py:840} INFO - DAG(s) 'example_sensor_decorator' retrieved from /home/airflow/.local/lib/python3.12/site-packages/airflow/example_dags/example_sensor_decorator.py
[2024-04-14T13:07:42.802+0000] {logging_mixin.py:188} INFO - [2024-04-14T13:07:42.802+0000] {dag.py:3096} INFO - Sync 1 DAGs
[2024-04-14T13:07:42.814+0000] {logging_mixin.py:188} INFO - [2024-04-14T13:07:42.813+0000] {dag.py:3954} INFO - Setting next_dagrun for example_sensor_decorator to None, run_after=None
[2024-04-14T13:07:42.832+0000] {processor.py:183} INFO - Processing /home/airflow/.local/lib/python3.12/site-packages/airflow/example_dags/example_sensor_decorator.py took 0.056 seconds
[2024-04-14T13:08:13.516+0000] {processor.py:161} INFO - Started process (PID=979) to work on /home/airflow/.local/lib/python3.12/site-packages/airflow/example_dags/example_sensor_decorator.py
[2024-04-14T13:08:13.517+0000] {processor.py:830} INFO - Processing file /home/airflow/.local/lib/python3.12/site-packages/airflow/example_dags/example_sensor_decorator.py for tasks to queue
[2024-04-14T13:08:13.518+0000] {logging_mixin.py:188} INFO - [2024-04-14T13:08:13.518+0000] {dagbag.py:540} INFO - Filling up the DagBag from /home/airflow/.local/lib/python3.12/site-packages/airflow/example_dags/example_sensor_decorator.py
[2024-04-14T13:08:13.525+0000] {processor.py:840} INFO - DAG(s) 'example_sensor_decorator' retrieved from /home/airflow/.local/lib/python3.12/site-packages/airflow/example_dags/example_sensor_decorator.py
[2024-04-14T13:08:13.544+0000] {logging_mixin.py:188} INFO - [2024-04-14T13:08:13.544+0000] {dag.py:3096} INFO - Sync 1 DAGs
[2024-04-14T13:08:13.702+0000] {logging_mixin.py:188} INFO - [2024-04-14T13:08:13.701+0000] {dag.py:3954} INFO - Setting next_dagrun for example_sensor_decorator to None, run_after=None
[2024-04-14T13:08:13.718+0000] {processor.py:183} INFO - Processing /home/airflow/.local/lib/python3.12/site-packages/airflow/example_dags/example_sensor_decorator.py took 0.207 seconds
[2024-04-14T13:08:44.387+0000] {processor.py:161} INFO - Started process (PID=1037) to work on /home/airflow/.local/lib/python3.12/site-packages/airflow/example_dags/example_sensor_decorator.py
[2024-04-14T13:08:44.388+0000] {processor.py:830} INFO - Processing file /home/airflow/.local/lib/python3.12/site-packages/airflow/example_dags/example_sensor_decorator.py for tasks to queue
[2024-04-14T13:08:44.390+0000] {logging_mixin.py:188} INFO - [2024-04-14T13:08:44.389+0000] {dagbag.py:540} INFO - Filling up the DagBag from /home/airflow/.local/lib/python3.12/site-packages/airflow/example_dags/example_sensor_decorator.py
[2024-04-14T13:08:44.394+0000] {processor.py:840} INFO - DAG(s) 'example_sensor_decorator' retrieved from /home/airflow/.local/lib/python3.12/site-packages/airflow/example_dags/example_sensor_decorator.py
[2024-04-14T13:08:44.411+0000] {logging_mixin.py:188} INFO - [2024-04-14T13:08:44.411+0000] {dag.py:3096} INFO - Sync 1 DAGs
[2024-04-14T13:08:44.424+0000] {logging_mixin.py:188} INFO - [2024-04-14T13:08:44.424+0000] {dag.py:3954} INFO - Setting next_dagrun for example_sensor_decorator to None, run_after=None
[2024-04-14T13:08:44.569+0000] {processor.py:183} INFO - Processing /home/airflow/.local/lib/python3.12/site-packages/airflow/example_dags/example_sensor_decorator.py took 0.187 seconds
[2024-04-14T13:09:15.325+0000] {processor.py:161} INFO - Started process (PID=1095) to work on /home/airflow/.local/lib/python3.12/site-packages/airflow/example_dags/example_sensor_decorator.py
[2024-04-14T13:09:15.326+0000] {processor.py:830} INFO - Processing file /home/airflow/.local/lib/python3.12/site-packages/airflow/example_dags/example_sensor_decorator.py for tasks to queue
[2024-04-14T13:09:15.327+0000] {logging_mixin.py:188} INFO - [2024-04-14T13:09:15.327+0000] {dagbag.py:540} INFO - Filling up the DagBag from /home/airflow/.local/lib/python3.12/site-packages/airflow/example_dags/example_sensor_decorator.py
[2024-04-14T13:09:15.332+0000] {processor.py:840} INFO - DAG(s) 'example_sensor_decorator' retrieved from /home/airflow/.local/lib/python3.12/site-packages/airflow/example_dags/example_sensor_decorator.py
[2024-04-14T13:09:15.346+0000] {logging_mixin.py:188} INFO - [2024-04-14T13:09:15.346+0000] {dag.py:3096} INFO - Sync 1 DAGs
[2024-04-14T13:09:15.357+0000] {logging_mixin.py:188} INFO - [2024-04-14T13:09:15.357+0000] {dag.py:3954} INFO - Setting next_dagrun for example_sensor_decorator to None, run_after=None
[2024-04-14T13:09:15.374+0000] {processor.py:183} INFO - Processing /home/airflow/.local/lib/python3.12/site-packages/airflow/example_dags/example_sensor_decorator.py took 0.053 seconds
[2024-04-14T13:09:45.665+0000] {processor.py:161} INFO - Started process (PID=1153) to work on /home/airflow/.local/lib/python3.12/site-packages/airflow/example_dags/example_sensor_decorator.py
[2024-04-14T13:09:45.666+0000] {processor.py:830} INFO - Processing file /home/airflow/.local/lib/python3.12/site-packages/airflow/example_dags/example_sensor_decorator.py for tasks to queue
[2024-04-14T13:09:45.667+0000] {logging_mixin.py:188} INFO - [2024-04-14T13:09:45.667+0000] {dagbag.py:540} INFO - Filling up the DagBag from /home/airflow/.local/lib/python3.12/site-packages/airflow/example_dags/example_sensor_decorator.py
[2024-04-14T13:09:45.672+0000] {processor.py:840} INFO - DAG(s) 'example_sensor_decorator' retrieved from /home/airflow/.local/lib/python3.12/site-packages/airflow/example_dags/example_sensor_decorator.py
[2024-04-14T13:09:45.686+0000] {logging_mixin.py:188} INFO - [2024-04-14T13:09:45.686+0000] {dag.py:3096} INFO - Sync 1 DAGs
[2024-04-14T13:09:45.698+0000] {logging_mixin.py:188} INFO - [2024-04-14T13:09:45.698+0000] {dag.py:3954} INFO - Setting next_dagrun for example_sensor_decorator to None, run_after=None
[2024-04-14T13:09:45.717+0000] {processor.py:183} INFO - Processing /home/airflow/.local/lib/python3.12/site-packages/airflow/example_dags/example_sensor_decorator.py took 0.057 seconds
[2024-04-14T13:10:16.075+0000] {processor.py:161} INFO - Started process (PID=1211) to work on /home/airflow/.local/lib/python3.12/site-packages/airflow/example_dags/example_sensor_decorator.py
[2024-04-14T13:10:16.076+0000] {processor.py:830} INFO - Processing file /home/airflow/.local/lib/python3.12/site-packages/airflow/example_dags/example_sensor_decorator.py for tasks to queue
[2024-04-14T13:10:16.078+0000] {logging_mixin.py:188} INFO - [2024-04-14T13:10:16.078+0000] {dagbag.py:540} INFO - Filling up the DagBag from /home/airflow/.local/lib/python3.12/site-packages/airflow/example_dags/example_sensor_decorator.py
[2024-04-14T13:10:16.084+0000] {processor.py:840} INFO - DAG(s) 'example_sensor_decorator' retrieved from /home/airflow/.local/lib/python3.12/site-packages/airflow/example_dags/example_sensor_decorator.py
[2024-04-14T13:10:16.101+0000] {logging_mixin.py:188} INFO - [2024-04-14T13:10:16.100+0000] {dag.py:3096} INFO - Sync 1 DAGs
[2024-04-14T13:10:16.113+0000] {logging_mixin.py:188} INFO - [2024-04-14T13:10:16.112+0000] {dag.py:3954} INFO - Setting next_dagrun for example_sensor_decorator to None, run_after=None
[2024-04-14T13:10:16.134+0000] {processor.py:183} INFO - Processing /home/airflow/.local/lib/python3.12/site-packages/airflow/example_dags/example_sensor_decorator.py took 0.064 seconds
[2024-04-14T13:10:46.590+0000] {processor.py:161} INFO - Started process (PID=1275) to work on /home/airflow/.local/lib/python3.12/site-packages/airflow/example_dags/example_sensor_decorator.py
[2024-04-14T13:10:46.591+0000] {processor.py:830} INFO - Processing file /home/airflow/.local/lib/python3.12/site-packages/airflow/example_dags/example_sensor_decorator.py for tasks to queue
[2024-04-14T13:10:46.593+0000] {logging_mixin.py:188} INFO - [2024-04-14T13:10:46.593+0000] {dagbag.py:540} INFO - Filling up the DagBag from /home/airflow/.local/lib/python3.12/site-packages/airflow/example_dags/example_sensor_decorator.py
[2024-04-14T13:10:46.600+0000] {processor.py:840} INFO - DAG(s) 'example_sensor_decorator' retrieved from /home/airflow/.local/lib/python3.12/site-packages/airflow/example_dags/example_sensor_decorator.py
[2024-04-14T13:10:46.619+0000] {logging_mixin.py:188} INFO - [2024-04-14T13:10:46.618+0000] {dag.py:3096} INFO - Sync 1 DAGs
[2024-04-14T13:10:46.632+0000] {logging_mixin.py:188} INFO - [2024-04-14T13:10:46.632+0000] {dag.py:3954} INFO - Setting next_dagrun for example_sensor_decorator to None, run_after=None
[2024-04-14T13:10:46.652+0000] {processor.py:183} INFO - Processing /home/airflow/.local/lib/python3.12/site-packages/airflow/example_dags/example_sensor_decorator.py took 0.068 seconds
[2024-04-14T13:11:16.911+0000] {processor.py:161} INFO - Started process (PID=1333) to work on /home/airflow/.local/lib/python3.12/site-packages/airflow/example_dags/example_sensor_decorator.py
[2024-04-14T13:11:16.912+0000] {processor.py:830} INFO - Processing file /home/airflow/.local/lib/python3.12/site-packages/airflow/example_dags/example_sensor_decorator.py for tasks to queue
[2024-04-14T13:11:16.913+0000] {logging_mixin.py:188} INFO - [2024-04-14T13:11:16.913+0000] {dagbag.py:540} INFO - Filling up the DagBag from /home/airflow/.local/lib/python3.12/site-packages/airflow/example_dags/example_sensor_decorator.py
[2024-04-14T13:11:16.917+0000] {processor.py:840} INFO - DAG(s) 'example_sensor_decorator' retrieved from /home/airflow/.local/lib/python3.12/site-packages/airflow/example_dags/example_sensor_decorator.py
[2024-04-14T13:11:16.933+0000] {logging_mixin.py:188} INFO - [2024-04-14T13:11:16.933+0000] {dag.py:3096} INFO - Sync 1 DAGs
[2024-04-14T13:11:16.944+0000] {logging_mixin.py:188} INFO - [2024-04-14T13:11:16.944+0000] {dag.py:3954} INFO - Setting next_dagrun for example_sensor_decorator to None, run_after=None
[2024-04-14T13:11:16.963+0000] {processor.py:183} INFO - Processing /home/airflow/.local/lib/python3.12/site-packages/airflow/example_dags/example_sensor_decorator.py took 0.056 seconds
[2024-04-14T13:11:47.254+0000] {processor.py:161} INFO - Started process (PID=1391) to work on /home/airflow/.local/lib/python3.12/site-packages/airflow/example_dags/example_sensor_decorator.py
[2024-04-14T13:11:47.255+0000] {processor.py:830} INFO - Processing file /home/airflow/.local/lib/python3.12/site-packages/airflow/example_dags/example_sensor_decorator.py for tasks to queue
[2024-04-14T13:11:47.256+0000] {logging_mixin.py:188} INFO - [2024-04-14T13:11:47.256+0000] {dagbag.py:540} INFO - Filling up the DagBag from /home/airflow/.local/lib/python3.12/site-packages/airflow/example_dags/example_sensor_decorator.py
[2024-04-14T13:11:47.261+0000] {processor.py:840} INFO - DAG(s) 'example_sensor_decorator' retrieved from /home/airflow/.local/lib/python3.12/site-packages/airflow/example_dags/example_sensor_decorator.py
[2024-04-14T13:11:47.277+0000] {logging_mixin.py:188} INFO - [2024-04-14T13:11:47.276+0000] {dag.py:3096} INFO - Sync 1 DAGs
[2024-04-14T13:11:47.288+0000] {logging_mixin.py:188} INFO - [2024-04-14T13:11:47.287+0000] {dag.py:3954} INFO - Setting next_dagrun for example_sensor_decorator to None, run_after=None
[2024-04-14T13:11:47.305+0000] {processor.py:183} INFO - Processing /home/airflow/.local/lib/python3.12/site-packages/airflow/example_dags/example_sensor_decorator.py took 0.056 seconds
[2024-04-14T13:12:17.594+0000] {processor.py:161} INFO - Started process (PID=1449) to work on /home/airflow/.local/lib/python3.12/site-packages/airflow/example_dags/example_sensor_decorator.py
[2024-04-14T13:12:17.595+0000] {processor.py:830} INFO - Processing file /home/airflow/.local/lib/python3.12/site-packages/airflow/example_dags/example_sensor_decorator.py for tasks to queue
[2024-04-14T13:12:17.596+0000] {logging_mixin.py:188} INFO - [2024-04-14T13:12:17.596+0000] {dagbag.py:540} INFO - Filling up the DagBag from /home/airflow/.local/lib/python3.12/site-packages/airflow/example_dags/example_sensor_decorator.py
[2024-04-14T13:12:17.601+0000] {processor.py:840} INFO - DAG(s) 'example_sensor_decorator' retrieved from /home/airflow/.local/lib/python3.12/site-packages/airflow/example_dags/example_sensor_decorator.py
[2024-04-14T13:12:17.617+0000] {logging_mixin.py:188} INFO - [2024-04-14T13:12:17.617+0000] {dag.py:3096} INFO - Sync 1 DAGs
[2024-04-14T13:12:17.629+0000] {logging_mixin.py:188} INFO - [2024-04-14T13:12:17.629+0000] {dag.py:3954} INFO - Setting next_dagrun for example_sensor_decorator to None, run_after=None
[2024-04-14T13:12:17.648+0000] {processor.py:183} INFO - Processing /home/airflow/.local/lib/python3.12/site-packages/airflow/example_dags/example_sensor_decorator.py took 0.058 seconds
[2024-04-14T13:12:47.958+0000] {processor.py:161} INFO - Started process (PID=1507) to work on /home/airflow/.local/lib/python3.12/site-packages/airflow/example_dags/example_sensor_decorator.py
[2024-04-14T13:12:47.959+0000] {processor.py:830} INFO - Processing file /home/airflow/.local/lib/python3.12/site-packages/airflow/example_dags/example_sensor_decorator.py for tasks to queue
[2024-04-14T13:12:47.960+0000] {logging_mixin.py:188} INFO - [2024-04-14T13:12:47.960+0000] {dagbag.py:540} INFO - Filling up the DagBag from /home/airflow/.local/lib/python3.12/site-packages/airflow/example_dags/example_sensor_decorator.py
[2024-04-14T13:12:47.965+0000] {processor.py:840} INFO - DAG(s) 'example_sensor_decorator' retrieved from /home/airflow/.local/lib/python3.12/site-packages/airflow/example_dags/example_sensor_decorator.py
[2024-04-14T13:12:47.980+0000] {logging_mixin.py:188} INFO - [2024-04-14T13:12:47.979+0000] {dag.py:3096} INFO - Sync 1 DAGs
[2024-04-14T13:12:47.991+0000] {logging_mixin.py:188} INFO - [2024-04-14T13:12:47.990+0000] {dag.py:3954} INFO - Setting next_dagrun for example_sensor_decorator to None, run_after=None
[2024-04-14T13:12:48.008+0000] {processor.py:183} INFO - Processing /home/airflow/.local/lib/python3.12/site-packages/airflow/example_dags/example_sensor_decorator.py took 0.054 seconds
[2024-04-14T13:13:18.368+0000] {processor.py:161} INFO - Started process (PID=1565) to work on /home/airflow/.local/lib/python3.12/site-packages/airflow/example_dags/example_sensor_decorator.py
[2024-04-14T13:13:18.368+0000] {processor.py:830} INFO - Processing file /home/airflow/.local/lib/python3.12/site-packages/airflow/example_dags/example_sensor_decorator.py for tasks to queue
[2024-04-14T13:13:18.370+0000] {logging_mixin.py:188} INFO - [2024-04-14T13:13:18.369+0000] {dagbag.py:540} INFO - Filling up the DagBag from /home/airflow/.local/lib/python3.12/site-packages/airflow/example_dags/example_sensor_decorator.py
[2024-04-14T13:13:18.374+0000] {processor.py:840} INFO - DAG(s) 'example_sensor_decorator' retrieved from /home/airflow/.local/lib/python3.12/site-packages/airflow/example_dags/example_sensor_decorator.py
[2024-04-14T13:13:18.390+0000] {logging_mixin.py:188} INFO - [2024-04-14T13:13:18.390+0000] {dag.py:3096} INFO - Sync 1 DAGs
[2024-04-14T13:13:18.401+0000] {logging_mixin.py:188} INFO - [2024-04-14T13:13:18.401+0000] {dag.py:3954} INFO - Setting next_dagrun for example_sensor_decorator to None, run_after=None
[2024-04-14T13:13:18.417+0000] {processor.py:183} INFO - Processing /home/airflow/.local/lib/python3.12/site-packages/airflow/example_dags/example_sensor_decorator.py took 0.053 seconds
[2024-04-14T13:13:48.802+0000] {processor.py:161} INFO - Started process (PID=1623) to work on /home/airflow/.local/lib/python3.12/site-packages/airflow/example_dags/example_sensor_decorator.py
[2024-04-14T13:13:48.803+0000] {processor.py:830} INFO - Processing file /home/airflow/.local/lib/python3.12/site-packages/airflow/example_dags/example_sensor_decorator.py for tasks to queue
[2024-04-14T13:13:48.806+0000] {logging_mixin.py:188} INFO - [2024-04-14T13:13:48.805+0000] {dagbag.py:540} INFO - Filling up the DagBag from /home/airflow/.local/lib/python3.12/site-packages/airflow/example_dags/example_sensor_decorator.py
[2024-04-14T13:13:48.811+0000] {processor.py:840} INFO - DAG(s) 'example_sensor_decorator' retrieved from /home/airflow/.local/lib/python3.12/site-packages/airflow/example_dags/example_sensor_decorator.py
[2024-04-14T13:13:48.915+0000] {logging_mixin.py:188} INFO - [2024-04-14T13:13:48.915+0000] {dag.py:3096} INFO - Sync 1 DAGs
[2024-04-14T13:13:48.942+0000] {logging_mixin.py:188} INFO - [2024-04-14T13:13:48.942+0000] {dag.py:3954} INFO - Setting next_dagrun for example_sensor_decorator to None, run_after=None
[2024-04-14T13:13:48.998+0000] {processor.py:183} INFO - Processing /home/airflow/.local/lib/python3.12/site-packages/airflow/example_dags/example_sensor_decorator.py took 0.201 seconds
[2024-04-14T13:14:19.865+0000] {processor.py:161} INFO - Started process (PID=1681) to work on /home/airflow/.local/lib/python3.12/site-packages/airflow/example_dags/example_sensor_decorator.py
[2024-04-14T13:14:19.866+0000] {processor.py:830} INFO - Processing file /home/airflow/.local/lib/python3.12/site-packages/airflow/example_dags/example_sensor_decorator.py for tasks to queue
[2024-04-14T13:14:19.867+0000] {logging_mixin.py:188} INFO - [2024-04-14T13:14:19.866+0000] {dagbag.py:540} INFO - Filling up the DagBag from /home/airflow/.local/lib/python3.12/site-packages/airflow/example_dags/example_sensor_decorator.py
[2024-04-14T13:14:19.871+0000] {processor.py:840} INFO - DAG(s) 'example_sensor_decorator' retrieved from /home/airflow/.local/lib/python3.12/site-packages/airflow/example_dags/example_sensor_decorator.py
[2024-04-14T13:14:19.887+0000] {logging_mixin.py:188} INFO - [2024-04-14T13:14:19.886+0000] {dag.py:3096} INFO - Sync 1 DAGs
[2024-04-14T13:14:19.898+0000] {logging_mixin.py:188} INFO - [2024-04-14T13:14:19.897+0000] {dag.py:3954} INFO - Setting next_dagrun for example_sensor_decorator to None, run_after=None
[2024-04-14T13:14:19.913+0000] {processor.py:183} INFO - Processing /home/airflow/.local/lib/python3.12/site-packages/airflow/example_dags/example_sensor_decorator.py took 0.052 seconds
[2024-04-14T13:14:50.193+0000] {processor.py:161} INFO - Started process (PID=1740) to work on /home/airflow/.local/lib/python3.12/site-packages/airflow/example_dags/example_sensor_decorator.py
[2024-04-14T13:14:50.194+0000] {processor.py:830} INFO - Processing file /home/airflow/.local/lib/python3.12/site-packages/airflow/example_dags/example_sensor_decorator.py for tasks to queue
[2024-04-14T13:14:50.195+0000] {logging_mixin.py:188} INFO - [2024-04-14T13:14:50.195+0000] {dagbag.py:540} INFO - Filling up the DagBag from /home/airflow/.local/lib/python3.12/site-packages/airflow/example_dags/example_sensor_decorator.py
[2024-04-14T13:14:50.200+0000] {processor.py:840} INFO - DAG(s) 'example_sensor_decorator' retrieved from /home/airflow/.local/lib/python3.12/site-packages/airflow/example_dags/example_sensor_decorator.py
[2024-04-14T13:14:50.215+0000] {logging_mixin.py:188} INFO - [2024-04-14T13:14:50.215+0000] {dag.py:3096} INFO - Sync 1 DAGs
[2024-04-14T13:14:50.227+0000] {logging_mixin.py:188} INFO - [2024-04-14T13:14:50.227+0000] {dag.py:3954} INFO - Setting next_dagrun for example_sensor_decorator to None, run_after=None
[2024-04-14T13:14:50.243+0000] {processor.py:183} INFO - Processing /home/airflow/.local/lib/python3.12/site-packages/airflow/example_dags/example_sensor_decorator.py took 0.054 seconds
[2024-04-14T13:15:20.833+0000] {processor.py:161} INFO - Started process (PID=1798) to work on /home/airflow/.local/lib/python3.12/site-packages/airflow/example_dags/example_sensor_decorator.py
[2024-04-14T13:15:20.833+0000] {processor.py:830} INFO - Processing file /home/airflow/.local/lib/python3.12/site-packages/airflow/example_dags/example_sensor_decorator.py for tasks to queue
[2024-04-14T13:15:20.834+0000] {logging_mixin.py:188} INFO - [2024-04-14T13:15:20.834+0000] {dagbag.py:540} INFO - Filling up the DagBag from /home/airflow/.local/lib/python3.12/site-packages/airflow/example_dags/example_sensor_decorator.py
[2024-04-14T13:15:20.838+0000] {processor.py:840} INFO - DAG(s) 'example_sensor_decorator' retrieved from /home/airflow/.local/lib/python3.12/site-packages/airflow/example_dags/example_sensor_decorator.py
[2024-04-14T13:15:20.853+0000] {logging_mixin.py:188} INFO - [2024-04-14T13:15:20.853+0000] {dag.py:3096} INFO - Sync 1 DAGs
[2024-04-14T13:15:20.865+0000] {logging_mixin.py:188} INFO - [2024-04-14T13:15:20.864+0000] {dag.py:3954} INFO - Setting next_dagrun for example_sensor_decorator to None, run_after=None
[2024-04-14T13:15:20.880+0000] {processor.py:183} INFO - Processing /home/airflow/.local/lib/python3.12/site-packages/airflow/example_dags/example_sensor_decorator.py took 0.052 seconds
[2024-04-14T13:15:51.292+0000] {processor.py:161} INFO - Started process (PID=1857) to work on /home/airflow/.local/lib/python3.12/site-packages/airflow/example_dags/example_sensor_decorator.py
[2024-04-14T13:15:51.293+0000] {processor.py:830} INFO - Processing file /home/airflow/.local/lib/python3.12/site-packages/airflow/example_dags/example_sensor_decorator.py for tasks to queue
[2024-04-14T13:15:51.294+0000] {logging_mixin.py:188} INFO - [2024-04-14T13:15:51.294+0000] {dagbag.py:540} INFO - Filling up the DagBag from /home/airflow/.local/lib/python3.12/site-packages/airflow/example_dags/example_sensor_decorator.py
[2024-04-14T13:15:51.299+0000] {processor.py:840} INFO - DAG(s) 'example_sensor_decorator' retrieved from /home/airflow/.local/lib/python3.12/site-packages/airflow/example_dags/example_sensor_decorator.py
[2024-04-14T13:15:51.313+0000] {logging_mixin.py:188} INFO - [2024-04-14T13:15:51.313+0000] {dag.py:3096} INFO - Sync 1 DAGs
[2024-04-14T13:15:51.324+0000] {logging_mixin.py:188} INFO - [2024-04-14T13:15:51.324+0000] {dag.py:3954} INFO - Setting next_dagrun for example_sensor_decorator to None, run_after=None
[2024-04-14T13:15:51.342+0000] {processor.py:183} INFO - Processing /home/airflow/.local/lib/python3.12/site-packages/airflow/example_dags/example_sensor_decorator.py took 0.054 seconds
[2024-04-14T13:16:21.764+0000] {processor.py:161} INFO - Started process (PID=1915) to work on /home/airflow/.local/lib/python3.12/site-packages/airflow/example_dags/example_sensor_decorator.py
[2024-04-14T13:16:21.765+0000] {processor.py:830} INFO - Processing file /home/airflow/.local/lib/python3.12/site-packages/airflow/example_dags/example_sensor_decorator.py for tasks to queue
[2024-04-14T13:16:21.766+0000] {logging_mixin.py:188} INFO - [2024-04-14T13:16:21.766+0000] {dagbag.py:540} INFO - Filling up the DagBag from /home/airflow/.local/lib/python3.12/site-packages/airflow/example_dags/example_sensor_decorator.py
[2024-04-14T13:16:21.770+0000] {processor.py:840} INFO - DAG(s) 'example_sensor_decorator' retrieved from /home/airflow/.local/lib/python3.12/site-packages/airflow/example_dags/example_sensor_decorator.py
[2024-04-14T13:16:21.786+0000] {logging_mixin.py:188} INFO - [2024-04-14T13:16:21.786+0000] {dag.py:3096} INFO - Sync 1 DAGs
[2024-04-14T13:16:21.796+0000] {logging_mixin.py:188} INFO - [2024-04-14T13:16:21.796+0000] {dag.py:3954} INFO - Setting next_dagrun for example_sensor_decorator to None, run_after=None
[2024-04-14T13:16:21.811+0000] {processor.py:183} INFO - Processing /home/airflow/.local/lib/python3.12/site-packages/airflow/example_dags/example_sensor_decorator.py took 0.051 seconds
[2024-04-14T13:16:52.234+0000] {processor.py:161} INFO - Started process (PID=1974) to work on /home/airflow/.local/lib/python3.12/site-packages/airflow/example_dags/example_sensor_decorator.py
[2024-04-14T13:16:52.235+0000] {processor.py:830} INFO - Processing file /home/airflow/.local/lib/python3.12/site-packages/airflow/example_dags/example_sensor_decorator.py for tasks to queue
[2024-04-14T13:16:52.236+0000] {logging_mixin.py:188} INFO - [2024-04-14T13:16:52.236+0000] {dagbag.py:540} INFO - Filling up the DagBag from /home/airflow/.local/lib/python3.12/site-packages/airflow/example_dags/example_sensor_decorator.py
[2024-04-14T13:16:52.241+0000] {processor.py:840} INFO - DAG(s) 'example_sensor_decorator' retrieved from /home/airflow/.local/lib/python3.12/site-packages/airflow/example_dags/example_sensor_decorator.py
[2024-04-14T13:16:52.258+0000] {logging_mixin.py:188} INFO - [2024-04-14T13:16:52.257+0000] {dag.py:3096} INFO - Sync 1 DAGs
[2024-04-14T13:16:52.269+0000] {logging_mixin.py:188} INFO - [2024-04-14T13:16:52.268+0000] {dag.py:3954} INFO - Setting next_dagrun for example_sensor_decorator to None, run_after=None
[2024-04-14T13:16:52.286+0000] {processor.py:183} INFO - Processing /home/airflow/.local/lib/python3.12/site-packages/airflow/example_dags/example_sensor_decorator.py took 0.057 seconds
[2024-04-14T13:17:22.529+0000] {processor.py:161} INFO - Started process (PID=2033) to work on /home/airflow/.local/lib/python3.12/site-packages/airflow/example_dags/example_sensor_decorator.py
[2024-04-14T13:17:22.530+0000] {processor.py:830} INFO - Processing file /home/airflow/.local/lib/python3.12/site-packages/airflow/example_dags/example_sensor_decorator.py for tasks to queue
[2024-04-14T13:17:22.532+0000] {logging_mixin.py:188} INFO - [2024-04-14T13:17:22.532+0000] {dagbag.py:540} INFO - Filling up the DagBag from /home/airflow/.local/lib/python3.12/site-packages/airflow/example_dags/example_sensor_decorator.py
[2024-04-14T13:17:22.536+0000] {processor.py:840} INFO - DAG(s) 'example_sensor_decorator' retrieved from /home/airflow/.local/lib/python3.12/site-packages/airflow/example_dags/example_sensor_decorator.py
[2024-04-14T13:17:22.551+0000] {logging_mixin.py:188} INFO - [2024-04-14T13:17:22.550+0000] {dag.py:3096} INFO - Sync 1 DAGs
[2024-04-14T13:17:22.561+0000] {logging_mixin.py:188} INFO - [2024-04-14T13:17:22.561+0000] {dag.py:3954} INFO - Setting next_dagrun for example_sensor_decorator to None, run_after=None
[2024-04-14T13:17:22.578+0000] {processor.py:183} INFO - Processing /home/airflow/.local/lib/python3.12/site-packages/airflow/example_dags/example_sensor_decorator.py took 0.053 seconds
[2024-04-14T13:17:52.967+0000] {processor.py:161} INFO - Started process (PID=2091) to work on /home/airflow/.local/lib/python3.12/site-packages/airflow/example_dags/example_sensor_decorator.py
[2024-04-14T13:17:52.968+0000] {processor.py:830} INFO - Processing file /home/airflow/.local/lib/python3.12/site-packages/airflow/example_dags/example_sensor_decorator.py for tasks to queue
[2024-04-14T13:17:52.969+0000] {logging_mixin.py:188} INFO - [2024-04-14T13:17:52.969+0000] {dagbag.py:540} INFO - Filling up the DagBag from /home/airflow/.local/lib/python3.12/site-packages/airflow/example_dags/example_sensor_decorator.py
[2024-04-14T13:17:52.973+0000] {processor.py:840} INFO - DAG(s) 'example_sensor_decorator' retrieved from /home/airflow/.local/lib/python3.12/site-packages/airflow/example_dags/example_sensor_decorator.py
[2024-04-14T13:17:52.988+0000] {logging_mixin.py:188} INFO - [2024-04-14T13:17:52.987+0000] {dag.py:3096} INFO - Sync 1 DAGs
[2024-04-14T13:17:52.998+0000] {logging_mixin.py:188} INFO - [2024-04-14T13:17:52.997+0000] {dag.py:3954} INFO - Setting next_dagrun for example_sensor_decorator to None, run_after=None
[2024-04-14T13:17:53.020+0000] {processor.py:183} INFO - Processing /home/airflow/.local/lib/python3.12/site-packages/airflow/example_dags/example_sensor_decorator.py took 0.057 seconds
[2024-04-14T13:18:23.304+0000] {processor.py:161} INFO - Started process (PID=2149) to work on /home/airflow/.local/lib/python3.12/site-packages/airflow/example_dags/example_sensor_decorator.py
[2024-04-14T13:18:23.304+0000] {processor.py:830} INFO - Processing file /home/airflow/.local/lib/python3.12/site-packages/airflow/example_dags/example_sensor_decorator.py for tasks to queue
[2024-04-14T13:18:23.306+0000] {logging_mixin.py:188} INFO - [2024-04-14T13:18:23.306+0000] {dagbag.py:540} INFO - Filling up the DagBag from /home/airflow/.local/lib/python3.12/site-packages/airflow/example_dags/example_sensor_decorator.py
[2024-04-14T13:18:23.310+0000] {processor.py:840} INFO - DAG(s) 'example_sensor_decorator' retrieved from /home/airflow/.local/lib/python3.12/site-packages/airflow/example_dags/example_sensor_decorator.py
[2024-04-14T13:18:23.325+0000] {logging_mixin.py:188} INFO - [2024-04-14T13:18:23.325+0000] {dag.py:3096} INFO - Sync 1 DAGs
[2024-04-14T13:18:23.335+0000] {logging_mixin.py:188} INFO - [2024-04-14T13:18:23.335+0000] {dag.py:3954} INFO - Setting next_dagrun for example_sensor_decorator to None, run_after=None
[2024-04-14T13:18:23.350+0000] {processor.py:183} INFO - Processing /home/airflow/.local/lib/python3.12/site-packages/airflow/example_dags/example_sensor_decorator.py took 0.051 seconds
[2024-04-14T13:18:54.033+0000] {processor.py:161} INFO - Started process (PID=2208) to work on /home/airflow/.local/lib/python3.12/site-packages/airflow/example_dags/example_sensor_decorator.py
[2024-04-14T13:18:54.033+0000] {processor.py:830} INFO - Processing file /home/airflow/.local/lib/python3.12/site-packages/airflow/example_dags/example_sensor_decorator.py for tasks to queue
[2024-04-14T13:18:54.035+0000] {logging_mixin.py:188} INFO - [2024-04-14T13:18:54.035+0000] {dagbag.py:540} INFO - Filling up the DagBag from /home/airflow/.local/lib/python3.12/site-packages/airflow/example_dags/example_sensor_decorator.py
[2024-04-14T13:18:54.040+0000] {processor.py:840} INFO - DAG(s) 'example_sensor_decorator' retrieved from /home/airflow/.local/lib/python3.12/site-packages/airflow/example_dags/example_sensor_decorator.py
[2024-04-14T13:18:54.057+0000] {logging_mixin.py:188} INFO - [2024-04-14T13:18:54.057+0000] {dag.py:3096} INFO - Sync 1 DAGs
[2024-04-14T13:18:54.068+0000] {logging_mixin.py:188} INFO - [2024-04-14T13:18:54.068+0000] {dag.py:3954} INFO - Setting next_dagrun for example_sensor_decorator to None, run_after=None
[2024-04-14T13:18:54.086+0000] {processor.py:183} INFO - Processing /home/airflow/.local/lib/python3.12/site-packages/airflow/example_dags/example_sensor_decorator.py took 0.057 seconds
[2024-04-14T13:19:24.968+0000] {processor.py:161} INFO - Started process (PID=2266) to work on /home/airflow/.local/lib/python3.12/site-packages/airflow/example_dags/example_sensor_decorator.py
[2024-04-14T13:19:24.968+0000] {processor.py:830} INFO - Processing file /home/airflow/.local/lib/python3.12/site-packages/airflow/example_dags/example_sensor_decorator.py for tasks to queue
[2024-04-14T13:19:24.970+0000] {logging_mixin.py:188} INFO - [2024-04-14T13:19:24.970+0000] {dagbag.py:540} INFO - Filling up the DagBag from /home/airflow/.local/lib/python3.12/site-packages/airflow/example_dags/example_sensor_decorator.py
[2024-04-14T13:19:24.974+0000] {processor.py:840} INFO - DAG(s) 'example_sensor_decorator' retrieved from /home/airflow/.local/lib/python3.12/site-packages/airflow/example_dags/example_sensor_decorator.py
[2024-04-14T13:19:24.990+0000] {logging_mixin.py:188} INFO - [2024-04-14T13:19:24.989+0000] {dag.py:3096} INFO - Sync 1 DAGs
[2024-04-14T13:19:25.000+0000] {logging_mixin.py:188} INFO - [2024-04-14T13:19:25.000+0000] {dag.py:3954} INFO - Setting next_dagrun for example_sensor_decorator to None, run_after=None
[2024-04-14T13:19:25.015+0000] {processor.py:183} INFO - Processing /home/airflow/.local/lib/python3.12/site-packages/airflow/example_dags/example_sensor_decorator.py took 0.052 seconds
[2024-04-14T13:19:55.321+0000] {processor.py:161} INFO - Started process (PID=2324) to work on /home/airflow/.local/lib/python3.12/site-packages/airflow/example_dags/example_sensor_decorator.py
[2024-04-14T13:19:55.321+0000] {processor.py:830} INFO - Processing file /home/airflow/.local/lib/python3.12/site-packages/airflow/example_dags/example_sensor_decorator.py for tasks to queue
[2024-04-14T13:19:55.322+0000] {logging_mixin.py:188} INFO - [2024-04-14T13:19:55.322+0000] {dagbag.py:540} INFO - Filling up the DagBag from /home/airflow/.local/lib/python3.12/site-packages/airflow/example_dags/example_sensor_decorator.py
[2024-04-14T13:19:55.327+0000] {processor.py:840} INFO - DAG(s) 'example_sensor_decorator' retrieved from /home/airflow/.local/lib/python3.12/site-packages/airflow/example_dags/example_sensor_decorator.py
[2024-04-14T13:19:55.343+0000] {logging_mixin.py:188} INFO - [2024-04-14T13:19:55.342+0000] {dag.py:3096} INFO - Sync 1 DAGs
[2024-04-14T13:19:55.353+0000] {logging_mixin.py:188} INFO - [2024-04-14T13:19:55.353+0000] {dag.py:3954} INFO - Setting next_dagrun for example_sensor_decorator to None, run_after=None
[2024-04-14T13:19:55.369+0000] {processor.py:183} INFO - Processing /home/airflow/.local/lib/python3.12/site-packages/airflow/example_dags/example_sensor_decorator.py took 0.052 seconds
