[2024-04-14T13:00:01.474+0000] {processor.py:161} INFO - Started process (PID=31) to work on /home/airflow/.local/lib/python3.12/site-packages/airflow/example_dags/example_short_circuit_operator.py
[2024-04-14T13:00:01.475+0000] {processor.py:830} INFO - Processing file /home/airflow/.local/lib/python3.12/site-packages/airflow/example_dags/example_short_circuit_operator.py for tasks to queue
[2024-04-14T13:00:01.478+0000] {logging_mixin.py:188} INFO - [2024-04-14T13:00:01.477+0000] {dagbag.py:540} INFO - Filling up the DagBag from /home/airflow/.local/lib/python3.12/site-packages/airflow/example_dags/example_short_circuit_operator.py
[2024-04-14T13:00:01.492+0000] {processor.py:840} INFO - DAG(s) 'example_short_circuit_operator' retrieved from /home/airflow/.local/lib/python3.12/site-packages/airflow/example_dags/example_short_circuit_operator.py
[2024-04-14T13:00:01.504+0000] {logging_mixin.py:188} INFO - [2024-04-14T13:00:01.504+0000] {dag.py:3096} INFO - Sync 1 DAGs
[2024-04-14T13:00:01.536+0000] {logging_mixin.py:188} INFO - [2024-04-14T13:00:01.535+0000] {dag.py:3954} INFO - Setting next_dagrun for example_short_circuit_operator to 2024-04-13 00:00:00+00:00, run_after=2024-04-14 00:00:00+00:00
[2024-04-14T13:00:01.559+0000] {processor.py:183} INFO - Processing /home/airflow/.local/lib/python3.12/site-packages/airflow/example_dags/example_short_circuit_operator.py took 0.092 seconds
[2024-04-14T13:00:32.044+0000] {processor.py:161} INFO - Started process (PID=88) to work on /home/airflow/.local/lib/python3.12/site-packages/airflow/example_dags/example_short_circuit_operator.py
[2024-04-14T13:00:32.045+0000] {processor.py:830} INFO - Processing file /home/airflow/.local/lib/python3.12/site-packages/airflow/example_dags/example_short_circuit_operator.py for tasks to queue
[2024-04-14T13:00:32.047+0000] {logging_mixin.py:188} INFO - [2024-04-14T13:00:32.046+0000] {dagbag.py:540} INFO - Filling up the DagBag from /home/airflow/.local/lib/python3.12/site-packages/airflow/example_dags/example_short_circuit_operator.py
[2024-04-14T13:00:32.052+0000] {processor.py:840} INFO - DAG(s) 'example_short_circuit_operator' retrieved from /home/airflow/.local/lib/python3.12/site-packages/airflow/example_dags/example_short_circuit_operator.py
[2024-04-14T13:00:32.145+0000] {logging_mixin.py:188} INFO - [2024-04-14T13:00:32.145+0000] {dag.py:3096} INFO - Sync 1 DAGs
[2024-04-14T13:00:32.163+0000] {logging_mixin.py:188} INFO - [2024-04-14T13:00:32.163+0000] {dag.py:3954} INFO - Setting next_dagrun for example_short_circuit_operator to 2024-04-13 00:00:00+00:00, run_after=2024-04-14 00:00:00+00:00
[2024-04-14T13:00:32.184+0000] {processor.py:183} INFO - Processing /home/airflow/.local/lib/python3.12/site-packages/airflow/example_dags/example_short_circuit_operator.py took 0.144 seconds
[2024-04-14T13:01:02.407+0000] {processor.py:161} INFO - Started process (PID=146) to work on /home/airflow/.local/lib/python3.12/site-packages/airflow/example_dags/example_short_circuit_operator.py
[2024-04-14T13:01:02.408+0000] {processor.py:830} INFO - Processing file /home/airflow/.local/lib/python3.12/site-packages/airflow/example_dags/example_short_circuit_operator.py for tasks to queue
[2024-04-14T13:01:02.410+0000] {logging_mixin.py:188} INFO - [2024-04-14T13:01:02.410+0000] {dagbag.py:540} INFO - Filling up the DagBag from /home/airflow/.local/lib/python3.12/site-packages/airflow/example_dags/example_short_circuit_operator.py
[2024-04-14T13:01:02.416+0000] {processor.py:840} INFO - DAG(s) 'example_short_circuit_operator' retrieved from /home/airflow/.local/lib/python3.12/site-packages/airflow/example_dags/example_short_circuit_operator.py
[2024-04-14T13:01:02.437+0000] {logging_mixin.py:188} INFO - [2024-04-14T13:01:02.437+0000] {dag.py:3096} INFO - Sync 1 DAGs
[2024-04-14T13:01:02.456+0000] {logging_mixin.py:188} INFO - [2024-04-14T13:01:02.456+0000] {dag.py:3954} INFO - Setting next_dagrun for example_short_circuit_operator to 2024-04-13 00:00:00+00:00, run_after=2024-04-14 00:00:00+00:00
[2024-04-14T13:01:02.475+0000] {processor.py:183} INFO - Processing /home/airflow/.local/lib/python3.12/site-packages/airflow/example_dags/example_short_circuit_operator.py took 0.072 seconds
[2024-04-14T13:01:32.714+0000] {processor.py:161} INFO - Started process (PID=204) to work on /home/airflow/.local/lib/python3.12/site-packages/airflow/example_dags/example_short_circuit_operator.py
[2024-04-14T13:01:32.714+0000] {processor.py:830} INFO - Processing file /home/airflow/.local/lib/python3.12/site-packages/airflow/example_dags/example_short_circuit_operator.py for tasks to queue
[2024-04-14T13:01:32.716+0000] {logging_mixin.py:188} INFO - [2024-04-14T13:01:32.715+0000] {dagbag.py:540} INFO - Filling up the DagBag from /home/airflow/.local/lib/python3.12/site-packages/airflow/example_dags/example_short_circuit_operator.py
[2024-04-14T13:01:32.721+0000] {processor.py:840} INFO - DAG(s) 'example_short_circuit_operator' retrieved from /home/airflow/.local/lib/python3.12/site-packages/airflow/example_dags/example_short_circuit_operator.py
[2024-04-14T13:01:32.742+0000] {logging_mixin.py:188} INFO - [2024-04-14T13:01:32.742+0000] {dag.py:3096} INFO - Sync 1 DAGs
[2024-04-14T13:01:32.762+0000] {logging_mixin.py:188} INFO - [2024-04-14T13:01:32.762+0000] {dag.py:3954} INFO - Setting next_dagrun for example_short_circuit_operator to 2024-04-13 00:00:00+00:00, run_after=2024-04-14 00:00:00+00:00
[2024-04-14T13:01:32.781+0000] {processor.py:183} INFO - Processing /home/airflow/.local/lib/python3.12/site-packages/airflow/example_dags/example_short_circuit_operator.py took 0.072 seconds
[2024-04-14T13:02:02.867+0000] {processor.py:161} INFO - Started process (PID=262) to work on /home/airflow/.local/lib/python3.12/site-packages/airflow/example_dags/example_short_circuit_operator.py
[2024-04-14T13:02:02.868+0000] {processor.py:830} INFO - Processing file /home/airflow/.local/lib/python3.12/site-packages/airflow/example_dags/example_short_circuit_operator.py for tasks to queue
[2024-04-14T13:02:02.869+0000] {logging_mixin.py:188} INFO - [2024-04-14T13:02:02.869+0000] {dagbag.py:540} INFO - Filling up the DagBag from /home/airflow/.local/lib/python3.12/site-packages/airflow/example_dags/example_short_circuit_operator.py
[2024-04-14T13:02:02.875+0000] {processor.py:840} INFO - DAG(s) 'example_short_circuit_operator' retrieved from /home/airflow/.local/lib/python3.12/site-packages/airflow/example_dags/example_short_circuit_operator.py
[2024-04-14T13:02:02.896+0000] {logging_mixin.py:188} INFO - [2024-04-14T13:02:02.895+0000] {dag.py:3096} INFO - Sync 1 DAGs
[2024-04-14T13:02:02.913+0000] {logging_mixin.py:188} INFO - [2024-04-14T13:02:02.913+0000] {dag.py:3954} INFO - Setting next_dagrun for example_short_circuit_operator to 2024-04-13 00:00:00+00:00, run_after=2024-04-14 00:00:00+00:00
[2024-04-14T13:02:02.930+0000] {processor.py:183} INFO - Processing /home/airflow/.local/lib/python3.12/site-packages/airflow/example_dags/example_short_circuit_operator.py took 0.067 seconds
[2024-04-14T13:02:33.437+0000] {processor.py:161} INFO - Started process (PID=320) to work on /home/airflow/.local/lib/python3.12/site-packages/airflow/example_dags/example_short_circuit_operator.py
[2024-04-14T13:02:33.437+0000] {processor.py:830} INFO - Processing file /home/airflow/.local/lib/python3.12/site-packages/airflow/example_dags/example_short_circuit_operator.py for tasks to queue
[2024-04-14T13:02:33.439+0000] {logging_mixin.py:188} INFO - [2024-04-14T13:02:33.439+0000] {dagbag.py:540} INFO - Filling up the DagBag from /home/airflow/.local/lib/python3.12/site-packages/airflow/example_dags/example_short_circuit_operator.py
[2024-04-14T13:02:33.445+0000] {processor.py:840} INFO - DAG(s) 'example_short_circuit_operator' retrieved from /home/airflow/.local/lib/python3.12/site-packages/airflow/example_dags/example_short_circuit_operator.py
[2024-04-14T13:02:33.464+0000] {logging_mixin.py:188} INFO - [2024-04-14T13:02:33.464+0000] {dag.py:3096} INFO - Sync 1 DAGs
[2024-04-14T13:02:33.482+0000] {logging_mixin.py:188} INFO - [2024-04-14T13:02:33.482+0000] {dag.py:3954} INFO - Setting next_dagrun for example_short_circuit_operator to 2024-04-13 00:00:00+00:00, run_after=2024-04-14 00:00:00+00:00
[2024-04-14T13:02:33.501+0000] {processor.py:183} INFO - Processing /home/airflow/.local/lib/python3.12/site-packages/airflow/example_dags/example_short_circuit_operator.py took 0.069 seconds
[2024-04-14T13:03:03.711+0000] {processor.py:161} INFO - Started process (PID=378) to work on /home/airflow/.local/lib/python3.12/site-packages/airflow/example_dags/example_short_circuit_operator.py
[2024-04-14T13:03:03.712+0000] {processor.py:830} INFO - Processing file /home/airflow/.local/lib/python3.12/site-packages/airflow/example_dags/example_short_circuit_operator.py for tasks to queue
[2024-04-14T13:03:03.714+0000] {logging_mixin.py:188} INFO - [2024-04-14T13:03:03.713+0000] {dagbag.py:540} INFO - Filling up the DagBag from /home/airflow/.local/lib/python3.12/site-packages/airflow/example_dags/example_short_circuit_operator.py
[2024-04-14T13:03:03.720+0000] {processor.py:840} INFO - DAG(s) 'example_short_circuit_operator' retrieved from /home/airflow/.local/lib/python3.12/site-packages/airflow/example_dags/example_short_circuit_operator.py
[2024-04-14T13:03:03.740+0000] {logging_mixin.py:188} INFO - [2024-04-14T13:03:03.739+0000] {dag.py:3096} INFO - Sync 1 DAGs
[2024-04-14T13:03:03.758+0000] {logging_mixin.py:188} INFO - [2024-04-14T13:03:03.758+0000] {dag.py:3954} INFO - Setting next_dagrun for example_short_circuit_operator to 2024-04-13 00:00:00+00:00, run_after=2024-04-14 00:00:00+00:00
[2024-04-14T13:03:03.775+0000] {processor.py:183} INFO - Processing /home/airflow/.local/lib/python3.12/site-packages/airflow/example_dags/example_short_circuit_operator.py took 0.069 seconds
[2024-04-14T13:03:34.143+0000] {processor.py:161} INFO - Started process (PID=437) to work on /home/airflow/.local/lib/python3.12/site-packages/airflow/example_dags/example_short_circuit_operator.py
[2024-04-14T13:03:34.143+0000] {processor.py:830} INFO - Processing file /home/airflow/.local/lib/python3.12/site-packages/airflow/example_dags/example_short_circuit_operator.py for tasks to queue
[2024-04-14T13:03:34.145+0000] {logging_mixin.py:188} INFO - [2024-04-14T13:03:34.145+0000] {dagbag.py:540} INFO - Filling up the DagBag from /home/airflow/.local/lib/python3.12/site-packages/airflow/example_dags/example_short_circuit_operator.py
[2024-04-14T13:03:34.151+0000] {processor.py:840} INFO - DAG(s) 'example_short_circuit_operator' retrieved from /home/airflow/.local/lib/python3.12/site-packages/airflow/example_dags/example_short_circuit_operator.py
[2024-04-14T13:03:34.170+0000] {logging_mixin.py:188} INFO - [2024-04-14T13:03:34.170+0000] {dag.py:3096} INFO - Sync 1 DAGs
[2024-04-14T13:03:34.190+0000] {logging_mixin.py:188} INFO - [2024-04-14T13:03:34.189+0000] {dag.py:3954} INFO - Setting next_dagrun for example_short_circuit_operator to 2024-04-13 00:00:00+00:00, run_after=2024-04-14 00:00:00+00:00
[2024-04-14T13:03:34.210+0000] {processor.py:183} INFO - Processing /home/airflow/.local/lib/python3.12/site-packages/airflow/example_dags/example_short_circuit_operator.py took 0.071 seconds
[2024-04-14T13:04:04.345+0000] {processor.py:161} INFO - Started process (PID=496) to work on /home/airflow/.local/lib/python3.12/site-packages/airflow/example_dags/example_short_circuit_operator.py
[2024-04-14T13:04:04.346+0000] {processor.py:830} INFO - Processing file /home/airflow/.local/lib/python3.12/site-packages/airflow/example_dags/example_short_circuit_operator.py for tasks to queue
[2024-04-14T13:04:04.348+0000] {logging_mixin.py:188} INFO - [2024-04-14T13:04:04.347+0000] {dagbag.py:540} INFO - Filling up the DagBag from /home/airflow/.local/lib/python3.12/site-packages/airflow/example_dags/example_short_circuit_operator.py
[2024-04-14T13:04:04.353+0000] {processor.py:840} INFO - DAG(s) 'example_short_circuit_operator' retrieved from /home/airflow/.local/lib/python3.12/site-packages/airflow/example_dags/example_short_circuit_operator.py
[2024-04-14T13:04:04.373+0000] {logging_mixin.py:188} INFO - [2024-04-14T13:04:04.372+0000] {dag.py:3096} INFO - Sync 1 DAGs
[2024-04-14T13:04:04.391+0000] {logging_mixin.py:188} INFO - [2024-04-14T13:04:04.391+0000] {dag.py:3954} INFO - Setting next_dagrun for example_short_circuit_operator to 2024-04-13 00:00:00+00:00, run_after=2024-04-14 00:00:00+00:00
[2024-04-14T13:04:04.409+0000] {processor.py:183} INFO - Processing /home/airflow/.local/lib/python3.12/site-packages/airflow/example_dags/example_short_circuit_operator.py took 0.068 seconds
[2024-04-14T13:04:34.504+0000] {processor.py:161} INFO - Started process (PID=554) to work on /home/airflow/.local/lib/python3.12/site-packages/airflow/example_dags/example_short_circuit_operator.py
[2024-04-14T13:04:34.505+0000] {processor.py:830} INFO - Processing file /home/airflow/.local/lib/python3.12/site-packages/airflow/example_dags/example_short_circuit_operator.py for tasks to queue
[2024-04-14T13:04:34.506+0000] {logging_mixin.py:188} INFO - [2024-04-14T13:04:34.506+0000] {dagbag.py:540} INFO - Filling up the DagBag from /home/airflow/.local/lib/python3.12/site-packages/airflow/example_dags/example_short_circuit_operator.py
[2024-04-14T13:04:34.512+0000] {processor.py:840} INFO - DAG(s) 'example_short_circuit_operator' retrieved from /home/airflow/.local/lib/python3.12/site-packages/airflow/example_dags/example_short_circuit_operator.py
[2024-04-14T13:04:34.530+0000] {logging_mixin.py:188} INFO - [2024-04-14T13:04:34.530+0000] {dag.py:3096} INFO - Sync 1 DAGs
[2024-04-14T13:04:34.548+0000] {logging_mixin.py:188} INFO - [2024-04-14T13:04:34.548+0000] {dag.py:3954} INFO - Setting next_dagrun for example_short_circuit_operator to 2024-04-13 00:00:00+00:00, run_after=2024-04-14 00:00:00+00:00
[2024-04-14T13:04:34.565+0000] {processor.py:183} INFO - Processing /home/airflow/.local/lib/python3.12/site-packages/airflow/example_dags/example_short_circuit_operator.py took 0.065 seconds
[2024-04-14T13:05:04.680+0000] {processor.py:161} INFO - Started process (PID=612) to work on /home/airflow/.local/lib/python3.12/site-packages/airflow/example_dags/example_short_circuit_operator.py
[2024-04-14T13:05:04.681+0000] {processor.py:830} INFO - Processing file /home/airflow/.local/lib/python3.12/site-packages/airflow/example_dags/example_short_circuit_operator.py for tasks to queue
[2024-04-14T13:05:04.682+0000] {logging_mixin.py:188} INFO - [2024-04-14T13:05:04.682+0000] {dagbag.py:540} INFO - Filling up the DagBag from /home/airflow/.local/lib/python3.12/site-packages/airflow/example_dags/example_short_circuit_operator.py
[2024-04-14T13:05:04.687+0000] {processor.py:840} INFO - DAG(s) 'example_short_circuit_operator' retrieved from /home/airflow/.local/lib/python3.12/site-packages/airflow/example_dags/example_short_circuit_operator.py
[2024-04-14T13:05:04.707+0000] {logging_mixin.py:188} INFO - [2024-04-14T13:05:04.706+0000] {dag.py:3096} INFO - Sync 1 DAGs
[2024-04-14T13:05:04.725+0000] {logging_mixin.py:188} INFO - [2024-04-14T13:05:04.724+0000] {dag.py:3954} INFO - Setting next_dagrun for example_short_circuit_operator to 2024-04-13 00:00:00+00:00, run_after=2024-04-14 00:00:00+00:00
[2024-04-14T13:05:04.741+0000] {processor.py:183} INFO - Processing /home/airflow/.local/lib/python3.12/site-packages/airflow/example_dags/example_short_circuit_operator.py took 0.065 seconds
[2024-04-14T13:05:35.172+0000] {processor.py:161} INFO - Started process (PID=671) to work on /home/airflow/.local/lib/python3.12/site-packages/airflow/example_dags/example_short_circuit_operator.py
[2024-04-14T13:05:35.173+0000] {processor.py:830} INFO - Processing file /home/airflow/.local/lib/python3.12/site-packages/airflow/example_dags/example_short_circuit_operator.py for tasks to queue
[2024-04-14T13:05:35.174+0000] {logging_mixin.py:188} INFO - [2024-04-14T13:05:35.174+0000] {dagbag.py:540} INFO - Filling up the DagBag from /home/airflow/.local/lib/python3.12/site-packages/airflow/example_dags/example_short_circuit_operator.py
[2024-04-14T13:05:35.181+0000] {processor.py:840} INFO - DAG(s) 'example_short_circuit_operator' retrieved from /home/airflow/.local/lib/python3.12/site-packages/airflow/example_dags/example_short_circuit_operator.py
[2024-04-14T13:05:35.202+0000] {logging_mixin.py:188} INFO - [2024-04-14T13:05:35.201+0000] {dag.py:3096} INFO - Sync 1 DAGs
[2024-04-14T13:05:35.220+0000] {logging_mixin.py:188} INFO - [2024-04-14T13:05:35.220+0000] {dag.py:3954} INFO - Setting next_dagrun for example_short_circuit_operator to 2024-04-13 00:00:00+00:00, run_after=2024-04-14 00:00:00+00:00
[2024-04-14T13:05:35.239+0000] {processor.py:183} INFO - Processing /home/airflow/.local/lib/python3.12/site-packages/airflow/example_dags/example_short_circuit_operator.py took 0.072 seconds
[2024-04-14T13:06:05.718+0000] {processor.py:161} INFO - Started process (PID=729) to work on /home/airflow/.local/lib/python3.12/site-packages/airflow/example_dags/example_short_circuit_operator.py
[2024-04-14T13:06:05.719+0000] {processor.py:830} INFO - Processing file /home/airflow/.local/lib/python3.12/site-packages/airflow/example_dags/example_short_circuit_operator.py for tasks to queue
[2024-04-14T13:06:05.720+0000] {logging_mixin.py:188} INFO - [2024-04-14T13:06:05.720+0000] {dagbag.py:540} INFO - Filling up the DagBag from /home/airflow/.local/lib/python3.12/site-packages/airflow/example_dags/example_short_circuit_operator.py
[2024-04-14T13:06:05.727+0000] {processor.py:840} INFO - DAG(s) 'example_short_circuit_operator' retrieved from /home/airflow/.local/lib/python3.12/site-packages/airflow/example_dags/example_short_circuit_operator.py
[2024-04-14T13:06:05.746+0000] {logging_mixin.py:188} INFO - [2024-04-14T13:06:05.746+0000] {dag.py:3096} INFO - Sync 1 DAGs
[2024-04-14T13:06:05.764+0000] {logging_mixin.py:188} INFO - [2024-04-14T13:06:05.764+0000] {dag.py:3954} INFO - Setting next_dagrun for example_short_circuit_operator to 2024-04-13 00:00:00+00:00, run_after=2024-04-14 00:00:00+00:00
[2024-04-14T13:06:05.781+0000] {processor.py:183} INFO - Processing /home/airflow/.local/lib/python3.12/site-packages/airflow/example_dags/example_short_circuit_operator.py took 0.067 seconds
[2024-04-14T13:06:36.268+0000] {processor.py:161} INFO - Started process (PID=787) to work on /home/airflow/.local/lib/python3.12/site-packages/airflow/example_dags/example_short_circuit_operator.py
[2024-04-14T13:06:36.269+0000] {processor.py:830} INFO - Processing file /home/airflow/.local/lib/python3.12/site-packages/airflow/example_dags/example_short_circuit_operator.py for tasks to queue
[2024-04-14T13:06:36.270+0000] {logging_mixin.py:188} INFO - [2024-04-14T13:06:36.270+0000] {dagbag.py:540} INFO - Filling up the DagBag from /home/airflow/.local/lib/python3.12/site-packages/airflow/example_dags/example_short_circuit_operator.py
[2024-04-14T13:06:36.276+0000] {processor.py:840} INFO - DAG(s) 'example_short_circuit_operator' retrieved from /home/airflow/.local/lib/python3.12/site-packages/airflow/example_dags/example_short_circuit_operator.py
[2024-04-14T13:06:36.295+0000] {logging_mixin.py:188} INFO - [2024-04-14T13:06:36.295+0000] {dag.py:3096} INFO - Sync 1 DAGs
[2024-04-14T13:06:36.314+0000] {logging_mixin.py:188} INFO - [2024-04-14T13:06:36.314+0000] {dag.py:3954} INFO - Setting next_dagrun for example_short_circuit_operator to 2024-04-13 00:00:00+00:00, run_after=2024-04-14 00:00:00+00:00
[2024-04-14T13:06:36.332+0000] {processor.py:183} INFO - Processing /home/airflow/.local/lib/python3.12/site-packages/airflow/example_dags/example_short_circuit_operator.py took 0.068 seconds
[2024-04-14T13:07:06.500+0000] {processor.py:161} INFO - Started process (PID=845) to work on /home/airflow/.local/lib/python3.12/site-packages/airflow/example_dags/example_short_circuit_operator.py
[2024-04-14T13:07:06.501+0000] {processor.py:830} INFO - Processing file /home/airflow/.local/lib/python3.12/site-packages/airflow/example_dags/example_short_circuit_operator.py for tasks to queue
[2024-04-14T13:07:06.502+0000] {logging_mixin.py:188} INFO - [2024-04-14T13:07:06.502+0000] {dagbag.py:540} INFO - Filling up the DagBag from /home/airflow/.local/lib/python3.12/site-packages/airflow/example_dags/example_short_circuit_operator.py
[2024-04-14T13:07:06.508+0000] {processor.py:840} INFO - DAG(s) 'example_short_circuit_operator' retrieved from /home/airflow/.local/lib/python3.12/site-packages/airflow/example_dags/example_short_circuit_operator.py
[2024-04-14T13:07:06.533+0000] {logging_mixin.py:188} INFO - [2024-04-14T13:07:06.532+0000] {dag.py:3096} INFO - Sync 1 DAGs
[2024-04-14T13:07:06.553+0000] {logging_mixin.py:188} INFO - [2024-04-14T13:07:06.553+0000] {dag.py:3954} INFO - Setting next_dagrun for example_short_circuit_operator to 2024-04-13 00:00:00+00:00, run_after=2024-04-14 00:00:00+00:00
[2024-04-14T13:07:06.698+0000] {processor.py:183} INFO - Processing /home/airflow/.local/lib/python3.12/site-packages/airflow/example_dags/example_short_circuit_operator.py took 0.203 seconds
[2024-04-14T13:07:37.532+0000] {processor.py:161} INFO - Started process (PID=903) to work on /home/airflow/.local/lib/python3.12/site-packages/airflow/example_dags/example_short_circuit_operator.py
[2024-04-14T13:07:37.532+0000] {processor.py:830} INFO - Processing file /home/airflow/.local/lib/python3.12/site-packages/airflow/example_dags/example_short_circuit_operator.py for tasks to queue
[2024-04-14T13:07:37.534+0000] {logging_mixin.py:188} INFO - [2024-04-14T13:07:37.533+0000] {dagbag.py:540} INFO - Filling up the DagBag from /home/airflow/.local/lib/python3.12/site-packages/airflow/example_dags/example_short_circuit_operator.py
[2024-04-14T13:07:37.539+0000] {processor.py:840} INFO - DAG(s) 'example_short_circuit_operator' retrieved from /home/airflow/.local/lib/python3.12/site-packages/airflow/example_dags/example_short_circuit_operator.py
[2024-04-14T13:07:37.558+0000] {logging_mixin.py:188} INFO - [2024-04-14T13:07:37.557+0000] {dag.py:3096} INFO - Sync 1 DAGs
[2024-04-14T13:07:37.576+0000] {logging_mixin.py:188} INFO - [2024-04-14T13:07:37.576+0000] {dag.py:3954} INFO - Setting next_dagrun for example_short_circuit_operator to 2024-04-13 00:00:00+00:00, run_after=2024-04-14 00:00:00+00:00
[2024-04-14T13:07:37.596+0000] {processor.py:183} INFO - Processing /home/airflow/.local/lib/python3.12/site-packages/airflow/example_dags/example_short_circuit_operator.py took 0.068 seconds
[2024-04-14T13:08:07.842+0000] {processor.py:161} INFO - Started process (PID=961) to work on /home/airflow/.local/lib/python3.12/site-packages/airflow/example_dags/example_short_circuit_operator.py
[2024-04-14T13:08:07.843+0000] {processor.py:830} INFO - Processing file /home/airflow/.local/lib/python3.12/site-packages/airflow/example_dags/example_short_circuit_operator.py for tasks to queue
[2024-04-14T13:08:07.844+0000] {logging_mixin.py:188} INFO - [2024-04-14T13:08:07.844+0000] {dagbag.py:540} INFO - Filling up the DagBag from /home/airflow/.local/lib/python3.12/site-packages/airflow/example_dags/example_short_circuit_operator.py
[2024-04-14T13:08:07.850+0000] {processor.py:840} INFO - DAG(s) 'example_short_circuit_operator' retrieved from /home/airflow/.local/lib/python3.12/site-packages/airflow/example_dags/example_short_circuit_operator.py
[2024-04-14T13:08:07.869+0000] {logging_mixin.py:188} INFO - [2024-04-14T13:08:07.869+0000] {dag.py:3096} INFO - Sync 1 DAGs
[2024-04-14T13:08:07.887+0000] {logging_mixin.py:188} INFO - [2024-04-14T13:08:07.887+0000] {dag.py:3954} INFO - Setting next_dagrun for example_short_circuit_operator to 2024-04-13 00:00:00+00:00, run_after=2024-04-14 00:00:00+00:00
[2024-04-14T13:08:07.905+0000] {processor.py:183} INFO - Processing /home/airflow/.local/lib/python3.12/site-packages/airflow/example_dags/example_short_circuit_operator.py took 0.067 seconds
[2024-04-14T13:08:38.022+0000] {processor.py:161} INFO - Started process (PID=1019) to work on /home/airflow/.local/lib/python3.12/site-packages/airflow/example_dags/example_short_circuit_operator.py
[2024-04-14T13:08:38.023+0000] {processor.py:830} INFO - Processing file /home/airflow/.local/lib/python3.12/site-packages/airflow/example_dags/example_short_circuit_operator.py for tasks to queue
[2024-04-14T13:08:38.024+0000] {logging_mixin.py:188} INFO - [2024-04-14T13:08:38.024+0000] {dagbag.py:540} INFO - Filling up the DagBag from /home/airflow/.local/lib/python3.12/site-packages/airflow/example_dags/example_short_circuit_operator.py
[2024-04-14T13:08:38.030+0000] {processor.py:840} INFO - DAG(s) 'example_short_circuit_operator' retrieved from /home/airflow/.local/lib/python3.12/site-packages/airflow/example_dags/example_short_circuit_operator.py
[2024-04-14T13:08:38.050+0000] {logging_mixin.py:188} INFO - [2024-04-14T13:08:38.049+0000] {dag.py:3096} INFO - Sync 1 DAGs
[2024-04-14T13:08:38.070+0000] {logging_mixin.py:188} INFO - [2024-04-14T13:08:38.070+0000] {dag.py:3954} INFO - Setting next_dagrun for example_short_circuit_operator to 2024-04-13 00:00:00+00:00, run_after=2024-04-14 00:00:00+00:00
[2024-04-14T13:08:38.096+0000] {processor.py:183} INFO - Processing /home/airflow/.local/lib/python3.12/site-packages/airflow/example_dags/example_short_circuit_operator.py took 0.078 seconds
[2024-04-14T13:09:08.215+0000] {processor.py:161} INFO - Started process (PID=1077) to work on /home/airflow/.local/lib/python3.12/site-packages/airflow/example_dags/example_short_circuit_operator.py
[2024-04-14T13:09:08.216+0000] {processor.py:830} INFO - Processing file /home/airflow/.local/lib/python3.12/site-packages/airflow/example_dags/example_short_circuit_operator.py for tasks to queue
[2024-04-14T13:09:08.217+0000] {logging_mixin.py:188} INFO - [2024-04-14T13:09:08.217+0000] {dagbag.py:540} INFO - Filling up the DagBag from /home/airflow/.local/lib/python3.12/site-packages/airflow/example_dags/example_short_circuit_operator.py
[2024-04-14T13:09:08.222+0000] {processor.py:840} INFO - DAG(s) 'example_short_circuit_operator' retrieved from /home/airflow/.local/lib/python3.12/site-packages/airflow/example_dags/example_short_circuit_operator.py
[2024-04-14T13:09:08.240+0000] {logging_mixin.py:188} INFO - [2024-04-14T13:09:08.240+0000] {dag.py:3096} INFO - Sync 1 DAGs
[2024-04-14T13:09:08.257+0000] {logging_mixin.py:188} INFO - [2024-04-14T13:09:08.257+0000] {dag.py:3954} INFO - Setting next_dagrun for example_short_circuit_operator to 2024-04-13 00:00:00+00:00, run_after=2024-04-14 00:00:00+00:00
[2024-04-14T13:09:08.274+0000] {processor.py:183} INFO - Processing /home/airflow/.local/lib/python3.12/site-packages/airflow/example_dags/example_short_circuit_operator.py took 0.063 seconds
[2024-04-14T13:09:38.798+0000] {processor.py:161} INFO - Started process (PID=1135) to work on /home/airflow/.local/lib/python3.12/site-packages/airflow/example_dags/example_short_circuit_operator.py
[2024-04-14T13:09:38.799+0000] {processor.py:830} INFO - Processing file /home/airflow/.local/lib/python3.12/site-packages/airflow/example_dags/example_short_circuit_operator.py for tasks to queue
[2024-04-14T13:09:38.800+0000] {logging_mixin.py:188} INFO - [2024-04-14T13:09:38.800+0000] {dagbag.py:540} INFO - Filling up the DagBag from /home/airflow/.local/lib/python3.12/site-packages/airflow/example_dags/example_short_circuit_operator.py
[2024-04-14T13:09:38.805+0000] {processor.py:840} INFO - DAG(s) 'example_short_circuit_operator' retrieved from /home/airflow/.local/lib/python3.12/site-packages/airflow/example_dags/example_short_circuit_operator.py
[2024-04-14T13:09:38.824+0000] {logging_mixin.py:188} INFO - [2024-04-14T13:09:38.824+0000] {dag.py:3096} INFO - Sync 1 DAGs
[2024-04-14T13:09:38.844+0000] {logging_mixin.py:188} INFO - [2024-04-14T13:09:38.844+0000] {dag.py:3954} INFO - Setting next_dagrun for example_short_circuit_operator to 2024-04-13 00:00:00+00:00, run_after=2024-04-14 00:00:00+00:00
[2024-04-14T13:09:38.864+0000] {processor.py:183} INFO - Processing /home/airflow/.local/lib/python3.12/site-packages/airflow/example_dags/example_short_circuit_operator.py took 0.070 seconds
[2024-04-14T13:10:09.202+0000] {processor.py:161} INFO - Started process (PID=1193) to work on /home/airflow/.local/lib/python3.12/site-packages/airflow/example_dags/example_short_circuit_operator.py
[2024-04-14T13:10:09.203+0000] {processor.py:830} INFO - Processing file /home/airflow/.local/lib/python3.12/site-packages/airflow/example_dags/example_short_circuit_operator.py for tasks to queue
[2024-04-14T13:10:09.205+0000] {logging_mixin.py:188} INFO - [2024-04-14T13:10:09.204+0000] {dagbag.py:540} INFO - Filling up the DagBag from /home/airflow/.local/lib/python3.12/site-packages/airflow/example_dags/example_short_circuit_operator.py
[2024-04-14T13:10:09.211+0000] {processor.py:840} INFO - DAG(s) 'example_short_circuit_operator' retrieved from /home/airflow/.local/lib/python3.12/site-packages/airflow/example_dags/example_short_circuit_operator.py
[2024-04-14T13:10:09.233+0000] {logging_mixin.py:188} INFO - [2024-04-14T13:10:09.232+0000] {dag.py:3096} INFO - Sync 1 DAGs
[2024-04-14T13:10:09.254+0000] {logging_mixin.py:188} INFO - [2024-04-14T13:10:09.253+0000] {dag.py:3954} INFO - Setting next_dagrun for example_short_circuit_operator to 2024-04-13 00:00:00+00:00, run_after=2024-04-14 00:00:00+00:00
[2024-04-14T13:10:09.271+0000] {processor.py:183} INFO - Processing /home/airflow/.local/lib/python3.12/site-packages/airflow/example_dags/example_short_circuit_operator.py took 0.073 seconds
[2024-04-14T13:10:39.678+0000] {processor.py:161} INFO - Started process (PID=1251) to work on /home/airflow/.local/lib/python3.12/site-packages/airflow/example_dags/example_short_circuit_operator.py
[2024-04-14T13:10:39.679+0000] {processor.py:830} INFO - Processing file /home/airflow/.local/lib/python3.12/site-packages/airflow/example_dags/example_short_circuit_operator.py for tasks to queue
[2024-04-14T13:10:39.680+0000] {logging_mixin.py:188} INFO - [2024-04-14T13:10:39.680+0000] {dagbag.py:540} INFO - Filling up the DagBag from /home/airflow/.local/lib/python3.12/site-packages/airflow/example_dags/example_short_circuit_operator.py
[2024-04-14T13:10:39.685+0000] {processor.py:840} INFO - DAG(s) 'example_short_circuit_operator' retrieved from /home/airflow/.local/lib/python3.12/site-packages/airflow/example_dags/example_short_circuit_operator.py
[2024-04-14T13:10:39.706+0000] {logging_mixin.py:188} INFO - [2024-04-14T13:10:39.705+0000] {dag.py:3096} INFO - Sync 1 DAGs
[2024-04-14T13:10:39.725+0000] {logging_mixin.py:188} INFO - [2024-04-14T13:10:39.725+0000] {dag.py:3954} INFO - Setting next_dagrun for example_short_circuit_operator to 2024-04-13 00:00:00+00:00, run_after=2024-04-14 00:00:00+00:00
[2024-04-14T13:10:39.748+0000] {processor.py:183} INFO - Processing /home/airflow/.local/lib/python3.12/site-packages/airflow/example_dags/example_short_circuit_operator.py took 0.074 seconds
[2024-04-14T13:11:10.045+0000] {processor.py:161} INFO - Started process (PID=1309) to work on /home/airflow/.local/lib/python3.12/site-packages/airflow/example_dags/example_short_circuit_operator.py
[2024-04-14T13:11:10.046+0000] {processor.py:830} INFO - Processing file /home/airflow/.local/lib/python3.12/site-packages/airflow/example_dags/example_short_circuit_operator.py for tasks to queue
[2024-04-14T13:11:10.047+0000] {logging_mixin.py:188} INFO - [2024-04-14T13:11:10.047+0000] {dagbag.py:540} INFO - Filling up the DagBag from /home/airflow/.local/lib/python3.12/site-packages/airflow/example_dags/example_short_circuit_operator.py
[2024-04-14T13:11:10.052+0000] {processor.py:840} INFO - DAG(s) 'example_short_circuit_operator' retrieved from /home/airflow/.local/lib/python3.12/site-packages/airflow/example_dags/example_short_circuit_operator.py
[2024-04-14T13:11:10.071+0000] {logging_mixin.py:188} INFO - [2024-04-14T13:11:10.071+0000] {dag.py:3096} INFO - Sync 1 DAGs
[2024-04-14T13:11:10.090+0000] {logging_mixin.py:188} INFO - [2024-04-14T13:11:10.090+0000] {dag.py:3954} INFO - Setting next_dagrun for example_short_circuit_operator to 2024-04-13 00:00:00+00:00, run_after=2024-04-14 00:00:00+00:00
[2024-04-14T13:11:10.107+0000] {processor.py:183} INFO - Processing /home/airflow/.local/lib/python3.12/site-packages/airflow/example_dags/example_short_circuit_operator.py took 0.066 seconds
[2024-04-14T13:11:40.386+0000] {processor.py:161} INFO - Started process (PID=1367) to work on /home/airflow/.local/lib/python3.12/site-packages/airflow/example_dags/example_short_circuit_operator.py
[2024-04-14T13:11:40.386+0000] {processor.py:830} INFO - Processing file /home/airflow/.local/lib/python3.12/site-packages/airflow/example_dags/example_short_circuit_operator.py for tasks to queue
[2024-04-14T13:11:40.388+0000] {logging_mixin.py:188} INFO - [2024-04-14T13:11:40.387+0000] {dagbag.py:540} INFO - Filling up the DagBag from /home/airflow/.local/lib/python3.12/site-packages/airflow/example_dags/example_short_circuit_operator.py
[2024-04-14T13:11:40.393+0000] {processor.py:840} INFO - DAG(s) 'example_short_circuit_operator' retrieved from /home/airflow/.local/lib/python3.12/site-packages/airflow/example_dags/example_short_circuit_operator.py
[2024-04-14T13:11:40.411+0000] {logging_mixin.py:188} INFO - [2024-04-14T13:11:40.410+0000] {dag.py:3096} INFO - Sync 1 DAGs
[2024-04-14T13:11:40.429+0000] {logging_mixin.py:188} INFO - [2024-04-14T13:11:40.429+0000] {dag.py:3954} INFO - Setting next_dagrun for example_short_circuit_operator to 2024-04-13 00:00:00+00:00, run_after=2024-04-14 00:00:00+00:00
[2024-04-14T13:11:40.446+0000] {processor.py:183} INFO - Processing /home/airflow/.local/lib/python3.12/site-packages/airflow/example_dags/example_short_circuit_operator.py took 0.064 seconds
[2024-04-14T13:12:10.700+0000] {processor.py:161} INFO - Started process (PID=1425) to work on /home/airflow/.local/lib/python3.12/site-packages/airflow/example_dags/example_short_circuit_operator.py
[2024-04-14T13:12:10.701+0000] {processor.py:830} INFO - Processing file /home/airflow/.local/lib/python3.12/site-packages/airflow/example_dags/example_short_circuit_operator.py for tasks to queue
[2024-04-14T13:12:10.702+0000] {logging_mixin.py:188} INFO - [2024-04-14T13:12:10.702+0000] {dagbag.py:540} INFO - Filling up the DagBag from /home/airflow/.local/lib/python3.12/site-packages/airflow/example_dags/example_short_circuit_operator.py
[2024-04-14T13:12:10.708+0000] {processor.py:840} INFO - DAG(s) 'example_short_circuit_operator' retrieved from /home/airflow/.local/lib/python3.12/site-packages/airflow/example_dags/example_short_circuit_operator.py
[2024-04-14T13:12:10.728+0000] {logging_mixin.py:188} INFO - [2024-04-14T13:12:10.728+0000] {dag.py:3096} INFO - Sync 1 DAGs
[2024-04-14T13:12:10.748+0000] {logging_mixin.py:188} INFO - [2024-04-14T13:12:10.748+0000] {dag.py:3954} INFO - Setting next_dagrun for example_short_circuit_operator to 2024-04-13 00:00:00+00:00, run_after=2024-04-14 00:00:00+00:00
[2024-04-14T13:12:10.766+0000] {processor.py:183} INFO - Processing /home/airflow/.local/lib/python3.12/site-packages/airflow/example_dags/example_short_circuit_operator.py took 0.070 seconds
[2024-04-14T13:12:41.061+0000] {processor.py:161} INFO - Started process (PID=1483) to work on /home/airflow/.local/lib/python3.12/site-packages/airflow/example_dags/example_short_circuit_operator.py
[2024-04-14T13:12:41.062+0000] {processor.py:830} INFO - Processing file /home/airflow/.local/lib/python3.12/site-packages/airflow/example_dags/example_short_circuit_operator.py for tasks to queue
[2024-04-14T13:12:41.063+0000] {logging_mixin.py:188} INFO - [2024-04-14T13:12:41.063+0000] {dagbag.py:540} INFO - Filling up the DagBag from /home/airflow/.local/lib/python3.12/site-packages/airflow/example_dags/example_short_circuit_operator.py
[2024-04-14T13:12:41.069+0000] {processor.py:840} INFO - DAG(s) 'example_short_circuit_operator' retrieved from /home/airflow/.local/lib/python3.12/site-packages/airflow/example_dags/example_short_circuit_operator.py
[2024-04-14T13:12:41.090+0000] {logging_mixin.py:188} INFO - [2024-04-14T13:12:41.089+0000] {dag.py:3096} INFO - Sync 1 DAGs
[2024-04-14T13:12:41.110+0000] {logging_mixin.py:188} INFO - [2024-04-14T13:12:41.110+0000] {dag.py:3954} INFO - Setting next_dagrun for example_short_circuit_operator to 2024-04-13 00:00:00+00:00, run_after=2024-04-14 00:00:00+00:00
[2024-04-14T13:12:41.132+0000] {processor.py:183} INFO - Processing /home/airflow/.local/lib/python3.12/site-packages/airflow/example_dags/example_short_circuit_operator.py took 0.075 seconds
[2024-04-14T13:13:11.453+0000] {processor.py:161} INFO - Started process (PID=1541) to work on /home/airflow/.local/lib/python3.12/site-packages/airflow/example_dags/example_short_circuit_operator.py
[2024-04-14T13:13:11.453+0000] {processor.py:830} INFO - Processing file /home/airflow/.local/lib/python3.12/site-packages/airflow/example_dags/example_short_circuit_operator.py for tasks to queue
[2024-04-14T13:13:11.455+0000] {logging_mixin.py:188} INFO - [2024-04-14T13:13:11.454+0000] {dagbag.py:540} INFO - Filling up the DagBag from /home/airflow/.local/lib/python3.12/site-packages/airflow/example_dags/example_short_circuit_operator.py
[2024-04-14T13:13:11.460+0000] {processor.py:840} INFO - DAG(s) 'example_short_circuit_operator' retrieved from /home/airflow/.local/lib/python3.12/site-packages/airflow/example_dags/example_short_circuit_operator.py
[2024-04-14T13:13:11.478+0000] {logging_mixin.py:188} INFO - [2024-04-14T13:13:11.478+0000] {dag.py:3096} INFO - Sync 1 DAGs
[2024-04-14T13:13:11.497+0000] {logging_mixin.py:188} INFO - [2024-04-14T13:13:11.496+0000] {dag.py:3954} INFO - Setting next_dagrun for example_short_circuit_operator to 2024-04-13 00:00:00+00:00, run_after=2024-04-14 00:00:00+00:00
[2024-04-14T13:13:11.513+0000] {processor.py:183} INFO - Processing /home/airflow/.local/lib/python3.12/site-packages/airflow/example_dags/example_short_circuit_operator.py took 0.065 seconds
[2024-04-14T13:13:41.899+0000] {processor.py:161} INFO - Started process (PID=1599) to work on /home/airflow/.local/lib/python3.12/site-packages/airflow/example_dags/example_short_circuit_operator.py
[2024-04-14T13:13:41.900+0000] {processor.py:830} INFO - Processing file /home/airflow/.local/lib/python3.12/site-packages/airflow/example_dags/example_short_circuit_operator.py for tasks to queue
[2024-04-14T13:13:41.901+0000] {logging_mixin.py:188} INFO - [2024-04-14T13:13:41.901+0000] {dagbag.py:540} INFO - Filling up the DagBag from /home/airflow/.local/lib/python3.12/site-packages/airflow/example_dags/example_short_circuit_operator.py
[2024-04-14T13:13:41.907+0000] {processor.py:840} INFO - DAG(s) 'example_short_circuit_operator' retrieved from /home/airflow/.local/lib/python3.12/site-packages/airflow/example_dags/example_short_circuit_operator.py
[2024-04-14T13:13:41.926+0000] {logging_mixin.py:188} INFO - [2024-04-14T13:13:41.926+0000] {dag.py:3096} INFO - Sync 1 DAGs
[2024-04-14T13:13:41.945+0000] {logging_mixin.py:188} INFO - [2024-04-14T13:13:41.945+0000] {dag.py:3954} INFO - Setting next_dagrun for example_short_circuit_operator to 2024-04-13 00:00:00+00:00, run_after=2024-04-14 00:00:00+00:00
[2024-04-14T13:13:41.962+0000] {processor.py:183} INFO - Processing /home/airflow/.local/lib/python3.12/site-packages/airflow/example_dags/example_short_circuit_operator.py took 0.067 seconds
[2024-04-14T13:14:12.034+0000] {processor.py:161} INFO - Started process (PID=1657) to work on /home/airflow/.local/lib/python3.12/site-packages/airflow/example_dags/example_short_circuit_operator.py
[2024-04-14T13:14:12.035+0000] {processor.py:830} INFO - Processing file /home/airflow/.local/lib/python3.12/site-packages/airflow/example_dags/example_short_circuit_operator.py for tasks to queue
[2024-04-14T13:14:12.037+0000] {logging_mixin.py:188} INFO - [2024-04-14T13:14:12.037+0000] {dagbag.py:540} INFO - Filling up the DagBag from /home/airflow/.local/lib/python3.12/site-packages/airflow/example_dags/example_short_circuit_operator.py
[2024-04-14T13:14:12.042+0000] {processor.py:840} INFO - DAG(s) 'example_short_circuit_operator' retrieved from /home/airflow/.local/lib/python3.12/site-packages/airflow/example_dags/example_short_circuit_operator.py
[2024-04-14T13:14:12.063+0000] {logging_mixin.py:188} INFO - [2024-04-14T13:14:12.062+0000] {dag.py:3096} INFO - Sync 1 DAGs
[2024-04-14T13:14:12.082+0000] {logging_mixin.py:188} INFO - [2024-04-14T13:14:12.082+0000] {dag.py:3954} INFO - Setting next_dagrun for example_short_circuit_operator to 2024-04-13 00:00:00+00:00, run_after=2024-04-14 00:00:00+00:00
[2024-04-14T13:14:12.099+0000] {processor.py:183} INFO - Processing /home/airflow/.local/lib/python3.12/site-packages/airflow/example_dags/example_short_circuit_operator.py took 0.069 seconds
[2024-04-14T13:14:42.385+0000] {processor.py:161} INFO - Started process (PID=1715) to work on /home/airflow/.local/lib/python3.12/site-packages/airflow/example_dags/example_short_circuit_operator.py
[2024-04-14T13:14:42.385+0000] {processor.py:830} INFO - Processing file /home/airflow/.local/lib/python3.12/site-packages/airflow/example_dags/example_short_circuit_operator.py for tasks to queue
[2024-04-14T13:14:42.387+0000] {logging_mixin.py:188} INFO - [2024-04-14T13:14:42.386+0000] {dagbag.py:540} INFO - Filling up the DagBag from /home/airflow/.local/lib/python3.12/site-packages/airflow/example_dags/example_short_circuit_operator.py
[2024-04-14T13:14:42.392+0000] {processor.py:840} INFO - DAG(s) 'example_short_circuit_operator' retrieved from /home/airflow/.local/lib/python3.12/site-packages/airflow/example_dags/example_short_circuit_operator.py
[2024-04-14T13:14:42.412+0000] {logging_mixin.py:188} INFO - [2024-04-14T13:14:42.412+0000] {dag.py:3096} INFO - Sync 1 DAGs
[2024-04-14T13:14:42.432+0000] {logging_mixin.py:188} INFO - [2024-04-14T13:14:42.431+0000] {dag.py:3954} INFO - Setting next_dagrun for example_short_circuit_operator to 2024-04-13 00:00:00+00:00, run_after=2024-04-14 00:00:00+00:00
[2024-04-14T13:14:42.454+0000] {processor.py:183} INFO - Processing /home/airflow/.local/lib/python3.12/site-packages/airflow/example_dags/example_short_circuit_operator.py took 0.073 seconds
[2024-04-14T13:15:12.922+0000] {processor.py:161} INFO - Started process (PID=1774) to work on /home/airflow/.local/lib/python3.12/site-packages/airflow/example_dags/example_short_circuit_operator.py
[2024-04-14T13:15:12.922+0000] {processor.py:830} INFO - Processing file /home/airflow/.local/lib/python3.12/site-packages/airflow/example_dags/example_short_circuit_operator.py for tasks to queue
[2024-04-14T13:15:12.924+0000] {logging_mixin.py:188} INFO - [2024-04-14T13:15:12.924+0000] {dagbag.py:540} INFO - Filling up the DagBag from /home/airflow/.local/lib/python3.12/site-packages/airflow/example_dags/example_short_circuit_operator.py
[2024-04-14T13:15:12.930+0000] {processor.py:840} INFO - DAG(s) 'example_short_circuit_operator' retrieved from /home/airflow/.local/lib/python3.12/site-packages/airflow/example_dags/example_short_circuit_operator.py
[2024-04-14T13:15:12.959+0000] {logging_mixin.py:188} INFO - [2024-04-14T13:15:12.958+0000] {dag.py:3096} INFO - Sync 1 DAGs
[2024-04-14T13:15:12.981+0000] {logging_mixin.py:188} INFO - [2024-04-14T13:15:12.981+0000] {dag.py:3954} INFO - Setting next_dagrun for example_short_circuit_operator to 2024-04-13 00:00:00+00:00, run_after=2024-04-14 00:00:00+00:00
[2024-04-14T13:15:13.000+0000] {processor.py:183} INFO - Processing /home/airflow/.local/lib/python3.12/site-packages/airflow/example_dags/example_short_circuit_operator.py took 0.083 seconds
[2024-04-14T13:15:43.488+0000] {processor.py:161} INFO - Started process (PID=1832) to work on /home/airflow/.local/lib/python3.12/site-packages/airflow/example_dags/example_short_circuit_operator.py
[2024-04-14T13:15:43.488+0000] {processor.py:830} INFO - Processing file /home/airflow/.local/lib/python3.12/site-packages/airflow/example_dags/example_short_circuit_operator.py for tasks to queue
[2024-04-14T13:15:43.490+0000] {logging_mixin.py:188} INFO - [2024-04-14T13:15:43.489+0000] {dagbag.py:540} INFO - Filling up the DagBag from /home/airflow/.local/lib/python3.12/site-packages/airflow/example_dags/example_short_circuit_operator.py
[2024-04-14T13:15:43.495+0000] {processor.py:840} INFO - DAG(s) 'example_short_circuit_operator' retrieved from /home/airflow/.local/lib/python3.12/site-packages/airflow/example_dags/example_short_circuit_operator.py
[2024-04-14T13:15:43.514+0000] {logging_mixin.py:188} INFO - [2024-04-14T13:15:43.514+0000] {dag.py:3096} INFO - Sync 1 DAGs
[2024-04-14T13:15:43.533+0000] {logging_mixin.py:188} INFO - [2024-04-14T13:15:43.533+0000] {dag.py:3954} INFO - Setting next_dagrun for example_short_circuit_operator to 2024-04-13 00:00:00+00:00, run_after=2024-04-14 00:00:00+00:00
[2024-04-14T13:15:43.549+0000] {processor.py:183} INFO - Processing /home/airflow/.local/lib/python3.12/site-packages/airflow/example_dags/example_short_circuit_operator.py took 0.066 seconds
[2024-04-14T13:16:13.941+0000] {processor.py:161} INFO - Started process (PID=1891) to work on /home/airflow/.local/lib/python3.12/site-packages/airflow/example_dags/example_short_circuit_operator.py
[2024-04-14T13:16:13.942+0000] {processor.py:830} INFO - Processing file /home/airflow/.local/lib/python3.12/site-packages/airflow/example_dags/example_short_circuit_operator.py for tasks to queue
[2024-04-14T13:16:13.943+0000] {logging_mixin.py:188} INFO - [2024-04-14T13:16:13.943+0000] {dagbag.py:540} INFO - Filling up the DagBag from /home/airflow/.local/lib/python3.12/site-packages/airflow/example_dags/example_short_circuit_operator.py
[2024-04-14T13:16:13.948+0000] {processor.py:840} INFO - DAG(s) 'example_short_circuit_operator' retrieved from /home/airflow/.local/lib/python3.12/site-packages/airflow/example_dags/example_short_circuit_operator.py
[2024-04-14T13:16:13.968+0000] {logging_mixin.py:188} INFO - [2024-04-14T13:16:13.968+0000] {dag.py:3096} INFO - Sync 1 DAGs
[2024-04-14T13:16:13.987+0000] {logging_mixin.py:188} INFO - [2024-04-14T13:16:13.987+0000] {dag.py:3954} INFO - Setting next_dagrun for example_short_circuit_operator to 2024-04-13 00:00:00+00:00, run_after=2024-04-14 00:00:00+00:00
[2024-04-14T13:16:14.004+0000] {processor.py:183} INFO - Processing /home/airflow/.local/lib/python3.12/site-packages/airflow/example_dags/example_short_circuit_operator.py took 0.067 seconds
[2024-04-14T13:16:44.361+0000] {processor.py:161} INFO - Started process (PID=1949) to work on /home/airflow/.local/lib/python3.12/site-packages/airflow/example_dags/example_short_circuit_operator.py
[2024-04-14T13:16:44.361+0000] {processor.py:830} INFO - Processing file /home/airflow/.local/lib/python3.12/site-packages/airflow/example_dags/example_short_circuit_operator.py for tasks to queue
[2024-04-14T13:16:44.363+0000] {logging_mixin.py:188} INFO - [2024-04-14T13:16:44.362+0000] {dagbag.py:540} INFO - Filling up the DagBag from /home/airflow/.local/lib/python3.12/site-packages/airflow/example_dags/example_short_circuit_operator.py
[2024-04-14T13:16:44.368+0000] {processor.py:840} INFO - DAG(s) 'example_short_circuit_operator' retrieved from /home/airflow/.local/lib/python3.12/site-packages/airflow/example_dags/example_short_circuit_operator.py
[2024-04-14T13:16:44.386+0000] {logging_mixin.py:188} INFO - [2024-04-14T13:16:44.386+0000] {dag.py:3096} INFO - Sync 1 DAGs
[2024-04-14T13:16:44.404+0000] {logging_mixin.py:188} INFO - [2024-04-14T13:16:44.404+0000] {dag.py:3954} INFO - Setting next_dagrun for example_short_circuit_operator to 2024-04-13 00:00:00+00:00, run_after=2024-04-14 00:00:00+00:00
[2024-04-14T13:16:44.419+0000] {processor.py:183} INFO - Processing /home/airflow/.local/lib/python3.12/site-packages/airflow/example_dags/example_short_circuit_operator.py took 0.062 seconds
[2024-04-14T13:17:14.703+0000] {processor.py:161} INFO - Started process (PID=2008) to work on /home/airflow/.local/lib/python3.12/site-packages/airflow/example_dags/example_short_circuit_operator.py
[2024-04-14T13:17:14.704+0000] {processor.py:830} INFO - Processing file /home/airflow/.local/lib/python3.12/site-packages/airflow/example_dags/example_short_circuit_operator.py for tasks to queue
[2024-04-14T13:17:14.705+0000] {logging_mixin.py:188} INFO - [2024-04-14T13:17:14.705+0000] {dagbag.py:540} INFO - Filling up the DagBag from /home/airflow/.local/lib/python3.12/site-packages/airflow/example_dags/example_short_circuit_operator.py
[2024-04-14T13:17:14.711+0000] {processor.py:840} INFO - DAG(s) 'example_short_circuit_operator' retrieved from /home/airflow/.local/lib/python3.12/site-packages/airflow/example_dags/example_short_circuit_operator.py
[2024-04-14T13:17:14.730+0000] {logging_mixin.py:188} INFO - [2024-04-14T13:17:14.730+0000] {dag.py:3096} INFO - Sync 1 DAGs
[2024-04-14T13:17:14.750+0000] {logging_mixin.py:188} INFO - [2024-04-14T13:17:14.750+0000] {dag.py:3954} INFO - Setting next_dagrun for example_short_circuit_operator to 2024-04-13 00:00:00+00:00, run_after=2024-04-14 00:00:00+00:00
[2024-04-14T13:17:14.773+0000] {processor.py:183} INFO - Processing /home/airflow/.local/lib/python3.12/site-packages/airflow/example_dags/example_short_circuit_operator.py took 0.074 seconds
[2024-04-14T13:17:45.175+0000] {processor.py:161} INFO - Started process (PID=2067) to work on /home/airflow/.local/lib/python3.12/site-packages/airflow/example_dags/example_short_circuit_operator.py
[2024-04-14T13:17:45.184+0000] {processor.py:830} INFO - Processing file /home/airflow/.local/lib/python3.12/site-packages/airflow/example_dags/example_short_circuit_operator.py for tasks to queue
[2024-04-14T13:17:45.187+0000] {logging_mixin.py:188} INFO - [2024-04-14T13:17:45.187+0000] {dagbag.py:540} INFO - Filling up the DagBag from /home/airflow/.local/lib/python3.12/site-packages/airflow/example_dags/example_short_circuit_operator.py
[2024-04-14T13:17:45.194+0000] {processor.py:840} INFO - DAG(s) 'example_short_circuit_operator' retrieved from /home/airflow/.local/lib/python3.12/site-packages/airflow/example_dags/example_short_circuit_operator.py
[2024-04-14T13:17:45.221+0000] {logging_mixin.py:188} INFO - [2024-04-14T13:17:45.221+0000] {dag.py:3096} INFO - Sync 1 DAGs
[2024-04-14T13:17:45.242+0000] {logging_mixin.py:188} INFO - [2024-04-14T13:17:45.242+0000] {dag.py:3954} INFO - Setting next_dagrun for example_short_circuit_operator to 2024-04-13 00:00:00+00:00, run_after=2024-04-14 00:00:00+00:00
[2024-04-14T13:17:45.257+0000] {processor.py:183} INFO - Processing /home/airflow/.local/lib/python3.12/site-packages/airflow/example_dags/example_short_circuit_operator.py took 0.152 seconds
[2024-04-14T13:18:15.488+0000] {processor.py:161} INFO - Started process (PID=2125) to work on /home/airflow/.local/lib/python3.12/site-packages/airflow/example_dags/example_short_circuit_operator.py
[2024-04-14T13:18:15.489+0000] {processor.py:830} INFO - Processing file /home/airflow/.local/lib/python3.12/site-packages/airflow/example_dags/example_short_circuit_operator.py for tasks to queue
[2024-04-14T13:18:15.490+0000] {logging_mixin.py:188} INFO - [2024-04-14T13:18:15.490+0000] {dagbag.py:540} INFO - Filling up the DagBag from /home/airflow/.local/lib/python3.12/site-packages/airflow/example_dags/example_short_circuit_operator.py
[2024-04-14T13:18:15.496+0000] {processor.py:840} INFO - DAG(s) 'example_short_circuit_operator' retrieved from /home/airflow/.local/lib/python3.12/site-packages/airflow/example_dags/example_short_circuit_operator.py
[2024-04-14T13:18:15.515+0000] {logging_mixin.py:188} INFO - [2024-04-14T13:18:15.515+0000] {dag.py:3096} INFO - Sync 1 DAGs
[2024-04-14T13:18:15.535+0000] {logging_mixin.py:188} INFO - [2024-04-14T13:18:15.535+0000] {dag.py:3954} INFO - Setting next_dagrun for example_short_circuit_operator to 2024-04-13 00:00:00+00:00, run_after=2024-04-14 00:00:00+00:00
[2024-04-14T13:18:15.551+0000] {processor.py:183} INFO - Processing /home/airflow/.local/lib/python3.12/site-packages/airflow/example_dags/example_short_circuit_operator.py took 0.067 seconds
[2024-04-14T13:18:45.889+0000] {processor.py:161} INFO - Started process (PID=2183) to work on /home/airflow/.local/lib/python3.12/site-packages/airflow/example_dags/example_short_circuit_operator.py
[2024-04-14T13:18:45.890+0000] {processor.py:830} INFO - Processing file /home/airflow/.local/lib/python3.12/site-packages/airflow/example_dags/example_short_circuit_operator.py for tasks to queue
[2024-04-14T13:18:45.892+0000] {logging_mixin.py:188} INFO - [2024-04-14T13:18:45.892+0000] {dagbag.py:540} INFO - Filling up the DagBag from /home/airflow/.local/lib/python3.12/site-packages/airflow/example_dags/example_short_circuit_operator.py
[2024-04-14T13:18:45.897+0000] {processor.py:840} INFO - DAG(s) 'example_short_circuit_operator' retrieved from /home/airflow/.local/lib/python3.12/site-packages/airflow/example_dags/example_short_circuit_operator.py
[2024-04-14T13:18:45.915+0000] {logging_mixin.py:188} INFO - [2024-04-14T13:18:45.915+0000] {dag.py:3096} INFO - Sync 1 DAGs
[2024-04-14T13:18:45.934+0000] {logging_mixin.py:188} INFO - [2024-04-14T13:18:45.933+0000] {dag.py:3954} INFO - Setting next_dagrun for example_short_circuit_operator to 2024-04-13 00:00:00+00:00, run_after=2024-04-14 00:00:00+00:00
[2024-04-14T13:18:45.950+0000] {processor.py:183} INFO - Processing /home/airflow/.local/lib/python3.12/site-packages/airflow/example_dags/example_short_circuit_operator.py took 0.064 seconds
[2024-04-14T13:19:16.138+0000] {processor.py:161} INFO - Started process (PID=2242) to work on /home/airflow/.local/lib/python3.12/site-packages/airflow/example_dags/example_short_circuit_operator.py
[2024-04-14T13:19:16.139+0000] {processor.py:830} INFO - Processing file /home/airflow/.local/lib/python3.12/site-packages/airflow/example_dags/example_short_circuit_operator.py for tasks to queue
[2024-04-14T13:19:16.140+0000] {logging_mixin.py:188} INFO - [2024-04-14T13:19:16.140+0000] {dagbag.py:540} INFO - Filling up the DagBag from /home/airflow/.local/lib/python3.12/site-packages/airflow/example_dags/example_short_circuit_operator.py
[2024-04-14T13:19:16.146+0000] {processor.py:840} INFO - DAG(s) 'example_short_circuit_operator' retrieved from /home/airflow/.local/lib/python3.12/site-packages/airflow/example_dags/example_short_circuit_operator.py
[2024-04-14T13:19:16.166+0000] {logging_mixin.py:188} INFO - [2024-04-14T13:19:16.166+0000] {dag.py:3096} INFO - Sync 1 DAGs
[2024-04-14T13:19:16.186+0000] {logging_mixin.py:188} INFO - [2024-04-14T13:19:16.186+0000] {dag.py:3954} INFO - Setting next_dagrun for example_short_circuit_operator to 2024-04-13 00:00:00+00:00, run_after=2024-04-14 00:00:00+00:00
[2024-04-14T13:19:16.203+0000] {processor.py:183} INFO - Processing /home/airflow/.local/lib/python3.12/site-packages/airflow/example_dags/example_short_circuit_operator.py took 0.070 seconds
[2024-04-14T13:19:46.515+0000] {processor.py:161} INFO - Started process (PID=2300) to work on /home/airflow/.local/lib/python3.12/site-packages/airflow/example_dags/example_short_circuit_operator.py
[2024-04-14T13:19:46.516+0000] {processor.py:830} INFO - Processing file /home/airflow/.local/lib/python3.12/site-packages/airflow/example_dags/example_short_circuit_operator.py for tasks to queue
[2024-04-14T13:19:46.517+0000] {logging_mixin.py:188} INFO - [2024-04-14T13:19:46.517+0000] {dagbag.py:540} INFO - Filling up the DagBag from /home/airflow/.local/lib/python3.12/site-packages/airflow/example_dags/example_short_circuit_operator.py
[2024-04-14T13:19:46.524+0000] {processor.py:840} INFO - DAG(s) 'example_short_circuit_operator' retrieved from /home/airflow/.local/lib/python3.12/site-packages/airflow/example_dags/example_short_circuit_operator.py
[2024-04-14T13:19:46.543+0000] {logging_mixin.py:188} INFO - [2024-04-14T13:19:46.542+0000] {dag.py:3096} INFO - Sync 1 DAGs
[2024-04-14T13:19:46.561+0000] {logging_mixin.py:188} INFO - [2024-04-14T13:19:46.561+0000] {dag.py:3954} INFO - Setting next_dagrun for example_short_circuit_operator to 2024-04-13 00:00:00+00:00, run_after=2024-04-14 00:00:00+00:00
[2024-04-14T13:19:46.577+0000] {processor.py:183} INFO - Processing /home/airflow/.local/lib/python3.12/site-packages/airflow/example_dags/example_short_circuit_operator.py took 0.069 seconds
[2024-04-14T13:20:16.906+0000] {processor.py:161} INFO - Started process (PID=2358) to work on /home/airflow/.local/lib/python3.12/site-packages/airflow/example_dags/example_short_circuit_operator.py
[2024-04-14T13:20:16.907+0000] {processor.py:830} INFO - Processing file /home/airflow/.local/lib/python3.12/site-packages/airflow/example_dags/example_short_circuit_operator.py for tasks to queue
[2024-04-14T13:20:16.908+0000] {logging_mixin.py:188} INFO - [2024-04-14T13:20:16.908+0000] {dagbag.py:540} INFO - Filling up the DagBag from /home/airflow/.local/lib/python3.12/site-packages/airflow/example_dags/example_short_circuit_operator.py
[2024-04-14T13:20:16.916+0000] {processor.py:840} INFO - DAG(s) 'example_short_circuit_operator' retrieved from /home/airflow/.local/lib/python3.12/site-packages/airflow/example_dags/example_short_circuit_operator.py
[2024-04-14T13:20:16.945+0000] {logging_mixin.py:188} INFO - [2024-04-14T13:20:16.944+0000] {dag.py:3096} INFO - Sync 1 DAGs
[2024-04-14T13:20:16.975+0000] {logging_mixin.py:188} INFO - [2024-04-14T13:20:16.974+0000] {dag.py:3954} INFO - Setting next_dagrun for example_short_circuit_operator to 2024-04-13 00:00:00+00:00, run_after=2024-04-14 00:00:00+00:00
[2024-04-14T13:20:17.001+0000] {processor.py:183} INFO - Processing /home/airflow/.local/lib/python3.12/site-packages/airflow/example_dags/example_short_circuit_operator.py took 0.101 seconds
