[2024-04-14T13:00:02.598+0000] {processor.py:161} INFO - Started process (PID=46) to work on /home/airflow/.local/lib/python3.12/site-packages/airflow/example_dags/example_sensors.py
[2024-04-14T13:00:02.599+0000] {processor.py:830} INFO - Processing file /home/airflow/.local/lib/python3.12/site-packages/airflow/example_dags/example_sensors.py for tasks to queue
[2024-04-14T13:00:02.600+0000] {logging_mixin.py:188} INFO - [2024-04-14T13:00:02.600+0000] {dagbag.py:540} INFO - Filling up the DagBag from /home/airflow/.local/lib/python3.12/site-packages/airflow/example_dags/example_sensors.py
[2024-04-14T13:00:02.613+0000] {processor.py:840} INFO - DAG(s) 'example_sensors' retrieved from /home/airflow/.local/lib/python3.12/site-packages/airflow/example_dags/example_sensors.py
[2024-04-14T13:00:02.625+0000] {logging_mixin.py:188} INFO - [2024-04-14T13:00:02.625+0000] {dag.py:3096} INFO - Sync 1 DAGs
[2024-04-14T13:00:02.641+0000] {logging_mixin.py:188} INFO - [2024-04-14T13:00:02.640+0000] {dag.py:3954} INFO - Setting next_dagrun for example_sensors to None, run_after=None
[2024-04-14T13:00:02.667+0000] {processor.py:183} INFO - Processing /home/airflow/.local/lib/python3.12/site-packages/airflow/example_dags/example_sensors.py took 0.074 seconds
[2024-04-14T13:00:33.681+0000] {processor.py:161} INFO - Started process (PID=103) to work on /home/airflow/.local/lib/python3.12/site-packages/airflow/example_dags/example_sensors.py
[2024-04-14T13:00:33.682+0000] {processor.py:830} INFO - Processing file /home/airflow/.local/lib/python3.12/site-packages/airflow/example_dags/example_sensors.py for tasks to queue
[2024-04-14T13:00:33.684+0000] {logging_mixin.py:188} INFO - [2024-04-14T13:00:33.684+0000] {dagbag.py:540} INFO - Filling up the DagBag from /home/airflow/.local/lib/python3.12/site-packages/airflow/example_dags/example_sensors.py
[2024-04-14T13:00:33.695+0000] {processor.py:840} INFO - DAG(s) 'example_sensors' retrieved from /home/airflow/.local/lib/python3.12/site-packages/airflow/example_dags/example_sensors.py
[2024-04-14T13:00:33.792+0000] {logging_mixin.py:188} INFO - [2024-04-14T13:00:33.791+0000] {dag.py:3096} INFO - Sync 1 DAGs
[2024-04-14T13:00:33.802+0000] {logging_mixin.py:188} INFO - [2024-04-14T13:00:33.801+0000] {dag.py:3954} INFO - Setting next_dagrun for example_sensors to None, run_after=None
[2024-04-14T13:00:33.819+0000] {processor.py:183} INFO - Processing /home/airflow/.local/lib/python3.12/site-packages/airflow/example_dags/example_sensors.py took 0.143 seconds
[2024-04-14T13:01:04.319+0000] {processor.py:161} INFO - Started process (PID=161) to work on /home/airflow/.local/lib/python3.12/site-packages/airflow/example_dags/example_sensors.py
[2024-04-14T13:01:04.320+0000] {processor.py:830} INFO - Processing file /home/airflow/.local/lib/python3.12/site-packages/airflow/example_dags/example_sensors.py for tasks to queue
[2024-04-14T13:01:04.321+0000] {logging_mixin.py:188} INFO - [2024-04-14T13:01:04.321+0000] {dagbag.py:540} INFO - Filling up the DagBag from /home/airflow/.local/lib/python3.12/site-packages/airflow/example_dags/example_sensors.py
[2024-04-14T13:01:04.330+0000] {processor.py:840} INFO - DAG(s) 'example_sensors' retrieved from /home/airflow/.local/lib/python3.12/site-packages/airflow/example_dags/example_sensors.py
[2024-04-14T13:01:04.355+0000] {logging_mixin.py:188} INFO - [2024-04-14T13:01:04.355+0000] {dag.py:3096} INFO - Sync 1 DAGs
[2024-04-14T13:01:04.367+0000] {logging_mixin.py:188} INFO - [2024-04-14T13:01:04.367+0000] {dag.py:3954} INFO - Setting next_dagrun for example_sensors to None, run_after=None
[2024-04-14T13:01:04.386+0000] {processor.py:183} INFO - Processing /home/airflow/.local/lib/python3.12/site-packages/airflow/example_dags/example_sensors.py took 0.071 seconds
[2024-04-14T13:01:34.481+0000] {processor.py:161} INFO - Started process (PID=219) to work on /home/airflow/.local/lib/python3.12/site-packages/airflow/example_dags/example_sensors.py
[2024-04-14T13:01:34.482+0000] {processor.py:830} INFO - Processing file /home/airflow/.local/lib/python3.12/site-packages/airflow/example_dags/example_sensors.py for tasks to queue
[2024-04-14T13:01:34.483+0000] {logging_mixin.py:188} INFO - [2024-04-14T13:01:34.483+0000] {dagbag.py:540} INFO - Filling up the DagBag from /home/airflow/.local/lib/python3.12/site-packages/airflow/example_dags/example_sensors.py
[2024-04-14T13:01:34.493+0000] {processor.py:840} INFO - DAG(s) 'example_sensors' retrieved from /home/airflow/.local/lib/python3.12/site-packages/airflow/example_dags/example_sensors.py
[2024-04-14T13:01:34.515+0000] {logging_mixin.py:188} INFO - [2024-04-14T13:01:34.515+0000] {dag.py:3096} INFO - Sync 1 DAGs
[2024-04-14T13:01:34.528+0000] {logging_mixin.py:188} INFO - [2024-04-14T13:01:34.528+0000] {dag.py:3954} INFO - Setting next_dagrun for example_sensors to None, run_after=None
[2024-04-14T13:01:34.545+0000] {processor.py:183} INFO - Processing /home/airflow/.local/lib/python3.12/site-packages/airflow/example_dags/example_sensors.py took 0.069 seconds
[2024-04-14T13:02:04.756+0000] {processor.py:161} INFO - Started process (PID=277) to work on /home/airflow/.local/lib/python3.12/site-packages/airflow/example_dags/example_sensors.py
[2024-04-14T13:02:04.756+0000] {processor.py:830} INFO - Processing file /home/airflow/.local/lib/python3.12/site-packages/airflow/example_dags/example_sensors.py for tasks to queue
[2024-04-14T13:02:04.758+0000] {logging_mixin.py:188} INFO - [2024-04-14T13:02:04.758+0000] {dagbag.py:540} INFO - Filling up the DagBag from /home/airflow/.local/lib/python3.12/site-packages/airflow/example_dags/example_sensors.py
[2024-04-14T13:02:04.765+0000] {processor.py:840} INFO - DAG(s) 'example_sensors' retrieved from /home/airflow/.local/lib/python3.12/site-packages/airflow/example_dags/example_sensors.py
[2024-04-14T13:02:04.786+0000] {logging_mixin.py:188} INFO - [2024-04-14T13:02:04.785+0000] {dag.py:3096} INFO - Sync 1 DAGs
[2024-04-14T13:02:04.797+0000] {logging_mixin.py:188} INFO - [2024-04-14T13:02:04.797+0000] {dag.py:3954} INFO - Setting next_dagrun for example_sensors to None, run_after=None
[2024-04-14T13:02:04.817+0000] {processor.py:183} INFO - Processing /home/airflow/.local/lib/python3.12/site-packages/airflow/example_dags/example_sensors.py took 0.065 seconds
[2024-04-14T13:02:35.117+0000] {processor.py:161} INFO - Started process (PID=335) to work on /home/airflow/.local/lib/python3.12/site-packages/airflow/example_dags/example_sensors.py
[2024-04-14T13:02:35.118+0000] {processor.py:830} INFO - Processing file /home/airflow/.local/lib/python3.12/site-packages/airflow/example_dags/example_sensors.py for tasks to queue
[2024-04-14T13:02:35.119+0000] {logging_mixin.py:188} INFO - [2024-04-14T13:02:35.119+0000] {dagbag.py:540} INFO - Filling up the DagBag from /home/airflow/.local/lib/python3.12/site-packages/airflow/example_dags/example_sensors.py
[2024-04-14T13:02:35.126+0000] {processor.py:840} INFO - DAG(s) 'example_sensors' retrieved from /home/airflow/.local/lib/python3.12/site-packages/airflow/example_dags/example_sensors.py
[2024-04-14T13:02:35.147+0000] {logging_mixin.py:188} INFO - [2024-04-14T13:02:35.146+0000] {dag.py:3096} INFO - Sync 1 DAGs
[2024-04-14T13:02:35.159+0000] {logging_mixin.py:188} INFO - [2024-04-14T13:02:35.159+0000] {dag.py:3954} INFO - Setting next_dagrun for example_sensors to None, run_after=None
[2024-04-14T13:02:35.177+0000] {processor.py:183} INFO - Processing /home/airflow/.local/lib/python3.12/site-packages/airflow/example_dags/example_sensors.py took 0.064 seconds
[2024-04-14T13:03:05.423+0000] {processor.py:161} INFO - Started process (PID=393) to work on /home/airflow/.local/lib/python3.12/site-packages/airflow/example_dags/example_sensors.py
[2024-04-14T13:03:05.424+0000] {processor.py:830} INFO - Processing file /home/airflow/.local/lib/python3.12/site-packages/airflow/example_dags/example_sensors.py for tasks to queue
[2024-04-14T13:03:05.425+0000] {logging_mixin.py:188} INFO - [2024-04-14T13:03:05.424+0000] {dagbag.py:540} INFO - Filling up the DagBag from /home/airflow/.local/lib/python3.12/site-packages/airflow/example_dags/example_sensors.py
[2024-04-14T13:03:05.432+0000] {processor.py:840} INFO - DAG(s) 'example_sensors' retrieved from /home/airflow/.local/lib/python3.12/site-packages/airflow/example_dags/example_sensors.py
[2024-04-14T13:03:05.452+0000] {logging_mixin.py:188} INFO - [2024-04-14T13:03:05.452+0000] {dag.py:3096} INFO - Sync 1 DAGs
[2024-04-14T13:03:05.463+0000] {logging_mixin.py:188} INFO - [2024-04-14T13:03:05.463+0000] {dag.py:3954} INFO - Setting next_dagrun for example_sensors to None, run_after=None
[2024-04-14T13:03:05.480+0000] {processor.py:183} INFO - Processing /home/airflow/.local/lib/python3.12/site-packages/airflow/example_dags/example_sensors.py took 0.062 seconds
[2024-04-14T13:03:36.483+0000] {processor.py:161} INFO - Started process (PID=452) to work on /home/airflow/.local/lib/python3.12/site-packages/airflow/example_dags/example_sensors.py
[2024-04-14T13:03:36.484+0000] {processor.py:830} INFO - Processing file /home/airflow/.local/lib/python3.12/site-packages/airflow/example_dags/example_sensors.py for tasks to queue
[2024-04-14T13:03:36.486+0000] {logging_mixin.py:188} INFO - [2024-04-14T13:03:36.486+0000] {dagbag.py:540} INFO - Filling up the DagBag from /home/airflow/.local/lib/python3.12/site-packages/airflow/example_dags/example_sensors.py
[2024-04-14T13:03:36.493+0000] {processor.py:840} INFO - DAG(s) 'example_sensors' retrieved from /home/airflow/.local/lib/python3.12/site-packages/airflow/example_dags/example_sensors.py
[2024-04-14T13:03:36.517+0000] {logging_mixin.py:188} INFO - [2024-04-14T13:03:36.517+0000] {dag.py:3096} INFO - Sync 1 DAGs
[2024-04-14T13:03:36.528+0000] {logging_mixin.py:188} INFO - [2024-04-14T13:03:36.528+0000] {dag.py:3954} INFO - Setting next_dagrun for example_sensors to None, run_after=None
[2024-04-14T13:03:36.548+0000] {processor.py:183} INFO - Processing /home/airflow/.local/lib/python3.12/site-packages/airflow/example_dags/example_sensors.py took 0.069 seconds
[2024-04-14T13:04:07.298+0000] {processor.py:161} INFO - Started process (PID=511) to work on /home/airflow/.local/lib/python3.12/site-packages/airflow/example_dags/example_sensors.py
[2024-04-14T13:04:07.299+0000] {processor.py:830} INFO - Processing file /home/airflow/.local/lib/python3.12/site-packages/airflow/example_dags/example_sensors.py for tasks to queue
[2024-04-14T13:04:07.300+0000] {logging_mixin.py:188} INFO - [2024-04-14T13:04:07.300+0000] {dagbag.py:540} INFO - Filling up the DagBag from /home/airflow/.local/lib/python3.12/site-packages/airflow/example_dags/example_sensors.py
[2024-04-14T13:04:07.307+0000] {processor.py:840} INFO - DAG(s) 'example_sensors' retrieved from /home/airflow/.local/lib/python3.12/site-packages/airflow/example_dags/example_sensors.py
[2024-04-14T13:04:07.328+0000] {logging_mixin.py:188} INFO - [2024-04-14T13:04:07.328+0000] {dag.py:3096} INFO - Sync 1 DAGs
[2024-04-14T13:04:07.339+0000] {logging_mixin.py:188} INFO - [2024-04-14T13:04:07.339+0000] {dag.py:3954} INFO - Setting next_dagrun for example_sensors to None, run_after=None
[2024-04-14T13:04:07.357+0000] {processor.py:183} INFO - Processing /home/airflow/.local/lib/python3.12/site-packages/airflow/example_dags/example_sensors.py took 0.063 seconds
[2024-04-14T13:04:38.396+0000] {processor.py:161} INFO - Started process (PID=569) to work on /home/airflow/.local/lib/python3.12/site-packages/airflow/example_dags/example_sensors.py
[2024-04-14T13:04:38.396+0000] {processor.py:830} INFO - Processing file /home/airflow/.local/lib/python3.12/site-packages/airflow/example_dags/example_sensors.py for tasks to queue
[2024-04-14T13:04:38.398+0000] {logging_mixin.py:188} INFO - [2024-04-14T13:04:38.398+0000] {dagbag.py:540} INFO - Filling up the DagBag from /home/airflow/.local/lib/python3.12/site-packages/airflow/example_dags/example_sensors.py
[2024-04-14T13:04:38.405+0000] {processor.py:840} INFO - DAG(s) 'example_sensors' retrieved from /home/airflow/.local/lib/python3.12/site-packages/airflow/example_dags/example_sensors.py
[2024-04-14T13:04:38.426+0000] {logging_mixin.py:188} INFO - [2024-04-14T13:04:38.426+0000] {dag.py:3096} INFO - Sync 1 DAGs
[2024-04-14T13:04:38.437+0000] {logging_mixin.py:188} INFO - [2024-04-14T13:04:38.436+0000] {dag.py:3954} INFO - Setting next_dagrun for example_sensors to None, run_after=None
[2024-04-14T13:04:38.454+0000] {processor.py:183} INFO - Processing /home/airflow/.local/lib/python3.12/site-packages/airflow/example_dags/example_sensors.py took 0.063 seconds
[2024-04-14T13:05:08.487+0000] {processor.py:161} INFO - Started process (PID=627) to work on /home/airflow/.local/lib/python3.12/site-packages/airflow/example_dags/example_sensors.py
[2024-04-14T13:05:08.487+0000] {processor.py:830} INFO - Processing file /home/airflow/.local/lib/python3.12/site-packages/airflow/example_dags/example_sensors.py for tasks to queue
[2024-04-14T13:05:08.489+0000] {logging_mixin.py:188} INFO - [2024-04-14T13:05:08.489+0000] {dagbag.py:540} INFO - Filling up the DagBag from /home/airflow/.local/lib/python3.12/site-packages/airflow/example_dags/example_sensors.py
[2024-04-14T13:05:08.496+0000] {processor.py:840} INFO - DAG(s) 'example_sensors' retrieved from /home/airflow/.local/lib/python3.12/site-packages/airflow/example_dags/example_sensors.py
[2024-04-14T13:05:08.519+0000] {logging_mixin.py:188} INFO - [2024-04-14T13:05:08.518+0000] {dag.py:3096} INFO - Sync 1 DAGs
[2024-04-14T13:05:08.530+0000] {logging_mixin.py:188} INFO - [2024-04-14T13:05:08.530+0000] {dag.py:3954} INFO - Setting next_dagrun for example_sensors to None, run_after=None
[2024-04-14T13:05:08.550+0000] {processor.py:183} INFO - Processing /home/airflow/.local/lib/python3.12/site-packages/airflow/example_dags/example_sensors.py took 0.068 seconds
[2024-04-14T13:05:38.641+0000] {processor.py:161} INFO - Started process (PID=685) to work on /home/airflow/.local/lib/python3.12/site-packages/airflow/example_dags/example_sensors.py
[2024-04-14T13:05:38.642+0000] {processor.py:830} INFO - Processing file /home/airflow/.local/lib/python3.12/site-packages/airflow/example_dags/example_sensors.py for tasks to queue
[2024-04-14T13:05:38.643+0000] {logging_mixin.py:188} INFO - [2024-04-14T13:05:38.643+0000] {dagbag.py:540} INFO - Filling up the DagBag from /home/airflow/.local/lib/python3.12/site-packages/airflow/example_dags/example_sensors.py
[2024-04-14T13:05:38.650+0000] {processor.py:840} INFO - DAG(s) 'example_sensors' retrieved from /home/airflow/.local/lib/python3.12/site-packages/airflow/example_dags/example_sensors.py
[2024-04-14T13:05:38.671+0000] {logging_mixin.py:188} INFO - [2024-04-14T13:05:38.671+0000] {dag.py:3096} INFO - Sync 1 DAGs
[2024-04-14T13:05:38.683+0000] {logging_mixin.py:188} INFO - [2024-04-14T13:05:38.683+0000] {dag.py:3954} INFO - Setting next_dagrun for example_sensors to None, run_after=None
[2024-04-14T13:05:38.701+0000] {processor.py:183} INFO - Processing /home/airflow/.local/lib/python3.12/site-packages/airflow/example_dags/example_sensors.py took 0.064 seconds
[2024-04-14T13:06:09.262+0000] {processor.py:161} INFO - Started process (PID=743) to work on /home/airflow/.local/lib/python3.12/site-packages/airflow/example_dags/example_sensors.py
[2024-04-14T13:06:09.263+0000] {processor.py:830} INFO - Processing file /home/airflow/.local/lib/python3.12/site-packages/airflow/example_dags/example_sensors.py for tasks to queue
[2024-04-14T13:06:09.264+0000] {logging_mixin.py:188} INFO - [2024-04-14T13:06:09.264+0000] {dagbag.py:540} INFO - Filling up the DagBag from /home/airflow/.local/lib/python3.12/site-packages/airflow/example_dags/example_sensors.py
[2024-04-14T13:06:09.271+0000] {processor.py:840} INFO - DAG(s) 'example_sensors' retrieved from /home/airflow/.local/lib/python3.12/site-packages/airflow/example_dags/example_sensors.py
[2024-04-14T13:06:09.290+0000] {logging_mixin.py:188} INFO - [2024-04-14T13:06:09.290+0000] {dag.py:3096} INFO - Sync 1 DAGs
[2024-04-14T13:06:09.301+0000] {logging_mixin.py:188} INFO - [2024-04-14T13:06:09.300+0000] {dag.py:3954} INFO - Setting next_dagrun for example_sensors to None, run_after=None
[2024-04-14T13:06:09.317+0000] {processor.py:183} INFO - Processing /home/airflow/.local/lib/python3.12/site-packages/airflow/example_dags/example_sensors.py took 0.059 seconds
[2024-04-14T13:06:40.070+0000] {processor.py:161} INFO - Started process (PID=801) to work on /home/airflow/.local/lib/python3.12/site-packages/airflow/example_dags/example_sensors.py
[2024-04-14T13:06:40.070+0000] {processor.py:830} INFO - Processing file /home/airflow/.local/lib/python3.12/site-packages/airflow/example_dags/example_sensors.py for tasks to queue
[2024-04-14T13:06:40.072+0000] {logging_mixin.py:188} INFO - [2024-04-14T13:06:40.071+0000] {dagbag.py:540} INFO - Filling up the DagBag from /home/airflow/.local/lib/python3.12/site-packages/airflow/example_dags/example_sensors.py
[2024-04-14T13:06:40.080+0000] {processor.py:840} INFO - DAG(s) 'example_sensors' retrieved from /home/airflow/.local/lib/python3.12/site-packages/airflow/example_dags/example_sensors.py
[2024-04-14T13:06:40.100+0000] {logging_mixin.py:188} INFO - [2024-04-14T13:06:40.100+0000] {dag.py:3096} INFO - Sync 1 DAGs
[2024-04-14T13:06:40.110+0000] {logging_mixin.py:188} INFO - [2024-04-14T13:06:40.110+0000] {dag.py:3954} INFO - Setting next_dagrun for example_sensors to None, run_after=None
[2024-04-14T13:06:40.130+0000] {processor.py:183} INFO - Processing /home/airflow/.local/lib/python3.12/site-packages/airflow/example_dags/example_sensors.py took 0.064 seconds
[2024-04-14T13:07:10.379+0000] {processor.py:161} INFO - Started process (PID=859) to work on /home/airflow/.local/lib/python3.12/site-packages/airflow/example_dags/example_sensors.py
[2024-04-14T13:07:10.380+0000] {processor.py:830} INFO - Processing file /home/airflow/.local/lib/python3.12/site-packages/airflow/example_dags/example_sensors.py for tasks to queue
[2024-04-14T13:07:10.381+0000] {logging_mixin.py:188} INFO - [2024-04-14T13:07:10.381+0000] {dagbag.py:540} INFO - Filling up the DagBag from /home/airflow/.local/lib/python3.12/site-packages/airflow/example_dags/example_sensors.py
[2024-04-14T13:07:10.393+0000] {processor.py:840} INFO - DAG(s) 'example_sensors' retrieved from /home/airflow/.local/lib/python3.12/site-packages/airflow/example_dags/example_sensors.py
[2024-04-14T13:07:10.423+0000] {logging_mixin.py:188} INFO - [2024-04-14T13:07:10.423+0000] {dag.py:3096} INFO - Sync 1 DAGs
[2024-04-14T13:07:10.441+0000] {logging_mixin.py:188} INFO - [2024-04-14T13:07:10.440+0000] {dag.py:3954} INFO - Setting next_dagrun for example_sensors to None, run_after=None
[2024-04-14T13:07:10.471+0000] {processor.py:183} INFO - Processing /home/airflow/.local/lib/python3.12/site-packages/airflow/example_dags/example_sensors.py took 0.098 seconds
[2024-04-14T13:07:40.596+0000] {processor.py:161} INFO - Started process (PID=917) to work on /home/airflow/.local/lib/python3.12/site-packages/airflow/example_dags/example_sensors.py
[2024-04-14T13:07:40.596+0000] {processor.py:830} INFO - Processing file /home/airflow/.local/lib/python3.12/site-packages/airflow/example_dags/example_sensors.py for tasks to queue
[2024-04-14T13:07:40.597+0000] {logging_mixin.py:188} INFO - [2024-04-14T13:07:40.597+0000] {dagbag.py:540} INFO - Filling up the DagBag from /home/airflow/.local/lib/python3.12/site-packages/airflow/example_dags/example_sensors.py
[2024-04-14T13:07:40.604+0000] {processor.py:840} INFO - DAG(s) 'example_sensors' retrieved from /home/airflow/.local/lib/python3.12/site-packages/airflow/example_dags/example_sensors.py
[2024-04-14T13:07:40.624+0000] {logging_mixin.py:188} INFO - [2024-04-14T13:07:40.624+0000] {dag.py:3096} INFO - Sync 1 DAGs
[2024-04-14T13:07:40.635+0000] {logging_mixin.py:188} INFO - [2024-04-14T13:07:40.634+0000] {dag.py:3954} INFO - Setting next_dagrun for example_sensors to None, run_after=None
[2024-04-14T13:07:40.652+0000] {processor.py:183} INFO - Processing /home/airflow/.local/lib/python3.12/site-packages/airflow/example_dags/example_sensors.py took 0.060 seconds
[2024-04-14T13:08:11.083+0000] {processor.py:161} INFO - Started process (PID=975) to work on /home/airflow/.local/lib/python3.12/site-packages/airflow/example_dags/example_sensors.py
[2024-04-14T13:08:11.084+0000] {processor.py:830} INFO - Processing file /home/airflow/.local/lib/python3.12/site-packages/airflow/example_dags/example_sensors.py for tasks to queue
[2024-04-14T13:08:11.086+0000] {logging_mixin.py:188} INFO - [2024-04-14T13:08:11.085+0000] {dagbag.py:540} INFO - Filling up the DagBag from /home/airflow/.local/lib/python3.12/site-packages/airflow/example_dags/example_sensors.py
[2024-04-14T13:08:11.094+0000] {processor.py:840} INFO - DAG(s) 'example_sensors' retrieved from /home/airflow/.local/lib/python3.12/site-packages/airflow/example_dags/example_sensors.py
[2024-04-14T13:08:11.118+0000] {logging_mixin.py:188} INFO - [2024-04-14T13:08:11.117+0000] {dag.py:3096} INFO - Sync 1 DAGs
[2024-04-14T13:08:11.245+0000] {logging_mixin.py:188} INFO - [2024-04-14T13:08:11.245+0000] {dag.py:3954} INFO - Setting next_dagrun for example_sensors to None, run_after=None
[2024-04-14T13:08:11.261+0000] {processor.py:183} INFO - Processing /home/airflow/.local/lib/python3.12/site-packages/airflow/example_dags/example_sensors.py took 0.183 seconds
[2024-04-14T13:08:41.924+0000] {processor.py:161} INFO - Started process (PID=1033) to work on /home/airflow/.local/lib/python3.12/site-packages/airflow/example_dags/example_sensors.py
[2024-04-14T13:08:41.925+0000] {processor.py:830} INFO - Processing file /home/airflow/.local/lib/python3.12/site-packages/airflow/example_dags/example_sensors.py for tasks to queue
[2024-04-14T13:08:41.926+0000] {logging_mixin.py:188} INFO - [2024-04-14T13:08:41.926+0000] {dagbag.py:540} INFO - Filling up the DagBag from /home/airflow/.local/lib/python3.12/site-packages/airflow/example_dags/example_sensors.py
[2024-04-14T13:08:41.933+0000] {processor.py:840} INFO - DAG(s) 'example_sensors' retrieved from /home/airflow/.local/lib/python3.12/site-packages/airflow/example_dags/example_sensors.py
[2024-04-14T13:08:41.956+0000] {logging_mixin.py:188} INFO - [2024-04-14T13:08:41.955+0000] {dag.py:3096} INFO - Sync 1 DAGs
[2024-04-14T13:08:41.967+0000] {logging_mixin.py:188} INFO - [2024-04-14T13:08:41.967+0000] {dag.py:3954} INFO - Setting next_dagrun for example_sensors to None, run_after=None
[2024-04-14T13:08:42.108+0000] {processor.py:183} INFO - Processing /home/airflow/.local/lib/python3.12/site-packages/airflow/example_dags/example_sensors.py took 0.188 seconds
[2024-04-14T13:09:13.016+0000] {processor.py:161} INFO - Started process (PID=1091) to work on /home/airflow/.local/lib/python3.12/site-packages/airflow/example_dags/example_sensors.py
[2024-04-14T13:09:13.017+0000] {processor.py:830} INFO - Processing file /home/airflow/.local/lib/python3.12/site-packages/airflow/example_dags/example_sensors.py for tasks to queue
[2024-04-14T13:09:13.018+0000] {logging_mixin.py:188} INFO - [2024-04-14T13:09:13.018+0000] {dagbag.py:540} INFO - Filling up the DagBag from /home/airflow/.local/lib/python3.12/site-packages/airflow/example_dags/example_sensors.py
[2024-04-14T13:09:13.025+0000] {processor.py:840} INFO - DAG(s) 'example_sensors' retrieved from /home/airflow/.local/lib/python3.12/site-packages/airflow/example_dags/example_sensors.py
[2024-04-14T13:09:13.047+0000] {logging_mixin.py:188} INFO - [2024-04-14T13:09:13.047+0000] {dag.py:3096} INFO - Sync 1 DAGs
[2024-04-14T13:09:13.058+0000] {logging_mixin.py:188} INFO - [2024-04-14T13:09:13.058+0000] {dag.py:3954} INFO - Setting next_dagrun for example_sensors to None, run_after=None
[2024-04-14T13:09:13.075+0000] {processor.py:183} INFO - Processing /home/airflow/.local/lib/python3.12/site-packages/airflow/example_dags/example_sensors.py took 0.064 seconds
[2024-04-14T13:09:43.482+0000] {processor.py:161} INFO - Started process (PID=1149) to work on /home/airflow/.local/lib/python3.12/site-packages/airflow/example_dags/example_sensors.py
[2024-04-14T13:09:43.483+0000] {processor.py:830} INFO - Processing file /home/airflow/.local/lib/python3.12/site-packages/airflow/example_dags/example_sensors.py for tasks to queue
[2024-04-14T13:09:43.485+0000] {logging_mixin.py:188} INFO - [2024-04-14T13:09:43.484+0000] {dagbag.py:540} INFO - Filling up the DagBag from /home/airflow/.local/lib/python3.12/site-packages/airflow/example_dags/example_sensors.py
[2024-04-14T13:09:43.491+0000] {processor.py:840} INFO - DAG(s) 'example_sensors' retrieved from /home/airflow/.local/lib/python3.12/site-packages/airflow/example_dags/example_sensors.py
[2024-04-14T13:09:43.514+0000] {logging_mixin.py:188} INFO - [2024-04-14T13:09:43.514+0000] {dag.py:3096} INFO - Sync 1 DAGs
[2024-04-14T13:09:43.525+0000] {logging_mixin.py:188} INFO - [2024-04-14T13:09:43.525+0000] {dag.py:3954} INFO - Setting next_dagrun for example_sensors to None, run_after=None
[2024-04-14T13:09:43.543+0000] {processor.py:183} INFO - Processing /home/airflow/.local/lib/python3.12/site-packages/airflow/example_dags/example_sensors.py took 0.065 seconds
[2024-04-14T13:10:13.879+0000] {processor.py:161} INFO - Started process (PID=1207) to work on /home/airflow/.local/lib/python3.12/site-packages/airflow/example_dags/example_sensors.py
[2024-04-14T13:10:13.880+0000] {processor.py:830} INFO - Processing file /home/airflow/.local/lib/python3.12/site-packages/airflow/example_dags/example_sensors.py for tasks to queue
[2024-04-14T13:10:13.881+0000] {logging_mixin.py:188} INFO - [2024-04-14T13:10:13.881+0000] {dagbag.py:540} INFO - Filling up the DagBag from /home/airflow/.local/lib/python3.12/site-packages/airflow/example_dags/example_sensors.py
[2024-04-14T13:10:13.888+0000] {processor.py:840} INFO - DAG(s) 'example_sensors' retrieved from /home/airflow/.local/lib/python3.12/site-packages/airflow/example_dags/example_sensors.py
[2024-04-14T13:10:13.910+0000] {logging_mixin.py:188} INFO - [2024-04-14T13:10:13.910+0000] {dag.py:3096} INFO - Sync 1 DAGs
[2024-04-14T13:10:13.921+0000] {logging_mixin.py:188} INFO - [2024-04-14T13:10:13.920+0000] {dag.py:3954} INFO - Setting next_dagrun for example_sensors to None, run_after=None
[2024-04-14T13:10:13.939+0000] {processor.py:183} INFO - Processing /home/airflow/.local/lib/python3.12/site-packages/airflow/example_dags/example_sensors.py took 0.064 seconds
[2024-04-14T13:10:44.364+0000] {processor.py:161} INFO - Started process (PID=1265) to work on /home/airflow/.local/lib/python3.12/site-packages/airflow/example_dags/example_sensors.py
[2024-04-14T13:10:44.365+0000] {processor.py:830} INFO - Processing file /home/airflow/.local/lib/python3.12/site-packages/airflow/example_dags/example_sensors.py for tasks to queue
[2024-04-14T13:10:44.366+0000] {logging_mixin.py:188} INFO - [2024-04-14T13:10:44.366+0000] {dagbag.py:540} INFO - Filling up the DagBag from /home/airflow/.local/lib/python3.12/site-packages/airflow/example_dags/example_sensors.py
[2024-04-14T13:10:44.373+0000] {processor.py:840} INFO - DAG(s) 'example_sensors' retrieved from /home/airflow/.local/lib/python3.12/site-packages/airflow/example_dags/example_sensors.py
[2024-04-14T13:10:44.396+0000] {logging_mixin.py:188} INFO - [2024-04-14T13:10:44.396+0000] {dag.py:3096} INFO - Sync 1 DAGs
[2024-04-14T13:10:44.407+0000] {logging_mixin.py:188} INFO - [2024-04-14T13:10:44.407+0000] {dag.py:3954} INFO - Setting next_dagrun for example_sensors to None, run_after=None
[2024-04-14T13:10:44.425+0000] {processor.py:183} INFO - Processing /home/airflow/.local/lib/python3.12/site-packages/airflow/example_dags/example_sensors.py took 0.065 seconds
[2024-04-14T13:11:14.729+0000] {processor.py:161} INFO - Started process (PID=1323) to work on /home/airflow/.local/lib/python3.12/site-packages/airflow/example_dags/example_sensors.py
[2024-04-14T13:11:14.730+0000] {processor.py:830} INFO - Processing file /home/airflow/.local/lib/python3.12/site-packages/airflow/example_dags/example_sensors.py for tasks to queue
[2024-04-14T13:11:14.731+0000] {logging_mixin.py:188} INFO - [2024-04-14T13:11:14.731+0000] {dagbag.py:540} INFO - Filling up the DagBag from /home/airflow/.local/lib/python3.12/site-packages/airflow/example_dags/example_sensors.py
[2024-04-14T13:11:14.739+0000] {processor.py:840} INFO - DAG(s) 'example_sensors' retrieved from /home/airflow/.local/lib/python3.12/site-packages/airflow/example_dags/example_sensors.py
[2024-04-14T13:11:14.761+0000] {logging_mixin.py:188} INFO - [2024-04-14T13:11:14.761+0000] {dag.py:3096} INFO - Sync 1 DAGs
[2024-04-14T13:11:14.771+0000] {logging_mixin.py:188} INFO - [2024-04-14T13:11:14.771+0000] {dag.py:3954} INFO - Setting next_dagrun for example_sensors to None, run_after=None
[2024-04-14T13:11:14.789+0000] {processor.py:183} INFO - Processing /home/airflow/.local/lib/python3.12/site-packages/airflow/example_dags/example_sensors.py took 0.064 seconds
[2024-04-14T13:11:45.060+0000] {processor.py:161} INFO - Started process (PID=1381) to work on /home/airflow/.local/lib/python3.12/site-packages/airflow/example_dags/example_sensors.py
[2024-04-14T13:11:45.061+0000] {processor.py:830} INFO - Processing file /home/airflow/.local/lib/python3.12/site-packages/airflow/example_dags/example_sensors.py for tasks to queue
[2024-04-14T13:11:45.062+0000] {logging_mixin.py:188} INFO - [2024-04-14T13:11:45.062+0000] {dagbag.py:540} INFO - Filling up the DagBag from /home/airflow/.local/lib/python3.12/site-packages/airflow/example_dags/example_sensors.py
[2024-04-14T13:11:45.069+0000] {processor.py:840} INFO - DAG(s) 'example_sensors' retrieved from /home/airflow/.local/lib/python3.12/site-packages/airflow/example_dags/example_sensors.py
[2024-04-14T13:11:45.093+0000] {logging_mixin.py:188} INFO - [2024-04-14T13:11:45.093+0000] {dag.py:3096} INFO - Sync 1 DAGs
[2024-04-14T13:11:45.104+0000] {logging_mixin.py:188} INFO - [2024-04-14T13:11:45.104+0000] {dag.py:3954} INFO - Setting next_dagrun for example_sensors to None, run_after=None
[2024-04-14T13:11:45.121+0000] {processor.py:183} INFO - Processing /home/airflow/.local/lib/python3.12/site-packages/airflow/example_dags/example_sensors.py took 0.065 seconds
[2024-04-14T13:12:15.395+0000] {processor.py:161} INFO - Started process (PID=1439) to work on /home/airflow/.local/lib/python3.12/site-packages/airflow/example_dags/example_sensors.py
[2024-04-14T13:12:15.396+0000] {processor.py:830} INFO - Processing file /home/airflow/.local/lib/python3.12/site-packages/airflow/example_dags/example_sensors.py for tasks to queue
[2024-04-14T13:12:15.397+0000] {logging_mixin.py:188} INFO - [2024-04-14T13:12:15.397+0000] {dagbag.py:540} INFO - Filling up the DagBag from /home/airflow/.local/lib/python3.12/site-packages/airflow/example_dags/example_sensors.py
[2024-04-14T13:12:15.405+0000] {processor.py:840} INFO - DAG(s) 'example_sensors' retrieved from /home/airflow/.local/lib/python3.12/site-packages/airflow/example_dags/example_sensors.py
[2024-04-14T13:12:15.427+0000] {logging_mixin.py:188} INFO - [2024-04-14T13:12:15.427+0000] {dag.py:3096} INFO - Sync 1 DAGs
[2024-04-14T13:12:15.439+0000] {logging_mixin.py:188} INFO - [2024-04-14T13:12:15.438+0000] {dag.py:3954} INFO - Setting next_dagrun for example_sensors to None, run_after=None
[2024-04-14T13:12:15.457+0000] {processor.py:183} INFO - Processing /home/airflow/.local/lib/python3.12/site-packages/airflow/example_dags/example_sensors.py took 0.066 seconds
[2024-04-14T13:12:45.769+0000] {processor.py:161} INFO - Started process (PID=1497) to work on /home/airflow/.local/lib/python3.12/site-packages/airflow/example_dags/example_sensors.py
[2024-04-14T13:12:45.770+0000] {processor.py:830} INFO - Processing file /home/airflow/.local/lib/python3.12/site-packages/airflow/example_dags/example_sensors.py for tasks to queue
[2024-04-14T13:12:45.771+0000] {logging_mixin.py:188} INFO - [2024-04-14T13:12:45.771+0000] {dagbag.py:540} INFO - Filling up the DagBag from /home/airflow/.local/lib/python3.12/site-packages/airflow/example_dags/example_sensors.py
[2024-04-14T13:12:45.779+0000] {processor.py:840} INFO - DAG(s) 'example_sensors' retrieved from /home/airflow/.local/lib/python3.12/site-packages/airflow/example_dags/example_sensors.py
[2024-04-14T13:12:45.806+0000] {logging_mixin.py:188} INFO - [2024-04-14T13:12:45.805+0000] {dag.py:3096} INFO - Sync 1 DAGs
[2024-04-14T13:12:45.818+0000] {logging_mixin.py:188} INFO - [2024-04-14T13:12:45.817+0000] {dag.py:3954} INFO - Setting next_dagrun for example_sensors to None, run_after=None
[2024-04-14T13:12:45.836+0000] {processor.py:183} INFO - Processing /home/airflow/.local/lib/python3.12/site-packages/airflow/example_dags/example_sensors.py took 0.072 seconds
[2024-04-14T13:13:16.167+0000] {processor.py:161} INFO - Started process (PID=1555) to work on /home/airflow/.local/lib/python3.12/site-packages/airflow/example_dags/example_sensors.py
[2024-04-14T13:13:16.168+0000] {processor.py:830} INFO - Processing file /home/airflow/.local/lib/python3.12/site-packages/airflow/example_dags/example_sensors.py for tasks to queue
[2024-04-14T13:13:16.170+0000] {logging_mixin.py:188} INFO - [2024-04-14T13:13:16.169+0000] {dagbag.py:540} INFO - Filling up the DagBag from /home/airflow/.local/lib/python3.12/site-packages/airflow/example_dags/example_sensors.py
[2024-04-14T13:13:16.180+0000] {processor.py:840} INFO - DAG(s) 'example_sensors' retrieved from /home/airflow/.local/lib/python3.12/site-packages/airflow/example_dags/example_sensors.py
[2024-04-14T13:13:16.205+0000] {logging_mixin.py:188} INFO - [2024-04-14T13:13:16.204+0000] {dag.py:3096} INFO - Sync 1 DAGs
[2024-04-14T13:13:16.219+0000] {logging_mixin.py:188} INFO - [2024-04-14T13:13:16.218+0000] {dag.py:3954} INFO - Setting next_dagrun for example_sensors to None, run_after=None
[2024-04-14T13:13:16.238+0000] {processor.py:183} INFO - Processing /home/airflow/.local/lib/python3.12/site-packages/airflow/example_dags/example_sensors.py took 0.077 seconds
[2024-04-14T13:13:46.579+0000] {processor.py:161} INFO - Started process (PID=1613) to work on /home/airflow/.local/lib/python3.12/site-packages/airflow/example_dags/example_sensors.py
[2024-04-14T13:13:46.580+0000] {processor.py:830} INFO - Processing file /home/airflow/.local/lib/python3.12/site-packages/airflow/example_dags/example_sensors.py for tasks to queue
[2024-04-14T13:13:46.582+0000] {logging_mixin.py:188} INFO - [2024-04-14T13:13:46.582+0000] {dagbag.py:540} INFO - Filling up the DagBag from /home/airflow/.local/lib/python3.12/site-packages/airflow/example_dags/example_sensors.py
[2024-04-14T13:13:46.591+0000] {processor.py:840} INFO - DAG(s) 'example_sensors' retrieved from /home/airflow/.local/lib/python3.12/site-packages/airflow/example_dags/example_sensors.py
[2024-04-14T13:13:46.614+0000] {logging_mixin.py:188} INFO - [2024-04-14T13:13:46.613+0000] {dag.py:3096} INFO - Sync 1 DAGs
[2024-04-14T13:13:46.626+0000] {logging_mixin.py:188} INFO - [2024-04-14T13:13:46.626+0000] {dag.py:3954} INFO - Setting next_dagrun for example_sensors to None, run_after=None
[2024-04-14T13:13:46.643+0000] {processor.py:183} INFO - Processing /home/airflow/.local/lib/python3.12/site-packages/airflow/example_dags/example_sensors.py took 0.068 seconds
[2024-04-14T13:14:16.723+0000] {processor.py:161} INFO - Started process (PID=1671) to work on /home/airflow/.local/lib/python3.12/site-packages/airflow/example_dags/example_sensors.py
[2024-04-14T13:14:16.724+0000] {processor.py:830} INFO - Processing file /home/airflow/.local/lib/python3.12/site-packages/airflow/example_dags/example_sensors.py for tasks to queue
[2024-04-14T13:14:16.726+0000] {logging_mixin.py:188} INFO - [2024-04-14T13:14:16.725+0000] {dagbag.py:540} INFO - Filling up the DagBag from /home/airflow/.local/lib/python3.12/site-packages/airflow/example_dags/example_sensors.py
[2024-04-14T13:14:16.732+0000] {processor.py:840} INFO - DAG(s) 'example_sensors' retrieved from /home/airflow/.local/lib/python3.12/site-packages/airflow/example_dags/example_sensors.py
[2024-04-14T13:14:16.753+0000] {logging_mixin.py:188} INFO - [2024-04-14T13:14:16.753+0000] {dag.py:3096} INFO - Sync 1 DAGs
[2024-04-14T13:14:16.764+0000] {logging_mixin.py:188} INFO - [2024-04-14T13:14:16.764+0000] {dag.py:3954} INFO - Setting next_dagrun for example_sensors to None, run_after=None
[2024-04-14T13:14:16.779+0000] {processor.py:183} INFO - Processing /home/airflow/.local/lib/python3.12/site-packages/airflow/example_dags/example_sensors.py took 0.060 seconds
[2024-04-14T13:14:47.039+0000] {processor.py:161} INFO - Started process (PID=1729) to work on /home/airflow/.local/lib/python3.12/site-packages/airflow/example_dags/example_sensors.py
[2024-04-14T13:14:47.040+0000] {processor.py:830} INFO - Processing file /home/airflow/.local/lib/python3.12/site-packages/airflow/example_dags/example_sensors.py for tasks to queue
[2024-04-14T13:14:47.041+0000] {logging_mixin.py:188} INFO - [2024-04-14T13:14:47.041+0000] {dagbag.py:540} INFO - Filling up the DagBag from /home/airflow/.local/lib/python3.12/site-packages/airflow/example_dags/example_sensors.py
[2024-04-14T13:14:47.049+0000] {processor.py:840} INFO - DAG(s) 'example_sensors' retrieved from /home/airflow/.local/lib/python3.12/site-packages/airflow/example_dags/example_sensors.py
[2024-04-14T13:14:47.071+0000] {logging_mixin.py:188} INFO - [2024-04-14T13:14:47.070+0000] {dag.py:3096} INFO - Sync 1 DAGs
[2024-04-14T13:14:47.082+0000] {logging_mixin.py:188} INFO - [2024-04-14T13:14:47.082+0000] {dag.py:3954} INFO - Setting next_dagrun for example_sensors to None, run_after=None
[2024-04-14T13:14:47.098+0000] {processor.py:183} INFO - Processing /home/airflow/.local/lib/python3.12/site-packages/airflow/example_dags/example_sensors.py took 0.063 seconds
[2024-04-14T13:15:17.637+0000] {processor.py:161} INFO - Started process (PID=1794) to work on /home/airflow/.local/lib/python3.12/site-packages/airflow/example_dags/example_sensors.py
[2024-04-14T13:15:17.638+0000] {processor.py:830} INFO - Processing file /home/airflow/.local/lib/python3.12/site-packages/airflow/example_dags/example_sensors.py for tasks to queue
[2024-04-14T13:15:17.639+0000] {logging_mixin.py:188} INFO - [2024-04-14T13:15:17.639+0000] {dagbag.py:540} INFO - Filling up the DagBag from /home/airflow/.local/lib/python3.12/site-packages/airflow/example_dags/example_sensors.py
[2024-04-14T13:15:17.649+0000] {processor.py:840} INFO - DAG(s) 'example_sensors' retrieved from /home/airflow/.local/lib/python3.12/site-packages/airflow/example_dags/example_sensors.py
[2024-04-14T13:15:17.675+0000] {logging_mixin.py:188} INFO - [2024-04-14T13:15:17.674+0000] {dag.py:3096} INFO - Sync 1 DAGs
[2024-04-14T13:15:17.686+0000] {logging_mixin.py:188} INFO - [2024-04-14T13:15:17.686+0000] {dag.py:3954} INFO - Setting next_dagrun for example_sensors to None, run_after=None
[2024-04-14T13:15:17.703+0000] {processor.py:183} INFO - Processing /home/airflow/.local/lib/python3.12/site-packages/airflow/example_dags/example_sensors.py took 0.070 seconds
[2024-04-14T13:15:48.129+0000] {processor.py:161} INFO - Started process (PID=1853) to work on /home/airflow/.local/lib/python3.12/site-packages/airflow/example_dags/example_sensors.py
[2024-04-14T13:15:48.130+0000] {processor.py:830} INFO - Processing file /home/airflow/.local/lib/python3.12/site-packages/airflow/example_dags/example_sensors.py for tasks to queue
[2024-04-14T13:15:48.132+0000] {logging_mixin.py:188} INFO - [2024-04-14T13:15:48.131+0000] {dagbag.py:540} INFO - Filling up the DagBag from /home/airflow/.local/lib/python3.12/site-packages/airflow/example_dags/example_sensors.py
[2024-04-14T13:15:48.140+0000] {processor.py:840} INFO - DAG(s) 'example_sensors' retrieved from /home/airflow/.local/lib/python3.12/site-packages/airflow/example_dags/example_sensors.py
[2024-04-14T13:15:48.160+0000] {logging_mixin.py:188} INFO - [2024-04-14T13:15:48.160+0000] {dag.py:3096} INFO - Sync 1 DAGs
[2024-04-14T13:15:48.171+0000] {logging_mixin.py:188} INFO - [2024-04-14T13:15:48.171+0000] {dag.py:3954} INFO - Setting next_dagrun for example_sensors to None, run_after=None
[2024-04-14T13:15:48.187+0000] {processor.py:183} INFO - Processing /home/airflow/.local/lib/python3.12/site-packages/airflow/example_dags/example_sensors.py took 0.063 seconds
[2024-04-14T13:16:18.605+0000] {processor.py:161} INFO - Started process (PID=1911) to work on /home/airflow/.local/lib/python3.12/site-packages/airflow/example_dags/example_sensors.py
[2024-04-14T13:16:18.606+0000] {processor.py:830} INFO - Processing file /home/airflow/.local/lib/python3.12/site-packages/airflow/example_dags/example_sensors.py for tasks to queue
[2024-04-14T13:16:18.607+0000] {logging_mixin.py:188} INFO - [2024-04-14T13:16:18.607+0000] {dagbag.py:540} INFO - Filling up the DagBag from /home/airflow/.local/lib/python3.12/site-packages/airflow/example_dags/example_sensors.py
[2024-04-14T13:16:18.614+0000] {processor.py:840} INFO - DAG(s) 'example_sensors' retrieved from /home/airflow/.local/lib/python3.12/site-packages/airflow/example_dags/example_sensors.py
[2024-04-14T13:16:18.636+0000] {logging_mixin.py:188} INFO - [2024-04-14T13:16:18.635+0000] {dag.py:3096} INFO - Sync 1 DAGs
[2024-04-14T13:16:18.646+0000] {logging_mixin.py:188} INFO - [2024-04-14T13:16:18.646+0000] {dag.py:3954} INFO - Setting next_dagrun for example_sensors to None, run_after=None
[2024-04-14T13:16:18.662+0000] {processor.py:183} INFO - Processing /home/airflow/.local/lib/python3.12/site-packages/airflow/example_dags/example_sensors.py took 0.062 seconds
[2024-04-14T13:16:49.065+0000] {processor.py:161} INFO - Started process (PID=1970) to work on /home/airflow/.local/lib/python3.12/site-packages/airflow/example_dags/example_sensors.py
[2024-04-14T13:16:49.065+0000] {processor.py:830} INFO - Processing file /home/airflow/.local/lib/python3.12/site-packages/airflow/example_dags/example_sensors.py for tasks to queue
[2024-04-14T13:16:49.067+0000] {logging_mixin.py:188} INFO - [2024-04-14T13:16:49.067+0000] {dagbag.py:540} INFO - Filling up the DagBag from /home/airflow/.local/lib/python3.12/site-packages/airflow/example_dags/example_sensors.py
[2024-04-14T13:16:49.074+0000] {processor.py:840} INFO - DAG(s) 'example_sensors' retrieved from /home/airflow/.local/lib/python3.12/site-packages/airflow/example_dags/example_sensors.py
[2024-04-14T13:16:49.095+0000] {logging_mixin.py:188} INFO - [2024-04-14T13:16:49.095+0000] {dag.py:3096} INFO - Sync 1 DAGs
[2024-04-14T13:16:49.106+0000] {logging_mixin.py:188} INFO - [2024-04-14T13:16:49.106+0000] {dag.py:3954} INFO - Setting next_dagrun for example_sensors to None, run_after=None
[2024-04-14T13:16:49.121+0000] {processor.py:183} INFO - Processing /home/airflow/.local/lib/python3.12/site-packages/airflow/example_dags/example_sensors.py took 0.061 seconds
[2024-04-14T13:17:19.365+0000] {processor.py:161} INFO - Started process (PID=2029) to work on /home/airflow/.local/lib/python3.12/site-packages/airflow/example_dags/example_sensors.py
[2024-04-14T13:17:19.366+0000] {processor.py:830} INFO - Processing file /home/airflow/.local/lib/python3.12/site-packages/airflow/example_dags/example_sensors.py for tasks to queue
[2024-04-14T13:17:19.367+0000] {logging_mixin.py:188} INFO - [2024-04-14T13:17:19.367+0000] {dagbag.py:540} INFO - Filling up the DagBag from /home/airflow/.local/lib/python3.12/site-packages/airflow/example_dags/example_sensors.py
[2024-04-14T13:17:19.373+0000] {processor.py:840} INFO - DAG(s) 'example_sensors' retrieved from /home/airflow/.local/lib/python3.12/site-packages/airflow/example_dags/example_sensors.py
[2024-04-14T13:17:19.396+0000] {logging_mixin.py:188} INFO - [2024-04-14T13:17:19.395+0000] {dag.py:3096} INFO - Sync 1 DAGs
[2024-04-14T13:17:19.406+0000] {logging_mixin.py:188} INFO - [2024-04-14T13:17:19.406+0000] {dag.py:3954} INFO - Setting next_dagrun for example_sensors to None, run_after=None
[2024-04-14T13:17:19.422+0000] {processor.py:183} INFO - Processing /home/airflow/.local/lib/python3.12/site-packages/airflow/example_dags/example_sensors.py took 0.061 seconds
[2024-04-14T13:17:49.804+0000] {processor.py:161} INFO - Started process (PID=2087) to work on /home/airflow/.local/lib/python3.12/site-packages/airflow/example_dags/example_sensors.py
[2024-04-14T13:17:49.805+0000] {processor.py:830} INFO - Processing file /home/airflow/.local/lib/python3.12/site-packages/airflow/example_dags/example_sensors.py for tasks to queue
[2024-04-14T13:17:49.806+0000] {logging_mixin.py:188} INFO - [2024-04-14T13:17:49.806+0000] {dagbag.py:540} INFO - Filling up the DagBag from /home/airflow/.local/lib/python3.12/site-packages/airflow/example_dags/example_sensors.py
[2024-04-14T13:17:49.813+0000] {processor.py:840} INFO - DAG(s) 'example_sensors' retrieved from /home/airflow/.local/lib/python3.12/site-packages/airflow/example_dags/example_sensors.py
[2024-04-14T13:17:49.834+0000] {logging_mixin.py:188} INFO - [2024-04-14T13:17:49.834+0000] {dag.py:3096} INFO - Sync 1 DAGs
[2024-04-14T13:17:49.845+0000] {logging_mixin.py:188} INFO - [2024-04-14T13:17:49.845+0000] {dag.py:3954} INFO - Setting next_dagrun for example_sensors to None, run_after=None
[2024-04-14T13:17:49.861+0000] {processor.py:183} INFO - Processing /home/airflow/.local/lib/python3.12/site-packages/airflow/example_dags/example_sensors.py took 0.061 seconds
[2024-04-14T13:18:20.139+0000] {processor.py:161} INFO - Started process (PID=2145) to work on /home/airflow/.local/lib/python3.12/site-packages/airflow/example_dags/example_sensors.py
[2024-04-14T13:18:20.140+0000] {processor.py:830} INFO - Processing file /home/airflow/.local/lib/python3.12/site-packages/airflow/example_dags/example_sensors.py for tasks to queue
[2024-04-14T13:18:20.141+0000] {logging_mixin.py:188} INFO - [2024-04-14T13:18:20.141+0000] {dagbag.py:540} INFO - Filling up the DagBag from /home/airflow/.local/lib/python3.12/site-packages/airflow/example_dags/example_sensors.py
[2024-04-14T13:18:20.148+0000] {processor.py:840} INFO - DAG(s) 'example_sensors' retrieved from /home/airflow/.local/lib/python3.12/site-packages/airflow/example_dags/example_sensors.py
[2024-04-14T13:18:20.169+0000] {logging_mixin.py:188} INFO - [2024-04-14T13:18:20.169+0000] {dag.py:3096} INFO - Sync 1 DAGs
[2024-04-14T13:18:20.180+0000] {logging_mixin.py:188} INFO - [2024-04-14T13:18:20.179+0000] {dag.py:3954} INFO - Setting next_dagrun for example_sensors to None, run_after=None
[2024-04-14T13:18:20.195+0000] {processor.py:183} INFO - Processing /home/airflow/.local/lib/python3.12/site-packages/airflow/example_dags/example_sensors.py took 0.060 seconds
[2024-04-14T13:18:50.866+0000] {processor.py:161} INFO - Started process (PID=2204) to work on /home/airflow/.local/lib/python3.12/site-packages/airflow/example_dags/example_sensors.py
[2024-04-14T13:18:50.866+0000] {processor.py:830} INFO - Processing file /home/airflow/.local/lib/python3.12/site-packages/airflow/example_dags/example_sensors.py for tasks to queue
[2024-04-14T13:18:50.868+0000] {logging_mixin.py:188} INFO - [2024-04-14T13:18:50.868+0000] {dagbag.py:540} INFO - Filling up the DagBag from /home/airflow/.local/lib/python3.12/site-packages/airflow/example_dags/example_sensors.py
[2024-04-14T13:18:50.875+0000] {processor.py:840} INFO - DAG(s) 'example_sensors' retrieved from /home/airflow/.local/lib/python3.12/site-packages/airflow/example_dags/example_sensors.py
[2024-04-14T13:18:50.896+0000] {logging_mixin.py:188} INFO - [2024-04-14T13:18:50.895+0000] {dag.py:3096} INFO - Sync 1 DAGs
[2024-04-14T13:18:50.907+0000] {logging_mixin.py:188} INFO - [2024-04-14T13:18:50.906+0000] {dag.py:3954} INFO - Setting next_dagrun for example_sensors to None, run_after=None
[2024-04-14T13:18:50.921+0000] {processor.py:183} INFO - Processing /home/airflow/.local/lib/python3.12/site-packages/airflow/example_dags/example_sensors.py took 0.060 seconds
[2024-04-14T13:19:21.798+0000] {processor.py:161} INFO - Started process (PID=2262) to work on /home/airflow/.local/lib/python3.12/site-packages/airflow/example_dags/example_sensors.py
[2024-04-14T13:19:21.799+0000] {processor.py:830} INFO - Processing file /home/airflow/.local/lib/python3.12/site-packages/airflow/example_dags/example_sensors.py for tasks to queue
[2024-04-14T13:19:21.801+0000] {logging_mixin.py:188} INFO - [2024-04-14T13:19:21.800+0000] {dagbag.py:540} INFO - Filling up the DagBag from /home/airflow/.local/lib/python3.12/site-packages/airflow/example_dags/example_sensors.py
[2024-04-14T13:19:21.808+0000] {processor.py:840} INFO - DAG(s) 'example_sensors' retrieved from /home/airflow/.local/lib/python3.12/site-packages/airflow/example_dags/example_sensors.py
[2024-04-14T13:19:21.830+0000] {logging_mixin.py:188} INFO - [2024-04-14T13:19:21.830+0000] {dag.py:3096} INFO - Sync 1 DAGs
[2024-04-14T13:19:21.842+0000] {logging_mixin.py:188} INFO - [2024-04-14T13:19:21.841+0000] {dag.py:3954} INFO - Setting next_dagrun for example_sensors to None, run_after=None
[2024-04-14T13:19:21.858+0000] {processor.py:183} INFO - Processing /home/airflow/.local/lib/python3.12/site-packages/airflow/example_dags/example_sensors.py took 0.064 seconds
[2024-04-14T13:19:52.160+0000] {processor.py:161} INFO - Started process (PID=2320) to work on /home/airflow/.local/lib/python3.12/site-packages/airflow/example_dags/example_sensors.py
[2024-04-14T13:19:52.161+0000] {processor.py:830} INFO - Processing file /home/airflow/.local/lib/python3.12/site-packages/airflow/example_dags/example_sensors.py for tasks to queue
[2024-04-14T13:19:52.162+0000] {logging_mixin.py:188} INFO - [2024-04-14T13:19:52.162+0000] {dagbag.py:540} INFO - Filling up the DagBag from /home/airflow/.local/lib/python3.12/site-packages/airflow/example_dags/example_sensors.py
[2024-04-14T13:19:52.169+0000] {processor.py:840} INFO - DAG(s) 'example_sensors' retrieved from /home/airflow/.local/lib/python3.12/site-packages/airflow/example_dags/example_sensors.py
[2024-04-14T13:19:52.191+0000] {logging_mixin.py:188} INFO - [2024-04-14T13:19:52.190+0000] {dag.py:3096} INFO - Sync 1 DAGs
[2024-04-14T13:19:52.202+0000] {logging_mixin.py:188} INFO - [2024-04-14T13:19:52.202+0000] {dag.py:3954} INFO - Setting next_dagrun for example_sensors to None, run_after=None
[2024-04-14T13:19:52.219+0000] {processor.py:183} INFO - Processing /home/airflow/.local/lib/python3.12/site-packages/airflow/example_dags/example_sensors.py took 0.063 seconds
[2024-04-14T13:20:22.642+0000] {processor.py:161} INFO - Started process (PID=2378) to work on /home/airflow/.local/lib/python3.12/site-packages/airflow/example_dags/example_sensors.py
[2024-04-14T13:20:22.643+0000] {processor.py:830} INFO - Processing file /home/airflow/.local/lib/python3.12/site-packages/airflow/example_dags/example_sensors.py for tasks to queue
[2024-04-14T13:20:22.645+0000] {logging_mixin.py:188} INFO - [2024-04-14T13:20:22.644+0000] {dagbag.py:540} INFO - Filling up the DagBag from /home/airflow/.local/lib/python3.12/site-packages/airflow/example_dags/example_sensors.py
[2024-04-14T13:20:22.652+0000] {processor.py:840} INFO - DAG(s) 'example_sensors' retrieved from /home/airflow/.local/lib/python3.12/site-packages/airflow/example_dags/example_sensors.py
[2024-04-14T13:20:22.676+0000] {logging_mixin.py:188} INFO - [2024-04-14T13:20:22.676+0000] {dag.py:3096} INFO - Sync 1 DAGs
[2024-04-14T13:20:22.689+0000] {logging_mixin.py:188} INFO - [2024-04-14T13:20:22.688+0000] {dag.py:3954} INFO - Setting next_dagrun for example_sensors to None, run_after=None
[2024-04-14T13:20:22.706+0000] {processor.py:183} INFO - Processing /home/airflow/.local/lib/python3.12/site-packages/airflow/example_dags/example_sensors.py took 0.069 seconds
