[2024-04-14T13:00:03.362+0000] {processor.py:161} INFO - Started process (PID=57) to work on /home/airflow/.local/lib/python3.12/site-packages/airflow/example_dags/example_python_operator.py
[2024-04-14T13:00:03.363+0000] {processor.py:830} INFO - Processing file /home/airflow/.local/lib/python3.12/site-packages/airflow/example_dags/example_python_operator.py for tasks to queue
[2024-04-14T13:00:03.365+0000] {logging_mixin.py:188} INFO - [2024-04-14T13:00:03.365+0000] {dagbag.py:540} INFO - Filling up the DagBag from /home/airflow/.local/lib/python3.12/site-packages/airflow/example_dags/example_python_operator.py
[2024-04-14T13:00:03.380+0000] {processor.py:840} INFO - DAG(s) 'example_python_operator' retrieved from /home/airflow/.local/lib/python3.12/site-packages/airflow/example_dags/example_python_operator.py
[2024-04-14T13:00:03.395+0000] {logging_mixin.py:188} INFO - [2024-04-14T13:00:03.395+0000] {dag.py:3096} INFO - Sync 1 DAGs
[2024-04-14T13:00:03.416+0000] {logging_mixin.py:188} INFO - [2024-04-14T13:00:03.416+0000] {dag.py:3954} INFO - Setting next_dagrun for example_python_operator to None, run_after=None
[2024-04-14T13:00:03.445+0000] {processor.py:183} INFO - Processing /home/airflow/.local/lib/python3.12/site-packages/airflow/example_dags/example_python_operator.py took 0.088 seconds
[2024-04-14T13:00:34.519+0000] {processor.py:161} INFO - Started process (PID=114) to work on /home/airflow/.local/lib/python3.12/site-packages/airflow/example_dags/example_python_operator.py
[2024-04-14T13:00:34.520+0000] {processor.py:830} INFO - Processing file /home/airflow/.local/lib/python3.12/site-packages/airflow/example_dags/example_python_operator.py for tasks to queue
[2024-04-14T13:00:34.521+0000] {logging_mixin.py:188} INFO - [2024-04-14T13:00:34.521+0000] {dagbag.py:540} INFO - Filling up the DagBag from /home/airflow/.local/lib/python3.12/site-packages/airflow/example_dags/example_python_operator.py
[2024-04-14T13:00:34.529+0000] {processor.py:840} INFO - DAG(s) 'example_python_operator' retrieved from /home/airflow/.local/lib/python3.12/site-packages/airflow/example_dags/example_python_operator.py
[2024-04-14T13:00:34.618+0000] {logging_mixin.py:188} INFO - [2024-04-14T13:00:34.618+0000] {dag.py:3096} INFO - Sync 1 DAGs
[2024-04-14T13:00:34.629+0000] {logging_mixin.py:188} INFO - [2024-04-14T13:00:34.628+0000] {dag.py:3954} INFO - Setting next_dagrun for example_python_operator to None, run_after=None
[2024-04-14T13:00:34.649+0000] {processor.py:183} INFO - Processing /home/airflow/.local/lib/python3.12/site-packages/airflow/example_dags/example_python_operator.py took 0.134 seconds
[2024-04-14T13:01:05.008+0000] {processor.py:161} INFO - Started process (PID=172) to work on /home/airflow/.local/lib/python3.12/site-packages/airflow/example_dags/example_python_operator.py
[2024-04-14T13:01:05.009+0000] {processor.py:830} INFO - Processing file /home/airflow/.local/lib/python3.12/site-packages/airflow/example_dags/example_python_operator.py for tasks to queue
[2024-04-14T13:01:05.011+0000] {logging_mixin.py:188} INFO - [2024-04-14T13:01:05.010+0000] {dagbag.py:540} INFO - Filling up the DagBag from /home/airflow/.local/lib/python3.12/site-packages/airflow/example_dags/example_python_operator.py
[2024-04-14T13:01:05.018+0000] {processor.py:840} INFO - DAG(s) 'example_python_operator' retrieved from /home/airflow/.local/lib/python3.12/site-packages/airflow/example_dags/example_python_operator.py
[2024-04-14T13:01:05.038+0000] {logging_mixin.py:188} INFO - [2024-04-14T13:01:05.037+0000] {dag.py:3096} INFO - Sync 1 DAGs
[2024-04-14T13:01:05.048+0000] {logging_mixin.py:188} INFO - [2024-04-14T13:01:05.048+0000] {dag.py:3954} INFO - Setting next_dagrun for example_python_operator to None, run_after=None
[2024-04-14T13:01:05.067+0000] {processor.py:183} INFO - Processing /home/airflow/.local/lib/python3.12/site-packages/airflow/example_dags/example_python_operator.py took 0.063 seconds
[2024-04-14T13:01:35.351+0000] {processor.py:161} INFO - Started process (PID=230) to work on /home/airflow/.local/lib/python3.12/site-packages/airflow/example_dags/example_python_operator.py
[2024-04-14T13:01:35.352+0000] {processor.py:830} INFO - Processing file /home/airflow/.local/lib/python3.12/site-packages/airflow/example_dags/example_python_operator.py for tasks to queue
[2024-04-14T13:01:35.354+0000] {logging_mixin.py:188} INFO - [2024-04-14T13:01:35.354+0000] {dagbag.py:540} INFO - Filling up the DagBag from /home/airflow/.local/lib/python3.12/site-packages/airflow/example_dags/example_python_operator.py
[2024-04-14T13:01:35.366+0000] {processor.py:840} INFO - DAG(s) 'example_python_operator' retrieved from /home/airflow/.local/lib/python3.12/site-packages/airflow/example_dags/example_python_operator.py
[2024-04-14T13:01:35.403+0000] {logging_mixin.py:188} INFO - [2024-04-14T13:01:35.403+0000] {dag.py:3096} INFO - Sync 1 DAGs
[2024-04-14T13:01:35.428+0000] {logging_mixin.py:188} INFO - [2024-04-14T13:01:35.427+0000] {dag.py:3954} INFO - Setting next_dagrun for example_python_operator to None, run_after=None
[2024-04-14T13:01:35.474+0000] {processor.py:183} INFO - Processing /home/airflow/.local/lib/python3.12/site-packages/airflow/example_dags/example_python_operator.py took 0.128 seconds
[2024-04-14T13:02:06.291+0000] {processor.py:161} INFO - Started process (PID=288) to work on /home/airflow/.local/lib/python3.12/site-packages/airflow/example_dags/example_python_operator.py
[2024-04-14T13:02:06.292+0000] {processor.py:830} INFO - Processing file /home/airflow/.local/lib/python3.12/site-packages/airflow/example_dags/example_python_operator.py for tasks to queue
[2024-04-14T13:02:06.294+0000] {logging_mixin.py:188} INFO - [2024-04-14T13:02:06.293+0000] {dagbag.py:540} INFO - Filling up the DagBag from /home/airflow/.local/lib/python3.12/site-packages/airflow/example_dags/example_python_operator.py
[2024-04-14T13:02:06.301+0000] {processor.py:840} INFO - DAG(s) 'example_python_operator' retrieved from /home/airflow/.local/lib/python3.12/site-packages/airflow/example_dags/example_python_operator.py
[2024-04-14T13:02:06.321+0000] {logging_mixin.py:188} INFO - [2024-04-14T13:02:06.320+0000] {dag.py:3096} INFO - Sync 1 DAGs
[2024-04-14T13:02:06.332+0000] {logging_mixin.py:188} INFO - [2024-04-14T13:02:06.332+0000] {dag.py:3954} INFO - Setting next_dagrun for example_python_operator to None, run_after=None
[2024-04-14T13:02:06.351+0000] {processor.py:183} INFO - Processing /home/airflow/.local/lib/python3.12/site-packages/airflow/example_dags/example_python_operator.py took 0.064 seconds
[2024-04-14T13:02:36.575+0000] {processor.py:161} INFO - Started process (PID=346) to work on /home/airflow/.local/lib/python3.12/site-packages/airflow/example_dags/example_python_operator.py
[2024-04-14T13:02:36.576+0000] {processor.py:830} INFO - Processing file /home/airflow/.local/lib/python3.12/site-packages/airflow/example_dags/example_python_operator.py for tasks to queue
[2024-04-14T13:02:36.577+0000] {logging_mixin.py:188} INFO - [2024-04-14T13:02:36.577+0000] {dagbag.py:540} INFO - Filling up the DagBag from /home/airflow/.local/lib/python3.12/site-packages/airflow/example_dags/example_python_operator.py
[2024-04-14T13:02:36.585+0000] {processor.py:840} INFO - DAG(s) 'example_python_operator' retrieved from /home/airflow/.local/lib/python3.12/site-packages/airflow/example_dags/example_python_operator.py
[2024-04-14T13:02:36.603+0000] {logging_mixin.py:188} INFO - [2024-04-14T13:02:36.603+0000] {dag.py:3096} INFO - Sync 1 DAGs
[2024-04-14T13:02:36.614+0000] {logging_mixin.py:188} INFO - [2024-04-14T13:02:36.613+0000] {dag.py:3954} INFO - Setting next_dagrun for example_python_operator to None, run_after=None
[2024-04-14T13:02:36.631+0000] {processor.py:183} INFO - Processing /home/airflow/.local/lib/python3.12/site-packages/airflow/example_dags/example_python_operator.py took 0.060 seconds
[2024-04-14T13:03:07.065+0000] {processor.py:161} INFO - Started process (PID=404) to work on /home/airflow/.local/lib/python3.12/site-packages/airflow/example_dags/example_python_operator.py
[2024-04-14T13:03:07.066+0000] {processor.py:830} INFO - Processing file /home/airflow/.local/lib/python3.12/site-packages/airflow/example_dags/example_python_operator.py for tasks to queue
[2024-04-14T13:03:07.067+0000] {logging_mixin.py:188} INFO - [2024-04-14T13:03:07.067+0000] {dagbag.py:540} INFO - Filling up the DagBag from /home/airflow/.local/lib/python3.12/site-packages/airflow/example_dags/example_python_operator.py
[2024-04-14T13:03:07.075+0000] {processor.py:840} INFO - DAG(s) 'example_python_operator' retrieved from /home/airflow/.local/lib/python3.12/site-packages/airflow/example_dags/example_python_operator.py
[2024-04-14T13:03:07.091+0000] {logging_mixin.py:188} INFO - [2024-04-14T13:03:07.091+0000] {dag.py:3096} INFO - Sync 1 DAGs
[2024-04-14T13:03:07.101+0000] {logging_mixin.py:188} INFO - [2024-04-14T13:03:07.101+0000] {dag.py:3954} INFO - Setting next_dagrun for example_python_operator to None, run_after=None
[2024-04-14T13:03:07.119+0000] {processor.py:183} INFO - Processing /home/airflow/.local/lib/python3.12/site-packages/airflow/example_dags/example_python_operator.py took 0.058 seconds
[2024-04-14T13:03:37.168+0000] {processor.py:161} INFO - Started process (PID=463) to work on /home/airflow/.local/lib/python3.12/site-packages/airflow/example_dags/example_python_operator.py
[2024-04-14T13:03:37.169+0000] {processor.py:830} INFO - Processing file /home/airflow/.local/lib/python3.12/site-packages/airflow/example_dags/example_python_operator.py for tasks to queue
[2024-04-14T13:03:37.170+0000] {logging_mixin.py:188} INFO - [2024-04-14T13:03:37.170+0000] {dagbag.py:540} INFO - Filling up the DagBag from /home/airflow/.local/lib/python3.12/site-packages/airflow/example_dags/example_python_operator.py
[2024-04-14T13:03:37.178+0000] {processor.py:840} INFO - DAG(s) 'example_python_operator' retrieved from /home/airflow/.local/lib/python3.12/site-packages/airflow/example_dags/example_python_operator.py
[2024-04-14T13:03:37.195+0000] {logging_mixin.py:188} INFO - [2024-04-14T13:03:37.195+0000] {dag.py:3096} INFO - Sync 1 DAGs
[2024-04-14T13:03:37.206+0000] {logging_mixin.py:188} INFO - [2024-04-14T13:03:37.205+0000] {dag.py:3954} INFO - Setting next_dagrun for example_python_operator to None, run_after=None
[2024-04-14T13:03:37.225+0000] {processor.py:183} INFO - Processing /home/airflow/.local/lib/python3.12/site-packages/airflow/example_dags/example_python_operator.py took 0.061 seconds
[2024-04-14T13:04:07.933+0000] {processor.py:161} INFO - Started process (PID=522) to work on /home/airflow/.local/lib/python3.12/site-packages/airflow/example_dags/example_python_operator.py
[2024-04-14T13:04:07.934+0000] {processor.py:830} INFO - Processing file /home/airflow/.local/lib/python3.12/site-packages/airflow/example_dags/example_python_operator.py for tasks to queue
[2024-04-14T13:04:07.936+0000] {logging_mixin.py:188} INFO - [2024-04-14T13:04:07.935+0000] {dagbag.py:540} INFO - Filling up the DagBag from /home/airflow/.local/lib/python3.12/site-packages/airflow/example_dags/example_python_operator.py
[2024-04-14T13:04:07.943+0000] {processor.py:840} INFO - DAG(s) 'example_python_operator' retrieved from /home/airflow/.local/lib/python3.12/site-packages/airflow/example_dags/example_python_operator.py
[2024-04-14T13:04:07.961+0000] {logging_mixin.py:188} INFO - [2024-04-14T13:04:07.961+0000] {dag.py:3096} INFO - Sync 1 DAGs
[2024-04-14T13:04:07.972+0000] {logging_mixin.py:188} INFO - [2024-04-14T13:04:07.971+0000] {dag.py:3954} INFO - Setting next_dagrun for example_python_operator to None, run_after=None
[2024-04-14T13:04:07.989+0000] {processor.py:183} INFO - Processing /home/airflow/.local/lib/python3.12/site-packages/airflow/example_dags/example_python_operator.py took 0.060 seconds
[2024-04-14T13:04:38.910+0000] {processor.py:161} INFO - Started process (PID=580) to work on /home/airflow/.local/lib/python3.12/site-packages/airflow/example_dags/example_python_operator.py
[2024-04-14T13:04:38.911+0000] {processor.py:830} INFO - Processing file /home/airflow/.local/lib/python3.12/site-packages/airflow/example_dags/example_python_operator.py for tasks to queue
[2024-04-14T13:04:38.912+0000] {logging_mixin.py:188} INFO - [2024-04-14T13:04:38.912+0000] {dagbag.py:540} INFO - Filling up the DagBag from /home/airflow/.local/lib/python3.12/site-packages/airflow/example_dags/example_python_operator.py
[2024-04-14T13:04:38.920+0000] {processor.py:840} INFO - DAG(s) 'example_python_operator' retrieved from /home/airflow/.local/lib/python3.12/site-packages/airflow/example_dags/example_python_operator.py
[2024-04-14T13:04:38.938+0000] {logging_mixin.py:188} INFO - [2024-04-14T13:04:38.937+0000] {dag.py:3096} INFO - Sync 1 DAGs
[2024-04-14T13:04:38.948+0000] {logging_mixin.py:188} INFO - [2024-04-14T13:04:38.948+0000] {dag.py:3954} INFO - Setting next_dagrun for example_python_operator to None, run_after=None
[2024-04-14T13:04:38.966+0000] {processor.py:183} INFO - Processing /home/airflow/.local/lib/python3.12/site-packages/airflow/example_dags/example_python_operator.py took 0.060 seconds
[2024-04-14T13:05:09.081+0000] {processor.py:161} INFO - Started process (PID=638) to work on /home/airflow/.local/lib/python3.12/site-packages/airflow/example_dags/example_python_operator.py
[2024-04-14T13:05:09.081+0000] {processor.py:830} INFO - Processing file /home/airflow/.local/lib/python3.12/site-packages/airflow/example_dags/example_python_operator.py for tasks to queue
[2024-04-14T13:05:09.083+0000] {logging_mixin.py:188} INFO - [2024-04-14T13:05:09.083+0000] {dagbag.py:540} INFO - Filling up the DagBag from /home/airflow/.local/lib/python3.12/site-packages/airflow/example_dags/example_python_operator.py
[2024-04-14T13:05:09.091+0000] {processor.py:840} INFO - DAG(s) 'example_python_operator' retrieved from /home/airflow/.local/lib/python3.12/site-packages/airflow/example_dags/example_python_operator.py
[2024-04-14T13:05:09.109+0000] {logging_mixin.py:188} INFO - [2024-04-14T13:05:09.109+0000] {dag.py:3096} INFO - Sync 1 DAGs
[2024-04-14T13:05:09.120+0000] {logging_mixin.py:188} INFO - [2024-04-14T13:05:09.120+0000] {dag.py:3954} INFO - Setting next_dagrun for example_python_operator to None, run_after=None
[2024-04-14T13:05:09.138+0000] {processor.py:183} INFO - Processing /home/airflow/.local/lib/python3.12/site-packages/airflow/example_dags/example_python_operator.py took 0.061 seconds
[2024-04-14T13:05:40.358+0000] {processor.py:161} INFO - Started process (PID=697) to work on /home/airflow/.local/lib/python3.12/site-packages/airflow/example_dags/example_python_operator.py
[2024-04-14T13:05:40.358+0000] {processor.py:830} INFO - Processing file /home/airflow/.local/lib/python3.12/site-packages/airflow/example_dags/example_python_operator.py for tasks to queue
[2024-04-14T13:05:40.360+0000] {logging_mixin.py:188} INFO - [2024-04-14T13:05:40.359+0000] {dagbag.py:540} INFO - Filling up the DagBag from /home/airflow/.local/lib/python3.12/site-packages/airflow/example_dags/example_python_operator.py
[2024-04-14T13:05:40.368+0000] {processor.py:840} INFO - DAG(s) 'example_python_operator' retrieved from /home/airflow/.local/lib/python3.12/site-packages/airflow/example_dags/example_python_operator.py
[2024-04-14T13:05:40.387+0000] {logging_mixin.py:188} INFO - [2024-04-14T13:05:40.386+0000] {dag.py:3096} INFO - Sync 1 DAGs
[2024-04-14T13:05:40.397+0000] {logging_mixin.py:188} INFO - [2024-04-14T13:05:40.397+0000] {dag.py:3954} INFO - Setting next_dagrun for example_python_operator to None, run_after=None
[2024-04-14T13:05:40.416+0000] {processor.py:183} INFO - Processing /home/airflow/.local/lib/python3.12/site-packages/airflow/example_dags/example_python_operator.py took 0.062 seconds
[2024-04-14T13:06:10.968+0000] {processor.py:161} INFO - Started process (PID=755) to work on /home/airflow/.local/lib/python3.12/site-packages/airflow/example_dags/example_python_operator.py
[2024-04-14T13:06:10.969+0000] {processor.py:830} INFO - Processing file /home/airflow/.local/lib/python3.12/site-packages/airflow/example_dags/example_python_operator.py for tasks to queue
[2024-04-14T13:06:10.970+0000] {logging_mixin.py:188} INFO - [2024-04-14T13:06:10.970+0000] {dagbag.py:540} INFO - Filling up the DagBag from /home/airflow/.local/lib/python3.12/site-packages/airflow/example_dags/example_python_operator.py
[2024-04-14T13:06:10.978+0000] {processor.py:840} INFO - DAG(s) 'example_python_operator' retrieved from /home/airflow/.local/lib/python3.12/site-packages/airflow/example_dags/example_python_operator.py
[2024-04-14T13:06:10.996+0000] {logging_mixin.py:188} INFO - [2024-04-14T13:06:10.996+0000] {dag.py:3096} INFO - Sync 1 DAGs
[2024-04-14T13:06:11.008+0000] {logging_mixin.py:188} INFO - [2024-04-14T13:06:11.008+0000] {dag.py:3954} INFO - Setting next_dagrun for example_python_operator to None, run_after=None
[2024-04-14T13:06:11.026+0000] {processor.py:183} INFO - Processing /home/airflow/.local/lib/python3.12/site-packages/airflow/example_dags/example_python_operator.py took 0.063 seconds
[2024-04-14T13:06:41.784+0000] {processor.py:161} INFO - Started process (PID=813) to work on /home/airflow/.local/lib/python3.12/site-packages/airflow/example_dags/example_python_operator.py
[2024-04-14T13:06:41.784+0000] {processor.py:830} INFO - Processing file /home/airflow/.local/lib/python3.12/site-packages/airflow/example_dags/example_python_operator.py for tasks to queue
[2024-04-14T13:06:41.786+0000] {logging_mixin.py:188} INFO - [2024-04-14T13:06:41.786+0000] {dagbag.py:540} INFO - Filling up the DagBag from /home/airflow/.local/lib/python3.12/site-packages/airflow/example_dags/example_python_operator.py
[2024-04-14T13:06:41.794+0000] {processor.py:840} INFO - DAG(s) 'example_python_operator' retrieved from /home/airflow/.local/lib/python3.12/site-packages/airflow/example_dags/example_python_operator.py
[2024-04-14T13:06:41.812+0000] {logging_mixin.py:188} INFO - [2024-04-14T13:06:41.812+0000] {dag.py:3096} INFO - Sync 1 DAGs
[2024-04-14T13:06:41.823+0000] {logging_mixin.py:188} INFO - [2024-04-14T13:06:41.823+0000] {dag.py:3954} INFO - Setting next_dagrun for example_python_operator to None, run_after=None
[2024-04-14T13:06:41.840+0000] {processor.py:183} INFO - Processing /home/airflow/.local/lib/python3.12/site-packages/airflow/example_dags/example_python_operator.py took 0.061 seconds
[2024-04-14T13:07:12.320+0000] {processor.py:161} INFO - Started process (PID=871) to work on /home/airflow/.local/lib/python3.12/site-packages/airflow/example_dags/example_python_operator.py
[2024-04-14T13:07:12.321+0000] {processor.py:830} INFO - Processing file /home/airflow/.local/lib/python3.12/site-packages/airflow/example_dags/example_python_operator.py for tasks to queue
[2024-04-14T13:07:12.323+0000] {logging_mixin.py:188} INFO - [2024-04-14T13:07:12.322+0000] {dagbag.py:540} INFO - Filling up the DagBag from /home/airflow/.local/lib/python3.12/site-packages/airflow/example_dags/example_python_operator.py
[2024-04-14T13:07:12.332+0000] {processor.py:840} INFO - DAG(s) 'example_python_operator' retrieved from /home/airflow/.local/lib/python3.12/site-packages/airflow/example_dags/example_python_operator.py
[2024-04-14T13:07:12.353+0000] {logging_mixin.py:188} INFO - [2024-04-14T13:07:12.353+0000] {dag.py:3096} INFO - Sync 1 DAGs
[2024-04-14T13:07:12.366+0000] {logging_mixin.py:188} INFO - [2024-04-14T13:07:12.365+0000] {dag.py:3954} INFO - Setting next_dagrun for example_python_operator to None, run_after=None
[2024-04-14T13:07:12.388+0000] {processor.py:183} INFO - Processing /home/airflow/.local/lib/python3.12/site-packages/airflow/example_dags/example_python_operator.py took 0.073 seconds
[2024-04-14T13:07:43.207+0000] {processor.py:161} INFO - Started process (PID=929) to work on /home/airflow/.local/lib/python3.12/site-packages/airflow/example_dags/example_python_operator.py
[2024-04-14T13:07:43.208+0000] {processor.py:830} INFO - Processing file /home/airflow/.local/lib/python3.12/site-packages/airflow/example_dags/example_python_operator.py for tasks to queue
[2024-04-14T13:07:43.209+0000] {logging_mixin.py:188} INFO - [2024-04-14T13:07:43.209+0000] {dagbag.py:540} INFO - Filling up the DagBag from /home/airflow/.local/lib/python3.12/site-packages/airflow/example_dags/example_python_operator.py
[2024-04-14T13:07:43.217+0000] {processor.py:840} INFO - DAG(s) 'example_python_operator' retrieved from /home/airflow/.local/lib/python3.12/site-packages/airflow/example_dags/example_python_operator.py
[2024-04-14T13:07:43.237+0000] {logging_mixin.py:188} INFO - [2024-04-14T13:07:43.237+0000] {dag.py:3096} INFO - Sync 1 DAGs
[2024-04-14T13:07:43.249+0000] {logging_mixin.py:188} INFO - [2024-04-14T13:07:43.248+0000] {dag.py:3954} INFO - Setting next_dagrun for example_python_operator to None, run_after=None
[2024-04-14T13:07:43.267+0000] {processor.py:183} INFO - Processing /home/airflow/.local/lib/python3.12/site-packages/airflow/example_dags/example_python_operator.py took 0.065 seconds
[2024-04-14T13:08:14.356+0000] {processor.py:161} INFO - Started process (PID=987) to work on /home/airflow/.local/lib/python3.12/site-packages/airflow/example_dags/example_python_operator.py
[2024-04-14T13:08:14.357+0000] {processor.py:830} INFO - Processing file /home/airflow/.local/lib/python3.12/site-packages/airflow/example_dags/example_python_operator.py for tasks to queue
[2024-04-14T13:08:14.358+0000] {logging_mixin.py:188} INFO - [2024-04-14T13:08:14.358+0000] {dagbag.py:540} INFO - Filling up the DagBag from /home/airflow/.local/lib/python3.12/site-packages/airflow/example_dags/example_python_operator.py
[2024-04-14T13:08:14.366+0000] {processor.py:840} INFO - DAG(s) 'example_python_operator' retrieved from /home/airflow/.local/lib/python3.12/site-packages/airflow/example_dags/example_python_operator.py
[2024-04-14T13:08:14.386+0000] {logging_mixin.py:188} INFO - [2024-04-14T13:08:14.385+0000] {dag.py:3096} INFO - Sync 1 DAGs
[2024-04-14T13:08:14.402+0000] {logging_mixin.py:188} INFO - [2024-04-14T13:08:14.401+0000] {dag.py:3954} INFO - Setting next_dagrun for example_python_operator to None, run_after=None
[2024-04-14T13:08:14.423+0000] {processor.py:183} INFO - Processing /home/airflow/.local/lib/python3.12/site-packages/airflow/example_dags/example_python_operator.py took 0.072 seconds
[2024-04-14T13:08:45.257+0000] {processor.py:161} INFO - Started process (PID=1045) to work on /home/airflow/.local/lib/python3.12/site-packages/airflow/example_dags/example_python_operator.py
[2024-04-14T13:08:45.258+0000] {processor.py:830} INFO - Processing file /home/airflow/.local/lib/python3.12/site-packages/airflow/example_dags/example_python_operator.py for tasks to queue
[2024-04-14T13:08:45.259+0000] {logging_mixin.py:188} INFO - [2024-04-14T13:08:45.259+0000] {dagbag.py:540} INFO - Filling up the DagBag from /home/airflow/.local/lib/python3.12/site-packages/airflow/example_dags/example_python_operator.py
[2024-04-14T13:08:45.267+0000] {processor.py:840} INFO - DAG(s) 'example_python_operator' retrieved from /home/airflow/.local/lib/python3.12/site-packages/airflow/example_dags/example_python_operator.py
[2024-04-14T13:08:45.287+0000] {logging_mixin.py:188} INFO - [2024-04-14T13:08:45.287+0000] {dag.py:3096} INFO - Sync 1 DAGs
[2024-04-14T13:08:45.412+0000] {logging_mixin.py:188} INFO - [2024-04-14T13:08:45.412+0000] {dag.py:3954} INFO - Setting next_dagrun for example_python_operator to None, run_after=None
[2024-04-14T13:08:45.433+0000] {processor.py:183} INFO - Processing /home/airflow/.local/lib/python3.12/site-packages/airflow/example_dags/example_python_operator.py took 0.181 seconds
[2024-04-14T13:09:16.022+0000] {processor.py:161} INFO - Started process (PID=1103) to work on /home/airflow/.local/lib/python3.12/site-packages/airflow/example_dags/example_python_operator.py
[2024-04-14T13:09:16.023+0000] {processor.py:830} INFO - Processing file /home/airflow/.local/lib/python3.12/site-packages/airflow/example_dags/example_python_operator.py for tasks to queue
[2024-04-14T13:09:16.025+0000] {logging_mixin.py:188} INFO - [2024-04-14T13:09:16.024+0000] {dagbag.py:540} INFO - Filling up the DagBag from /home/airflow/.local/lib/python3.12/site-packages/airflow/example_dags/example_python_operator.py
[2024-04-14T13:09:16.035+0000] {processor.py:840} INFO - DAG(s) 'example_python_operator' retrieved from /home/airflow/.local/lib/python3.12/site-packages/airflow/example_dags/example_python_operator.py
[2024-04-14T13:09:16.059+0000] {logging_mixin.py:188} INFO - [2024-04-14T13:09:16.059+0000] {dag.py:3096} INFO - Sync 1 DAGs
[2024-04-14T13:09:16.229+0000] {logging_mixin.py:188} INFO - [2024-04-14T13:09:16.229+0000] {dag.py:3954} INFO - Setting next_dagrun for example_python_operator to None, run_after=None
[2024-04-14T13:09:16.252+0000] {processor.py:183} INFO - Processing /home/airflow/.local/lib/python3.12/site-packages/airflow/example_dags/example_python_operator.py took 0.235 seconds
[2024-04-14T13:09:47.099+0000] {processor.py:161} INFO - Started process (PID=1167) to work on /home/airflow/.local/lib/python3.12/site-packages/airflow/example_dags/example_python_operator.py
[2024-04-14T13:09:47.100+0000] {processor.py:830} INFO - Processing file /home/airflow/.local/lib/python3.12/site-packages/airflow/example_dags/example_python_operator.py for tasks to queue
[2024-04-14T13:09:47.101+0000] {logging_mixin.py:188} INFO - [2024-04-14T13:09:47.101+0000] {dagbag.py:540} INFO - Filling up the DagBag from /home/airflow/.local/lib/python3.12/site-packages/airflow/example_dags/example_python_operator.py
[2024-04-14T13:09:47.109+0000] {processor.py:840} INFO - DAG(s) 'example_python_operator' retrieved from /home/airflow/.local/lib/python3.12/site-packages/airflow/example_dags/example_python_operator.py
[2024-04-14T13:09:47.125+0000] {logging_mixin.py:188} INFO - [2024-04-14T13:09:47.125+0000] {dag.py:3096} INFO - Sync 1 DAGs
[2024-04-14T13:09:47.137+0000] {logging_mixin.py:188} INFO - [2024-04-14T13:09:47.137+0000] {dag.py:3954} INFO - Setting next_dagrun for example_python_operator to None, run_after=None
[2024-04-14T13:09:47.154+0000] {processor.py:183} INFO - Processing /home/airflow/.local/lib/python3.12/site-packages/airflow/example_dags/example_python_operator.py took 0.059 seconds
[2024-04-14T13:10:17.475+0000] {processor.py:161} INFO - Started process (PID=1225) to work on /home/airflow/.local/lib/python3.12/site-packages/airflow/example_dags/example_python_operator.py
[2024-04-14T13:10:17.476+0000] {processor.py:830} INFO - Processing file /home/airflow/.local/lib/python3.12/site-packages/airflow/example_dags/example_python_operator.py for tasks to queue
[2024-04-14T13:10:17.477+0000] {logging_mixin.py:188} INFO - [2024-04-14T13:10:17.477+0000] {dagbag.py:540} INFO - Filling up the DagBag from /home/airflow/.local/lib/python3.12/site-packages/airflow/example_dags/example_python_operator.py
[2024-04-14T13:10:17.485+0000] {processor.py:840} INFO - DAG(s) 'example_python_operator' retrieved from /home/airflow/.local/lib/python3.12/site-packages/airflow/example_dags/example_python_operator.py
[2024-04-14T13:10:17.503+0000] {logging_mixin.py:188} INFO - [2024-04-14T13:10:17.503+0000] {dag.py:3096} INFO - Sync 1 DAGs
[2024-04-14T13:10:17.513+0000] {logging_mixin.py:188} INFO - [2024-04-14T13:10:17.513+0000] {dag.py:3954} INFO - Setting next_dagrun for example_python_operator to None, run_after=None
[2024-04-14T13:10:17.530+0000] {processor.py:183} INFO - Processing /home/airflow/.local/lib/python3.12/site-packages/airflow/example_dags/example_python_operator.py took 0.059 seconds
[2024-04-14T13:10:47.916+0000] {processor.py:161} INFO - Started process (PID=1283) to work on /home/airflow/.local/lib/python3.12/site-packages/airflow/example_dags/example_python_operator.py
[2024-04-14T13:10:47.917+0000] {processor.py:830} INFO - Processing file /home/airflow/.local/lib/python3.12/site-packages/airflow/example_dags/example_python_operator.py for tasks to queue
[2024-04-14T13:10:47.918+0000] {logging_mixin.py:188} INFO - [2024-04-14T13:10:47.918+0000] {dagbag.py:540} INFO - Filling up the DagBag from /home/airflow/.local/lib/python3.12/site-packages/airflow/example_dags/example_python_operator.py
[2024-04-14T13:10:47.925+0000] {processor.py:840} INFO - DAG(s) 'example_python_operator' retrieved from /home/airflow/.local/lib/python3.12/site-packages/airflow/example_dags/example_python_operator.py
[2024-04-14T13:10:47.942+0000] {logging_mixin.py:188} INFO - [2024-04-14T13:10:47.942+0000] {dag.py:3096} INFO - Sync 1 DAGs
[2024-04-14T13:10:47.952+0000] {logging_mixin.py:188} INFO - [2024-04-14T13:10:47.952+0000] {dag.py:3954} INFO - Setting next_dagrun for example_python_operator to None, run_after=None
[2024-04-14T13:10:47.979+0000] {processor.py:183} INFO - Processing /home/airflow/.local/lib/python3.12/site-packages/airflow/example_dags/example_python_operator.py took 0.067 seconds
[2024-04-14T13:11:18.265+0000] {processor.py:161} INFO - Started process (PID=1341) to work on /home/airflow/.local/lib/python3.12/site-packages/airflow/example_dags/example_python_operator.py
[2024-04-14T13:11:18.266+0000] {processor.py:830} INFO - Processing file /home/airflow/.local/lib/python3.12/site-packages/airflow/example_dags/example_python_operator.py for tasks to queue
[2024-04-14T13:11:18.267+0000] {logging_mixin.py:188} INFO - [2024-04-14T13:11:18.267+0000] {dagbag.py:540} INFO - Filling up the DagBag from /home/airflow/.local/lib/python3.12/site-packages/airflow/example_dags/example_python_operator.py
[2024-04-14T13:11:18.275+0000] {processor.py:840} INFO - DAG(s) 'example_python_operator' retrieved from /home/airflow/.local/lib/python3.12/site-packages/airflow/example_dags/example_python_operator.py
[2024-04-14T13:11:18.295+0000] {logging_mixin.py:188} INFO - [2024-04-14T13:11:18.295+0000] {dag.py:3096} INFO - Sync 1 DAGs
[2024-04-14T13:11:18.306+0000] {logging_mixin.py:188} INFO - [2024-04-14T13:11:18.306+0000] {dag.py:3954} INFO - Setting next_dagrun for example_python_operator to None, run_after=None
[2024-04-14T13:11:18.325+0000] {processor.py:183} INFO - Processing /home/airflow/.local/lib/python3.12/site-packages/airflow/example_dags/example_python_operator.py took 0.064 seconds
[2024-04-14T13:11:48.598+0000] {processor.py:161} INFO - Started process (PID=1399) to work on /home/airflow/.local/lib/python3.12/site-packages/airflow/example_dags/example_python_operator.py
[2024-04-14T13:11:48.598+0000] {processor.py:830} INFO - Processing file /home/airflow/.local/lib/python3.12/site-packages/airflow/example_dags/example_python_operator.py for tasks to queue
[2024-04-14T13:11:48.600+0000] {logging_mixin.py:188} INFO - [2024-04-14T13:11:48.599+0000] {dagbag.py:540} INFO - Filling up the DagBag from /home/airflow/.local/lib/python3.12/site-packages/airflow/example_dags/example_python_operator.py
[2024-04-14T13:11:48.607+0000] {processor.py:840} INFO - DAG(s) 'example_python_operator' retrieved from /home/airflow/.local/lib/python3.12/site-packages/airflow/example_dags/example_python_operator.py
[2024-04-14T13:11:48.624+0000] {logging_mixin.py:188} INFO - [2024-04-14T13:11:48.624+0000] {dag.py:3096} INFO - Sync 1 DAGs
[2024-04-14T13:11:48.634+0000] {logging_mixin.py:188} INFO - [2024-04-14T13:11:48.634+0000] {dag.py:3954} INFO - Setting next_dagrun for example_python_operator to None, run_after=None
[2024-04-14T13:11:48.659+0000] {processor.py:183} INFO - Processing /home/airflow/.local/lib/python3.12/site-packages/airflow/example_dags/example_python_operator.py took 0.065 seconds
[2024-04-14T13:12:18.952+0000] {processor.py:161} INFO - Started process (PID=1457) to work on /home/airflow/.local/lib/python3.12/site-packages/airflow/example_dags/example_python_operator.py
[2024-04-14T13:12:18.952+0000] {processor.py:830} INFO - Processing file /home/airflow/.local/lib/python3.12/site-packages/airflow/example_dags/example_python_operator.py for tasks to queue
[2024-04-14T13:12:18.954+0000] {logging_mixin.py:188} INFO - [2024-04-14T13:12:18.953+0000] {dagbag.py:540} INFO - Filling up the DagBag from /home/airflow/.local/lib/python3.12/site-packages/airflow/example_dags/example_python_operator.py
[2024-04-14T13:12:18.961+0000] {processor.py:840} INFO - DAG(s) 'example_python_operator' retrieved from /home/airflow/.local/lib/python3.12/site-packages/airflow/example_dags/example_python_operator.py
[2024-04-14T13:12:18.978+0000] {logging_mixin.py:188} INFO - [2024-04-14T13:12:18.978+0000] {dag.py:3096} INFO - Sync 1 DAGs
[2024-04-14T13:12:18.988+0000] {logging_mixin.py:188} INFO - [2024-04-14T13:12:18.988+0000] {dag.py:3954} INFO - Setting next_dagrun for example_python_operator to None, run_after=None
[2024-04-14T13:12:19.006+0000] {processor.py:183} INFO - Processing /home/airflow/.local/lib/python3.12/site-packages/airflow/example_dags/example_python_operator.py took 0.059 seconds
[2024-04-14T13:12:49.294+0000] {processor.py:161} INFO - Started process (PID=1515) to work on /home/airflow/.local/lib/python3.12/site-packages/airflow/example_dags/example_python_operator.py
[2024-04-14T13:12:49.294+0000] {processor.py:830} INFO - Processing file /home/airflow/.local/lib/python3.12/site-packages/airflow/example_dags/example_python_operator.py for tasks to queue
[2024-04-14T13:12:49.296+0000] {logging_mixin.py:188} INFO - [2024-04-14T13:12:49.295+0000] {dagbag.py:540} INFO - Filling up the DagBag from /home/airflow/.local/lib/python3.12/site-packages/airflow/example_dags/example_python_operator.py
[2024-04-14T13:12:49.303+0000] {processor.py:840} INFO - DAG(s) 'example_python_operator' retrieved from /home/airflow/.local/lib/python3.12/site-packages/airflow/example_dags/example_python_operator.py
[2024-04-14T13:12:49.321+0000] {logging_mixin.py:188} INFO - [2024-04-14T13:12:49.320+0000] {dag.py:3096} INFO - Sync 1 DAGs
[2024-04-14T13:12:49.332+0000] {logging_mixin.py:188} INFO - [2024-04-14T13:12:49.332+0000] {dag.py:3954} INFO - Setting next_dagrun for example_python_operator to None, run_after=None
[2024-04-14T13:12:49.350+0000] {processor.py:183} INFO - Processing /home/airflow/.local/lib/python3.12/site-packages/airflow/example_dags/example_python_operator.py took 0.061 seconds
[2024-04-14T13:13:19.716+0000] {processor.py:161} INFO - Started process (PID=1573) to work on /home/airflow/.local/lib/python3.12/site-packages/airflow/example_dags/example_python_operator.py
[2024-04-14T13:13:19.716+0000] {processor.py:830} INFO - Processing file /home/airflow/.local/lib/python3.12/site-packages/airflow/example_dags/example_python_operator.py for tasks to queue
[2024-04-14T13:13:19.718+0000] {logging_mixin.py:188} INFO - [2024-04-14T13:13:19.717+0000] {dagbag.py:540} INFO - Filling up the DagBag from /home/airflow/.local/lib/python3.12/site-packages/airflow/example_dags/example_python_operator.py
[2024-04-14T13:13:19.725+0000] {processor.py:840} INFO - DAG(s) 'example_python_operator' retrieved from /home/airflow/.local/lib/python3.12/site-packages/airflow/example_dags/example_python_operator.py
[2024-04-14T13:13:19.744+0000] {logging_mixin.py:188} INFO - [2024-04-14T13:13:19.743+0000] {dag.py:3096} INFO - Sync 1 DAGs
[2024-04-14T13:13:19.754+0000] {logging_mixin.py:188} INFO - [2024-04-14T13:13:19.754+0000] {dag.py:3954} INFO - Setting next_dagrun for example_python_operator to None, run_after=None
[2024-04-14T13:13:19.772+0000] {processor.py:183} INFO - Processing /home/airflow/.local/lib/python3.12/site-packages/airflow/example_dags/example_python_operator.py took 0.061 seconds
[2024-04-14T13:13:50.550+0000] {processor.py:161} INFO - Started process (PID=1631) to work on /home/airflow/.local/lib/python3.12/site-packages/airflow/example_dags/example_python_operator.py
[2024-04-14T13:13:50.550+0000] {processor.py:830} INFO - Processing file /home/airflow/.local/lib/python3.12/site-packages/airflow/example_dags/example_python_operator.py for tasks to queue
[2024-04-14T13:13:50.552+0000] {logging_mixin.py:188} INFO - [2024-04-14T13:13:50.551+0000] {dagbag.py:540} INFO - Filling up the DagBag from /home/airflow/.local/lib/python3.12/site-packages/airflow/example_dags/example_python_operator.py
[2024-04-14T13:13:50.559+0000] {processor.py:840} INFO - DAG(s) 'example_python_operator' retrieved from /home/airflow/.local/lib/python3.12/site-packages/airflow/example_dags/example_python_operator.py
[2024-04-14T13:13:50.577+0000] {logging_mixin.py:188} INFO - [2024-04-14T13:13:50.577+0000] {dag.py:3096} INFO - Sync 1 DAGs
[2024-04-14T13:13:50.588+0000] {logging_mixin.py:188} INFO - [2024-04-14T13:13:50.588+0000] {dag.py:3954} INFO - Setting next_dagrun for example_python_operator to None, run_after=None
[2024-04-14T13:13:50.611+0000] {processor.py:183} INFO - Processing /home/airflow/.local/lib/python3.12/site-packages/airflow/example_dags/example_python_operator.py took 0.066 seconds
[2024-04-14T13:14:21.296+0000] {processor.py:161} INFO - Started process (PID=1689) to work on /home/airflow/.local/lib/python3.12/site-packages/airflow/example_dags/example_python_operator.py
[2024-04-14T13:14:21.297+0000] {processor.py:830} INFO - Processing file /home/airflow/.local/lib/python3.12/site-packages/airflow/example_dags/example_python_operator.py for tasks to queue
[2024-04-14T13:14:21.298+0000] {logging_mixin.py:188} INFO - [2024-04-14T13:14:21.298+0000] {dagbag.py:540} INFO - Filling up the DagBag from /home/airflow/.local/lib/python3.12/site-packages/airflow/example_dags/example_python_operator.py
[2024-04-14T13:14:21.307+0000] {processor.py:840} INFO - DAG(s) 'example_python_operator' retrieved from /home/airflow/.local/lib/python3.12/site-packages/airflow/example_dags/example_python_operator.py
[2024-04-14T13:14:21.328+0000] {logging_mixin.py:188} INFO - [2024-04-14T13:14:21.327+0000] {dag.py:3096} INFO - Sync 1 DAGs
[2024-04-14T13:14:21.342+0000] {logging_mixin.py:188} INFO - [2024-04-14T13:14:21.342+0000] {dag.py:3954} INFO - Setting next_dagrun for example_python_operator to None, run_after=None
[2024-04-14T13:14:21.359+0000] {processor.py:183} INFO - Processing /home/airflow/.local/lib/python3.12/site-packages/airflow/example_dags/example_python_operator.py took 0.068 seconds
[2024-04-14T13:14:51.616+0000] {processor.py:161} INFO - Started process (PID=1748) to work on /home/airflow/.local/lib/python3.12/site-packages/airflow/example_dags/example_python_operator.py
[2024-04-14T13:14:51.617+0000] {processor.py:830} INFO - Processing file /home/airflow/.local/lib/python3.12/site-packages/airflow/example_dags/example_python_operator.py for tasks to queue
[2024-04-14T13:14:51.618+0000] {logging_mixin.py:188} INFO - [2024-04-14T13:14:51.618+0000] {dagbag.py:540} INFO - Filling up the DagBag from /home/airflow/.local/lib/python3.12/site-packages/airflow/example_dags/example_python_operator.py
[2024-04-14T13:14:51.626+0000] {processor.py:840} INFO - DAG(s) 'example_python_operator' retrieved from /home/airflow/.local/lib/python3.12/site-packages/airflow/example_dags/example_python_operator.py
[2024-04-14T13:14:51.644+0000] {logging_mixin.py:188} INFO - [2024-04-14T13:14:51.644+0000] {dag.py:3096} INFO - Sync 1 DAGs
[2024-04-14T13:14:51.656+0000] {logging_mixin.py:188} INFO - [2024-04-14T13:14:51.656+0000] {dag.py:3954} INFO - Setting next_dagrun for example_python_operator to None, run_after=None
[2024-04-14T13:14:51.680+0000] {processor.py:183} INFO - Processing /home/airflow/.local/lib/python3.12/site-packages/airflow/example_dags/example_python_operator.py took 0.068 seconds
[2024-04-14T13:15:22.264+0000] {processor.py:161} INFO - Started process (PID=1806) to work on /home/airflow/.local/lib/python3.12/site-packages/airflow/example_dags/example_python_operator.py
[2024-04-14T13:15:22.265+0000] {processor.py:830} INFO - Processing file /home/airflow/.local/lib/python3.12/site-packages/airflow/example_dags/example_python_operator.py for tasks to queue
[2024-04-14T13:15:22.266+0000] {logging_mixin.py:188} INFO - [2024-04-14T13:15:22.266+0000] {dagbag.py:540} INFO - Filling up the DagBag from /home/airflow/.local/lib/python3.12/site-packages/airflow/example_dags/example_python_operator.py
[2024-04-14T13:15:22.275+0000] {processor.py:840} INFO - DAG(s) 'example_python_operator' retrieved from /home/airflow/.local/lib/python3.12/site-packages/airflow/example_dags/example_python_operator.py
[2024-04-14T13:15:22.296+0000] {logging_mixin.py:188} INFO - [2024-04-14T13:15:22.295+0000] {dag.py:3096} INFO - Sync 1 DAGs
[2024-04-14T13:15:22.306+0000] {logging_mixin.py:188} INFO - [2024-04-14T13:15:22.306+0000] {dag.py:3954} INFO - Setting next_dagrun for example_python_operator to None, run_after=None
[2024-04-14T13:15:22.321+0000] {processor.py:183} INFO - Processing /home/airflow/.local/lib/python3.12/site-packages/airflow/example_dags/example_python_operator.py took 0.061 seconds
[2024-04-14T13:15:52.713+0000] {processor.py:161} INFO - Started process (PID=1865) to work on /home/airflow/.local/lib/python3.12/site-packages/airflow/example_dags/example_python_operator.py
[2024-04-14T13:15:52.713+0000] {processor.py:830} INFO - Processing file /home/airflow/.local/lib/python3.12/site-packages/airflow/example_dags/example_python_operator.py for tasks to queue
[2024-04-14T13:15:52.714+0000] {logging_mixin.py:188} INFO - [2024-04-14T13:15:52.714+0000] {dagbag.py:540} INFO - Filling up the DagBag from /home/airflow/.local/lib/python3.12/site-packages/airflow/example_dags/example_python_operator.py
[2024-04-14T13:15:52.722+0000] {processor.py:840} INFO - DAG(s) 'example_python_operator' retrieved from /home/airflow/.local/lib/python3.12/site-packages/airflow/example_dags/example_python_operator.py
[2024-04-14T13:15:52.740+0000] {logging_mixin.py:188} INFO - [2024-04-14T13:15:52.739+0000] {dag.py:3096} INFO - Sync 1 DAGs
[2024-04-14T13:15:52.750+0000] {logging_mixin.py:188} INFO - [2024-04-14T13:15:52.750+0000] {dag.py:3954} INFO - Setting next_dagrun for example_python_operator to None, run_after=None
[2024-04-14T13:15:52.766+0000] {processor.py:183} INFO - Processing /home/airflow/.local/lib/python3.12/site-packages/airflow/example_dags/example_python_operator.py took 0.058 seconds
[2024-04-14T13:16:23.177+0000] {processor.py:161} INFO - Started process (PID=1923) to work on /home/airflow/.local/lib/python3.12/site-packages/airflow/example_dags/example_python_operator.py
[2024-04-14T13:16:23.177+0000] {processor.py:830} INFO - Processing file /home/airflow/.local/lib/python3.12/site-packages/airflow/example_dags/example_python_operator.py for tasks to queue
[2024-04-14T13:16:23.179+0000] {logging_mixin.py:188} INFO - [2024-04-14T13:16:23.178+0000] {dagbag.py:540} INFO - Filling up the DagBag from /home/airflow/.local/lib/python3.12/site-packages/airflow/example_dags/example_python_operator.py
[2024-04-14T13:16:23.186+0000] {processor.py:840} INFO - DAG(s) 'example_python_operator' retrieved from /home/airflow/.local/lib/python3.12/site-packages/airflow/example_dags/example_python_operator.py
[2024-04-14T13:16:23.203+0000] {logging_mixin.py:188} INFO - [2024-04-14T13:16:23.202+0000] {dag.py:3096} INFO - Sync 1 DAGs
[2024-04-14T13:16:23.213+0000] {logging_mixin.py:188} INFO - [2024-04-14T13:16:23.213+0000] {dag.py:3954} INFO - Setting next_dagrun for example_python_operator to None, run_after=None
[2024-04-14T13:16:23.235+0000] {processor.py:183} INFO - Processing /home/airflow/.local/lib/python3.12/site-packages/airflow/example_dags/example_python_operator.py took 0.062 seconds
[2024-04-14T13:16:53.662+0000] {processor.py:161} INFO - Started process (PID=1982) to work on /home/airflow/.local/lib/python3.12/site-packages/airflow/example_dags/example_python_operator.py
[2024-04-14T13:16:53.663+0000] {processor.py:830} INFO - Processing file /home/airflow/.local/lib/python3.12/site-packages/airflow/example_dags/example_python_operator.py for tasks to queue
[2024-04-14T13:16:53.664+0000] {logging_mixin.py:188} INFO - [2024-04-14T13:16:53.664+0000] {dagbag.py:540} INFO - Filling up the DagBag from /home/airflow/.local/lib/python3.12/site-packages/airflow/example_dags/example_python_operator.py
[2024-04-14T13:16:53.671+0000] {processor.py:840} INFO - DAG(s) 'example_python_operator' retrieved from /home/airflow/.local/lib/python3.12/site-packages/airflow/example_dags/example_python_operator.py
[2024-04-14T13:16:53.689+0000] {logging_mixin.py:188} INFO - [2024-04-14T13:16:53.688+0000] {dag.py:3096} INFO - Sync 1 DAGs
[2024-04-14T13:16:53.699+0000] {logging_mixin.py:188} INFO - [2024-04-14T13:16:53.699+0000] {dag.py:3954} INFO - Setting next_dagrun for example_python_operator to None, run_after=None
[2024-04-14T13:16:53.714+0000] {processor.py:183} INFO - Processing /home/airflow/.local/lib/python3.12/site-packages/airflow/example_dags/example_python_operator.py took 0.057 seconds
[2024-04-14T13:17:23.941+0000] {processor.py:161} INFO - Started process (PID=2041) to work on /home/airflow/.local/lib/python3.12/site-packages/airflow/example_dags/example_python_operator.py
[2024-04-14T13:17:23.942+0000] {processor.py:830} INFO - Processing file /home/airflow/.local/lib/python3.12/site-packages/airflow/example_dags/example_python_operator.py for tasks to queue
[2024-04-14T13:17:23.943+0000] {logging_mixin.py:188} INFO - [2024-04-14T13:17:23.943+0000] {dagbag.py:540} INFO - Filling up the DagBag from /home/airflow/.local/lib/python3.12/site-packages/airflow/example_dags/example_python_operator.py
[2024-04-14T13:17:23.950+0000] {processor.py:840} INFO - DAG(s) 'example_python_operator' retrieved from /home/airflow/.local/lib/python3.12/site-packages/airflow/example_dags/example_python_operator.py
[2024-04-14T13:17:23.968+0000] {logging_mixin.py:188} INFO - [2024-04-14T13:17:23.968+0000] {dag.py:3096} INFO - Sync 1 DAGs
[2024-04-14T13:17:23.978+0000] {logging_mixin.py:188} INFO - [2024-04-14T13:17:23.978+0000] {dag.py:3954} INFO - Setting next_dagrun for example_python_operator to None, run_after=None
[2024-04-14T13:17:23.994+0000] {processor.py:183} INFO - Processing /home/airflow/.local/lib/python3.12/site-packages/airflow/example_dags/example_python_operator.py took 0.056 seconds
[2024-04-14T13:17:54.388+0000] {processor.py:161} INFO - Started process (PID=2099) to work on /home/airflow/.local/lib/python3.12/site-packages/airflow/example_dags/example_python_operator.py
[2024-04-14T13:17:54.389+0000] {processor.py:830} INFO - Processing file /home/airflow/.local/lib/python3.12/site-packages/airflow/example_dags/example_python_operator.py for tasks to queue
[2024-04-14T13:17:54.390+0000] {logging_mixin.py:188} INFO - [2024-04-14T13:17:54.390+0000] {dagbag.py:540} INFO - Filling up the DagBag from /home/airflow/.local/lib/python3.12/site-packages/airflow/example_dags/example_python_operator.py
[2024-04-14T13:17:54.397+0000] {processor.py:840} INFO - DAG(s) 'example_python_operator' retrieved from /home/airflow/.local/lib/python3.12/site-packages/airflow/example_dags/example_python_operator.py
[2024-04-14T13:17:54.414+0000] {logging_mixin.py:188} INFO - [2024-04-14T13:17:54.414+0000] {dag.py:3096} INFO - Sync 1 DAGs
[2024-04-14T13:17:54.425+0000] {logging_mixin.py:188} INFO - [2024-04-14T13:17:54.424+0000] {dag.py:3954} INFO - Setting next_dagrun for example_python_operator to None, run_after=None
[2024-04-14T13:17:54.441+0000] {processor.py:183} INFO - Processing /home/airflow/.local/lib/python3.12/site-packages/airflow/example_dags/example_python_operator.py took 0.057 seconds
[2024-04-14T13:18:24.718+0000] {processor.py:161} INFO - Started process (PID=2157) to work on /home/airflow/.local/lib/python3.12/site-packages/airflow/example_dags/example_python_operator.py
[2024-04-14T13:18:24.719+0000] {processor.py:830} INFO - Processing file /home/airflow/.local/lib/python3.12/site-packages/airflow/example_dags/example_python_operator.py for tasks to queue
[2024-04-14T13:18:24.720+0000] {logging_mixin.py:188} INFO - [2024-04-14T13:18:24.720+0000] {dagbag.py:540} INFO - Filling up the DagBag from /home/airflow/.local/lib/python3.12/site-packages/airflow/example_dags/example_python_operator.py
[2024-04-14T13:18:24.728+0000] {processor.py:840} INFO - DAG(s) 'example_python_operator' retrieved from /home/airflow/.local/lib/python3.12/site-packages/airflow/example_dags/example_python_operator.py
[2024-04-14T13:18:24.747+0000] {logging_mixin.py:188} INFO - [2024-04-14T13:18:24.747+0000] {dag.py:3096} INFO - Sync 1 DAGs
[2024-04-14T13:18:24.758+0000] {logging_mixin.py:188} INFO - [2024-04-14T13:18:24.758+0000] {dag.py:3954} INFO - Setting next_dagrun for example_python_operator to None, run_after=None
[2024-04-14T13:18:24.774+0000] {processor.py:183} INFO - Processing /home/airflow/.local/lib/python3.12/site-packages/airflow/example_dags/example_python_operator.py took 0.061 seconds
[2024-04-14T13:18:55.520+0000] {processor.py:161} INFO - Started process (PID=2216) to work on /home/airflow/.local/lib/python3.12/site-packages/airflow/example_dags/example_python_operator.py
[2024-04-14T13:18:55.521+0000] {processor.py:830} INFO - Processing file /home/airflow/.local/lib/python3.12/site-packages/airflow/example_dags/example_python_operator.py for tasks to queue
[2024-04-14T13:18:55.523+0000] {logging_mixin.py:188} INFO - [2024-04-14T13:18:55.522+0000] {dagbag.py:540} INFO - Filling up the DagBag from /home/airflow/.local/lib/python3.12/site-packages/airflow/example_dags/example_python_operator.py
[2024-04-14T13:18:55.530+0000] {processor.py:840} INFO - DAG(s) 'example_python_operator' retrieved from /home/airflow/.local/lib/python3.12/site-packages/airflow/example_dags/example_python_operator.py
[2024-04-14T13:18:55.550+0000] {logging_mixin.py:188} INFO - [2024-04-14T13:18:55.549+0000] {dag.py:3096} INFO - Sync 1 DAGs
[2024-04-14T13:18:55.560+0000] {logging_mixin.py:188} INFO - [2024-04-14T13:18:55.560+0000] {dag.py:3954} INFO - Setting next_dagrun for example_python_operator to None, run_after=None
[2024-04-14T13:18:55.576+0000] {processor.py:183} INFO - Processing /home/airflow/.local/lib/python3.12/site-packages/airflow/example_dags/example_python_operator.py took 0.060 seconds
[2024-04-14T13:19:26.393+0000] {processor.py:161} INFO - Started process (PID=2274) to work on /home/airflow/.local/lib/python3.12/site-packages/airflow/example_dags/example_python_operator.py
[2024-04-14T13:19:26.394+0000] {processor.py:830} INFO - Processing file /home/airflow/.local/lib/python3.12/site-packages/airflow/example_dags/example_python_operator.py for tasks to queue
[2024-04-14T13:19:26.396+0000] {logging_mixin.py:188} INFO - [2024-04-14T13:19:26.395+0000] {dagbag.py:540} INFO - Filling up the DagBag from /home/airflow/.local/lib/python3.12/site-packages/airflow/example_dags/example_python_operator.py
[2024-04-14T13:19:26.403+0000] {processor.py:840} INFO - DAG(s) 'example_python_operator' retrieved from /home/airflow/.local/lib/python3.12/site-packages/airflow/example_dags/example_python_operator.py
[2024-04-14T13:19:26.422+0000] {logging_mixin.py:188} INFO - [2024-04-14T13:19:26.421+0000] {dag.py:3096} INFO - Sync 1 DAGs
[2024-04-14T13:19:26.432+0000] {logging_mixin.py:188} INFO - [2024-04-14T13:19:26.432+0000] {dag.py:3954} INFO - Setting next_dagrun for example_python_operator to None, run_after=None
[2024-04-14T13:19:26.448+0000] {processor.py:183} INFO - Processing /home/airflow/.local/lib/python3.12/site-packages/airflow/example_dags/example_python_operator.py took 0.059 seconds
[2024-04-14T13:19:56.728+0000] {processor.py:161} INFO - Started process (PID=2332) to work on /home/airflow/.local/lib/python3.12/site-packages/airflow/example_dags/example_python_operator.py
[2024-04-14T13:19:56.729+0000] {processor.py:830} INFO - Processing file /home/airflow/.local/lib/python3.12/site-packages/airflow/example_dags/example_python_operator.py for tasks to queue
[2024-04-14T13:19:56.730+0000] {logging_mixin.py:188} INFO - [2024-04-14T13:19:56.730+0000] {dagbag.py:540} INFO - Filling up the DagBag from /home/airflow/.local/lib/python3.12/site-packages/airflow/example_dags/example_python_operator.py
[2024-04-14T13:19:56.738+0000] {processor.py:840} INFO - DAG(s) 'example_python_operator' retrieved from /home/airflow/.local/lib/python3.12/site-packages/airflow/example_dags/example_python_operator.py
[2024-04-14T13:19:56.757+0000] {logging_mixin.py:188} INFO - [2024-04-14T13:19:56.757+0000] {dag.py:3096} INFO - Sync 1 DAGs
[2024-04-14T13:19:56.768+0000] {logging_mixin.py:188} INFO - [2024-04-14T13:19:56.768+0000] {dag.py:3954} INFO - Setting next_dagrun for example_python_operator to None, run_after=None
[2024-04-14T13:19:56.791+0000] {processor.py:183} INFO - Processing /home/airflow/.local/lib/python3.12/site-packages/airflow/example_dags/example_python_operator.py took 0.067 seconds
