[2024-04-14T13:00:03.818+0000] {processor.py:161} INFO - Started process (PID=64) to work on /home/airflow/.local/lib/python3.12/site-packages/airflow/example_dags/example_task_group_decorator.py
[2024-04-14T13:00:03.824+0000] {processor.py:830} INFO - Processing file /home/airflow/.local/lib/python3.12/site-packages/airflow/example_dags/example_task_group_decorator.py for tasks to queue
[2024-04-14T13:00:03.829+0000] {logging_mixin.py:188} INFO - [2024-04-14T13:00:03.829+0000] {dagbag.py:540} INFO - Filling up the DagBag from /home/airflow/.local/lib/python3.12/site-packages/airflow/example_dags/example_task_group_decorator.py
[2024-04-14T13:00:03.870+0000] {processor.py:840} INFO - DAG(s) 'example_task_group_decorator' retrieved from /home/airflow/.local/lib/python3.12/site-packages/airflow/example_dags/example_task_group_decorator.py
[2024-04-14T13:00:03.882+0000] {logging_mixin.py:188} INFO - [2024-04-14T13:00:03.882+0000] {dag.py:3096} INFO - Sync 1 DAGs
[2024-04-14T13:00:03.913+0000] {logging_mixin.py:188} INFO - [2024-04-14T13:00:03.912+0000] {dag.py:3954} INFO - Setting next_dagrun for example_task_group_decorator to 2024-04-13 00:00:00+00:00, run_after=2024-04-14 00:00:00+00:00
[2024-04-14T13:00:03.938+0000] {processor.py:183} INFO - Processing /home/airflow/.local/lib/python3.12/site-packages/airflow/example_dags/example_task_group_decorator.py took 0.133 seconds
[2024-04-14T13:00:35.151+0000] {processor.py:161} INFO - Started process (PID=121) to work on /home/airflow/.local/lib/python3.12/site-packages/airflow/example_dags/example_task_group_decorator.py
[2024-04-14T13:00:35.152+0000] {processor.py:830} INFO - Processing file /home/airflow/.local/lib/python3.12/site-packages/airflow/example_dags/example_task_group_decorator.py for tasks to queue
[2024-04-14T13:00:35.153+0000] {logging_mixin.py:188} INFO - [2024-04-14T13:00:35.153+0000] {dagbag.py:540} INFO - Filling up the DagBag from /home/airflow/.local/lib/python3.12/site-packages/airflow/example_dags/example_task_group_decorator.py
[2024-04-14T13:00:35.166+0000] {processor.py:840} INFO - DAG(s) 'example_task_group_decorator' retrieved from /home/airflow/.local/lib/python3.12/site-packages/airflow/example_dags/example_task_group_decorator.py
[2024-04-14T13:00:35.266+0000] {logging_mixin.py:188} INFO - [2024-04-14T13:00:35.265+0000] {dag.py:3096} INFO - Sync 1 DAGs
[2024-04-14T13:00:35.284+0000] {logging_mixin.py:188} INFO - [2024-04-14T13:00:35.284+0000] {dag.py:3954} INFO - Setting next_dagrun for example_task_group_decorator to 2024-04-13 00:00:00+00:00, run_after=2024-04-14 00:00:00+00:00
[2024-04-14T13:00:35.304+0000] {processor.py:183} INFO - Processing /home/airflow/.local/lib/python3.12/site-packages/airflow/example_dags/example_task_group_decorator.py took 0.158 seconds
[2024-04-14T13:01:05.422+0000] {processor.py:161} INFO - Started process (PID=179) to work on /home/airflow/.local/lib/python3.12/site-packages/airflow/example_dags/example_task_group_decorator.py
[2024-04-14T13:01:05.423+0000] {processor.py:830} INFO - Processing file /home/airflow/.local/lib/python3.12/site-packages/airflow/example_dags/example_task_group_decorator.py for tasks to queue
[2024-04-14T13:01:05.425+0000] {logging_mixin.py:188} INFO - [2024-04-14T13:01:05.424+0000] {dagbag.py:540} INFO - Filling up the DagBag from /home/airflow/.local/lib/python3.12/site-packages/airflow/example_dags/example_task_group_decorator.py
[2024-04-14T13:01:05.440+0000] {processor.py:840} INFO - DAG(s) 'example_task_group_decorator' retrieved from /home/airflow/.local/lib/python3.12/site-packages/airflow/example_dags/example_task_group_decorator.py
[2024-04-14T13:01:05.465+0000] {logging_mixin.py:188} INFO - [2024-04-14T13:01:05.465+0000] {dag.py:3096} INFO - Sync 1 DAGs
[2024-04-14T13:01:05.489+0000] {logging_mixin.py:188} INFO - [2024-04-14T13:01:05.489+0000] {dag.py:3954} INFO - Setting next_dagrun for example_task_group_decorator to 2024-04-13 00:00:00+00:00, run_after=2024-04-14 00:00:00+00:00
[2024-04-14T13:01:05.508+0000] {processor.py:183} INFO - Processing /home/airflow/.local/lib/python3.12/site-packages/airflow/example_dags/example_task_group_decorator.py took 0.092 seconds
[2024-04-14T13:01:35.988+0000] {processor.py:161} INFO - Started process (PID=237) to work on /home/airflow/.local/lib/python3.12/site-packages/airflow/example_dags/example_task_group_decorator.py
[2024-04-14T13:01:35.989+0000] {processor.py:830} INFO - Processing file /home/airflow/.local/lib/python3.12/site-packages/airflow/example_dags/example_task_group_decorator.py for tasks to queue
[2024-04-14T13:01:35.992+0000] {logging_mixin.py:188} INFO - [2024-04-14T13:01:35.991+0000] {dagbag.py:540} INFO - Filling up the DagBag from /home/airflow/.local/lib/python3.12/site-packages/airflow/example_dags/example_task_group_decorator.py
[2024-04-14T13:01:36.005+0000] {processor.py:840} INFO - DAG(s) 'example_task_group_decorator' retrieved from /home/airflow/.local/lib/python3.12/site-packages/airflow/example_dags/example_task_group_decorator.py
[2024-04-14T13:01:36.031+0000] {logging_mixin.py:188} INFO - [2024-04-14T13:01:36.030+0000] {dag.py:3096} INFO - Sync 1 DAGs
[2024-04-14T13:01:36.053+0000] {logging_mixin.py:188} INFO - [2024-04-14T13:01:36.053+0000] {dag.py:3954} INFO - Setting next_dagrun for example_task_group_decorator to 2024-04-13 00:00:00+00:00, run_after=2024-04-14 00:00:00+00:00
[2024-04-14T13:01:36.077+0000] {processor.py:183} INFO - Processing /home/airflow/.local/lib/python3.12/site-packages/airflow/example_dags/example_task_group_decorator.py took 0.093 seconds
[2024-04-14T13:02:06.643+0000] {processor.py:161} INFO - Started process (PID=295) to work on /home/airflow/.local/lib/python3.12/site-packages/airflow/example_dags/example_task_group_decorator.py
[2024-04-14T13:02:06.644+0000] {processor.py:830} INFO - Processing file /home/airflow/.local/lib/python3.12/site-packages/airflow/example_dags/example_task_group_decorator.py for tasks to queue
[2024-04-14T13:02:06.646+0000] {logging_mixin.py:188} INFO - [2024-04-14T13:02:06.645+0000] {dagbag.py:540} INFO - Filling up the DagBag from /home/airflow/.local/lib/python3.12/site-packages/airflow/example_dags/example_task_group_decorator.py
[2024-04-14T13:02:06.658+0000] {processor.py:840} INFO - DAG(s) 'example_task_group_decorator' retrieved from /home/airflow/.local/lib/python3.12/site-packages/airflow/example_dags/example_task_group_decorator.py
[2024-04-14T13:02:06.680+0000] {logging_mixin.py:188} INFO - [2024-04-14T13:02:06.680+0000] {dag.py:3096} INFO - Sync 1 DAGs
[2024-04-14T13:02:06.699+0000] {logging_mixin.py:188} INFO - [2024-04-14T13:02:06.699+0000] {dag.py:3954} INFO - Setting next_dagrun for example_task_group_decorator to 2024-04-13 00:00:00+00:00, run_after=2024-04-14 00:00:00+00:00
[2024-04-14T13:02:06.716+0000] {processor.py:183} INFO - Processing /home/airflow/.local/lib/python3.12/site-packages/airflow/example_dags/example_task_group_decorator.py took 0.079 seconds
[2024-04-14T13:02:36.913+0000] {processor.py:161} INFO - Started process (PID=353) to work on /home/airflow/.local/lib/python3.12/site-packages/airflow/example_dags/example_task_group_decorator.py
[2024-04-14T13:02:36.914+0000] {processor.py:830} INFO - Processing file /home/airflow/.local/lib/python3.12/site-packages/airflow/example_dags/example_task_group_decorator.py for tasks to queue
[2024-04-14T13:02:36.916+0000] {logging_mixin.py:188} INFO - [2024-04-14T13:02:36.915+0000] {dagbag.py:540} INFO - Filling up the DagBag from /home/airflow/.local/lib/python3.12/site-packages/airflow/example_dags/example_task_group_decorator.py
[2024-04-14T13:02:36.927+0000] {processor.py:840} INFO - DAG(s) 'example_task_group_decorator' retrieved from /home/airflow/.local/lib/python3.12/site-packages/airflow/example_dags/example_task_group_decorator.py
[2024-04-14T13:02:36.948+0000] {logging_mixin.py:188} INFO - [2024-04-14T13:02:36.948+0000] {dag.py:3096} INFO - Sync 1 DAGs
[2024-04-14T13:02:36.969+0000] {logging_mixin.py:188} INFO - [2024-04-14T13:02:36.969+0000] {dag.py:3954} INFO - Setting next_dagrun for example_task_group_decorator to 2024-04-13 00:00:00+00:00, run_after=2024-04-14 00:00:00+00:00
[2024-04-14T13:02:36.987+0000] {processor.py:183} INFO - Processing /home/airflow/.local/lib/python3.12/site-packages/airflow/example_dags/example_task_group_decorator.py took 0.078 seconds
[2024-04-14T13:03:07.350+0000] {processor.py:161} INFO - Started process (PID=411) to work on /home/airflow/.local/lib/python3.12/site-packages/airflow/example_dags/example_task_group_decorator.py
[2024-04-14T13:03:07.351+0000] {processor.py:830} INFO - Processing file /home/airflow/.local/lib/python3.12/site-packages/airflow/example_dags/example_task_group_decorator.py for tasks to queue
[2024-04-14T13:03:07.352+0000] {logging_mixin.py:188} INFO - [2024-04-14T13:03:07.352+0000] {dagbag.py:540} INFO - Filling up the DagBag from /home/airflow/.local/lib/python3.12/site-packages/airflow/example_dags/example_task_group_decorator.py
[2024-04-14T13:03:07.364+0000] {processor.py:840} INFO - DAG(s) 'example_task_group_decorator' retrieved from /home/airflow/.local/lib/python3.12/site-packages/airflow/example_dags/example_task_group_decorator.py
[2024-04-14T13:03:07.386+0000] {logging_mixin.py:188} INFO - [2024-04-14T13:03:07.385+0000] {dag.py:3096} INFO - Sync 1 DAGs
[2024-04-14T13:03:07.405+0000] {logging_mixin.py:188} INFO - [2024-04-14T13:03:07.405+0000] {dag.py:3954} INFO - Setting next_dagrun for example_task_group_decorator to 2024-04-13 00:00:00+00:00, run_after=2024-04-14 00:00:00+00:00
[2024-04-14T13:03:07.422+0000] {processor.py:183} INFO - Processing /home/airflow/.local/lib/python3.12/site-packages/airflow/example_dags/example_task_group_decorator.py took 0.076 seconds
[2024-04-14T13:03:37.535+0000] {processor.py:161} INFO - Started process (PID=470) to work on /home/airflow/.local/lib/python3.12/site-packages/airflow/example_dags/example_task_group_decorator.py
[2024-04-14T13:03:37.536+0000] {processor.py:830} INFO - Processing file /home/airflow/.local/lib/python3.12/site-packages/airflow/example_dags/example_task_group_decorator.py for tasks to queue
[2024-04-14T13:03:37.538+0000] {logging_mixin.py:188} INFO - [2024-04-14T13:03:37.537+0000] {dagbag.py:540} INFO - Filling up the DagBag from /home/airflow/.local/lib/python3.12/site-packages/airflow/example_dags/example_task_group_decorator.py
[2024-04-14T13:03:37.549+0000] {processor.py:840} INFO - DAG(s) 'example_task_group_decorator' retrieved from /home/airflow/.local/lib/python3.12/site-packages/airflow/example_dags/example_task_group_decorator.py
[2024-04-14T13:03:37.573+0000] {logging_mixin.py:188} INFO - [2024-04-14T13:03:37.573+0000] {dag.py:3096} INFO - Sync 1 DAGs
[2024-04-14T13:03:37.592+0000] {logging_mixin.py:188} INFO - [2024-04-14T13:03:37.592+0000] {dag.py:3954} INFO - Setting next_dagrun for example_task_group_decorator to 2024-04-13 00:00:00+00:00, run_after=2024-04-14 00:00:00+00:00
[2024-04-14T13:03:37.611+0000] {processor.py:183} INFO - Processing /home/airflow/.local/lib/python3.12/site-packages/airflow/example_dags/example_task_group_decorator.py took 0.080 seconds
[2024-04-14T13:04:08.307+0000] {processor.py:161} INFO - Started process (PID=529) to work on /home/airflow/.local/lib/python3.12/site-packages/airflow/example_dags/example_task_group_decorator.py
[2024-04-14T13:04:08.307+0000] {processor.py:830} INFO - Processing file /home/airflow/.local/lib/python3.12/site-packages/airflow/example_dags/example_task_group_decorator.py for tasks to queue
[2024-04-14T13:04:08.309+0000] {logging_mixin.py:188} INFO - [2024-04-14T13:04:08.308+0000] {dagbag.py:540} INFO - Filling up the DagBag from /home/airflow/.local/lib/python3.12/site-packages/airflow/example_dags/example_task_group_decorator.py
[2024-04-14T13:04:08.320+0000] {processor.py:840} INFO - DAG(s) 'example_task_group_decorator' retrieved from /home/airflow/.local/lib/python3.12/site-packages/airflow/example_dags/example_task_group_decorator.py
[2024-04-14T13:04:08.341+0000] {logging_mixin.py:188} INFO - [2024-04-14T13:04:08.341+0000] {dag.py:3096} INFO - Sync 1 DAGs
[2024-04-14T13:04:08.361+0000] {logging_mixin.py:188} INFO - [2024-04-14T13:04:08.361+0000] {dag.py:3954} INFO - Setting next_dagrun for example_task_group_decorator to 2024-04-13 00:00:00+00:00, run_after=2024-04-14 00:00:00+00:00
[2024-04-14T13:04:08.379+0000] {processor.py:183} INFO - Processing /home/airflow/.local/lib/python3.12/site-packages/airflow/example_dags/example_task_group_decorator.py took 0.076 seconds
[2024-04-14T13:04:39.362+0000] {processor.py:161} INFO - Started process (PID=587) to work on /home/airflow/.local/lib/python3.12/site-packages/airflow/example_dags/example_task_group_decorator.py
[2024-04-14T13:04:39.363+0000] {processor.py:830} INFO - Processing file /home/airflow/.local/lib/python3.12/site-packages/airflow/example_dags/example_task_group_decorator.py for tasks to queue
[2024-04-14T13:04:39.364+0000] {logging_mixin.py:188} INFO - [2024-04-14T13:04:39.364+0000] {dagbag.py:540} INFO - Filling up the DagBag from /home/airflow/.local/lib/python3.12/site-packages/airflow/example_dags/example_task_group_decorator.py
[2024-04-14T13:04:39.376+0000] {processor.py:840} INFO - DAG(s) 'example_task_group_decorator' retrieved from /home/airflow/.local/lib/python3.12/site-packages/airflow/example_dags/example_task_group_decorator.py
[2024-04-14T13:04:39.397+0000] {logging_mixin.py:188} INFO - [2024-04-14T13:04:39.397+0000] {dag.py:3096} INFO - Sync 1 DAGs
[2024-04-14T13:04:39.416+0000] {logging_mixin.py:188} INFO - [2024-04-14T13:04:39.416+0000] {dag.py:3954} INFO - Setting next_dagrun for example_task_group_decorator to 2024-04-13 00:00:00+00:00, run_after=2024-04-14 00:00:00+00:00
[2024-04-14T13:04:39.435+0000] {processor.py:183} INFO - Processing /home/airflow/.local/lib/python3.12/site-packages/airflow/example_dags/example_task_group_decorator.py took 0.077 seconds
[2024-04-14T13:05:10.382+0000] {processor.py:161} INFO - Started process (PID=645) to work on /home/airflow/.local/lib/python3.12/site-packages/airflow/example_dags/example_task_group_decorator.py
[2024-04-14T13:05:10.382+0000] {processor.py:830} INFO - Processing file /home/airflow/.local/lib/python3.12/site-packages/airflow/example_dags/example_task_group_decorator.py for tasks to queue
[2024-04-14T13:05:10.384+0000] {logging_mixin.py:188} INFO - [2024-04-14T13:05:10.384+0000] {dagbag.py:540} INFO - Filling up the DagBag from /home/airflow/.local/lib/python3.12/site-packages/airflow/example_dags/example_task_group_decorator.py
[2024-04-14T13:05:10.396+0000] {processor.py:840} INFO - DAG(s) 'example_task_group_decorator' retrieved from /home/airflow/.local/lib/python3.12/site-packages/airflow/example_dags/example_task_group_decorator.py
[2024-04-14T13:05:10.420+0000] {logging_mixin.py:188} INFO - [2024-04-14T13:05:10.419+0000] {dag.py:3096} INFO - Sync 1 DAGs
[2024-04-14T13:05:10.440+0000] {logging_mixin.py:188} INFO - [2024-04-14T13:05:10.440+0000] {dag.py:3954} INFO - Setting next_dagrun for example_task_group_decorator to 2024-04-13 00:00:00+00:00, run_after=2024-04-14 00:00:00+00:00
[2024-04-14T13:05:10.457+0000] {processor.py:183} INFO - Processing /home/airflow/.local/lib/python3.12/site-packages/airflow/example_dags/example_task_group_decorator.py took 0.080 seconds
[2024-04-14T13:05:40.844+0000] {processor.py:161} INFO - Started process (PID=704) to work on /home/airflow/.local/lib/python3.12/site-packages/airflow/example_dags/example_task_group_decorator.py
[2024-04-14T13:05:40.845+0000] {processor.py:830} INFO - Processing file /home/airflow/.local/lib/python3.12/site-packages/airflow/example_dags/example_task_group_decorator.py for tasks to queue
[2024-04-14T13:05:40.847+0000] {logging_mixin.py:188} INFO - [2024-04-14T13:05:40.846+0000] {dagbag.py:540} INFO - Filling up the DagBag from /home/airflow/.local/lib/python3.12/site-packages/airflow/example_dags/example_task_group_decorator.py
[2024-04-14T13:05:40.859+0000] {processor.py:840} INFO - DAG(s) 'example_task_group_decorator' retrieved from /home/airflow/.local/lib/python3.12/site-packages/airflow/example_dags/example_task_group_decorator.py
[2024-04-14T13:05:40.880+0000] {logging_mixin.py:188} INFO - [2024-04-14T13:05:40.880+0000] {dag.py:3096} INFO - Sync 1 DAGs
[2024-04-14T13:05:40.900+0000] {logging_mixin.py:188} INFO - [2024-04-14T13:05:40.900+0000] {dag.py:3954} INFO - Setting next_dagrun for example_task_group_decorator to 2024-04-13 00:00:00+00:00, run_after=2024-04-14 00:00:00+00:00
[2024-04-14T13:05:40.919+0000] {processor.py:183} INFO - Processing /home/airflow/.local/lib/python3.12/site-packages/airflow/example_dags/example_task_group_decorator.py took 0.078 seconds
[2024-04-14T13:06:11.347+0000] {processor.py:161} INFO - Started process (PID=762) to work on /home/airflow/.local/lib/python3.12/site-packages/airflow/example_dags/example_task_group_decorator.py
[2024-04-14T13:06:11.348+0000] {processor.py:830} INFO - Processing file /home/airflow/.local/lib/python3.12/site-packages/airflow/example_dags/example_task_group_decorator.py for tasks to queue
[2024-04-14T13:06:11.349+0000] {logging_mixin.py:188} INFO - [2024-04-14T13:06:11.349+0000] {dagbag.py:540} INFO - Filling up the DagBag from /home/airflow/.local/lib/python3.12/site-packages/airflow/example_dags/example_task_group_decorator.py
[2024-04-14T13:06:11.360+0000] {processor.py:840} INFO - DAG(s) 'example_task_group_decorator' retrieved from /home/airflow/.local/lib/python3.12/site-packages/airflow/example_dags/example_task_group_decorator.py
[2024-04-14T13:06:11.380+0000] {logging_mixin.py:188} INFO - [2024-04-14T13:06:11.380+0000] {dag.py:3096} INFO - Sync 1 DAGs
[2024-04-14T13:06:11.397+0000] {logging_mixin.py:188} INFO - [2024-04-14T13:06:11.397+0000] {dag.py:3954} INFO - Setting next_dagrun for example_task_group_decorator to 2024-04-13 00:00:00+00:00, run_after=2024-04-14 00:00:00+00:00
[2024-04-14T13:06:11.414+0000] {processor.py:183} INFO - Processing /home/airflow/.local/lib/python3.12/site-packages/airflow/example_dags/example_task_group_decorator.py took 0.072 seconds
[2024-04-14T13:06:42.144+0000] {processor.py:161} INFO - Started process (PID=820) to work on /home/airflow/.local/lib/python3.12/site-packages/airflow/example_dags/example_task_group_decorator.py
[2024-04-14T13:06:42.145+0000] {processor.py:830} INFO - Processing file /home/airflow/.local/lib/python3.12/site-packages/airflow/example_dags/example_task_group_decorator.py for tasks to queue
[2024-04-14T13:06:42.146+0000] {logging_mixin.py:188} INFO - [2024-04-14T13:06:42.146+0000] {dagbag.py:540} INFO - Filling up the DagBag from /home/airflow/.local/lib/python3.12/site-packages/airflow/example_dags/example_task_group_decorator.py
[2024-04-14T13:06:42.158+0000] {processor.py:840} INFO - DAG(s) 'example_task_group_decorator' retrieved from /home/airflow/.local/lib/python3.12/site-packages/airflow/example_dags/example_task_group_decorator.py
[2024-04-14T13:06:42.179+0000] {logging_mixin.py:188} INFO - [2024-04-14T13:06:42.179+0000] {dag.py:3096} INFO - Sync 1 DAGs
[2024-04-14T13:06:42.198+0000] {logging_mixin.py:188} INFO - [2024-04-14T13:06:42.198+0000] {dag.py:3954} INFO - Setting next_dagrun for example_task_group_decorator to 2024-04-13 00:00:00+00:00, run_after=2024-04-14 00:00:00+00:00
[2024-04-14T13:06:42.218+0000] {processor.py:183} INFO - Processing /home/airflow/.local/lib/python3.12/site-packages/airflow/example_dags/example_task_group_decorator.py took 0.078 seconds
[2024-04-14T13:07:12.708+0000] {processor.py:161} INFO - Started process (PID=878) to work on /home/airflow/.local/lib/python3.12/site-packages/airflow/example_dags/example_task_group_decorator.py
[2024-04-14T13:07:12.709+0000] {processor.py:830} INFO - Processing file /home/airflow/.local/lib/python3.12/site-packages/airflow/example_dags/example_task_group_decorator.py for tasks to queue
[2024-04-14T13:07:12.711+0000] {logging_mixin.py:188} INFO - [2024-04-14T13:07:12.711+0000] {dagbag.py:540} INFO - Filling up the DagBag from /home/airflow/.local/lib/python3.12/site-packages/airflow/example_dags/example_task_group_decorator.py
[2024-04-14T13:07:12.725+0000] {processor.py:840} INFO - DAG(s) 'example_task_group_decorator' retrieved from /home/airflow/.local/lib/python3.12/site-packages/airflow/example_dags/example_task_group_decorator.py
[2024-04-14T13:07:12.748+0000] {logging_mixin.py:188} INFO - [2024-04-14T13:07:12.748+0000] {dag.py:3096} INFO - Sync 1 DAGs
[2024-04-14T13:07:12.767+0000] {logging_mixin.py:188} INFO - [2024-04-14T13:07:12.767+0000] {dag.py:3954} INFO - Setting next_dagrun for example_task_group_decorator to 2024-04-13 00:00:00+00:00, run_after=2024-04-14 00:00:00+00:00
[2024-04-14T13:07:12.786+0000] {processor.py:183} INFO - Processing /home/airflow/.local/lib/python3.12/site-packages/airflow/example_dags/example_task_group_decorator.py took 0.082 seconds
[2024-04-14T13:07:43.613+0000] {processor.py:161} INFO - Started process (PID=936) to work on /home/airflow/.local/lib/python3.12/site-packages/airflow/example_dags/example_task_group_decorator.py
[2024-04-14T13:07:43.614+0000] {processor.py:830} INFO - Processing file /home/airflow/.local/lib/python3.12/site-packages/airflow/example_dags/example_task_group_decorator.py for tasks to queue
[2024-04-14T13:07:43.615+0000] {logging_mixin.py:188} INFO - [2024-04-14T13:07:43.615+0000] {dagbag.py:540} INFO - Filling up the DagBag from /home/airflow/.local/lib/python3.12/site-packages/airflow/example_dags/example_task_group_decorator.py
[2024-04-14T13:07:43.628+0000] {processor.py:840} INFO - DAG(s) 'example_task_group_decorator' retrieved from /home/airflow/.local/lib/python3.12/site-packages/airflow/example_dags/example_task_group_decorator.py
[2024-04-14T13:07:43.650+0000] {logging_mixin.py:188} INFO - [2024-04-14T13:07:43.650+0000] {dag.py:3096} INFO - Sync 1 DAGs
[2024-04-14T13:07:43.668+0000] {logging_mixin.py:188} INFO - [2024-04-14T13:07:43.668+0000] {dag.py:3954} INFO - Setting next_dagrun for example_task_group_decorator to 2024-04-13 00:00:00+00:00, run_after=2024-04-14 00:00:00+00:00
[2024-04-14T13:07:43.686+0000] {processor.py:183} INFO - Processing /home/airflow/.local/lib/python3.12/site-packages/airflow/example_dags/example_task_group_decorator.py took 0.078 seconds
[2024-04-14T13:08:14.778+0000] {processor.py:161} INFO - Started process (PID=994) to work on /home/airflow/.local/lib/python3.12/site-packages/airflow/example_dags/example_task_group_decorator.py
[2024-04-14T13:08:14.779+0000] {processor.py:830} INFO - Processing file /home/airflow/.local/lib/python3.12/site-packages/airflow/example_dags/example_task_group_decorator.py for tasks to queue
[2024-04-14T13:08:14.780+0000] {logging_mixin.py:188} INFO - [2024-04-14T13:08:14.780+0000] {dagbag.py:540} INFO - Filling up the DagBag from /home/airflow/.local/lib/python3.12/site-packages/airflow/example_dags/example_task_group_decorator.py
[2024-04-14T13:08:14.795+0000] {processor.py:840} INFO - DAG(s) 'example_task_group_decorator' retrieved from /home/airflow/.local/lib/python3.12/site-packages/airflow/example_dags/example_task_group_decorator.py
[2024-04-14T13:08:14.817+0000] {logging_mixin.py:188} INFO - [2024-04-14T13:08:14.817+0000] {dag.py:3096} INFO - Sync 1 DAGs
[2024-04-14T13:08:14.838+0000] {logging_mixin.py:188} INFO - [2024-04-14T13:08:14.838+0000] {dag.py:3954} INFO - Setting next_dagrun for example_task_group_decorator to 2024-04-13 00:00:00+00:00, run_after=2024-04-14 00:00:00+00:00
[2024-04-14T13:08:14.858+0000] {processor.py:183} INFO - Processing /home/airflow/.local/lib/python3.12/site-packages/airflow/example_dags/example_task_group_decorator.py took 0.085 seconds
[2024-04-14T13:08:46.186+0000] {processor.py:161} INFO - Started process (PID=1058) to work on /home/airflow/.local/lib/python3.12/site-packages/airflow/example_dags/example_task_group_decorator.py
[2024-04-14T13:08:46.188+0000] {processor.py:830} INFO - Processing file /home/airflow/.local/lib/python3.12/site-packages/airflow/example_dags/example_task_group_decorator.py for tasks to queue
[2024-04-14T13:08:46.190+0000] {logging_mixin.py:188} INFO - [2024-04-14T13:08:46.190+0000] {dagbag.py:540} INFO - Filling up the DagBag from /home/airflow/.local/lib/python3.12/site-packages/airflow/example_dags/example_task_group_decorator.py
[2024-04-14T13:08:46.209+0000] {processor.py:840} INFO - DAG(s) 'example_task_group_decorator' retrieved from /home/airflow/.local/lib/python3.12/site-packages/airflow/example_dags/example_task_group_decorator.py
[2024-04-14T13:08:46.235+0000] {logging_mixin.py:188} INFO - [2024-04-14T13:08:46.234+0000] {dag.py:3096} INFO - Sync 1 DAGs
[2024-04-14T13:08:46.368+0000] {logging_mixin.py:188} INFO - [2024-04-14T13:08:46.368+0000] {dag.py:3954} INFO - Setting next_dagrun for example_task_group_decorator to 2024-04-13 00:00:00+00:00, run_after=2024-04-14 00:00:00+00:00
[2024-04-14T13:08:46.385+0000] {processor.py:183} INFO - Processing /home/airflow/.local/lib/python3.12/site-packages/airflow/example_dags/example_task_group_decorator.py took 0.211 seconds
[2024-04-14T13:09:16.995+0000] {processor.py:161} INFO - Started process (PID=1116) to work on /home/airflow/.local/lib/python3.12/site-packages/airflow/example_dags/example_task_group_decorator.py
[2024-04-14T13:09:16.997+0000] {processor.py:830} INFO - Processing file /home/airflow/.local/lib/python3.12/site-packages/airflow/example_dags/example_task_group_decorator.py for tasks to queue
[2024-04-14T13:09:17.000+0000] {logging_mixin.py:188} INFO - [2024-04-14T13:09:17.000+0000] {dagbag.py:540} INFO - Filling up the DagBag from /home/airflow/.local/lib/python3.12/site-packages/airflow/example_dags/example_task_group_decorator.py
[2024-04-14T13:09:17.021+0000] {processor.py:840} INFO - DAG(s) 'example_task_group_decorator' retrieved from /home/airflow/.local/lib/python3.12/site-packages/airflow/example_dags/example_task_group_decorator.py
[2024-04-14T13:09:17.047+0000] {logging_mixin.py:188} INFO - [2024-04-14T13:09:17.046+0000] {dag.py:3096} INFO - Sync 1 DAGs
[2024-04-14T13:09:17.213+0000] {logging_mixin.py:188} INFO - [2024-04-14T13:09:17.212+0000] {dag.py:3954} INFO - Setting next_dagrun for example_task_group_decorator to 2024-04-13 00:00:00+00:00, run_after=2024-04-14 00:00:00+00:00
[2024-04-14T13:09:17.233+0000] {processor.py:183} INFO - Processing /home/airflow/.local/lib/python3.12/site-packages/airflow/example_dags/example_task_group_decorator.py took 0.248 seconds
[2024-04-14T13:09:47.476+0000] {processor.py:161} INFO - Started process (PID=1174) to work on /home/airflow/.local/lib/python3.12/site-packages/airflow/example_dags/example_task_group_decorator.py
[2024-04-14T13:09:47.476+0000] {processor.py:830} INFO - Processing file /home/airflow/.local/lib/python3.12/site-packages/airflow/example_dags/example_task_group_decorator.py for tasks to queue
[2024-04-14T13:09:47.477+0000] {logging_mixin.py:188} INFO - [2024-04-14T13:09:47.477+0000] {dagbag.py:540} INFO - Filling up the DagBag from /home/airflow/.local/lib/python3.12/site-packages/airflow/example_dags/example_task_group_decorator.py
[2024-04-14T13:09:47.489+0000] {processor.py:840} INFO - DAG(s) 'example_task_group_decorator' retrieved from /home/airflow/.local/lib/python3.12/site-packages/airflow/example_dags/example_task_group_decorator.py
[2024-04-14T13:09:47.510+0000] {logging_mixin.py:188} INFO - [2024-04-14T13:09:47.510+0000] {dag.py:3096} INFO - Sync 1 DAGs
[2024-04-14T13:09:47.530+0000] {logging_mixin.py:188} INFO - [2024-04-14T13:09:47.530+0000] {dag.py:3954} INFO - Setting next_dagrun for example_task_group_decorator to 2024-04-13 00:00:00+00:00, run_after=2024-04-14 00:00:00+00:00
[2024-04-14T13:09:47.548+0000] {processor.py:183} INFO - Processing /home/airflow/.local/lib/python3.12/site-packages/airflow/example_dags/example_task_group_decorator.py took 0.077 seconds
[2024-04-14T13:10:17.862+0000] {processor.py:161} INFO - Started process (PID=1232) to work on /home/airflow/.local/lib/python3.12/site-packages/airflow/example_dags/example_task_group_decorator.py
[2024-04-14T13:10:17.863+0000] {processor.py:830} INFO - Processing file /home/airflow/.local/lib/python3.12/site-packages/airflow/example_dags/example_task_group_decorator.py for tasks to queue
[2024-04-14T13:10:17.864+0000] {logging_mixin.py:188} INFO - [2024-04-14T13:10:17.864+0000] {dagbag.py:540} INFO - Filling up the DagBag from /home/airflow/.local/lib/python3.12/site-packages/airflow/example_dags/example_task_group_decorator.py
[2024-04-14T13:10:17.875+0000] {processor.py:840} INFO - DAG(s) 'example_task_group_decorator' retrieved from /home/airflow/.local/lib/python3.12/site-packages/airflow/example_dags/example_task_group_decorator.py
[2024-04-14T13:10:17.897+0000] {logging_mixin.py:188} INFO - [2024-04-14T13:10:17.897+0000] {dag.py:3096} INFO - Sync 1 DAGs
[2024-04-14T13:10:17.918+0000] {logging_mixin.py:188} INFO - [2024-04-14T13:10:17.917+0000] {dag.py:3954} INFO - Setting next_dagrun for example_task_group_decorator to 2024-04-13 00:00:00+00:00, run_after=2024-04-14 00:00:00+00:00
[2024-04-14T13:10:17.937+0000] {processor.py:183} INFO - Processing /home/airflow/.local/lib/python3.12/site-packages/airflow/example_dags/example_task_group_decorator.py took 0.079 seconds
[2024-04-14T13:10:48.294+0000] {processor.py:161} INFO - Started process (PID=1290) to work on /home/airflow/.local/lib/python3.12/site-packages/airflow/example_dags/example_task_group_decorator.py
[2024-04-14T13:10:48.295+0000] {processor.py:830} INFO - Processing file /home/airflow/.local/lib/python3.12/site-packages/airflow/example_dags/example_task_group_decorator.py for tasks to queue
[2024-04-14T13:10:48.297+0000] {logging_mixin.py:188} INFO - [2024-04-14T13:10:48.296+0000] {dagbag.py:540} INFO - Filling up the DagBag from /home/airflow/.local/lib/python3.12/site-packages/airflow/example_dags/example_task_group_decorator.py
[2024-04-14T13:10:48.309+0000] {processor.py:840} INFO - DAG(s) 'example_task_group_decorator' retrieved from /home/airflow/.local/lib/python3.12/site-packages/airflow/example_dags/example_task_group_decorator.py
[2024-04-14T13:10:48.331+0000] {logging_mixin.py:188} INFO - [2024-04-14T13:10:48.331+0000] {dag.py:3096} INFO - Sync 1 DAGs
[2024-04-14T13:10:48.350+0000] {logging_mixin.py:188} INFO - [2024-04-14T13:10:48.350+0000] {dag.py:3954} INFO - Setting next_dagrun for example_task_group_decorator to 2024-04-13 00:00:00+00:00, run_after=2024-04-14 00:00:00+00:00
[2024-04-14T13:10:48.368+0000] {processor.py:183} INFO - Processing /home/airflow/.local/lib/python3.12/site-packages/airflow/example_dags/example_task_group_decorator.py took 0.078 seconds
[2024-04-14T13:11:18.642+0000] {processor.py:161} INFO - Started process (PID=1348) to work on /home/airflow/.local/lib/python3.12/site-packages/airflow/example_dags/example_task_group_decorator.py
[2024-04-14T13:11:18.643+0000] {processor.py:830} INFO - Processing file /home/airflow/.local/lib/python3.12/site-packages/airflow/example_dags/example_task_group_decorator.py for tasks to queue
[2024-04-14T13:11:18.644+0000] {logging_mixin.py:188} INFO - [2024-04-14T13:11:18.644+0000] {dagbag.py:540} INFO - Filling up the DagBag from /home/airflow/.local/lib/python3.12/site-packages/airflow/example_dags/example_task_group_decorator.py
[2024-04-14T13:11:18.655+0000] {processor.py:840} INFO - DAG(s) 'example_task_group_decorator' retrieved from /home/airflow/.local/lib/python3.12/site-packages/airflow/example_dags/example_task_group_decorator.py
[2024-04-14T13:11:18.677+0000] {logging_mixin.py:188} INFO - [2024-04-14T13:11:18.676+0000] {dag.py:3096} INFO - Sync 1 DAGs
[2024-04-14T13:11:18.696+0000] {logging_mixin.py:188} INFO - [2024-04-14T13:11:18.696+0000] {dag.py:3954} INFO - Setting next_dagrun for example_task_group_decorator to 2024-04-13 00:00:00+00:00, run_after=2024-04-14 00:00:00+00:00
[2024-04-14T13:11:18.714+0000] {processor.py:183} INFO - Processing /home/airflow/.local/lib/python3.12/site-packages/airflow/example_dags/example_task_group_decorator.py took 0.077 seconds
[2024-04-14T13:11:48.975+0000] {processor.py:161} INFO - Started process (PID=1406) to work on /home/airflow/.local/lib/python3.12/site-packages/airflow/example_dags/example_task_group_decorator.py
[2024-04-14T13:11:48.976+0000] {processor.py:830} INFO - Processing file /home/airflow/.local/lib/python3.12/site-packages/airflow/example_dags/example_task_group_decorator.py for tasks to queue
[2024-04-14T13:11:48.977+0000] {logging_mixin.py:188} INFO - [2024-04-14T13:11:48.977+0000] {dagbag.py:540} INFO - Filling up the DagBag from /home/airflow/.local/lib/python3.12/site-packages/airflow/example_dags/example_task_group_decorator.py
[2024-04-14T13:11:48.989+0000] {processor.py:840} INFO - DAG(s) 'example_task_group_decorator' retrieved from /home/airflow/.local/lib/python3.12/site-packages/airflow/example_dags/example_task_group_decorator.py
[2024-04-14T13:11:49.010+0000] {logging_mixin.py:188} INFO - [2024-04-14T13:11:49.010+0000] {dag.py:3096} INFO - Sync 1 DAGs
[2024-04-14T13:11:49.028+0000] {logging_mixin.py:188} INFO - [2024-04-14T13:11:49.028+0000] {dag.py:3954} INFO - Setting next_dagrun for example_task_group_decorator to 2024-04-13 00:00:00+00:00, run_after=2024-04-14 00:00:00+00:00
[2024-04-14T13:11:49.047+0000] {processor.py:183} INFO - Processing /home/airflow/.local/lib/python3.12/site-packages/airflow/example_dags/example_task_group_decorator.py took 0.076 seconds
[2024-04-14T13:12:19.318+0000] {processor.py:161} INFO - Started process (PID=1464) to work on /home/airflow/.local/lib/python3.12/site-packages/airflow/example_dags/example_task_group_decorator.py
[2024-04-14T13:12:19.318+0000] {processor.py:830} INFO - Processing file /home/airflow/.local/lib/python3.12/site-packages/airflow/example_dags/example_task_group_decorator.py for tasks to queue
[2024-04-14T13:12:19.320+0000] {logging_mixin.py:188} INFO - [2024-04-14T13:12:19.319+0000] {dagbag.py:540} INFO - Filling up the DagBag from /home/airflow/.local/lib/python3.12/site-packages/airflow/example_dags/example_task_group_decorator.py
[2024-04-14T13:12:19.331+0000] {processor.py:840} INFO - DAG(s) 'example_task_group_decorator' retrieved from /home/airflow/.local/lib/python3.12/site-packages/airflow/example_dags/example_task_group_decorator.py
[2024-04-14T13:12:19.351+0000] {logging_mixin.py:188} INFO - [2024-04-14T13:12:19.351+0000] {dag.py:3096} INFO - Sync 1 DAGs
[2024-04-14T13:12:19.369+0000] {logging_mixin.py:188} INFO - [2024-04-14T13:12:19.369+0000] {dag.py:3954} INFO - Setting next_dagrun for example_task_group_decorator to 2024-04-13 00:00:00+00:00, run_after=2024-04-14 00:00:00+00:00
[2024-04-14T13:12:19.387+0000] {processor.py:183} INFO - Processing /home/airflow/.local/lib/python3.12/site-packages/airflow/example_dags/example_task_group_decorator.py took 0.074 seconds
[2024-04-14T13:12:49.664+0000] {processor.py:161} INFO - Started process (PID=1522) to work on /home/airflow/.local/lib/python3.12/site-packages/airflow/example_dags/example_task_group_decorator.py
[2024-04-14T13:12:49.665+0000] {processor.py:830} INFO - Processing file /home/airflow/.local/lib/python3.12/site-packages/airflow/example_dags/example_task_group_decorator.py for tasks to queue
[2024-04-14T13:12:49.666+0000] {logging_mixin.py:188} INFO - [2024-04-14T13:12:49.666+0000] {dagbag.py:540} INFO - Filling up the DagBag from /home/airflow/.local/lib/python3.12/site-packages/airflow/example_dags/example_task_group_decorator.py
[2024-04-14T13:12:49.678+0000] {processor.py:840} INFO - DAG(s) 'example_task_group_decorator' retrieved from /home/airflow/.local/lib/python3.12/site-packages/airflow/example_dags/example_task_group_decorator.py
[2024-04-14T13:12:49.700+0000] {logging_mixin.py:188} INFO - [2024-04-14T13:12:49.699+0000] {dag.py:3096} INFO - Sync 1 DAGs
[2024-04-14T13:12:49.719+0000] {logging_mixin.py:188} INFO - [2024-04-14T13:12:49.719+0000] {dag.py:3954} INFO - Setting next_dagrun for example_task_group_decorator to 2024-04-13 00:00:00+00:00, run_after=2024-04-14 00:00:00+00:00
[2024-04-14T13:12:49.737+0000] {processor.py:183} INFO - Processing /home/airflow/.local/lib/python3.12/site-packages/airflow/example_dags/example_task_group_decorator.py took 0.077 seconds
[2024-04-14T13:13:20.082+0000] {processor.py:161} INFO - Started process (PID=1580) to work on /home/airflow/.local/lib/python3.12/site-packages/airflow/example_dags/example_task_group_decorator.py
[2024-04-14T13:13:20.083+0000] {processor.py:830} INFO - Processing file /home/airflow/.local/lib/python3.12/site-packages/airflow/example_dags/example_task_group_decorator.py for tasks to queue
[2024-04-14T13:13:20.084+0000] {logging_mixin.py:188} INFO - [2024-04-14T13:13:20.084+0000] {dagbag.py:540} INFO - Filling up the DagBag from /home/airflow/.local/lib/python3.12/site-packages/airflow/example_dags/example_task_group_decorator.py
[2024-04-14T13:13:20.097+0000] {processor.py:840} INFO - DAG(s) 'example_task_group_decorator' retrieved from /home/airflow/.local/lib/python3.12/site-packages/airflow/example_dags/example_task_group_decorator.py
[2024-04-14T13:13:20.120+0000] {logging_mixin.py:188} INFO - [2024-04-14T13:13:20.120+0000] {dag.py:3096} INFO - Sync 1 DAGs
[2024-04-14T13:13:20.139+0000] {logging_mixin.py:188} INFO - [2024-04-14T13:13:20.139+0000] {dag.py:3954} INFO - Setting next_dagrun for example_task_group_decorator to 2024-04-13 00:00:00+00:00, run_after=2024-04-14 00:00:00+00:00
[2024-04-14T13:13:20.157+0000] {processor.py:183} INFO - Processing /home/airflow/.local/lib/python3.12/site-packages/airflow/example_dags/example_task_group_decorator.py took 0.080 seconds
[2024-04-14T13:13:50.928+0000] {processor.py:161} INFO - Started process (PID=1638) to work on /home/airflow/.local/lib/python3.12/site-packages/airflow/example_dags/example_task_group_decorator.py
[2024-04-14T13:13:50.929+0000] {processor.py:830} INFO - Processing file /home/airflow/.local/lib/python3.12/site-packages/airflow/example_dags/example_task_group_decorator.py for tasks to queue
[2024-04-14T13:13:50.930+0000] {logging_mixin.py:188} INFO - [2024-04-14T13:13:50.930+0000] {dagbag.py:540} INFO - Filling up the DagBag from /home/airflow/.local/lib/python3.12/site-packages/airflow/example_dags/example_task_group_decorator.py
[2024-04-14T13:13:50.942+0000] {processor.py:840} INFO - DAG(s) 'example_task_group_decorator' retrieved from /home/airflow/.local/lib/python3.12/site-packages/airflow/example_dags/example_task_group_decorator.py
[2024-04-14T13:13:50.976+0000] {logging_mixin.py:188} INFO - [2024-04-14T13:13:50.975+0000] {dag.py:3096} INFO - Sync 1 DAGs
[2024-04-14T13:13:51.005+0000] {logging_mixin.py:188} INFO - [2024-04-14T13:13:51.005+0000] {dag.py:3954} INFO - Setting next_dagrun for example_task_group_decorator to 2024-04-13 00:00:00+00:00, run_after=2024-04-14 00:00:00+00:00
[2024-04-14T13:13:51.040+0000] {processor.py:183} INFO - Processing /home/airflow/.local/lib/python3.12/site-packages/airflow/example_dags/example_task_group_decorator.py took 0.115 seconds
[2024-04-14T13:14:21.669+0000] {processor.py:161} INFO - Started process (PID=1696) to work on /home/airflow/.local/lib/python3.12/site-packages/airflow/example_dags/example_task_group_decorator.py
[2024-04-14T13:14:21.670+0000] {processor.py:830} INFO - Processing file /home/airflow/.local/lib/python3.12/site-packages/airflow/example_dags/example_task_group_decorator.py for tasks to queue
[2024-04-14T13:14:21.672+0000] {logging_mixin.py:188} INFO - [2024-04-14T13:14:21.672+0000] {dagbag.py:540} INFO - Filling up the DagBag from /home/airflow/.local/lib/python3.12/site-packages/airflow/example_dags/example_task_group_decorator.py
[2024-04-14T13:14:21.686+0000] {processor.py:840} INFO - DAG(s) 'example_task_group_decorator' retrieved from /home/airflow/.local/lib/python3.12/site-packages/airflow/example_dags/example_task_group_decorator.py
[2024-04-14T13:14:21.712+0000] {logging_mixin.py:188} INFO - [2024-04-14T13:14:21.711+0000] {dag.py:3096} INFO - Sync 1 DAGs
[2024-04-14T13:14:21.732+0000] {logging_mixin.py:188} INFO - [2024-04-14T13:14:21.732+0000] {dag.py:3954} INFO - Setting next_dagrun for example_task_group_decorator to 2024-04-13 00:00:00+00:00, run_after=2024-04-14 00:00:00+00:00
[2024-04-14T13:14:21.751+0000] {processor.py:183} INFO - Processing /home/airflow/.local/lib/python3.12/site-packages/airflow/example_dags/example_task_group_decorator.py took 0.087 seconds
[2024-04-14T13:14:52.075+0000] {processor.py:161} INFO - Started process (PID=1755) to work on /home/airflow/.local/lib/python3.12/site-packages/airflow/example_dags/example_task_group_decorator.py
[2024-04-14T13:14:52.076+0000] {processor.py:830} INFO - Processing file /home/airflow/.local/lib/python3.12/site-packages/airflow/example_dags/example_task_group_decorator.py for tasks to queue
[2024-04-14T13:14:52.078+0000] {logging_mixin.py:188} INFO - [2024-04-14T13:14:52.077+0000] {dagbag.py:540} INFO - Filling up the DagBag from /home/airflow/.local/lib/python3.12/site-packages/airflow/example_dags/example_task_group_decorator.py
[2024-04-14T13:14:52.095+0000] {processor.py:840} INFO - DAG(s) 'example_task_group_decorator' retrieved from /home/airflow/.local/lib/python3.12/site-packages/airflow/example_dags/example_task_group_decorator.py
[2024-04-14T13:14:52.119+0000] {logging_mixin.py:188} INFO - [2024-04-14T13:14:52.119+0000] {dag.py:3096} INFO - Sync 1 DAGs
[2024-04-14T13:14:52.142+0000] {logging_mixin.py:188} INFO - [2024-04-14T13:14:52.141+0000] {dag.py:3954} INFO - Setting next_dagrun for example_task_group_decorator to 2024-04-13 00:00:00+00:00, run_after=2024-04-14 00:00:00+00:00
[2024-04-14T13:14:52.160+0000] {processor.py:183} INFO - Processing /home/airflow/.local/lib/python3.12/site-packages/airflow/example_dags/example_task_group_decorator.py took 0.090 seconds
[2024-04-14T13:15:22.625+0000] {processor.py:161} INFO - Started process (PID=1813) to work on /home/airflow/.local/lib/python3.12/site-packages/airflow/example_dags/example_task_group_decorator.py
[2024-04-14T13:15:22.626+0000] {processor.py:830} INFO - Processing file /home/airflow/.local/lib/python3.12/site-packages/airflow/example_dags/example_task_group_decorator.py for tasks to queue
[2024-04-14T13:15:22.627+0000] {logging_mixin.py:188} INFO - [2024-04-14T13:15:22.627+0000] {dagbag.py:540} INFO - Filling up the DagBag from /home/airflow/.local/lib/python3.12/site-packages/airflow/example_dags/example_task_group_decorator.py
[2024-04-14T13:15:22.639+0000] {processor.py:840} INFO - DAG(s) 'example_task_group_decorator' retrieved from /home/airflow/.local/lib/python3.12/site-packages/airflow/example_dags/example_task_group_decorator.py
[2024-04-14T13:15:22.660+0000] {logging_mixin.py:188} INFO - [2024-04-14T13:15:22.659+0000] {dag.py:3096} INFO - Sync 1 DAGs
[2024-04-14T13:15:22.679+0000] {logging_mixin.py:188} INFO - [2024-04-14T13:15:22.679+0000] {dag.py:3954} INFO - Setting next_dagrun for example_task_group_decorator to 2024-04-13 00:00:00+00:00, run_after=2024-04-14 00:00:00+00:00
[2024-04-14T13:15:22.697+0000] {processor.py:183} INFO - Processing /home/airflow/.local/lib/python3.12/site-packages/airflow/example_dags/example_task_group_decorator.py took 0.076 seconds
[2024-04-14T13:15:53.072+0000] {processor.py:161} INFO - Started process (PID=1872) to work on /home/airflow/.local/lib/python3.12/site-packages/airflow/example_dags/example_task_group_decorator.py
[2024-04-14T13:15:53.073+0000] {processor.py:830} INFO - Processing file /home/airflow/.local/lib/python3.12/site-packages/airflow/example_dags/example_task_group_decorator.py for tasks to queue
[2024-04-14T13:15:53.074+0000] {logging_mixin.py:188} INFO - [2024-04-14T13:15:53.074+0000] {dagbag.py:540} INFO - Filling up the DagBag from /home/airflow/.local/lib/python3.12/site-packages/airflow/example_dags/example_task_group_decorator.py
[2024-04-14T13:15:53.090+0000] {processor.py:840} INFO - DAG(s) 'example_task_group_decorator' retrieved from /home/airflow/.local/lib/python3.12/site-packages/airflow/example_dags/example_task_group_decorator.py
[2024-04-14T13:15:53.115+0000] {logging_mixin.py:188} INFO - [2024-04-14T13:15:53.115+0000] {dag.py:3096} INFO - Sync 1 DAGs
[2024-04-14T13:15:53.133+0000] {logging_mixin.py:188} INFO - [2024-04-14T13:15:53.133+0000] {dag.py:3954} INFO - Setting next_dagrun for example_task_group_decorator to 2024-04-13 00:00:00+00:00, run_after=2024-04-14 00:00:00+00:00
[2024-04-14T13:15:53.148+0000] {processor.py:183} INFO - Processing /home/airflow/.local/lib/python3.12/site-packages/airflow/example_dags/example_task_group_decorator.py took 0.080 seconds
[2024-04-14T13:16:23.636+0000] {processor.py:161} INFO - Started process (PID=1930) to work on /home/airflow/.local/lib/python3.12/site-packages/airflow/example_dags/example_task_group_decorator.py
[2024-04-14T13:16:23.637+0000] {processor.py:830} INFO - Processing file /home/airflow/.local/lib/python3.12/site-packages/airflow/example_dags/example_task_group_decorator.py for tasks to queue
[2024-04-14T13:16:23.638+0000] {logging_mixin.py:188} INFO - [2024-04-14T13:16:23.638+0000] {dagbag.py:540} INFO - Filling up the DagBag from /home/airflow/.local/lib/python3.12/site-packages/airflow/example_dags/example_task_group_decorator.py
[2024-04-14T13:16:23.650+0000] {processor.py:840} INFO - DAG(s) 'example_task_group_decorator' retrieved from /home/airflow/.local/lib/python3.12/site-packages/airflow/example_dags/example_task_group_decorator.py
[2024-04-14T13:16:23.671+0000] {logging_mixin.py:188} INFO - [2024-04-14T13:16:23.671+0000] {dag.py:3096} INFO - Sync 1 DAGs
[2024-04-14T13:16:23.690+0000] {logging_mixin.py:188} INFO - [2024-04-14T13:16:23.690+0000] {dag.py:3954} INFO - Setting next_dagrun for example_task_group_decorator to 2024-04-13 00:00:00+00:00, run_after=2024-04-14 00:00:00+00:00
[2024-04-14T13:16:23.705+0000] {processor.py:183} INFO - Processing /home/airflow/.local/lib/python3.12/site-packages/airflow/example_dags/example_task_group_decorator.py took 0.073 seconds
[2024-04-14T13:16:54.018+0000] {processor.py:161} INFO - Started process (PID=1989) to work on /home/airflow/.local/lib/python3.12/site-packages/airflow/example_dags/example_task_group_decorator.py
[2024-04-14T13:16:54.018+0000] {processor.py:830} INFO - Processing file /home/airflow/.local/lib/python3.12/site-packages/airflow/example_dags/example_task_group_decorator.py for tasks to queue
[2024-04-14T13:16:54.020+0000] {logging_mixin.py:188} INFO - [2024-04-14T13:16:54.019+0000] {dagbag.py:540} INFO - Filling up the DagBag from /home/airflow/.local/lib/python3.12/site-packages/airflow/example_dags/example_task_group_decorator.py
[2024-04-14T13:16:54.031+0000] {processor.py:840} INFO - DAG(s) 'example_task_group_decorator' retrieved from /home/airflow/.local/lib/python3.12/site-packages/airflow/example_dags/example_task_group_decorator.py
[2024-04-14T13:16:54.052+0000] {logging_mixin.py:188} INFO - [2024-04-14T13:16:54.052+0000] {dag.py:3096} INFO - Sync 1 DAGs
[2024-04-14T13:16:54.071+0000] {logging_mixin.py:188} INFO - [2024-04-14T13:16:54.070+0000] {dag.py:3954} INFO - Setting next_dagrun for example_task_group_decorator to 2024-04-13 00:00:00+00:00, run_after=2024-04-14 00:00:00+00:00
[2024-04-14T13:16:54.086+0000] {processor.py:183} INFO - Processing /home/airflow/.local/lib/python3.12/site-packages/airflow/example_dags/example_task_group_decorator.py took 0.073 seconds
[2024-04-14T13:17:24.299+0000] {processor.py:161} INFO - Started process (PID=2048) to work on /home/airflow/.local/lib/python3.12/site-packages/airflow/example_dags/example_task_group_decorator.py
[2024-04-14T13:17:24.300+0000] {processor.py:830} INFO - Processing file /home/airflow/.local/lib/python3.12/site-packages/airflow/example_dags/example_task_group_decorator.py for tasks to queue
[2024-04-14T13:17:24.302+0000] {logging_mixin.py:188} INFO - [2024-04-14T13:17:24.301+0000] {dagbag.py:540} INFO - Filling up the DagBag from /home/airflow/.local/lib/python3.12/site-packages/airflow/example_dags/example_task_group_decorator.py
[2024-04-14T13:17:24.313+0000] {processor.py:840} INFO - DAG(s) 'example_task_group_decorator' retrieved from /home/airflow/.local/lib/python3.12/site-packages/airflow/example_dags/example_task_group_decorator.py
[2024-04-14T13:17:24.334+0000] {logging_mixin.py:188} INFO - [2024-04-14T13:17:24.334+0000] {dag.py:3096} INFO - Sync 1 DAGs
[2024-04-14T13:17:24.352+0000] {logging_mixin.py:188} INFO - [2024-04-14T13:17:24.352+0000] {dag.py:3954} INFO - Setting next_dagrun for example_task_group_decorator to 2024-04-13 00:00:00+00:00, run_after=2024-04-14 00:00:00+00:00
[2024-04-14T13:17:24.366+0000] {processor.py:183} INFO - Processing /home/airflow/.local/lib/python3.12/site-packages/airflow/example_dags/example_task_group_decorator.py took 0.071 seconds
[2024-04-14T13:17:54.743+0000] {processor.py:161} INFO - Started process (PID=2106) to work on /home/airflow/.local/lib/python3.12/site-packages/airflow/example_dags/example_task_group_decorator.py
[2024-04-14T13:17:54.744+0000] {processor.py:830} INFO - Processing file /home/airflow/.local/lib/python3.12/site-packages/airflow/example_dags/example_task_group_decorator.py for tasks to queue
[2024-04-14T13:17:54.745+0000] {logging_mixin.py:188} INFO - [2024-04-14T13:17:54.745+0000] {dagbag.py:540} INFO - Filling up the DagBag from /home/airflow/.local/lib/python3.12/site-packages/airflow/example_dags/example_task_group_decorator.py
[2024-04-14T13:17:54.757+0000] {processor.py:840} INFO - DAG(s) 'example_task_group_decorator' retrieved from /home/airflow/.local/lib/python3.12/site-packages/airflow/example_dags/example_task_group_decorator.py
[2024-04-14T13:17:54.778+0000] {logging_mixin.py:188} INFO - [2024-04-14T13:17:54.778+0000] {dag.py:3096} INFO - Sync 1 DAGs
[2024-04-14T13:17:54.798+0000] {logging_mixin.py:188} INFO - [2024-04-14T13:17:54.798+0000] {dag.py:3954} INFO - Setting next_dagrun for example_task_group_decorator to 2024-04-13 00:00:00+00:00, run_after=2024-04-14 00:00:00+00:00
[2024-04-14T13:17:54.813+0000] {processor.py:183} INFO - Processing /home/airflow/.local/lib/python3.12/site-packages/airflow/example_dags/example_task_group_decorator.py took 0.074 seconds
[2024-04-14T13:18:25.113+0000] {processor.py:161} INFO - Started process (PID=2164) to work on /home/airflow/.local/lib/python3.12/site-packages/airflow/example_dags/example_task_group_decorator.py
[2024-04-14T13:18:25.114+0000] {processor.py:830} INFO - Processing file /home/airflow/.local/lib/python3.12/site-packages/airflow/example_dags/example_task_group_decorator.py for tasks to queue
[2024-04-14T13:18:25.116+0000] {logging_mixin.py:188} INFO - [2024-04-14T13:18:25.115+0000] {dagbag.py:540} INFO - Filling up the DagBag from /home/airflow/.local/lib/python3.12/site-packages/airflow/example_dags/example_task_group_decorator.py
[2024-04-14T13:18:25.128+0000] {processor.py:840} INFO - DAG(s) 'example_task_group_decorator' retrieved from /home/airflow/.local/lib/python3.12/site-packages/airflow/example_dags/example_task_group_decorator.py
[2024-04-14T13:18:25.150+0000] {logging_mixin.py:188} INFO - [2024-04-14T13:18:25.149+0000] {dag.py:3096} INFO - Sync 1 DAGs
[2024-04-14T13:18:25.169+0000] {logging_mixin.py:188} INFO - [2024-04-14T13:18:25.168+0000] {dag.py:3954} INFO - Setting next_dagrun for example_task_group_decorator to 2024-04-13 00:00:00+00:00, run_after=2024-04-14 00:00:00+00:00
[2024-04-14T13:18:25.185+0000] {processor.py:183} INFO - Processing /home/airflow/.local/lib/python3.12/site-packages/airflow/example_dags/example_task_group_decorator.py took 0.076 seconds
[2024-04-14T13:18:55.985+0000] {processor.py:161} INFO - Started process (PID=2223) to work on /home/airflow/.local/lib/python3.12/site-packages/airflow/example_dags/example_task_group_decorator.py
[2024-04-14T13:18:55.986+0000] {processor.py:830} INFO - Processing file /home/airflow/.local/lib/python3.12/site-packages/airflow/example_dags/example_task_group_decorator.py for tasks to queue
[2024-04-14T13:18:55.987+0000] {logging_mixin.py:188} INFO - [2024-04-14T13:18:55.987+0000] {dagbag.py:540} INFO - Filling up the DagBag from /home/airflow/.local/lib/python3.12/site-packages/airflow/example_dags/example_task_group_decorator.py
[2024-04-14T13:18:56.002+0000] {processor.py:840} INFO - DAG(s) 'example_task_group_decorator' retrieved from /home/airflow/.local/lib/python3.12/site-packages/airflow/example_dags/example_task_group_decorator.py
[2024-04-14T13:18:56.025+0000] {logging_mixin.py:188} INFO - [2024-04-14T13:18:56.025+0000] {dag.py:3096} INFO - Sync 1 DAGs
[2024-04-14T13:18:56.045+0000] {logging_mixin.py:188} INFO - [2024-04-14T13:18:56.045+0000] {dag.py:3954} INFO - Setting next_dagrun for example_task_group_decorator to 2024-04-13 00:00:00+00:00, run_after=2024-04-14 00:00:00+00:00
[2024-04-14T13:18:56.064+0000] {processor.py:183} INFO - Processing /home/airflow/.local/lib/python3.12/site-packages/airflow/example_dags/example_task_group_decorator.py took 0.083 seconds
[2024-04-14T13:19:26.761+0000] {processor.py:161} INFO - Started process (PID=2281) to work on /home/airflow/.local/lib/python3.12/site-packages/airflow/example_dags/example_task_group_decorator.py
[2024-04-14T13:19:26.762+0000] {processor.py:830} INFO - Processing file /home/airflow/.local/lib/python3.12/site-packages/airflow/example_dags/example_task_group_decorator.py for tasks to queue
[2024-04-14T13:19:26.763+0000] {logging_mixin.py:188} INFO - [2024-04-14T13:19:26.763+0000] {dagbag.py:540} INFO - Filling up the DagBag from /home/airflow/.local/lib/python3.12/site-packages/airflow/example_dags/example_task_group_decorator.py
[2024-04-14T13:19:26.775+0000] {processor.py:840} INFO - DAG(s) 'example_task_group_decorator' retrieved from /home/airflow/.local/lib/python3.12/site-packages/airflow/example_dags/example_task_group_decorator.py
[2024-04-14T13:19:26.796+0000] {logging_mixin.py:188} INFO - [2024-04-14T13:19:26.796+0000] {dag.py:3096} INFO - Sync 1 DAGs
[2024-04-14T13:19:26.815+0000] {logging_mixin.py:188} INFO - [2024-04-14T13:19:26.815+0000] {dag.py:3954} INFO - Setting next_dagrun for example_task_group_decorator to 2024-04-13 00:00:00+00:00, run_after=2024-04-14 00:00:00+00:00
[2024-04-14T13:19:26.832+0000] {processor.py:183} INFO - Processing /home/airflow/.local/lib/python3.12/site-packages/airflow/example_dags/example_task_group_decorator.py took 0.075 seconds
[2024-04-14T13:19:57.108+0000] {processor.py:161} INFO - Started process (PID=2339) to work on /home/airflow/.local/lib/python3.12/site-packages/airflow/example_dags/example_task_group_decorator.py
[2024-04-14T13:19:57.109+0000] {processor.py:830} INFO - Processing file /home/airflow/.local/lib/python3.12/site-packages/airflow/example_dags/example_task_group_decorator.py for tasks to queue
[2024-04-14T13:19:57.111+0000] {logging_mixin.py:188} INFO - [2024-04-14T13:19:57.110+0000] {dagbag.py:540} INFO - Filling up the DagBag from /home/airflow/.local/lib/python3.12/site-packages/airflow/example_dags/example_task_group_decorator.py
[2024-04-14T13:19:57.122+0000] {processor.py:840} INFO - DAG(s) 'example_task_group_decorator' retrieved from /home/airflow/.local/lib/python3.12/site-packages/airflow/example_dags/example_task_group_decorator.py
[2024-04-14T13:19:57.143+0000] {logging_mixin.py:188} INFO - [2024-04-14T13:19:57.142+0000] {dag.py:3096} INFO - Sync 1 DAGs
[2024-04-14T13:19:57.160+0000] {logging_mixin.py:188} INFO - [2024-04-14T13:19:57.160+0000] {dag.py:3954} INFO - Setting next_dagrun for example_task_group_decorator to 2024-04-13 00:00:00+00:00, run_after=2024-04-14 00:00:00+00:00
[2024-04-14T13:19:57.176+0000] {processor.py:183} INFO - Processing /home/airflow/.local/lib/python3.12/site-packages/airflow/example_dags/example_task_group_decorator.py took 0.072 seconds
