[2024-04-14T13:00:03.885+0000] {processor.py:161} INFO - Started process (PID=65) to work on /home/airflow/.local/lib/python3.12/site-packages/airflow/example_dags/example_branch_python_dop_operator_3.py
[2024-04-14T13:00:03.887+0000] {processor.py:830} INFO - Processing file /home/airflow/.local/lib/python3.12/site-packages/airflow/example_dags/example_branch_python_dop_operator_3.py for tasks to queue
[2024-04-14T13:00:03.889+0000] {logging_mixin.py:188} INFO - [2024-04-14T13:00:03.888+0000] {dagbag.py:540} INFO - Filling up the DagBag from /home/airflow/.local/lib/python3.12/site-packages/airflow/example_dags/example_branch_python_dop_operator_3.py
[2024-04-14T13:00:03.906+0000] {processor.py:840} INFO - DAG(s) 'example_branch_dop_operator_v3' retrieved from /home/airflow/.local/lib/python3.12/site-packages/airflow/example_dags/example_branch_python_dop_operator_3.py
[2024-04-14T13:00:03.921+0000] {logging_mixin.py:188} INFO - [2024-04-14T13:00:03.920+0000] {dag.py:3096} INFO - Sync 1 DAGs
[2024-04-14T13:00:03.958+0000] {logging_mixin.py:188} INFO - [2024-04-14T13:00:03.957+0000] {dag.py:3954} INFO - Setting next_dagrun for example_branch_dop_operator_v3 to 2024-04-14 12:59:00+00:00, run_after=2024-04-14 13:00:00+00:00
[2024-04-14T13:00:03.983+0000] {processor.py:183} INFO - Processing /home/airflow/.local/lib/python3.12/site-packages/airflow/example_dags/example_branch_python_dop_operator_3.py took 0.104 seconds
[2024-04-14T13:00:35.202+0000] {processor.py:161} INFO - Started process (PID=122) to work on /home/airflow/.local/lib/python3.12/site-packages/airflow/example_dags/example_branch_python_dop_operator_3.py
[2024-04-14T13:00:35.204+0000] {processor.py:830} INFO - Processing file /home/airflow/.local/lib/python3.12/site-packages/airflow/example_dags/example_branch_python_dop_operator_3.py for tasks to queue
[2024-04-14T13:00:35.205+0000] {logging_mixin.py:188} INFO - [2024-04-14T13:00:35.205+0000] {dagbag.py:540} INFO - Filling up the DagBag from /home/airflow/.local/lib/python3.12/site-packages/airflow/example_dags/example_branch_python_dop_operator_3.py
[2024-04-14T13:00:35.213+0000] {processor.py:840} INFO - DAG(s) 'example_branch_dop_operator_v3' retrieved from /home/airflow/.local/lib/python3.12/site-packages/airflow/example_dags/example_branch_python_dop_operator_3.py
[2024-04-14T13:00:35.306+0000] {logging_mixin.py:188} INFO - [2024-04-14T13:00:35.306+0000] {dag.py:3096} INFO - Sync 1 DAGs
[2024-04-14T13:00:35.328+0000] {logging_mixin.py:188} INFO - [2024-04-14T13:00:35.328+0000] {dag.py:3954} INFO - Setting next_dagrun for example_branch_dop_operator_v3 to 2024-04-14 12:59:00+00:00, run_after=2024-04-14 13:00:00+00:00
[2024-04-14T13:00:35.349+0000] {processor.py:183} INFO - Processing /home/airflow/.local/lib/python3.12/site-packages/airflow/example_dags/example_branch_python_dop_operator_3.py took 0.151 seconds
[2024-04-14T13:01:05.497+0000] {processor.py:161} INFO - Started process (PID=180) to work on /home/airflow/.local/lib/python3.12/site-packages/airflow/example_dags/example_branch_python_dop_operator_3.py
[2024-04-14T13:01:05.498+0000] {processor.py:830} INFO - Processing file /home/airflow/.local/lib/python3.12/site-packages/airflow/example_dags/example_branch_python_dop_operator_3.py for tasks to queue
[2024-04-14T13:01:05.500+0000] {logging_mixin.py:188} INFO - [2024-04-14T13:01:05.499+0000] {dagbag.py:540} INFO - Filling up the DagBag from /home/airflow/.local/lib/python3.12/site-packages/airflow/example_dags/example_branch_python_dop_operator_3.py
[2024-04-14T13:01:05.507+0000] {processor.py:840} INFO - DAG(s) 'example_branch_dop_operator_v3' retrieved from /home/airflow/.local/lib/python3.12/site-packages/airflow/example_dags/example_branch_python_dop_operator_3.py
[2024-04-14T13:01:05.524+0000] {logging_mixin.py:188} INFO - [2024-04-14T13:01:05.524+0000] {dag.py:3096} INFO - Sync 1 DAGs
[2024-04-14T13:01:05.548+0000] {logging_mixin.py:188} INFO - [2024-04-14T13:01:05.548+0000] {dag.py:3954} INFO - Setting next_dagrun for example_branch_dop_operator_v3 to 2024-04-14 13:00:00+00:00, run_after=2024-04-14 13:01:00+00:00
[2024-04-14T13:01:05.567+0000] {processor.py:183} INFO - Processing /home/airflow/.local/lib/python3.12/site-packages/airflow/example_dags/example_branch_python_dop_operator_3.py took 0.075 seconds
[2024-04-14T13:01:36.015+0000] {processor.py:161} INFO - Started process (PID=238) to work on /home/airflow/.local/lib/python3.12/site-packages/airflow/example_dags/example_branch_python_dop_operator_3.py
[2024-04-14T13:01:36.016+0000] {processor.py:830} INFO - Processing file /home/airflow/.local/lib/python3.12/site-packages/airflow/example_dags/example_branch_python_dop_operator_3.py for tasks to queue
[2024-04-14T13:01:36.017+0000] {logging_mixin.py:188} INFO - [2024-04-14T13:01:36.017+0000] {dagbag.py:540} INFO - Filling up the DagBag from /home/airflow/.local/lib/python3.12/site-packages/airflow/example_dags/example_branch_python_dop_operator_3.py
[2024-04-14T13:01:36.024+0000] {processor.py:840} INFO - DAG(s) 'example_branch_dop_operator_v3' retrieved from /home/airflow/.local/lib/python3.12/site-packages/airflow/example_dags/example_branch_python_dop_operator_3.py
[2024-04-14T13:01:36.044+0000] {logging_mixin.py:188} INFO - [2024-04-14T13:01:36.044+0000] {dag.py:3096} INFO - Sync 1 DAGs
[2024-04-14T13:01:36.072+0000] {logging_mixin.py:188} INFO - [2024-04-14T13:01:36.072+0000] {dag.py:3954} INFO - Setting next_dagrun for example_branch_dop_operator_v3 to 2024-04-14 13:00:00+00:00, run_after=2024-04-14 13:01:00+00:00
[2024-04-14T13:01:36.095+0000] {processor.py:183} INFO - Processing /home/airflow/.local/lib/python3.12/site-packages/airflow/example_dags/example_branch_python_dop_operator_3.py took 0.084 seconds
[2024-04-14T13:02:06.667+0000] {processor.py:161} INFO - Started process (PID=296) to work on /home/airflow/.local/lib/python3.12/site-packages/airflow/example_dags/example_branch_python_dop_operator_3.py
[2024-04-14T13:02:06.668+0000] {processor.py:830} INFO - Processing file /home/airflow/.local/lib/python3.12/site-packages/airflow/example_dags/example_branch_python_dop_operator_3.py for tasks to queue
[2024-04-14T13:02:06.670+0000] {logging_mixin.py:188} INFO - [2024-04-14T13:02:06.669+0000] {dagbag.py:540} INFO - Filling up the DagBag from /home/airflow/.local/lib/python3.12/site-packages/airflow/example_dags/example_branch_python_dop_operator_3.py
[2024-04-14T13:02:06.676+0000] {processor.py:840} INFO - DAG(s) 'example_branch_dop_operator_v3' retrieved from /home/airflow/.local/lib/python3.12/site-packages/airflow/example_dags/example_branch_python_dop_operator_3.py
[2024-04-14T13:02:06.693+0000] {logging_mixin.py:188} INFO - [2024-04-14T13:02:06.693+0000] {dag.py:3096} INFO - Sync 1 DAGs
[2024-04-14T13:02:06.717+0000] {logging_mixin.py:188} INFO - [2024-04-14T13:02:06.716+0000] {dag.py:3954} INFO - Setting next_dagrun for example_branch_dop_operator_v3 to 2024-04-14 13:01:00+00:00, run_after=2024-04-14 13:02:00+00:00
[2024-04-14T13:02:06.735+0000] {processor.py:183} INFO - Processing /home/airflow/.local/lib/python3.12/site-packages/airflow/example_dags/example_branch_python_dop_operator_3.py took 0.072 seconds
[2024-04-14T13:02:36.932+0000] {processor.py:161} INFO - Started process (PID=354) to work on /home/airflow/.local/lib/python3.12/site-packages/airflow/example_dags/example_branch_python_dop_operator_3.py
[2024-04-14T13:02:36.933+0000] {processor.py:830} INFO - Processing file /home/airflow/.local/lib/python3.12/site-packages/airflow/example_dags/example_branch_python_dop_operator_3.py for tasks to queue
[2024-04-14T13:02:36.934+0000] {logging_mixin.py:188} INFO - [2024-04-14T13:02:36.934+0000] {dagbag.py:540} INFO - Filling up the DagBag from /home/airflow/.local/lib/python3.12/site-packages/airflow/example_dags/example_branch_python_dop_operator_3.py
[2024-04-14T13:02:36.941+0000] {processor.py:840} INFO - DAG(s) 'example_branch_dop_operator_v3' retrieved from /home/airflow/.local/lib/python3.12/site-packages/airflow/example_dags/example_branch_python_dop_operator_3.py
[2024-04-14T13:02:36.958+0000] {logging_mixin.py:188} INFO - [2024-04-14T13:02:36.957+0000] {dag.py:3096} INFO - Sync 1 DAGs
[2024-04-14T13:02:36.979+0000] {logging_mixin.py:188} INFO - [2024-04-14T13:02:36.979+0000] {dag.py:3954} INFO - Setting next_dagrun for example_branch_dop_operator_v3 to 2024-04-14 13:01:00+00:00, run_after=2024-04-14 13:02:00+00:00
[2024-04-14T13:02:36.999+0000] {processor.py:183} INFO - Processing /home/airflow/.local/lib/python3.12/site-packages/airflow/example_dags/example_branch_python_dop_operator_3.py took 0.071 seconds
[2024-04-14T13:03:07.416+0000] {processor.py:161} INFO - Started process (PID=412) to work on /home/airflow/.local/lib/python3.12/site-packages/airflow/example_dags/example_branch_python_dop_operator_3.py
[2024-04-14T13:03:07.417+0000] {processor.py:830} INFO - Processing file /home/airflow/.local/lib/python3.12/site-packages/airflow/example_dags/example_branch_python_dop_operator_3.py for tasks to queue
[2024-04-14T13:03:07.418+0000] {logging_mixin.py:188} INFO - [2024-04-14T13:03:07.418+0000] {dagbag.py:540} INFO - Filling up the DagBag from /home/airflow/.local/lib/python3.12/site-packages/airflow/example_dags/example_branch_python_dop_operator_3.py
[2024-04-14T13:03:07.425+0000] {processor.py:840} INFO - DAG(s) 'example_branch_dop_operator_v3' retrieved from /home/airflow/.local/lib/python3.12/site-packages/airflow/example_dags/example_branch_python_dop_operator_3.py
[2024-04-14T13:03:07.442+0000] {logging_mixin.py:188} INFO - [2024-04-14T13:03:07.442+0000] {dag.py:3096} INFO - Sync 1 DAGs
[2024-04-14T13:03:07.464+0000] {logging_mixin.py:188} INFO - [2024-04-14T13:03:07.464+0000] {dag.py:3954} INFO - Setting next_dagrun for example_branch_dop_operator_v3 to 2024-04-14 13:02:00+00:00, run_after=2024-04-14 13:03:00+00:00
[2024-04-14T13:03:07.484+0000] {processor.py:183} INFO - Processing /home/airflow/.local/lib/python3.12/site-packages/airflow/example_dags/example_branch_python_dop_operator_3.py took 0.072 seconds
[2024-04-14T13:03:37.571+0000] {processor.py:161} INFO - Started process (PID=471) to work on /home/airflow/.local/lib/python3.12/site-packages/airflow/example_dags/example_branch_python_dop_operator_3.py
[2024-04-14T13:03:37.572+0000] {processor.py:830} INFO - Processing file /home/airflow/.local/lib/python3.12/site-packages/airflow/example_dags/example_branch_python_dop_operator_3.py for tasks to queue
[2024-04-14T13:03:37.574+0000] {logging_mixin.py:188} INFO - [2024-04-14T13:03:37.573+0000] {dagbag.py:540} INFO - Filling up the DagBag from /home/airflow/.local/lib/python3.12/site-packages/airflow/example_dags/example_branch_python_dop_operator_3.py
[2024-04-14T13:03:37.580+0000] {processor.py:840} INFO - DAG(s) 'example_branch_dop_operator_v3' retrieved from /home/airflow/.local/lib/python3.12/site-packages/airflow/example_dags/example_branch_python_dop_operator_3.py
[2024-04-14T13:03:37.596+0000] {logging_mixin.py:188} INFO - [2024-04-14T13:03:37.596+0000] {dag.py:3096} INFO - Sync 1 DAGs
[2024-04-14T13:03:37.618+0000] {logging_mixin.py:188} INFO - [2024-04-14T13:03:37.618+0000] {dag.py:3954} INFO - Setting next_dagrun for example_branch_dop_operator_v3 to 2024-04-14 13:02:00+00:00, run_after=2024-04-14 13:03:00+00:00
[2024-04-14T13:03:37.638+0000] {processor.py:183} INFO - Processing /home/airflow/.local/lib/python3.12/site-packages/airflow/example_dags/example_branch_python_dop_operator_3.py took 0.071 seconds
[2024-04-14T13:04:08.376+0000] {processor.py:161} INFO - Started process (PID=530) to work on /home/airflow/.local/lib/python3.12/site-packages/airflow/example_dags/example_branch_python_dop_operator_3.py
[2024-04-14T13:04:08.376+0000] {processor.py:830} INFO - Processing file /home/airflow/.local/lib/python3.12/site-packages/airflow/example_dags/example_branch_python_dop_operator_3.py for tasks to queue
[2024-04-14T13:04:08.378+0000] {logging_mixin.py:188} INFO - [2024-04-14T13:04:08.377+0000] {dagbag.py:540} INFO - Filling up the DagBag from /home/airflow/.local/lib/python3.12/site-packages/airflow/example_dags/example_branch_python_dop_operator_3.py
[2024-04-14T13:04:08.384+0000] {processor.py:840} INFO - DAG(s) 'example_branch_dop_operator_v3' retrieved from /home/airflow/.local/lib/python3.12/site-packages/airflow/example_dags/example_branch_python_dop_operator_3.py
[2024-04-14T13:04:08.401+0000] {logging_mixin.py:188} INFO - [2024-04-14T13:04:08.400+0000] {dag.py:3096} INFO - Sync 1 DAGs
[2024-04-14T13:04:08.424+0000] {logging_mixin.py:188} INFO - [2024-04-14T13:04:08.423+0000] {dag.py:3954} INFO - Setting next_dagrun for example_branch_dop_operator_v3 to 2024-04-14 13:03:00+00:00, run_after=2024-04-14 13:04:00+00:00
[2024-04-14T13:04:08.444+0000] {processor.py:183} INFO - Processing /home/airflow/.local/lib/python3.12/site-packages/airflow/example_dags/example_branch_python_dop_operator_3.py took 0.073 seconds
[2024-04-14T13:04:39.438+0000] {processor.py:161} INFO - Started process (PID=588) to work on /home/airflow/.local/lib/python3.12/site-packages/airflow/example_dags/example_branch_python_dop_operator_3.py
[2024-04-14T13:04:39.439+0000] {processor.py:830} INFO - Processing file /home/airflow/.local/lib/python3.12/site-packages/airflow/example_dags/example_branch_python_dop_operator_3.py for tasks to queue
[2024-04-14T13:04:39.441+0000] {logging_mixin.py:188} INFO - [2024-04-14T13:04:39.440+0000] {dagbag.py:540} INFO - Filling up the DagBag from /home/airflow/.local/lib/python3.12/site-packages/airflow/example_dags/example_branch_python_dop_operator_3.py
[2024-04-14T13:04:39.448+0000] {processor.py:840} INFO - DAG(s) 'example_branch_dop_operator_v3' retrieved from /home/airflow/.local/lib/python3.12/site-packages/airflow/example_dags/example_branch_python_dop_operator_3.py
[2024-04-14T13:04:39.465+0000] {logging_mixin.py:188} INFO - [2024-04-14T13:04:39.464+0000] {dag.py:3096} INFO - Sync 1 DAGs
[2024-04-14T13:04:39.487+0000] {logging_mixin.py:188} INFO - [2024-04-14T13:04:39.486+0000] {dag.py:3954} INFO - Setting next_dagrun for example_branch_dop_operator_v3 to 2024-04-14 13:03:00+00:00, run_after=2024-04-14 13:04:00+00:00
[2024-04-14T13:04:39.506+0000] {processor.py:183} INFO - Processing /home/airflow/.local/lib/python3.12/site-packages/airflow/example_dags/example_branch_python_dop_operator_3.py took 0.072 seconds
[2024-04-14T13:05:10.446+0000] {processor.py:161} INFO - Started process (PID=646) to work on /home/airflow/.local/lib/python3.12/site-packages/airflow/example_dags/example_branch_python_dop_operator_3.py
[2024-04-14T13:05:10.447+0000] {processor.py:830} INFO - Processing file /home/airflow/.local/lib/python3.12/site-packages/airflow/example_dags/example_branch_python_dop_operator_3.py for tasks to queue
[2024-04-14T13:05:10.448+0000] {logging_mixin.py:188} INFO - [2024-04-14T13:05:10.448+0000] {dagbag.py:540} INFO - Filling up the DagBag from /home/airflow/.local/lib/python3.12/site-packages/airflow/example_dags/example_branch_python_dop_operator_3.py
[2024-04-14T13:05:10.454+0000] {processor.py:840} INFO - DAG(s) 'example_branch_dop_operator_v3' retrieved from /home/airflow/.local/lib/python3.12/site-packages/airflow/example_dags/example_branch_python_dop_operator_3.py
[2024-04-14T13:05:10.470+0000] {logging_mixin.py:188} INFO - [2024-04-14T13:05:10.470+0000] {dag.py:3096} INFO - Sync 1 DAGs
[2024-04-14T13:05:10.493+0000] {logging_mixin.py:188} INFO - [2024-04-14T13:05:10.493+0000] {dag.py:3954} INFO - Setting next_dagrun for example_branch_dop_operator_v3 to 2024-04-14 13:04:00+00:00, run_after=2024-04-14 13:05:00+00:00
[2024-04-14T13:05:10.510+0000] {processor.py:183} INFO - Processing /home/airflow/.local/lib/python3.12/site-packages/airflow/example_dags/example_branch_python_dop_operator_3.py took 0.069 seconds
[2024-04-14T13:05:40.917+0000] {processor.py:161} INFO - Started process (PID=705) to work on /home/airflow/.local/lib/python3.12/site-packages/airflow/example_dags/example_branch_python_dop_operator_3.py
[2024-04-14T13:05:40.918+0000] {processor.py:830} INFO - Processing file /home/airflow/.local/lib/python3.12/site-packages/airflow/example_dags/example_branch_python_dop_operator_3.py for tasks to queue
[2024-04-14T13:05:40.920+0000] {logging_mixin.py:188} INFO - [2024-04-14T13:05:40.919+0000] {dagbag.py:540} INFO - Filling up the DagBag from /home/airflow/.local/lib/python3.12/site-packages/airflow/example_dags/example_branch_python_dop_operator_3.py
[2024-04-14T13:05:40.927+0000] {processor.py:840} INFO - DAG(s) 'example_branch_dop_operator_v3' retrieved from /home/airflow/.local/lib/python3.12/site-packages/airflow/example_dags/example_branch_python_dop_operator_3.py
[2024-04-14T13:05:40.943+0000] {logging_mixin.py:188} INFO - [2024-04-14T13:05:40.943+0000] {dag.py:3096} INFO - Sync 1 DAGs
[2024-04-14T13:05:40.966+0000] {logging_mixin.py:188} INFO - [2024-04-14T13:05:40.965+0000] {dag.py:3954} INFO - Setting next_dagrun for example_branch_dop_operator_v3 to 2024-04-14 13:04:00+00:00, run_after=2024-04-14 13:05:00+00:00
[2024-04-14T13:05:40.985+0000] {processor.py:183} INFO - Processing /home/airflow/.local/lib/python3.12/site-packages/airflow/example_dags/example_branch_python_dop_operator_3.py took 0.072 seconds
[2024-04-14T13:06:11.440+0000] {processor.py:161} INFO - Started process (PID=763) to work on /home/airflow/.local/lib/python3.12/site-packages/airflow/example_dags/example_branch_python_dop_operator_3.py
[2024-04-14T13:06:11.441+0000] {processor.py:830} INFO - Processing file /home/airflow/.local/lib/python3.12/site-packages/airflow/example_dags/example_branch_python_dop_operator_3.py for tasks to queue
[2024-04-14T13:06:11.443+0000] {logging_mixin.py:188} INFO - [2024-04-14T13:06:11.442+0000] {dagbag.py:540} INFO - Filling up the DagBag from /home/airflow/.local/lib/python3.12/site-packages/airflow/example_dags/example_branch_python_dop_operator_3.py
[2024-04-14T13:06:11.449+0000] {processor.py:840} INFO - DAG(s) 'example_branch_dop_operator_v3' retrieved from /home/airflow/.local/lib/python3.12/site-packages/airflow/example_dags/example_branch_python_dop_operator_3.py
[2024-04-14T13:06:11.464+0000] {logging_mixin.py:188} INFO - [2024-04-14T13:06:11.463+0000] {dag.py:3096} INFO - Sync 1 DAGs
[2024-04-14T13:06:11.485+0000] {logging_mixin.py:188} INFO - [2024-04-14T13:06:11.485+0000] {dag.py:3954} INFO - Setting next_dagrun for example_branch_dop_operator_v3 to 2024-04-14 13:05:00+00:00, run_after=2024-04-14 13:06:00+00:00
[2024-04-14T13:06:11.502+0000] {processor.py:183} INFO - Processing /home/airflow/.local/lib/python3.12/site-packages/airflow/example_dags/example_branch_python_dop_operator_3.py took 0.066 seconds
[2024-04-14T13:06:42.214+0000] {processor.py:161} INFO - Started process (PID=821) to work on /home/airflow/.local/lib/python3.12/site-packages/airflow/example_dags/example_branch_python_dop_operator_3.py
[2024-04-14T13:06:42.215+0000] {processor.py:830} INFO - Processing file /home/airflow/.local/lib/python3.12/site-packages/airflow/example_dags/example_branch_python_dop_operator_3.py for tasks to queue
[2024-04-14T13:06:42.217+0000] {logging_mixin.py:188} INFO - [2024-04-14T13:06:42.216+0000] {dagbag.py:540} INFO - Filling up the DagBag from /home/airflow/.local/lib/python3.12/site-packages/airflow/example_dags/example_branch_python_dop_operator_3.py
[2024-04-14T13:06:42.225+0000] {processor.py:840} INFO - DAG(s) 'example_branch_dop_operator_v3' retrieved from /home/airflow/.local/lib/python3.12/site-packages/airflow/example_dags/example_branch_python_dop_operator_3.py
[2024-04-14T13:06:42.243+0000] {logging_mixin.py:188} INFO - [2024-04-14T13:06:42.242+0000] {dag.py:3096} INFO - Sync 1 DAGs
[2024-04-14T13:06:42.265+0000] {logging_mixin.py:188} INFO - [2024-04-14T13:06:42.265+0000] {dag.py:3954} INFO - Setting next_dagrun for example_branch_dop_operator_v3 to 2024-04-14 13:05:00+00:00, run_after=2024-04-14 13:06:00+00:00
[2024-04-14T13:06:42.286+0000] {processor.py:183} INFO - Processing /home/airflow/.local/lib/python3.12/site-packages/airflow/example_dags/example_branch_python_dop_operator_3.py took 0.076 seconds
[2024-04-14T13:07:12.729+0000] {processor.py:161} INFO - Started process (PID=879) to work on /home/airflow/.local/lib/python3.12/site-packages/airflow/example_dags/example_branch_python_dop_operator_3.py
[2024-04-14T13:07:12.730+0000] {processor.py:830} INFO - Processing file /home/airflow/.local/lib/python3.12/site-packages/airflow/example_dags/example_branch_python_dop_operator_3.py for tasks to queue
[2024-04-14T13:07:12.731+0000] {logging_mixin.py:188} INFO - [2024-04-14T13:07:12.731+0000] {dagbag.py:540} INFO - Filling up the DagBag from /home/airflow/.local/lib/python3.12/site-packages/airflow/example_dags/example_branch_python_dop_operator_3.py
[2024-04-14T13:07:12.738+0000] {processor.py:840} INFO - DAG(s) 'example_branch_dop_operator_v3' retrieved from /home/airflow/.local/lib/python3.12/site-packages/airflow/example_dags/example_branch_python_dop_operator_3.py
[2024-04-14T13:07:12.754+0000] {logging_mixin.py:188} INFO - [2024-04-14T13:07:12.754+0000] {dag.py:3096} INFO - Sync 1 DAGs
[2024-04-14T13:07:12.776+0000] {logging_mixin.py:188} INFO - [2024-04-14T13:07:12.776+0000] {dag.py:3954} INFO - Setting next_dagrun for example_branch_dop_operator_v3 to 2024-04-14 13:06:00+00:00, run_after=2024-04-14 13:07:00+00:00
[2024-04-14T13:07:12.795+0000] {processor.py:183} INFO - Processing /home/airflow/.local/lib/python3.12/site-packages/airflow/example_dags/example_branch_python_dop_operator_3.py took 0.072 seconds
[2024-04-14T13:07:43.714+0000] {processor.py:161} INFO - Started process (PID=937) to work on /home/airflow/.local/lib/python3.12/site-packages/airflow/example_dags/example_branch_python_dop_operator_3.py
[2024-04-14T13:07:43.715+0000] {processor.py:830} INFO - Processing file /home/airflow/.local/lib/python3.12/site-packages/airflow/example_dags/example_branch_python_dop_operator_3.py for tasks to queue
[2024-04-14T13:07:43.716+0000] {logging_mixin.py:188} INFO - [2024-04-14T13:07:43.716+0000] {dagbag.py:540} INFO - Filling up the DagBag from /home/airflow/.local/lib/python3.12/site-packages/airflow/example_dags/example_branch_python_dop_operator_3.py
[2024-04-14T13:07:43.723+0000] {processor.py:840} INFO - DAG(s) 'example_branch_dop_operator_v3' retrieved from /home/airflow/.local/lib/python3.12/site-packages/airflow/example_dags/example_branch_python_dop_operator_3.py
[2024-04-14T13:07:43.739+0000] {logging_mixin.py:188} INFO - [2024-04-14T13:07:43.738+0000] {dag.py:3096} INFO - Sync 1 DAGs
[2024-04-14T13:07:43.761+0000] {logging_mixin.py:188} INFO - [2024-04-14T13:07:43.761+0000] {dag.py:3954} INFO - Setting next_dagrun for example_branch_dop_operator_v3 to 2024-04-14 13:06:00+00:00, run_after=2024-04-14 13:07:00+00:00
[2024-04-14T13:07:43.780+0000] {processor.py:183} INFO - Processing /home/airflow/.local/lib/python3.12/site-packages/airflow/example_dags/example_branch_python_dop_operator_3.py took 0.071 seconds
[2024-04-14T13:08:14.847+0000] {processor.py:161} INFO - Started process (PID=995) to work on /home/airflow/.local/lib/python3.12/site-packages/airflow/example_dags/example_branch_python_dop_operator_3.py
[2024-04-14T13:08:14.848+0000] {processor.py:830} INFO - Processing file /home/airflow/.local/lib/python3.12/site-packages/airflow/example_dags/example_branch_python_dop_operator_3.py for tasks to queue
[2024-04-14T13:08:14.850+0000] {logging_mixin.py:188} INFO - [2024-04-14T13:08:14.849+0000] {dagbag.py:540} INFO - Filling up the DagBag from /home/airflow/.local/lib/python3.12/site-packages/airflow/example_dags/example_branch_python_dop_operator_3.py
[2024-04-14T13:08:14.857+0000] {processor.py:840} INFO - DAG(s) 'example_branch_dop_operator_v3' retrieved from /home/airflow/.local/lib/python3.12/site-packages/airflow/example_dags/example_branch_python_dop_operator_3.py
[2024-04-14T13:08:14.874+0000] {logging_mixin.py:188} INFO - [2024-04-14T13:08:14.874+0000] {dag.py:3096} INFO - Sync 1 DAGs
[2024-04-14T13:08:14.897+0000] {logging_mixin.py:188} INFO - [2024-04-14T13:08:14.897+0000] {dag.py:3954} INFO - Setting next_dagrun for example_branch_dop_operator_v3 to 2024-04-14 13:07:00+00:00, run_after=2024-04-14 13:08:00+00:00
[2024-04-14T13:08:14.915+0000] {processor.py:183} INFO - Processing /home/airflow/.local/lib/python3.12/site-packages/airflow/example_dags/example_branch_python_dop_operator_3.py took 0.072 seconds
[2024-04-14T13:08:46.416+0000] {processor.py:161} INFO - Started process (PID=1059) to work on /home/airflow/.local/lib/python3.12/site-packages/airflow/example_dags/example_branch_python_dop_operator_3.py
[2024-04-14T13:08:46.417+0000] {processor.py:830} INFO - Processing file /home/airflow/.local/lib/python3.12/site-packages/airflow/example_dags/example_branch_python_dop_operator_3.py for tasks to queue
[2024-04-14T13:08:46.419+0000] {logging_mixin.py:188} INFO - [2024-04-14T13:08:46.418+0000] {dagbag.py:540} INFO - Filling up the DagBag from /home/airflow/.local/lib/python3.12/site-packages/airflow/example_dags/example_branch_python_dop_operator_3.py
[2024-04-14T13:08:46.425+0000] {processor.py:840} INFO - DAG(s) 'example_branch_dop_operator_v3' retrieved from /home/airflow/.local/lib/python3.12/site-packages/airflow/example_dags/example_branch_python_dop_operator_3.py
[2024-04-14T13:08:46.440+0000] {logging_mixin.py:188} INFO - [2024-04-14T13:08:46.440+0000] {dag.py:3096} INFO - Sync 1 DAGs
[2024-04-14T13:08:46.591+0000] {logging_mixin.py:188} INFO - [2024-04-14T13:08:46.591+0000] {dag.py:3954} INFO - Setting next_dagrun for example_branch_dop_operator_v3 to 2024-04-14 13:07:00+00:00, run_after=2024-04-14 13:08:00+00:00
[2024-04-14T13:08:46.611+0000] {processor.py:183} INFO - Processing /home/airflow/.local/lib/python3.12/site-packages/airflow/example_dags/example_branch_python_dop_operator_3.py took 0.199 seconds
[2024-04-14T13:09:17.067+0000] {processor.py:161} INFO - Started process (PID=1117) to work on /home/airflow/.local/lib/python3.12/site-packages/airflow/example_dags/example_branch_python_dop_operator_3.py
[2024-04-14T13:09:17.068+0000] {processor.py:830} INFO - Processing file /home/airflow/.local/lib/python3.12/site-packages/airflow/example_dags/example_branch_python_dop_operator_3.py for tasks to queue
[2024-04-14T13:09:17.070+0000] {logging_mixin.py:188} INFO - [2024-04-14T13:09:17.070+0000] {dagbag.py:540} INFO - Filling up the DagBag from /home/airflow/.local/lib/python3.12/site-packages/airflow/example_dags/example_branch_python_dop_operator_3.py
[2024-04-14T13:09:17.077+0000] {processor.py:840} INFO - DAG(s) 'example_branch_dop_operator_v3' retrieved from /home/airflow/.local/lib/python3.12/site-packages/airflow/example_dags/example_branch_python_dop_operator_3.py
[2024-04-14T13:09:17.098+0000] {logging_mixin.py:188} INFO - [2024-04-14T13:09:17.098+0000] {dag.py:3096} INFO - Sync 1 DAGs
[2024-04-14T13:09:17.257+0000] {logging_mixin.py:188} INFO - [2024-04-14T13:09:17.257+0000] {dag.py:3954} INFO - Setting next_dagrun for example_branch_dop_operator_v3 to 2024-04-14 13:08:00+00:00, run_after=2024-04-14 13:09:00+00:00
[2024-04-14T13:09:17.283+0000] {processor.py:183} INFO - Processing /home/airflow/.local/lib/python3.12/site-packages/airflow/example_dags/example_branch_python_dop_operator_3.py took 0.221 seconds
[2024-04-14T13:09:47.539+0000] {processor.py:161} INFO - Started process (PID=1175) to work on /home/airflow/.local/lib/python3.12/site-packages/airflow/example_dags/example_branch_python_dop_operator_3.py
[2024-04-14T13:09:47.540+0000] {processor.py:830} INFO - Processing file /home/airflow/.local/lib/python3.12/site-packages/airflow/example_dags/example_branch_python_dop_operator_3.py for tasks to queue
[2024-04-14T13:09:47.541+0000] {logging_mixin.py:188} INFO - [2024-04-14T13:09:47.541+0000] {dagbag.py:540} INFO - Filling up the DagBag from /home/airflow/.local/lib/python3.12/site-packages/airflow/example_dags/example_branch_python_dop_operator_3.py
[2024-04-14T13:09:47.548+0000] {processor.py:840} INFO - DAG(s) 'example_branch_dop_operator_v3' retrieved from /home/airflow/.local/lib/python3.12/site-packages/airflow/example_dags/example_branch_python_dop_operator_3.py
[2024-04-14T13:09:47.565+0000] {logging_mixin.py:188} INFO - [2024-04-14T13:09:47.564+0000] {dag.py:3096} INFO - Sync 1 DAGs
[2024-04-14T13:09:47.588+0000] {logging_mixin.py:188} INFO - [2024-04-14T13:09:47.587+0000] {dag.py:3954} INFO - Setting next_dagrun for example_branch_dop_operator_v3 to 2024-04-14 13:08:00+00:00, run_after=2024-04-14 13:09:00+00:00
[2024-04-14T13:09:47.606+0000] {processor.py:183} INFO - Processing /home/airflow/.local/lib/python3.12/site-packages/airflow/example_dags/example_branch_python_dop_operator_3.py took 0.071 seconds
[2024-04-14T13:10:17.932+0000] {processor.py:161} INFO - Started process (PID=1233) to work on /home/airflow/.local/lib/python3.12/site-packages/airflow/example_dags/example_branch_python_dop_operator_3.py
[2024-04-14T13:10:17.933+0000] {processor.py:830} INFO - Processing file /home/airflow/.local/lib/python3.12/site-packages/airflow/example_dags/example_branch_python_dop_operator_3.py for tasks to queue
[2024-04-14T13:10:17.934+0000] {logging_mixin.py:188} INFO - [2024-04-14T13:10:17.934+0000] {dagbag.py:540} INFO - Filling up the DagBag from /home/airflow/.local/lib/python3.12/site-packages/airflow/example_dags/example_branch_python_dop_operator_3.py
[2024-04-14T13:10:17.941+0000] {processor.py:840} INFO - DAG(s) 'example_branch_dop_operator_v3' retrieved from /home/airflow/.local/lib/python3.12/site-packages/airflow/example_dags/example_branch_python_dop_operator_3.py
[2024-04-14T13:10:17.957+0000] {logging_mixin.py:188} INFO - [2024-04-14T13:10:17.957+0000] {dag.py:3096} INFO - Sync 1 DAGs
[2024-04-14T13:10:17.979+0000] {logging_mixin.py:188} INFO - [2024-04-14T13:10:17.979+0000] {dag.py:3954} INFO - Setting next_dagrun for example_branch_dop_operator_v3 to 2024-04-14 13:09:00+00:00, run_after=2024-04-14 13:10:00+00:00
[2024-04-14T13:10:17.997+0000] {processor.py:183} INFO - Processing /home/airflow/.local/lib/python3.12/site-packages/airflow/example_dags/example_branch_python_dop_operator_3.py took 0.070 seconds
[2024-04-14T13:10:48.359+0000] {processor.py:161} INFO - Started process (PID=1291) to work on /home/airflow/.local/lib/python3.12/site-packages/airflow/example_dags/example_branch_python_dop_operator_3.py
[2024-04-14T13:10:48.360+0000] {processor.py:830} INFO - Processing file /home/airflow/.local/lib/python3.12/site-packages/airflow/example_dags/example_branch_python_dop_operator_3.py for tasks to queue
[2024-04-14T13:10:48.361+0000] {logging_mixin.py:188} INFO - [2024-04-14T13:10:48.361+0000] {dagbag.py:540} INFO - Filling up the DagBag from /home/airflow/.local/lib/python3.12/site-packages/airflow/example_dags/example_branch_python_dop_operator_3.py
[2024-04-14T13:10:48.368+0000] {processor.py:840} INFO - DAG(s) 'example_branch_dop_operator_v3' retrieved from /home/airflow/.local/lib/python3.12/site-packages/airflow/example_dags/example_branch_python_dop_operator_3.py
[2024-04-14T13:10:48.384+0000] {logging_mixin.py:188} INFO - [2024-04-14T13:10:48.384+0000] {dag.py:3096} INFO - Sync 1 DAGs
[2024-04-14T13:10:48.406+0000] {logging_mixin.py:188} INFO - [2024-04-14T13:10:48.406+0000] {dag.py:3954} INFO - Setting next_dagrun for example_branch_dop_operator_v3 to 2024-04-14 13:09:00+00:00, run_after=2024-04-14 13:10:00+00:00
[2024-04-14T13:10:48.424+0000] {processor.py:183} INFO - Processing /home/airflow/.local/lib/python3.12/site-packages/airflow/example_dags/example_branch_python_dop_operator_3.py took 0.069 seconds
[2024-04-14T13:11:18.707+0000] {processor.py:161} INFO - Started process (PID=1349) to work on /home/airflow/.local/lib/python3.12/site-packages/airflow/example_dags/example_branch_python_dop_operator_3.py
[2024-04-14T13:11:18.707+0000] {processor.py:830} INFO - Processing file /home/airflow/.local/lib/python3.12/site-packages/airflow/example_dags/example_branch_python_dop_operator_3.py for tasks to queue
[2024-04-14T13:11:18.709+0000] {logging_mixin.py:188} INFO - [2024-04-14T13:11:18.709+0000] {dagbag.py:540} INFO - Filling up the DagBag from /home/airflow/.local/lib/python3.12/site-packages/airflow/example_dags/example_branch_python_dop_operator_3.py
[2024-04-14T13:11:18.715+0000] {processor.py:840} INFO - DAG(s) 'example_branch_dop_operator_v3' retrieved from /home/airflow/.local/lib/python3.12/site-packages/airflow/example_dags/example_branch_python_dop_operator_3.py
[2024-04-14T13:11:18.733+0000] {logging_mixin.py:188} INFO - [2024-04-14T13:11:18.733+0000] {dag.py:3096} INFO - Sync 1 DAGs
[2024-04-14T13:11:18.756+0000] {logging_mixin.py:188} INFO - [2024-04-14T13:11:18.756+0000] {dag.py:3954} INFO - Setting next_dagrun for example_branch_dop_operator_v3 to 2024-04-14 13:10:00+00:00, run_after=2024-04-14 13:11:00+00:00
[2024-04-14T13:11:18.774+0000] {processor.py:183} INFO - Processing /home/airflow/.local/lib/python3.12/site-packages/airflow/example_dags/example_branch_python_dop_operator_3.py took 0.071 seconds
[2024-04-14T13:11:49.048+0000] {processor.py:161} INFO - Started process (PID=1407) to work on /home/airflow/.local/lib/python3.12/site-packages/airflow/example_dags/example_branch_python_dop_operator_3.py
[2024-04-14T13:11:49.049+0000] {processor.py:830} INFO - Processing file /home/airflow/.local/lib/python3.12/site-packages/airflow/example_dags/example_branch_python_dop_operator_3.py for tasks to queue
[2024-04-14T13:11:49.050+0000] {logging_mixin.py:188} INFO - [2024-04-14T13:11:49.050+0000] {dagbag.py:540} INFO - Filling up the DagBag from /home/airflow/.local/lib/python3.12/site-packages/airflow/example_dags/example_branch_python_dop_operator_3.py
[2024-04-14T13:11:49.057+0000] {processor.py:840} INFO - DAG(s) 'example_branch_dop_operator_v3' retrieved from /home/airflow/.local/lib/python3.12/site-packages/airflow/example_dags/example_branch_python_dop_operator_3.py
[2024-04-14T13:11:49.072+0000] {logging_mixin.py:188} INFO - [2024-04-14T13:11:49.072+0000] {dag.py:3096} INFO - Sync 1 DAGs
[2024-04-14T13:11:49.094+0000] {logging_mixin.py:188} INFO - [2024-04-14T13:11:49.094+0000] {dag.py:3954} INFO - Setting next_dagrun for example_branch_dop_operator_v3 to 2024-04-14 13:10:00+00:00, run_after=2024-04-14 13:11:00+00:00
[2024-04-14T13:11:49.112+0000] {processor.py:183} INFO - Processing /home/airflow/.local/lib/python3.12/site-packages/airflow/example_dags/example_branch_python_dop_operator_3.py took 0.068 seconds
[2024-04-14T13:12:19.390+0000] {processor.py:161} INFO - Started process (PID=1465) to work on /home/airflow/.local/lib/python3.12/site-packages/airflow/example_dags/example_branch_python_dop_operator_3.py
[2024-04-14T13:12:19.390+0000] {processor.py:830} INFO - Processing file /home/airflow/.local/lib/python3.12/site-packages/airflow/example_dags/example_branch_python_dop_operator_3.py for tasks to queue
[2024-04-14T13:12:19.392+0000] {logging_mixin.py:188} INFO - [2024-04-14T13:12:19.392+0000] {dagbag.py:540} INFO - Filling up the DagBag from /home/airflow/.local/lib/python3.12/site-packages/airflow/example_dags/example_branch_python_dop_operator_3.py
[2024-04-14T13:12:19.399+0000] {processor.py:840} INFO - DAG(s) 'example_branch_dop_operator_v3' retrieved from /home/airflow/.local/lib/python3.12/site-packages/airflow/example_dags/example_branch_python_dop_operator_3.py
[2024-04-14T13:12:19.414+0000] {logging_mixin.py:188} INFO - [2024-04-14T13:12:19.414+0000] {dag.py:3096} INFO - Sync 1 DAGs
[2024-04-14T13:12:19.435+0000] {logging_mixin.py:188} INFO - [2024-04-14T13:12:19.435+0000] {dag.py:3954} INFO - Setting next_dagrun for example_branch_dop_operator_v3 to 2024-04-14 13:11:00+00:00, run_after=2024-04-14 13:12:00+00:00
[2024-04-14T13:12:19.452+0000] {processor.py:183} INFO - Processing /home/airflow/.local/lib/python3.12/site-packages/airflow/example_dags/example_branch_python_dop_operator_3.py took 0.067 seconds
[2024-04-14T13:12:49.735+0000] {processor.py:161} INFO - Started process (PID=1523) to work on /home/airflow/.local/lib/python3.12/site-packages/airflow/example_dags/example_branch_python_dop_operator_3.py
[2024-04-14T13:12:49.736+0000] {processor.py:830} INFO - Processing file /home/airflow/.local/lib/python3.12/site-packages/airflow/example_dags/example_branch_python_dop_operator_3.py for tasks to queue
[2024-04-14T13:12:49.737+0000] {logging_mixin.py:188} INFO - [2024-04-14T13:12:49.737+0000] {dagbag.py:540} INFO - Filling up the DagBag from /home/airflow/.local/lib/python3.12/site-packages/airflow/example_dags/example_branch_python_dop_operator_3.py
[2024-04-14T13:12:49.744+0000] {processor.py:840} INFO - DAG(s) 'example_branch_dop_operator_v3' retrieved from /home/airflow/.local/lib/python3.12/site-packages/airflow/example_dags/example_branch_python_dop_operator_3.py
[2024-04-14T13:12:49.760+0000] {logging_mixin.py:188} INFO - [2024-04-14T13:12:49.760+0000] {dag.py:3096} INFO - Sync 1 DAGs
[2024-04-14T13:12:49.782+0000] {logging_mixin.py:188} INFO - [2024-04-14T13:12:49.782+0000] {dag.py:3954} INFO - Setting next_dagrun for example_branch_dop_operator_v3 to 2024-04-14 13:11:00+00:00, run_after=2024-04-14 13:12:00+00:00
[2024-04-14T13:12:49.799+0000] {processor.py:183} INFO - Processing /home/airflow/.local/lib/python3.12/site-packages/airflow/example_dags/example_branch_python_dop_operator_3.py took 0.069 seconds
[2024-04-14T13:13:20.188+0000] {processor.py:161} INFO - Started process (PID=1581) to work on /home/airflow/.local/lib/python3.12/site-packages/airflow/example_dags/example_branch_python_dop_operator_3.py
[2024-04-14T13:13:20.189+0000] {processor.py:830} INFO - Processing file /home/airflow/.local/lib/python3.12/site-packages/airflow/example_dags/example_branch_python_dop_operator_3.py for tasks to queue
[2024-04-14T13:13:20.190+0000] {logging_mixin.py:188} INFO - [2024-04-14T13:13:20.190+0000] {dagbag.py:540} INFO - Filling up the DagBag from /home/airflow/.local/lib/python3.12/site-packages/airflow/example_dags/example_branch_python_dop_operator_3.py
[2024-04-14T13:13:20.199+0000] {processor.py:840} INFO - DAG(s) 'example_branch_dop_operator_v3' retrieved from /home/airflow/.local/lib/python3.12/site-packages/airflow/example_dags/example_branch_python_dop_operator_3.py
[2024-04-14T13:13:20.216+0000] {logging_mixin.py:188} INFO - [2024-04-14T13:13:20.216+0000] {dag.py:3096} INFO - Sync 1 DAGs
[2024-04-14T13:13:20.240+0000] {logging_mixin.py:188} INFO - [2024-04-14T13:13:20.240+0000] {dag.py:3954} INFO - Setting next_dagrun for example_branch_dop_operator_v3 to 2024-04-14 13:12:00+00:00, run_after=2024-04-14 13:13:00+00:00
[2024-04-14T13:13:20.258+0000] {processor.py:183} INFO - Processing /home/airflow/.local/lib/python3.12/site-packages/airflow/example_dags/example_branch_python_dop_operator_3.py took 0.074 seconds
[2024-04-14T13:13:51.026+0000] {processor.py:161} INFO - Started process (PID=1639) to work on /home/airflow/.local/lib/python3.12/site-packages/airflow/example_dags/example_branch_python_dop_operator_3.py
[2024-04-14T13:13:51.027+0000] {processor.py:830} INFO - Processing file /home/airflow/.local/lib/python3.12/site-packages/airflow/example_dags/example_branch_python_dop_operator_3.py for tasks to queue
[2024-04-14T13:13:51.029+0000] {logging_mixin.py:188} INFO - [2024-04-14T13:13:51.029+0000] {dagbag.py:540} INFO - Filling up the DagBag from /home/airflow/.local/lib/python3.12/site-packages/airflow/example_dags/example_branch_python_dop_operator_3.py
[2024-04-14T13:13:51.049+0000] {processor.py:840} INFO - DAG(s) 'example_branch_dop_operator_v3' retrieved from /home/airflow/.local/lib/python3.12/site-packages/airflow/example_dags/example_branch_python_dop_operator_3.py
[2024-04-14T13:13:51.077+0000] {logging_mixin.py:188} INFO - [2024-04-14T13:13:51.077+0000] {dag.py:3096} INFO - Sync 1 DAGs
[2024-04-14T13:13:51.112+0000] {logging_mixin.py:188} INFO - [2024-04-14T13:13:51.112+0000] {dag.py:3954} INFO - Setting next_dagrun for example_branch_dop_operator_v3 to 2024-04-14 13:12:00+00:00, run_after=2024-04-14 13:13:00+00:00
[2024-04-14T13:13:51.134+0000] {processor.py:183} INFO - Processing /home/airflow/.local/lib/python3.12/site-packages/airflow/example_dags/example_branch_python_dop_operator_3.py took 0.116 seconds
[2024-04-14T13:14:21.680+0000] {processor.py:161} INFO - Started process (PID=1697) to work on /home/airflow/.local/lib/python3.12/site-packages/airflow/example_dags/example_branch_python_dop_operator_3.py
[2024-04-14T13:14:21.681+0000] {processor.py:830} INFO - Processing file /home/airflow/.local/lib/python3.12/site-packages/airflow/example_dags/example_branch_python_dop_operator_3.py for tasks to queue
[2024-04-14T13:14:21.683+0000] {logging_mixin.py:188} INFO - [2024-04-14T13:14:21.683+0000] {dagbag.py:540} INFO - Filling up the DagBag from /home/airflow/.local/lib/python3.12/site-packages/airflow/example_dags/example_branch_python_dop_operator_3.py
[2024-04-14T13:14:21.690+0000] {processor.py:840} INFO - DAG(s) 'example_branch_dop_operator_v3' retrieved from /home/airflow/.local/lib/python3.12/site-packages/airflow/example_dags/example_branch_python_dop_operator_3.py
[2024-04-14T13:14:21.708+0000] {logging_mixin.py:188} INFO - [2024-04-14T13:14:21.708+0000] {dag.py:3096} INFO - Sync 1 DAGs
[2024-04-14T13:14:21.732+0000] {logging_mixin.py:188} INFO - [2024-04-14T13:14:21.732+0000] {dag.py:3954} INFO - Setting next_dagrun for example_branch_dop_operator_v3 to 2024-04-14 13:13:00+00:00, run_after=2024-04-14 13:14:00+00:00
[2024-04-14T13:14:21.751+0000] {processor.py:183} INFO - Processing /home/airflow/.local/lib/python3.12/site-packages/airflow/example_dags/example_branch_python_dop_operator_3.py took 0.075 seconds
[2024-04-14T13:14:52.194+0000] {processor.py:161} INFO - Started process (PID=1756) to work on /home/airflow/.local/lib/python3.12/site-packages/airflow/example_dags/example_branch_python_dop_operator_3.py
[2024-04-14T13:14:52.195+0000] {processor.py:830} INFO - Processing file /home/airflow/.local/lib/python3.12/site-packages/airflow/example_dags/example_branch_python_dop_operator_3.py for tasks to queue
[2024-04-14T13:14:52.197+0000] {logging_mixin.py:188} INFO - [2024-04-14T13:14:52.196+0000] {dagbag.py:540} INFO - Filling up the DagBag from /home/airflow/.local/lib/python3.12/site-packages/airflow/example_dags/example_branch_python_dop_operator_3.py
[2024-04-14T13:14:52.206+0000] {processor.py:840} INFO - DAG(s) 'example_branch_dop_operator_v3' retrieved from /home/airflow/.local/lib/python3.12/site-packages/airflow/example_dags/example_branch_python_dop_operator_3.py
[2024-04-14T13:14:52.224+0000] {logging_mixin.py:188} INFO - [2024-04-14T13:14:52.224+0000] {dag.py:3096} INFO - Sync 1 DAGs
[2024-04-14T13:14:52.249+0000] {logging_mixin.py:188} INFO - [2024-04-14T13:14:52.249+0000] {dag.py:3954} INFO - Setting next_dagrun for example_branch_dop_operator_v3 to 2024-04-14 13:13:00+00:00, run_after=2024-04-14 13:14:00+00:00
[2024-04-14T13:14:52.270+0000] {processor.py:183} INFO - Processing /home/airflow/.local/lib/python3.12/site-packages/airflow/example_dags/example_branch_python_dop_operator_3.py took 0.080 seconds
[2024-04-14T13:15:22.727+0000] {processor.py:161} INFO - Started process (PID=1814) to work on /home/airflow/.local/lib/python3.12/site-packages/airflow/example_dags/example_branch_python_dop_operator_3.py
[2024-04-14T13:15:22.728+0000] {processor.py:830} INFO - Processing file /home/airflow/.local/lib/python3.12/site-packages/airflow/example_dags/example_branch_python_dop_operator_3.py for tasks to queue
[2024-04-14T13:15:22.732+0000] {logging_mixin.py:188} INFO - [2024-04-14T13:15:22.731+0000] {dagbag.py:540} INFO - Filling up the DagBag from /home/airflow/.local/lib/python3.12/site-packages/airflow/example_dags/example_branch_python_dop_operator_3.py
[2024-04-14T13:15:22.744+0000] {processor.py:840} INFO - DAG(s) 'example_branch_dop_operator_v3' retrieved from /home/airflow/.local/lib/python3.12/site-packages/airflow/example_dags/example_branch_python_dop_operator_3.py
[2024-04-14T13:15:22.761+0000] {logging_mixin.py:188} INFO - [2024-04-14T13:15:22.760+0000] {dag.py:3096} INFO - Sync 1 DAGs
[2024-04-14T13:15:22.785+0000] {logging_mixin.py:188} INFO - [2024-04-14T13:15:22.785+0000] {dag.py:3954} INFO - Setting next_dagrun for example_branch_dop_operator_v3 to 2024-04-14 13:14:00+00:00, run_after=2024-04-14 13:15:00+00:00
[2024-04-14T13:15:22.803+0000] {processor.py:183} INFO - Processing /home/airflow/.local/lib/python3.12/site-packages/airflow/example_dags/example_branch_python_dop_operator_3.py took 0.081 seconds
[2024-04-14T13:15:53.173+0000] {processor.py:161} INFO - Started process (PID=1873) to work on /home/airflow/.local/lib/python3.12/site-packages/airflow/example_dags/example_branch_python_dop_operator_3.py
[2024-04-14T13:15:53.174+0000] {processor.py:830} INFO - Processing file /home/airflow/.local/lib/python3.12/site-packages/airflow/example_dags/example_branch_python_dop_operator_3.py for tasks to queue
[2024-04-14T13:15:53.175+0000] {logging_mixin.py:188} INFO - [2024-04-14T13:15:53.175+0000] {dagbag.py:540} INFO - Filling up the DagBag from /home/airflow/.local/lib/python3.12/site-packages/airflow/example_dags/example_branch_python_dop_operator_3.py
[2024-04-14T13:15:53.182+0000] {processor.py:840} INFO - DAG(s) 'example_branch_dop_operator_v3' retrieved from /home/airflow/.local/lib/python3.12/site-packages/airflow/example_dags/example_branch_python_dop_operator_3.py
[2024-04-14T13:15:53.197+0000] {logging_mixin.py:188} INFO - [2024-04-14T13:15:53.197+0000] {dag.py:3096} INFO - Sync 1 DAGs
[2024-04-14T13:15:53.219+0000] {logging_mixin.py:188} INFO - [2024-04-14T13:15:53.219+0000] {dag.py:3954} INFO - Setting next_dagrun for example_branch_dop_operator_v3 to 2024-04-14 13:14:00+00:00, run_after=2024-04-14 13:15:00+00:00
[2024-04-14T13:15:53.234+0000] {processor.py:183} INFO - Processing /home/airflow/.local/lib/python3.12/site-packages/airflow/example_dags/example_branch_python_dop_operator_3.py took 0.065 seconds
[2024-04-14T13:16:23.638+0000] {processor.py:161} INFO - Started process (PID=1931) to work on /home/airflow/.local/lib/python3.12/site-packages/airflow/example_dags/example_branch_python_dop_operator_3.py
[2024-04-14T13:16:23.638+0000] {processor.py:830} INFO - Processing file /home/airflow/.local/lib/python3.12/site-packages/airflow/example_dags/example_branch_python_dop_operator_3.py for tasks to queue
[2024-04-14T13:16:23.639+0000] {logging_mixin.py:188} INFO - [2024-04-14T13:16:23.639+0000] {dagbag.py:540} INFO - Filling up the DagBag from /home/airflow/.local/lib/python3.12/site-packages/airflow/example_dags/example_branch_python_dop_operator_3.py
[2024-04-14T13:16:23.646+0000] {processor.py:840} INFO - DAG(s) 'example_branch_dop_operator_v3' retrieved from /home/airflow/.local/lib/python3.12/site-packages/airflow/example_dags/example_branch_python_dop_operator_3.py
[2024-04-14T13:16:23.661+0000] {logging_mixin.py:188} INFO - [2024-04-14T13:16:23.661+0000] {dag.py:3096} INFO - Sync 1 DAGs
[2024-04-14T13:16:23.683+0000] {logging_mixin.py:188} INFO - [2024-04-14T13:16:23.683+0000] {dag.py:3954} INFO - Setting next_dagrun for example_branch_dop_operator_v3 to 2024-04-14 13:15:00+00:00, run_after=2024-04-14 13:16:00+00:00
[2024-04-14T13:16:23.700+0000] {processor.py:183} INFO - Processing /home/airflow/.local/lib/python3.12/site-packages/airflow/example_dags/example_branch_python_dop_operator_3.py took 0.066 seconds
[2024-04-14T13:16:54.114+0000] {processor.py:161} INFO - Started process (PID=1990) to work on /home/airflow/.local/lib/python3.12/site-packages/airflow/example_dags/example_branch_python_dop_operator_3.py
[2024-04-14T13:16:54.115+0000] {processor.py:830} INFO - Processing file /home/airflow/.local/lib/python3.12/site-packages/airflow/example_dags/example_branch_python_dop_operator_3.py for tasks to queue
[2024-04-14T13:16:54.116+0000] {logging_mixin.py:188} INFO - [2024-04-14T13:16:54.116+0000] {dagbag.py:540} INFO - Filling up the DagBag from /home/airflow/.local/lib/python3.12/site-packages/airflow/example_dags/example_branch_python_dop_operator_3.py
[2024-04-14T13:16:54.123+0000] {processor.py:840} INFO - DAG(s) 'example_branch_dop_operator_v3' retrieved from /home/airflow/.local/lib/python3.12/site-packages/airflow/example_dags/example_branch_python_dop_operator_3.py
[2024-04-14T13:16:54.137+0000] {logging_mixin.py:188} INFO - [2024-04-14T13:16:54.137+0000] {dag.py:3096} INFO - Sync 1 DAGs
[2024-04-14T13:16:54.158+0000] {logging_mixin.py:188} INFO - [2024-04-14T13:16:54.158+0000] {dag.py:3954} INFO - Setting next_dagrun for example_branch_dop_operator_v3 to 2024-04-14 13:15:00+00:00, run_after=2024-04-14 13:16:00+00:00
[2024-04-14T13:16:54.174+0000] {processor.py:183} INFO - Processing /home/airflow/.local/lib/python3.12/site-packages/airflow/example_dags/example_branch_python_dop_operator_3.py took 0.064 seconds
[2024-04-14T13:17:24.395+0000] {processor.py:161} INFO - Started process (PID=2049) to work on /home/airflow/.local/lib/python3.12/site-packages/airflow/example_dags/example_branch_python_dop_operator_3.py
[2024-04-14T13:17:24.396+0000] {processor.py:830} INFO - Processing file /home/airflow/.local/lib/python3.12/site-packages/airflow/example_dags/example_branch_python_dop_operator_3.py for tasks to queue
[2024-04-14T13:17:24.397+0000] {logging_mixin.py:188} INFO - [2024-04-14T13:17:24.397+0000] {dagbag.py:540} INFO - Filling up the DagBag from /home/airflow/.local/lib/python3.12/site-packages/airflow/example_dags/example_branch_python_dop_operator_3.py
[2024-04-14T13:17:24.403+0000] {processor.py:840} INFO - DAG(s) 'example_branch_dop_operator_v3' retrieved from /home/airflow/.local/lib/python3.12/site-packages/airflow/example_dags/example_branch_python_dop_operator_3.py
[2024-04-14T13:17:24.418+0000] {logging_mixin.py:188} INFO - [2024-04-14T13:17:24.418+0000] {dag.py:3096} INFO - Sync 1 DAGs
[2024-04-14T13:17:24.439+0000] {logging_mixin.py:188} INFO - [2024-04-14T13:17:24.439+0000] {dag.py:3954} INFO - Setting next_dagrun for example_branch_dop_operator_v3 to 2024-04-14 13:16:00+00:00, run_after=2024-04-14 13:17:00+00:00
[2024-04-14T13:17:24.456+0000] {processor.py:183} INFO - Processing /home/airflow/.local/lib/python3.12/site-packages/airflow/example_dags/example_branch_python_dop_operator_3.py took 0.065 seconds
[2024-04-14T13:17:54.844+0000] {processor.py:161} INFO - Started process (PID=2107) to work on /home/airflow/.local/lib/python3.12/site-packages/airflow/example_dags/example_branch_python_dop_operator_3.py
[2024-04-14T13:17:54.845+0000] {processor.py:830} INFO - Processing file /home/airflow/.local/lib/python3.12/site-packages/airflow/example_dags/example_branch_python_dop_operator_3.py for tasks to queue
[2024-04-14T13:17:54.846+0000] {logging_mixin.py:188} INFO - [2024-04-14T13:17:54.846+0000] {dagbag.py:540} INFO - Filling up the DagBag from /home/airflow/.local/lib/python3.12/site-packages/airflow/example_dags/example_branch_python_dop_operator_3.py
[2024-04-14T13:17:54.854+0000] {processor.py:840} INFO - DAG(s) 'example_branch_dop_operator_v3' retrieved from /home/airflow/.local/lib/python3.12/site-packages/airflow/example_dags/example_branch_python_dop_operator_3.py
[2024-04-14T13:17:54.870+0000] {logging_mixin.py:188} INFO - [2024-04-14T13:17:54.869+0000] {dag.py:3096} INFO - Sync 1 DAGs
[2024-04-14T13:17:54.891+0000] {logging_mixin.py:188} INFO - [2024-04-14T13:17:54.890+0000] {dag.py:3954} INFO - Setting next_dagrun for example_branch_dop_operator_v3 to 2024-04-14 13:16:00+00:00, run_after=2024-04-14 13:17:00+00:00
[2024-04-14T13:17:54.906+0000] {processor.py:183} INFO - Processing /home/airflow/.local/lib/python3.12/site-packages/airflow/example_dags/example_branch_python_dop_operator_3.py took 0.068 seconds
[2024-04-14T13:18:25.214+0000] {processor.py:161} INFO - Started process (PID=2165) to work on /home/airflow/.local/lib/python3.12/site-packages/airflow/example_dags/example_branch_python_dop_operator_3.py
[2024-04-14T13:18:25.215+0000] {processor.py:830} INFO - Processing file /home/airflow/.local/lib/python3.12/site-packages/airflow/example_dags/example_branch_python_dop_operator_3.py for tasks to queue
[2024-04-14T13:18:25.216+0000] {logging_mixin.py:188} INFO - [2024-04-14T13:18:25.216+0000] {dagbag.py:540} INFO - Filling up the DagBag from /home/airflow/.local/lib/python3.12/site-packages/airflow/example_dags/example_branch_python_dop_operator_3.py
[2024-04-14T13:18:25.224+0000] {processor.py:840} INFO - DAG(s) 'example_branch_dop_operator_v3' retrieved from /home/airflow/.local/lib/python3.12/site-packages/airflow/example_dags/example_branch_python_dop_operator_3.py
[2024-04-14T13:18:25.239+0000] {logging_mixin.py:188} INFO - [2024-04-14T13:18:25.238+0000] {dag.py:3096} INFO - Sync 1 DAGs
[2024-04-14T13:18:25.261+0000] {logging_mixin.py:188} INFO - [2024-04-14T13:18:25.260+0000] {dag.py:3954} INFO - Setting next_dagrun for example_branch_dop_operator_v3 to 2024-04-14 13:17:00+00:00, run_after=2024-04-14 13:18:00+00:00
[2024-04-14T13:18:25.276+0000] {processor.py:183} INFO - Processing /home/airflow/.local/lib/python3.12/site-packages/airflow/example_dags/example_branch_python_dop_operator_3.py took 0.067 seconds
[2024-04-14T13:18:56.096+0000] {processor.py:161} INFO - Started process (PID=2224) to work on /home/airflow/.local/lib/python3.12/site-packages/airflow/example_dags/example_branch_python_dop_operator_3.py
[2024-04-14T13:18:56.097+0000] {processor.py:830} INFO - Processing file /home/airflow/.local/lib/python3.12/site-packages/airflow/example_dags/example_branch_python_dop_operator_3.py for tasks to queue
[2024-04-14T13:18:56.099+0000] {logging_mixin.py:188} INFO - [2024-04-14T13:18:56.099+0000] {dagbag.py:540} INFO - Filling up the DagBag from /home/airflow/.local/lib/python3.12/site-packages/airflow/example_dags/example_branch_python_dop_operator_3.py
[2024-04-14T13:18:56.106+0000] {processor.py:840} INFO - DAG(s) 'example_branch_dop_operator_v3' retrieved from /home/airflow/.local/lib/python3.12/site-packages/airflow/example_dags/example_branch_python_dop_operator_3.py
[2024-04-14T13:18:56.124+0000] {logging_mixin.py:188} INFO - [2024-04-14T13:18:56.124+0000] {dag.py:3096} INFO - Sync 1 DAGs
[2024-04-14T13:18:56.148+0000] {logging_mixin.py:188} INFO - [2024-04-14T13:18:56.148+0000] {dag.py:3954} INFO - Setting next_dagrun for example_branch_dop_operator_v3 to 2024-04-14 13:17:00+00:00, run_after=2024-04-14 13:18:00+00:00
[2024-04-14T13:18:56.167+0000] {processor.py:183} INFO - Processing /home/airflow/.local/lib/python3.12/site-packages/airflow/example_dags/example_branch_python_dop_operator_3.py took 0.075 seconds
[2024-04-14T13:19:26.831+0000] {processor.py:161} INFO - Started process (PID=2282) to work on /home/airflow/.local/lib/python3.12/site-packages/airflow/example_dags/example_branch_python_dop_operator_3.py
[2024-04-14T13:19:26.832+0000] {processor.py:830} INFO - Processing file /home/airflow/.local/lib/python3.12/site-packages/airflow/example_dags/example_branch_python_dop_operator_3.py for tasks to queue
[2024-04-14T13:19:26.833+0000] {logging_mixin.py:188} INFO - [2024-04-14T13:19:26.833+0000] {dagbag.py:540} INFO - Filling up the DagBag from /home/airflow/.local/lib/python3.12/site-packages/airflow/example_dags/example_branch_python_dop_operator_3.py
[2024-04-14T13:19:26.841+0000] {processor.py:840} INFO - DAG(s) 'example_branch_dop_operator_v3' retrieved from /home/airflow/.local/lib/python3.12/site-packages/airflow/example_dags/example_branch_python_dop_operator_3.py
[2024-04-14T13:19:26.857+0000] {logging_mixin.py:188} INFO - [2024-04-14T13:19:26.857+0000] {dag.py:3096} INFO - Sync 1 DAGs
[2024-04-14T13:19:26.878+0000] {logging_mixin.py:188} INFO - [2024-04-14T13:19:26.878+0000] {dag.py:3954} INFO - Setting next_dagrun for example_branch_dop_operator_v3 to 2024-04-14 13:18:00+00:00, run_after=2024-04-14 13:19:00+00:00
[2024-04-14T13:19:26.896+0000] {processor.py:183} INFO - Processing /home/airflow/.local/lib/python3.12/site-packages/airflow/example_dags/example_branch_python_dop_operator_3.py took 0.070 seconds
[2024-04-14T13:19:57.205+0000] {processor.py:161} INFO - Started process (PID=2340) to work on /home/airflow/.local/lib/python3.12/site-packages/airflow/example_dags/example_branch_python_dop_operator_3.py
[2024-04-14T13:19:57.206+0000] {processor.py:830} INFO - Processing file /home/airflow/.local/lib/python3.12/site-packages/airflow/example_dags/example_branch_python_dop_operator_3.py for tasks to queue
[2024-04-14T13:19:57.207+0000] {logging_mixin.py:188} INFO - [2024-04-14T13:19:57.207+0000] {dagbag.py:540} INFO - Filling up the DagBag from /home/airflow/.local/lib/python3.12/site-packages/airflow/example_dags/example_branch_python_dop_operator_3.py
[2024-04-14T13:19:57.214+0000] {processor.py:840} INFO - DAG(s) 'example_branch_dop_operator_v3' retrieved from /home/airflow/.local/lib/python3.12/site-packages/airflow/example_dags/example_branch_python_dop_operator_3.py
[2024-04-14T13:19:57.232+0000] {logging_mixin.py:188} INFO - [2024-04-14T13:19:57.232+0000] {dag.py:3096} INFO - Sync 1 DAGs
[2024-04-14T13:19:57.257+0000] {logging_mixin.py:188} INFO - [2024-04-14T13:19:57.256+0000] {dag.py:3954} INFO - Setting next_dagrun for example_branch_dop_operator_v3 to 2024-04-14 13:18:00+00:00, run_after=2024-04-14 13:19:00+00:00
[2024-04-14T13:19:57.276+0000] {processor.py:183} INFO - Processing /home/airflow/.local/lib/python3.12/site-packages/airflow/example_dags/example_branch_python_dop_operator_3.py took 0.075 seconds
