[2024-04-14T13:00:04.172+0000] {processor.py:161} INFO - Started process (PID=69) to work on /home/airflow/.local/lib/python3.12/site-packages/airflow/example_dags/example_latest_only_with_trigger.py
[2024-04-14T13:00:04.173+0000] {processor.py:830} INFO - Processing file /home/airflow/.local/lib/python3.12/site-packages/airflow/example_dags/example_latest_only_with_trigger.py for tasks to queue
[2024-04-14T13:00:04.175+0000] {logging_mixin.py:188} INFO - [2024-04-14T13:00:04.174+0000] {dagbag.py:540} INFO - Filling up the DagBag from /home/airflow/.local/lib/python3.12/site-packages/airflow/example_dags/example_latest_only_with_trigger.py
[2024-04-14T13:00:04.184+0000] {processor.py:840} INFO - DAG(s) 'latest_only_with_trigger' retrieved from /home/airflow/.local/lib/python3.12/site-packages/airflow/example_dags/example_latest_only_with_trigger.py
[2024-04-14T13:00:04.197+0000] {logging_mixin.py:188} INFO - [2024-04-14T13:00:04.196+0000] {dag.py:3096} INFO - Sync 1 DAGs
[2024-04-14T13:00:04.223+0000] {logging_mixin.py:188} INFO - [2024-04-14T13:00:04.223+0000] {dag.py:3954} INFO - Setting next_dagrun for latest_only_with_trigger to 2024-04-14 08:00:00+00:00, run_after=2024-04-14 12:00:00+00:00
[2024-04-14T13:00:04.246+0000] {processor.py:183} INFO - Processing /home/airflow/.local/lib/python3.12/site-packages/airflow/example_dags/example_latest_only_with_trigger.py took 0.080 seconds
[2024-04-14T13:00:35.536+0000] {processor.py:161} INFO - Started process (PID=126) to work on /home/airflow/.local/lib/python3.12/site-packages/airflow/example_dags/example_latest_only_with_trigger.py
[2024-04-14T13:00:35.537+0000] {processor.py:830} INFO - Processing file /home/airflow/.local/lib/python3.12/site-packages/airflow/example_dags/example_latest_only_with_trigger.py for tasks to queue
[2024-04-14T13:00:35.539+0000] {logging_mixin.py:188} INFO - [2024-04-14T13:00:35.539+0000] {dagbag.py:540} INFO - Filling up the DagBag from /home/airflow/.local/lib/python3.12/site-packages/airflow/example_dags/example_latest_only_with_trigger.py
[2024-04-14T13:00:35.543+0000] {processor.py:840} INFO - DAG(s) 'latest_only_with_trigger' retrieved from /home/airflow/.local/lib/python3.12/site-packages/airflow/example_dags/example_latest_only_with_trigger.py
[2024-04-14T13:00:35.629+0000] {logging_mixin.py:188} INFO - [2024-04-14T13:00:35.628+0000] {dag.py:3096} INFO - Sync 1 DAGs
[2024-04-14T13:00:35.646+0000] {logging_mixin.py:188} INFO - [2024-04-14T13:00:35.646+0000] {dag.py:3954} INFO - Setting next_dagrun for latest_only_with_trigger to 2024-04-14 08:00:00+00:00, run_after=2024-04-14 12:00:00+00:00
[2024-04-14T13:00:35.666+0000] {processor.py:183} INFO - Processing /home/airflow/.local/lib/python3.12/site-packages/airflow/example_dags/example_latest_only_with_trigger.py took 0.135 seconds
[2024-04-14T13:01:05.760+0000] {processor.py:161} INFO - Started process (PID=184) to work on /home/airflow/.local/lib/python3.12/site-packages/airflow/example_dags/example_latest_only_with_trigger.py
[2024-04-14T13:01:05.761+0000] {processor.py:830} INFO - Processing file /home/airflow/.local/lib/python3.12/site-packages/airflow/example_dags/example_latest_only_with_trigger.py for tasks to queue
[2024-04-14T13:01:05.762+0000] {logging_mixin.py:188} INFO - [2024-04-14T13:01:05.762+0000] {dagbag.py:540} INFO - Filling up the DagBag from /home/airflow/.local/lib/python3.12/site-packages/airflow/example_dags/example_latest_only_with_trigger.py
[2024-04-14T13:01:05.766+0000] {processor.py:840} INFO - DAG(s) 'latest_only_with_trigger' retrieved from /home/airflow/.local/lib/python3.12/site-packages/airflow/example_dags/example_latest_only_with_trigger.py
[2024-04-14T13:01:05.783+0000] {logging_mixin.py:188} INFO - [2024-04-14T13:01:05.783+0000] {dag.py:3096} INFO - Sync 1 DAGs
[2024-04-14T13:01:05.801+0000] {logging_mixin.py:188} INFO - [2024-04-14T13:01:05.801+0000] {dag.py:3954} INFO - Setting next_dagrun for latest_only_with_trigger to 2024-04-14 08:00:00+00:00, run_after=2024-04-14 12:00:00+00:00
[2024-04-14T13:01:05.820+0000] {processor.py:183} INFO - Processing /home/airflow/.local/lib/python3.12/site-packages/airflow/example_dags/example_latest_only_with_trigger.py took 0.064 seconds
[2024-04-14T13:01:36.234+0000] {processor.py:161} INFO - Started process (PID=242) to work on /home/airflow/.local/lib/python3.12/site-packages/airflow/example_dags/example_latest_only_with_trigger.py
[2024-04-14T13:01:36.235+0000] {processor.py:830} INFO - Processing file /home/airflow/.local/lib/python3.12/site-packages/airflow/example_dags/example_latest_only_with_trigger.py for tasks to queue
[2024-04-14T13:01:36.237+0000] {logging_mixin.py:188} INFO - [2024-04-14T13:01:36.237+0000] {dagbag.py:540} INFO - Filling up the DagBag from /home/airflow/.local/lib/python3.12/site-packages/airflow/example_dags/example_latest_only_with_trigger.py
[2024-04-14T13:01:36.244+0000] {processor.py:840} INFO - DAG(s) 'latest_only_with_trigger' retrieved from /home/airflow/.local/lib/python3.12/site-packages/airflow/example_dags/example_latest_only_with_trigger.py
[2024-04-14T13:01:36.264+0000] {logging_mixin.py:188} INFO - [2024-04-14T13:01:36.264+0000] {dag.py:3096} INFO - Sync 1 DAGs
[2024-04-14T13:01:36.285+0000] {logging_mixin.py:188} INFO - [2024-04-14T13:01:36.285+0000] {dag.py:3954} INFO - Setting next_dagrun for latest_only_with_trigger to 2024-04-14 08:00:00+00:00, run_after=2024-04-14 12:00:00+00:00
[2024-04-14T13:01:36.305+0000] {processor.py:183} INFO - Processing /home/airflow/.local/lib/python3.12/site-packages/airflow/example_dags/example_latest_only_with_trigger.py took 0.075 seconds
[2024-04-14T13:02:06.843+0000] {processor.py:161} INFO - Started process (PID=300) to work on /home/airflow/.local/lib/python3.12/site-packages/airflow/example_dags/example_latest_only_with_trigger.py
[2024-04-14T13:02:06.844+0000] {processor.py:830} INFO - Processing file /home/airflow/.local/lib/python3.12/site-packages/airflow/example_dags/example_latest_only_with_trigger.py for tasks to queue
[2024-04-14T13:02:06.845+0000] {logging_mixin.py:188} INFO - [2024-04-14T13:02:06.845+0000] {dagbag.py:540} INFO - Filling up the DagBag from /home/airflow/.local/lib/python3.12/site-packages/airflow/example_dags/example_latest_only_with_trigger.py
[2024-04-14T13:02:06.849+0000] {processor.py:840} INFO - DAG(s) 'latest_only_with_trigger' retrieved from /home/airflow/.local/lib/python3.12/site-packages/airflow/example_dags/example_latest_only_with_trigger.py
[2024-04-14T13:02:06.865+0000] {logging_mixin.py:188} INFO - [2024-04-14T13:02:06.865+0000] {dag.py:3096} INFO - Sync 1 DAGs
[2024-04-14T13:02:06.884+0000] {logging_mixin.py:188} INFO - [2024-04-14T13:02:06.883+0000] {dag.py:3954} INFO - Setting next_dagrun for latest_only_with_trigger to 2024-04-14 08:00:00+00:00, run_after=2024-04-14 12:00:00+00:00
[2024-04-14T13:02:06.903+0000] {processor.py:183} INFO - Processing /home/airflow/.local/lib/python3.12/site-packages/airflow/example_dags/example_latest_only_with_trigger.py took 0.064 seconds
[2024-04-14T13:02:37.193+0000] {processor.py:161} INFO - Started process (PID=358) to work on /home/airflow/.local/lib/python3.12/site-packages/airflow/example_dags/example_latest_only_with_trigger.py
[2024-04-14T13:02:37.194+0000] {processor.py:830} INFO - Processing file /home/airflow/.local/lib/python3.12/site-packages/airflow/example_dags/example_latest_only_with_trigger.py for tasks to queue
[2024-04-14T13:02:37.195+0000] {logging_mixin.py:188} INFO - [2024-04-14T13:02:37.195+0000] {dagbag.py:540} INFO - Filling up the DagBag from /home/airflow/.local/lib/python3.12/site-packages/airflow/example_dags/example_latest_only_with_trigger.py
[2024-04-14T13:02:37.199+0000] {processor.py:840} INFO - DAG(s) 'latest_only_with_trigger' retrieved from /home/airflow/.local/lib/python3.12/site-packages/airflow/example_dags/example_latest_only_with_trigger.py
[2024-04-14T13:02:37.217+0000] {logging_mixin.py:188} INFO - [2024-04-14T13:02:37.216+0000] {dag.py:3096} INFO - Sync 1 DAGs
[2024-04-14T13:02:37.240+0000] {logging_mixin.py:188} INFO - [2024-04-14T13:02:37.240+0000] {dag.py:3954} INFO - Setting next_dagrun for latest_only_with_trigger to 2024-04-14 08:00:00+00:00, run_after=2024-04-14 12:00:00+00:00
[2024-04-14T13:02:37.263+0000] {processor.py:183} INFO - Processing /home/airflow/.local/lib/python3.12/site-packages/airflow/example_dags/example_latest_only_with_trigger.py took 0.074 seconds
[2024-04-14T13:03:07.588+0000] {processor.py:161} INFO - Started process (PID=416) to work on /home/airflow/.local/lib/python3.12/site-packages/airflow/example_dags/example_latest_only_with_trigger.py
[2024-04-14T13:03:07.589+0000] {processor.py:830} INFO - Processing file /home/airflow/.local/lib/python3.12/site-packages/airflow/example_dags/example_latest_only_with_trigger.py for tasks to queue
[2024-04-14T13:03:07.591+0000] {logging_mixin.py:188} INFO - [2024-04-14T13:03:07.590+0000] {dagbag.py:540} INFO - Filling up the DagBag from /home/airflow/.local/lib/python3.12/site-packages/airflow/example_dags/example_latest_only_with_trigger.py
[2024-04-14T13:03:07.595+0000] {processor.py:840} INFO - DAG(s) 'latest_only_with_trigger' retrieved from /home/airflow/.local/lib/python3.12/site-packages/airflow/example_dags/example_latest_only_with_trigger.py
[2024-04-14T13:03:07.612+0000] {logging_mixin.py:188} INFO - [2024-04-14T13:03:07.612+0000] {dag.py:3096} INFO - Sync 1 DAGs
[2024-04-14T13:03:07.631+0000] {logging_mixin.py:188} INFO - [2024-04-14T13:03:07.630+0000] {dag.py:3954} INFO - Setting next_dagrun for latest_only_with_trigger to 2024-04-14 08:00:00+00:00, run_after=2024-04-14 12:00:00+00:00
[2024-04-14T13:03:07.650+0000] {processor.py:183} INFO - Processing /home/airflow/.local/lib/python3.12/site-packages/airflow/example_dags/example_latest_only_with_trigger.py took 0.066 seconds
[2024-04-14T13:03:37.747+0000] {processor.py:161} INFO - Started process (PID=475) to work on /home/airflow/.local/lib/python3.12/site-packages/airflow/example_dags/example_latest_only_with_trigger.py
[2024-04-14T13:03:37.748+0000] {processor.py:830} INFO - Processing file /home/airflow/.local/lib/python3.12/site-packages/airflow/example_dags/example_latest_only_with_trigger.py for tasks to queue
[2024-04-14T13:03:37.749+0000] {logging_mixin.py:188} INFO - [2024-04-14T13:03:37.749+0000] {dagbag.py:540} INFO - Filling up the DagBag from /home/airflow/.local/lib/python3.12/site-packages/airflow/example_dags/example_latest_only_with_trigger.py
[2024-04-14T13:03:37.754+0000] {processor.py:840} INFO - DAG(s) 'latest_only_with_trigger' retrieved from /home/airflow/.local/lib/python3.12/site-packages/airflow/example_dags/example_latest_only_with_trigger.py
[2024-04-14T13:03:37.769+0000] {logging_mixin.py:188} INFO - [2024-04-14T13:03:37.769+0000] {dag.py:3096} INFO - Sync 1 DAGs
[2024-04-14T13:03:37.787+0000] {logging_mixin.py:188} INFO - [2024-04-14T13:03:37.787+0000] {dag.py:3954} INFO - Setting next_dagrun for latest_only_with_trigger to 2024-04-14 08:00:00+00:00, run_after=2024-04-14 12:00:00+00:00
[2024-04-14T13:03:37.807+0000] {processor.py:183} INFO - Processing /home/airflow/.local/lib/python3.12/site-packages/airflow/example_dags/example_latest_only_with_trigger.py took 0.065 seconds
[2024-04-14T13:04:08.548+0000] {processor.py:161} INFO - Started process (PID=534) to work on /home/airflow/.local/lib/python3.12/site-packages/airflow/example_dags/example_latest_only_with_trigger.py
[2024-04-14T13:04:08.548+0000] {processor.py:830} INFO - Processing file /home/airflow/.local/lib/python3.12/site-packages/airflow/example_dags/example_latest_only_with_trigger.py for tasks to queue
[2024-04-14T13:04:08.550+0000] {logging_mixin.py:188} INFO - [2024-04-14T13:04:08.550+0000] {dagbag.py:540} INFO - Filling up the DagBag from /home/airflow/.local/lib/python3.12/site-packages/airflow/example_dags/example_latest_only_with_trigger.py
[2024-04-14T13:04:08.554+0000] {processor.py:840} INFO - DAG(s) 'latest_only_with_trigger' retrieved from /home/airflow/.local/lib/python3.12/site-packages/airflow/example_dags/example_latest_only_with_trigger.py
[2024-04-14T13:04:08.570+0000] {logging_mixin.py:188} INFO - [2024-04-14T13:04:08.570+0000] {dag.py:3096} INFO - Sync 1 DAGs
[2024-04-14T13:04:08.592+0000] {logging_mixin.py:188} INFO - [2024-04-14T13:04:08.591+0000] {dag.py:3954} INFO - Setting next_dagrun for latest_only_with_trigger to 2024-04-14 08:00:00+00:00, run_after=2024-04-14 12:00:00+00:00
[2024-04-14T13:04:08.615+0000] {processor.py:183} INFO - Processing /home/airflow/.local/lib/python3.12/site-packages/airflow/example_dags/example_latest_only_with_trigger.py took 0.072 seconds
[2024-04-14T13:04:39.614+0000] {processor.py:161} INFO - Started process (PID=592) to work on /home/airflow/.local/lib/python3.12/site-packages/airflow/example_dags/example_latest_only_with_trigger.py
[2024-04-14T13:04:39.615+0000] {processor.py:830} INFO - Processing file /home/airflow/.local/lib/python3.12/site-packages/airflow/example_dags/example_latest_only_with_trigger.py for tasks to queue
[2024-04-14T13:04:39.616+0000] {logging_mixin.py:188} INFO - [2024-04-14T13:04:39.616+0000] {dagbag.py:540} INFO - Filling up the DagBag from /home/airflow/.local/lib/python3.12/site-packages/airflow/example_dags/example_latest_only_with_trigger.py
[2024-04-14T13:04:39.621+0000] {processor.py:840} INFO - DAG(s) 'latest_only_with_trigger' retrieved from /home/airflow/.local/lib/python3.12/site-packages/airflow/example_dags/example_latest_only_with_trigger.py
[2024-04-14T13:04:39.638+0000] {logging_mixin.py:188} INFO - [2024-04-14T13:04:39.637+0000] {dag.py:3096} INFO - Sync 1 DAGs
[2024-04-14T13:04:39.657+0000] {logging_mixin.py:188} INFO - [2024-04-14T13:04:39.656+0000] {dag.py:3954} INFO - Setting next_dagrun for latest_only_with_trigger to 2024-04-14 08:00:00+00:00, run_after=2024-04-14 12:00:00+00:00
[2024-04-14T13:04:39.674+0000] {processor.py:183} INFO - Processing /home/airflow/.local/lib/python3.12/site-packages/airflow/example_dags/example_latest_only_with_trigger.py took 0.065 seconds
[2024-04-14T13:05:10.614+0000] {processor.py:161} INFO - Started process (PID=650) to work on /home/airflow/.local/lib/python3.12/site-packages/airflow/example_dags/example_latest_only_with_trigger.py
[2024-04-14T13:05:10.615+0000] {processor.py:830} INFO - Processing file /home/airflow/.local/lib/python3.12/site-packages/airflow/example_dags/example_latest_only_with_trigger.py for tasks to queue
[2024-04-14T13:05:10.616+0000] {logging_mixin.py:188} INFO - [2024-04-14T13:05:10.616+0000] {dagbag.py:540} INFO - Filling up the DagBag from /home/airflow/.local/lib/python3.12/site-packages/airflow/example_dags/example_latest_only_with_trigger.py
[2024-04-14T13:05:10.620+0000] {processor.py:840} INFO - DAG(s) 'latest_only_with_trigger' retrieved from /home/airflow/.local/lib/python3.12/site-packages/airflow/example_dags/example_latest_only_with_trigger.py
[2024-04-14T13:05:10.637+0000] {logging_mixin.py:188} INFO - [2024-04-14T13:05:10.636+0000] {dag.py:3096} INFO - Sync 1 DAGs
[2024-04-14T13:05:10.655+0000] {logging_mixin.py:188} INFO - [2024-04-14T13:05:10.655+0000] {dag.py:3954} INFO - Setting next_dagrun for latest_only_with_trigger to 2024-04-14 08:00:00+00:00, run_after=2024-04-14 12:00:00+00:00
[2024-04-14T13:05:10.673+0000] {processor.py:183} INFO - Processing /home/airflow/.local/lib/python3.12/site-packages/airflow/example_dags/example_latest_only_with_trigger.py took 0.063 seconds
[2024-04-14T13:05:41.097+0000] {processor.py:161} INFO - Started process (PID=709) to work on /home/airflow/.local/lib/python3.12/site-packages/airflow/example_dags/example_latest_only_with_trigger.py
[2024-04-14T13:05:41.098+0000] {processor.py:830} INFO - Processing file /home/airflow/.local/lib/python3.12/site-packages/airflow/example_dags/example_latest_only_with_trigger.py for tasks to queue
[2024-04-14T13:05:41.100+0000] {logging_mixin.py:188} INFO - [2024-04-14T13:05:41.100+0000] {dagbag.py:540} INFO - Filling up the DagBag from /home/airflow/.local/lib/python3.12/site-packages/airflow/example_dags/example_latest_only_with_trigger.py
[2024-04-14T13:05:41.105+0000] {processor.py:840} INFO - DAG(s) 'latest_only_with_trigger' retrieved from /home/airflow/.local/lib/python3.12/site-packages/airflow/example_dags/example_latest_only_with_trigger.py
[2024-04-14T13:05:41.126+0000] {logging_mixin.py:188} INFO - [2024-04-14T13:05:41.126+0000] {dag.py:3096} INFO - Sync 1 DAGs
[2024-04-14T13:05:41.152+0000] {logging_mixin.py:188} INFO - [2024-04-14T13:05:41.152+0000] {dag.py:3954} INFO - Setting next_dagrun for latest_only_with_trigger to 2024-04-14 08:00:00+00:00, run_after=2024-04-14 12:00:00+00:00
[2024-04-14T13:05:41.173+0000] {processor.py:183} INFO - Processing /home/airflow/.local/lib/python3.12/site-packages/airflow/example_dags/example_latest_only_with_trigger.py took 0.081 seconds
[2024-04-14T13:06:11.698+0000] {processor.py:161} INFO - Started process (PID=767) to work on /home/airflow/.local/lib/python3.12/site-packages/airflow/example_dags/example_latest_only_with_trigger.py
[2024-04-14T13:06:11.699+0000] {processor.py:830} INFO - Processing file /home/airflow/.local/lib/python3.12/site-packages/airflow/example_dags/example_latest_only_with_trigger.py for tasks to queue
[2024-04-14T13:06:11.700+0000] {logging_mixin.py:188} INFO - [2024-04-14T13:06:11.700+0000] {dagbag.py:540} INFO - Filling up the DagBag from /home/airflow/.local/lib/python3.12/site-packages/airflow/example_dags/example_latest_only_with_trigger.py
[2024-04-14T13:06:11.704+0000] {processor.py:840} INFO - DAG(s) 'latest_only_with_trigger' retrieved from /home/airflow/.local/lib/python3.12/site-packages/airflow/example_dags/example_latest_only_with_trigger.py
[2024-04-14T13:06:11.720+0000] {logging_mixin.py:188} INFO - [2024-04-14T13:06:11.719+0000] {dag.py:3096} INFO - Sync 1 DAGs
[2024-04-14T13:06:11.737+0000] {logging_mixin.py:188} INFO - [2024-04-14T13:06:11.737+0000] {dag.py:3954} INFO - Setting next_dagrun for latest_only_with_trigger to 2024-04-14 08:00:00+00:00, run_after=2024-04-14 12:00:00+00:00
[2024-04-14T13:06:11.754+0000] {processor.py:183} INFO - Processing /home/airflow/.local/lib/python3.12/site-packages/airflow/example_dags/example_latest_only_with_trigger.py took 0.061 seconds
[2024-04-14T13:06:42.389+0000] {processor.py:161} INFO - Started process (PID=825) to work on /home/airflow/.local/lib/python3.12/site-packages/airflow/example_dags/example_latest_only_with_trigger.py
[2024-04-14T13:06:42.390+0000] {processor.py:830} INFO - Processing file /home/airflow/.local/lib/python3.12/site-packages/airflow/example_dags/example_latest_only_with_trigger.py for tasks to queue
[2024-04-14T13:06:42.391+0000] {logging_mixin.py:188} INFO - [2024-04-14T13:06:42.391+0000] {dagbag.py:540} INFO - Filling up the DagBag from /home/airflow/.local/lib/python3.12/site-packages/airflow/example_dags/example_latest_only_with_trigger.py
[2024-04-14T13:06:42.395+0000] {processor.py:840} INFO - DAG(s) 'latest_only_with_trigger' retrieved from /home/airflow/.local/lib/python3.12/site-packages/airflow/example_dags/example_latest_only_with_trigger.py
[2024-04-14T13:06:42.414+0000] {logging_mixin.py:188} INFO - [2024-04-14T13:06:42.413+0000] {dag.py:3096} INFO - Sync 1 DAGs
[2024-04-14T13:06:42.432+0000] {logging_mixin.py:188} INFO - [2024-04-14T13:06:42.432+0000] {dag.py:3954} INFO - Setting next_dagrun for latest_only_with_trigger to 2024-04-14 08:00:00+00:00, run_after=2024-04-14 12:00:00+00:00
[2024-04-14T13:06:42.449+0000] {processor.py:183} INFO - Processing /home/airflow/.local/lib/python3.12/site-packages/airflow/example_dags/example_latest_only_with_trigger.py took 0.064 seconds
[2024-04-14T13:07:13.023+0000] {processor.py:161} INFO - Started process (PID=883) to work on /home/airflow/.local/lib/python3.12/site-packages/airflow/example_dags/example_latest_only_with_trigger.py
[2024-04-14T13:07:13.025+0000] {processor.py:830} INFO - Processing file /home/airflow/.local/lib/python3.12/site-packages/airflow/example_dags/example_latest_only_with_trigger.py for tasks to queue
[2024-04-14T13:07:13.028+0000] {logging_mixin.py:188} INFO - [2024-04-14T13:07:13.028+0000] {dagbag.py:540} INFO - Filling up the DagBag from /home/airflow/.local/lib/python3.12/site-packages/airflow/example_dags/example_latest_only_with_trigger.py
[2024-04-14T13:07:13.034+0000] {processor.py:840} INFO - DAG(s) 'latest_only_with_trigger' retrieved from /home/airflow/.local/lib/python3.12/site-packages/airflow/example_dags/example_latest_only_with_trigger.py
[2024-04-14T13:07:13.056+0000] {logging_mixin.py:188} INFO - [2024-04-14T13:07:13.055+0000] {dag.py:3096} INFO - Sync 1 DAGs
[2024-04-14T13:07:13.078+0000] {logging_mixin.py:188} INFO - [2024-04-14T13:07:13.078+0000] {dag.py:3954} INFO - Setting next_dagrun for latest_only_with_trigger to 2024-04-14 08:00:00+00:00, run_after=2024-04-14 12:00:00+00:00
[2024-04-14T13:07:13.097+0000] {processor.py:183} INFO - Processing /home/airflow/.local/lib/python3.12/site-packages/airflow/example_dags/example_latest_only_with_trigger.py took 0.079 seconds
[2024-04-14T13:07:43.985+0000] {processor.py:161} INFO - Started process (PID=941) to work on /home/airflow/.local/lib/python3.12/site-packages/airflow/example_dags/example_latest_only_with_trigger.py
[2024-04-14T13:07:43.986+0000] {processor.py:830} INFO - Processing file /home/airflow/.local/lib/python3.12/site-packages/airflow/example_dags/example_latest_only_with_trigger.py for tasks to queue
[2024-04-14T13:07:43.987+0000] {logging_mixin.py:188} INFO - [2024-04-14T13:07:43.987+0000] {dagbag.py:540} INFO - Filling up the DagBag from /home/airflow/.local/lib/python3.12/site-packages/airflow/example_dags/example_latest_only_with_trigger.py
[2024-04-14T13:07:43.992+0000] {processor.py:840} INFO - DAG(s) 'latest_only_with_trigger' retrieved from /home/airflow/.local/lib/python3.12/site-packages/airflow/example_dags/example_latest_only_with_trigger.py
[2024-04-14T13:07:44.009+0000] {logging_mixin.py:188} INFO - [2024-04-14T13:07:44.008+0000] {dag.py:3096} INFO - Sync 1 DAGs
[2024-04-14T13:07:44.028+0000] {logging_mixin.py:188} INFO - [2024-04-14T13:07:44.028+0000] {dag.py:3954} INFO - Setting next_dagrun for latest_only_with_trigger to 2024-04-14 08:00:00+00:00, run_after=2024-04-14 12:00:00+00:00
[2024-04-14T13:07:44.046+0000] {processor.py:183} INFO - Processing /home/airflow/.local/lib/python3.12/site-packages/airflow/example_dags/example_latest_only_with_trigger.py took 0.066 seconds
[2024-04-14T13:08:15.028+0000] {processor.py:161} INFO - Started process (PID=999) to work on /home/airflow/.local/lib/python3.12/site-packages/airflow/example_dags/example_latest_only_with_trigger.py
[2024-04-14T13:08:15.029+0000] {processor.py:830} INFO - Processing file /home/airflow/.local/lib/python3.12/site-packages/airflow/example_dags/example_latest_only_with_trigger.py for tasks to queue
[2024-04-14T13:08:15.031+0000] {logging_mixin.py:188} INFO - [2024-04-14T13:08:15.030+0000] {dagbag.py:540} INFO - Filling up the DagBag from /home/airflow/.local/lib/python3.12/site-packages/airflow/example_dags/example_latest_only_with_trigger.py
[2024-04-14T13:08:15.035+0000] {processor.py:840} INFO - DAG(s) 'latest_only_with_trigger' retrieved from /home/airflow/.local/lib/python3.12/site-packages/airflow/example_dags/example_latest_only_with_trigger.py
[2024-04-14T13:08:15.056+0000] {logging_mixin.py:188} INFO - [2024-04-14T13:08:15.055+0000] {dag.py:3096} INFO - Sync 1 DAGs
[2024-04-14T13:08:15.077+0000] {logging_mixin.py:188} INFO - [2024-04-14T13:08:15.077+0000] {dag.py:3954} INFO - Setting next_dagrun for latest_only_with_trigger to 2024-04-14 08:00:00+00:00, run_after=2024-04-14 12:00:00+00:00
[2024-04-14T13:08:15.096+0000] {processor.py:183} INFO - Processing /home/airflow/.local/lib/python3.12/site-packages/airflow/example_dags/example_latest_only_with_trigger.py took 0.073 seconds
[2024-04-14T13:08:46.851+0000] {processor.py:161} INFO - Started process (PID=1063) to work on /home/airflow/.local/lib/python3.12/site-packages/airflow/example_dags/example_latest_only_with_trigger.py
[2024-04-14T13:08:46.852+0000] {processor.py:830} INFO - Processing file /home/airflow/.local/lib/python3.12/site-packages/airflow/example_dags/example_latest_only_with_trigger.py for tasks to queue
[2024-04-14T13:08:46.854+0000] {logging_mixin.py:188} INFO - [2024-04-14T13:08:46.853+0000] {dagbag.py:540} INFO - Filling up the DagBag from /home/airflow/.local/lib/python3.12/site-packages/airflow/example_dags/example_latest_only_with_trigger.py
[2024-04-14T13:08:46.858+0000] {processor.py:840} INFO - DAG(s) 'latest_only_with_trigger' retrieved from /home/airflow/.local/lib/python3.12/site-packages/airflow/example_dags/example_latest_only_with_trigger.py
[2024-04-14T13:08:46.878+0000] {logging_mixin.py:188} INFO - [2024-04-14T13:08:46.877+0000] {dag.py:3096} INFO - Sync 1 DAGs
[2024-04-14T13:08:47.019+0000] {logging_mixin.py:188} INFO - [2024-04-14T13:08:47.019+0000] {dag.py:3954} INFO - Setting next_dagrun for latest_only_with_trigger to 2024-04-14 08:00:00+00:00, run_after=2024-04-14 12:00:00+00:00
[2024-04-14T13:08:47.038+0000] {processor.py:183} INFO - Processing /home/airflow/.local/lib/python3.12/site-packages/airflow/example_dags/example_latest_only_with_trigger.py took 0.192 seconds
[2024-04-14T13:09:17.560+0000] {processor.py:161} INFO - Started process (PID=1121) to work on /home/airflow/.local/lib/python3.12/site-packages/airflow/example_dags/example_latest_only_with_trigger.py
[2024-04-14T13:09:17.562+0000] {processor.py:830} INFO - Processing file /home/airflow/.local/lib/python3.12/site-packages/airflow/example_dags/example_latest_only_with_trigger.py for tasks to queue
[2024-04-14T13:09:17.563+0000] {logging_mixin.py:188} INFO - [2024-04-14T13:09:17.563+0000] {dagbag.py:540} INFO - Filling up the DagBag from /home/airflow/.local/lib/python3.12/site-packages/airflow/example_dags/example_latest_only_with_trigger.py
[2024-04-14T13:09:17.570+0000] {processor.py:840} INFO - DAG(s) 'latest_only_with_trigger' retrieved from /home/airflow/.local/lib/python3.12/site-packages/airflow/example_dags/example_latest_only_with_trigger.py
[2024-04-14T13:09:17.591+0000] {logging_mixin.py:188} INFO - [2024-04-14T13:09:17.591+0000] {dag.py:3096} INFO - Sync 1 DAGs
[2024-04-14T13:09:17.752+0000] {logging_mixin.py:188} INFO - [2024-04-14T13:09:17.751+0000] {dag.py:3954} INFO - Setting next_dagrun for latest_only_with_trigger to 2024-04-14 08:00:00+00:00, run_after=2024-04-14 12:00:00+00:00
[2024-04-14T13:09:17.773+0000] {processor.py:183} INFO - Processing /home/airflow/.local/lib/python3.12/site-packages/airflow/example_dags/example_latest_only_with_trigger.py took 0.219 seconds
[2024-04-14T13:09:48.674+0000] {processor.py:161} INFO - Started process (PID=1179) to work on /home/airflow/.local/lib/python3.12/site-packages/airflow/example_dags/example_latest_only_with_trigger.py
[2024-04-14T13:09:48.675+0000] {processor.py:830} INFO - Processing file /home/airflow/.local/lib/python3.12/site-packages/airflow/example_dags/example_latest_only_with_trigger.py for tasks to queue
[2024-04-14T13:09:48.676+0000] {logging_mixin.py:188} INFO - [2024-04-14T13:09:48.676+0000] {dagbag.py:540} INFO - Filling up the DagBag from /home/airflow/.local/lib/python3.12/site-packages/airflow/example_dags/example_latest_only_with_trigger.py
[2024-04-14T13:09:48.680+0000] {processor.py:840} INFO - DAG(s) 'latest_only_with_trigger' retrieved from /home/airflow/.local/lib/python3.12/site-packages/airflow/example_dags/example_latest_only_with_trigger.py
[2024-04-14T13:09:48.696+0000] {logging_mixin.py:188} INFO - [2024-04-14T13:09:48.696+0000] {dag.py:3096} INFO - Sync 1 DAGs
[2024-04-14T13:09:48.714+0000] {logging_mixin.py:188} INFO - [2024-04-14T13:09:48.714+0000] {dag.py:3954} INFO - Setting next_dagrun for latest_only_with_trigger to 2024-04-14 08:00:00+00:00, run_after=2024-04-14 12:00:00+00:00
[2024-04-14T13:09:48.732+0000] {processor.py:183} INFO - Processing /home/airflow/.local/lib/python3.12/site-packages/airflow/example_dags/example_latest_only_with_trigger.py took 0.062 seconds
[2024-04-14T13:10:19.067+0000] {processor.py:161} INFO - Started process (PID=1237) to work on /home/airflow/.local/lib/python3.12/site-packages/airflow/example_dags/example_latest_only_with_trigger.py
[2024-04-14T13:10:19.068+0000] {processor.py:830} INFO - Processing file /home/airflow/.local/lib/python3.12/site-packages/airflow/example_dags/example_latest_only_with_trigger.py for tasks to queue
[2024-04-14T13:10:19.069+0000] {logging_mixin.py:188} INFO - [2024-04-14T13:10:19.069+0000] {dagbag.py:540} INFO - Filling up the DagBag from /home/airflow/.local/lib/python3.12/site-packages/airflow/example_dags/example_latest_only_with_trigger.py
[2024-04-14T13:10:19.073+0000] {processor.py:840} INFO - DAG(s) 'latest_only_with_trigger' retrieved from /home/airflow/.local/lib/python3.12/site-packages/airflow/example_dags/example_latest_only_with_trigger.py
[2024-04-14T13:10:19.091+0000] {logging_mixin.py:188} INFO - [2024-04-14T13:10:19.091+0000] {dag.py:3096} INFO - Sync 1 DAGs
[2024-04-14T13:10:19.111+0000] {logging_mixin.py:188} INFO - [2024-04-14T13:10:19.110+0000] {dag.py:3954} INFO - Setting next_dagrun for latest_only_with_trigger to 2024-04-14 08:00:00+00:00, run_after=2024-04-14 12:00:00+00:00
[2024-04-14T13:10:19.133+0000] {processor.py:183} INFO - Processing /home/airflow/.local/lib/python3.12/site-packages/airflow/example_dags/example_latest_only_with_trigger.py took 0.070 seconds
[2024-04-14T13:10:49.492+0000] {processor.py:161} INFO - Started process (PID=1295) to work on /home/airflow/.local/lib/python3.12/site-packages/airflow/example_dags/example_latest_only_with_trigger.py
[2024-04-14T13:10:49.493+0000] {processor.py:830} INFO - Processing file /home/airflow/.local/lib/python3.12/site-packages/airflow/example_dags/example_latest_only_with_trigger.py for tasks to queue
[2024-04-14T13:10:49.494+0000] {logging_mixin.py:188} INFO - [2024-04-14T13:10:49.494+0000] {dagbag.py:540} INFO - Filling up the DagBag from /home/airflow/.local/lib/python3.12/site-packages/airflow/example_dags/example_latest_only_with_trigger.py
[2024-04-14T13:10:49.498+0000] {processor.py:840} INFO - DAG(s) 'latest_only_with_trigger' retrieved from /home/airflow/.local/lib/python3.12/site-packages/airflow/example_dags/example_latest_only_with_trigger.py
[2024-04-14T13:10:49.514+0000] {logging_mixin.py:188} INFO - [2024-04-14T13:10:49.514+0000] {dag.py:3096} INFO - Sync 1 DAGs
[2024-04-14T13:10:49.532+0000] {logging_mixin.py:188} INFO - [2024-04-14T13:10:49.531+0000] {dag.py:3954} INFO - Setting next_dagrun for latest_only_with_trigger to 2024-04-14 08:00:00+00:00, run_after=2024-04-14 12:00:00+00:00
[2024-04-14T13:10:49.560+0000] {processor.py:183} INFO - Processing /home/airflow/.local/lib/python3.12/site-packages/airflow/example_dags/example_latest_only_with_trigger.py took 0.072 seconds
[2024-04-14T13:11:19.846+0000] {processor.py:161} INFO - Started process (PID=1353) to work on /home/airflow/.local/lib/python3.12/site-packages/airflow/example_dags/example_latest_only_with_trigger.py
[2024-04-14T13:11:19.846+0000] {processor.py:830} INFO - Processing file /home/airflow/.local/lib/python3.12/site-packages/airflow/example_dags/example_latest_only_with_trigger.py for tasks to queue
[2024-04-14T13:11:19.848+0000] {logging_mixin.py:188} INFO - [2024-04-14T13:11:19.847+0000] {dagbag.py:540} INFO - Filling up the DagBag from /home/airflow/.local/lib/python3.12/site-packages/airflow/example_dags/example_latest_only_with_trigger.py
[2024-04-14T13:11:19.851+0000] {processor.py:840} INFO - DAG(s) 'latest_only_with_trigger' retrieved from /home/airflow/.local/lib/python3.12/site-packages/airflow/example_dags/example_latest_only_with_trigger.py
[2024-04-14T13:11:19.867+0000] {logging_mixin.py:188} INFO - [2024-04-14T13:11:19.866+0000] {dag.py:3096} INFO - Sync 1 DAGs
[2024-04-14T13:11:19.884+0000] {logging_mixin.py:188} INFO - [2024-04-14T13:11:19.884+0000] {dag.py:3954} INFO - Setting next_dagrun for latest_only_with_trigger to 2024-04-14 08:00:00+00:00, run_after=2024-04-14 12:00:00+00:00
[2024-04-14T13:11:19.904+0000] {processor.py:183} INFO - Processing /home/airflow/.local/lib/python3.12/site-packages/airflow/example_dags/example_latest_only_with_trigger.py took 0.062 seconds
[2024-04-14T13:11:50.171+0000] {processor.py:161} INFO - Started process (PID=1411) to work on /home/airflow/.local/lib/python3.12/site-packages/airflow/example_dags/example_latest_only_with_trigger.py
[2024-04-14T13:11:50.171+0000] {processor.py:830} INFO - Processing file /home/airflow/.local/lib/python3.12/site-packages/airflow/example_dags/example_latest_only_with_trigger.py for tasks to queue
[2024-04-14T13:11:50.172+0000] {logging_mixin.py:188} INFO - [2024-04-14T13:11:50.172+0000] {dagbag.py:540} INFO - Filling up the DagBag from /home/airflow/.local/lib/python3.12/site-packages/airflow/example_dags/example_latest_only_with_trigger.py
[2024-04-14T13:11:50.177+0000] {processor.py:840} INFO - DAG(s) 'latest_only_with_trigger' retrieved from /home/airflow/.local/lib/python3.12/site-packages/airflow/example_dags/example_latest_only_with_trigger.py
[2024-04-14T13:11:50.192+0000] {logging_mixin.py:188} INFO - [2024-04-14T13:11:50.192+0000] {dag.py:3096} INFO - Sync 1 DAGs
[2024-04-14T13:11:50.210+0000] {logging_mixin.py:188} INFO - [2024-04-14T13:11:50.210+0000] {dag.py:3954} INFO - Setting next_dagrun for latest_only_with_trigger to 2024-04-14 08:00:00+00:00, run_after=2024-04-14 12:00:00+00:00
[2024-04-14T13:11:50.228+0000] {processor.py:183} INFO - Processing /home/airflow/.local/lib/python3.12/site-packages/airflow/example_dags/example_latest_only_with_trigger.py took 0.061 seconds
[2024-04-14T13:12:20.508+0000] {processor.py:161} INFO - Started process (PID=1469) to work on /home/airflow/.local/lib/python3.12/site-packages/airflow/example_dags/example_latest_only_with_trigger.py
[2024-04-14T13:12:20.508+0000] {processor.py:830} INFO - Processing file /home/airflow/.local/lib/python3.12/site-packages/airflow/example_dags/example_latest_only_with_trigger.py for tasks to queue
[2024-04-14T13:12:20.510+0000] {logging_mixin.py:188} INFO - [2024-04-14T13:12:20.509+0000] {dagbag.py:540} INFO - Filling up the DagBag from /home/airflow/.local/lib/python3.12/site-packages/airflow/example_dags/example_latest_only_with_trigger.py
[2024-04-14T13:12:20.513+0000] {processor.py:840} INFO - DAG(s) 'latest_only_with_trigger' retrieved from /home/airflow/.local/lib/python3.12/site-packages/airflow/example_dags/example_latest_only_with_trigger.py
[2024-04-14T13:12:20.529+0000] {logging_mixin.py:188} INFO - [2024-04-14T13:12:20.529+0000] {dag.py:3096} INFO - Sync 1 DAGs
[2024-04-14T13:12:20.546+0000] {logging_mixin.py:188} INFO - [2024-04-14T13:12:20.546+0000] {dag.py:3954} INFO - Setting next_dagrun for latest_only_with_trigger to 2024-04-14 08:00:00+00:00, run_after=2024-04-14 12:00:00+00:00
[2024-04-14T13:12:20.572+0000] {processor.py:183} INFO - Processing /home/airflow/.local/lib/python3.12/site-packages/airflow/example_dags/example_latest_only_with_trigger.py took 0.069 seconds
[2024-04-14T13:12:50.859+0000] {processor.py:161} INFO - Started process (PID=1527) to work on /home/airflow/.local/lib/python3.12/site-packages/airflow/example_dags/example_latest_only_with_trigger.py
[2024-04-14T13:12:50.860+0000] {processor.py:830} INFO - Processing file /home/airflow/.local/lib/python3.12/site-packages/airflow/example_dags/example_latest_only_with_trigger.py for tasks to queue
[2024-04-14T13:12:50.862+0000] {logging_mixin.py:188} INFO - [2024-04-14T13:12:50.861+0000] {dagbag.py:540} INFO - Filling up the DagBag from /home/airflow/.local/lib/python3.12/site-packages/airflow/example_dags/example_latest_only_with_trigger.py
[2024-04-14T13:12:50.866+0000] {processor.py:840} INFO - DAG(s) 'latest_only_with_trigger' retrieved from /home/airflow/.local/lib/python3.12/site-packages/airflow/example_dags/example_latest_only_with_trigger.py
[2024-04-14T13:12:50.882+0000] {logging_mixin.py:188} INFO - [2024-04-14T13:12:50.881+0000] {dag.py:3096} INFO - Sync 1 DAGs
[2024-04-14T13:12:50.900+0000] {logging_mixin.py:188} INFO - [2024-04-14T13:12:50.900+0000] {dag.py:3954} INFO - Setting next_dagrun for latest_only_with_trigger to 2024-04-14 08:00:00+00:00, run_after=2024-04-14 12:00:00+00:00
[2024-04-14T13:12:50.925+0000] {processor.py:183} INFO - Processing /home/airflow/.local/lib/python3.12/site-packages/airflow/example_dags/example_latest_only_with_trigger.py took 0.070 seconds
[2024-04-14T13:13:21.311+0000] {processor.py:161} INFO - Started process (PID=1585) to work on /home/airflow/.local/lib/python3.12/site-packages/airflow/example_dags/example_latest_only_with_trigger.py
[2024-04-14T13:13:21.312+0000] {processor.py:830} INFO - Processing file /home/airflow/.local/lib/python3.12/site-packages/airflow/example_dags/example_latest_only_with_trigger.py for tasks to queue
[2024-04-14T13:13:21.313+0000] {logging_mixin.py:188} INFO - [2024-04-14T13:13:21.313+0000] {dagbag.py:540} INFO - Filling up the DagBag from /home/airflow/.local/lib/python3.12/site-packages/airflow/example_dags/example_latest_only_with_trigger.py
[2024-04-14T13:13:21.317+0000] {processor.py:840} INFO - DAG(s) 'latest_only_with_trigger' retrieved from /home/airflow/.local/lib/python3.12/site-packages/airflow/example_dags/example_latest_only_with_trigger.py
[2024-04-14T13:13:21.333+0000] {logging_mixin.py:188} INFO - [2024-04-14T13:13:21.333+0000] {dag.py:3096} INFO - Sync 1 DAGs
[2024-04-14T13:13:21.351+0000] {logging_mixin.py:188} INFO - [2024-04-14T13:13:21.351+0000] {dag.py:3954} INFO - Setting next_dagrun for latest_only_with_trigger to 2024-04-14 08:00:00+00:00, run_after=2024-04-14 12:00:00+00:00
[2024-04-14T13:13:21.366+0000] {processor.py:183} INFO - Processing /home/airflow/.local/lib/python3.12/site-packages/airflow/example_dags/example_latest_only_with_trigger.py took 0.060 seconds
[2024-04-14T13:13:52.206+0000] {processor.py:161} INFO - Started process (PID=1643) to work on /home/airflow/.local/lib/python3.12/site-packages/airflow/example_dags/example_latest_only_with_trigger.py
[2024-04-14T13:13:52.207+0000] {processor.py:830} INFO - Processing file /home/airflow/.local/lib/python3.12/site-packages/airflow/example_dags/example_latest_only_with_trigger.py for tasks to queue
[2024-04-14T13:13:52.208+0000] {logging_mixin.py:188} INFO - [2024-04-14T13:13:52.208+0000] {dagbag.py:540} INFO - Filling up the DagBag from /home/airflow/.local/lib/python3.12/site-packages/airflow/example_dags/example_latest_only_with_trigger.py
[2024-04-14T13:13:52.212+0000] {processor.py:840} INFO - DAG(s) 'latest_only_with_trigger' retrieved from /home/airflow/.local/lib/python3.12/site-packages/airflow/example_dags/example_latest_only_with_trigger.py
[2024-04-14T13:13:52.229+0000] {logging_mixin.py:188} INFO - [2024-04-14T13:13:52.229+0000] {dag.py:3096} INFO - Sync 1 DAGs
[2024-04-14T13:13:52.249+0000] {logging_mixin.py:188} INFO - [2024-04-14T13:13:52.248+0000] {dag.py:3954} INFO - Setting next_dagrun for latest_only_with_trigger to 2024-04-14 08:00:00+00:00, run_after=2024-04-14 12:00:00+00:00
[2024-04-14T13:13:52.267+0000] {processor.py:183} INFO - Processing /home/airflow/.local/lib/python3.12/site-packages/airflow/example_dags/example_latest_only_with_trigger.py took 0.066 seconds
[2024-04-14T13:14:22.877+0000] {processor.py:161} INFO - Started process (PID=1701) to work on /home/airflow/.local/lib/python3.12/site-packages/airflow/example_dags/example_latest_only_with_trigger.py
[2024-04-14T13:14:22.878+0000] {processor.py:830} INFO - Processing file /home/airflow/.local/lib/python3.12/site-packages/airflow/example_dags/example_latest_only_with_trigger.py for tasks to queue
[2024-04-14T13:14:22.879+0000] {logging_mixin.py:188} INFO - [2024-04-14T13:14:22.879+0000] {dagbag.py:540} INFO - Filling up the DagBag from /home/airflow/.local/lib/python3.12/site-packages/airflow/example_dags/example_latest_only_with_trigger.py
[2024-04-14T13:14:22.884+0000] {processor.py:840} INFO - DAG(s) 'latest_only_with_trigger' retrieved from /home/airflow/.local/lib/python3.12/site-packages/airflow/example_dags/example_latest_only_with_trigger.py
[2024-04-14T13:14:22.900+0000] {logging_mixin.py:188} INFO - [2024-04-14T13:14:22.900+0000] {dag.py:3096} INFO - Sync 1 DAGs
[2024-04-14T13:14:22.917+0000] {logging_mixin.py:188} INFO - [2024-04-14T13:14:22.917+0000] {dag.py:3954} INFO - Setting next_dagrun for latest_only_with_trigger to 2024-04-14 08:00:00+00:00, run_after=2024-04-14 12:00:00+00:00
[2024-04-14T13:14:22.932+0000] {processor.py:183} INFO - Processing /home/airflow/.local/lib/python3.12/site-packages/airflow/example_dags/example_latest_only_with_trigger.py took 0.059 seconds
[2024-04-14T13:14:53.326+0000] {processor.py:161} INFO - Started process (PID=1760) to work on /home/airflow/.local/lib/python3.12/site-packages/airflow/example_dags/example_latest_only_with_trigger.py
[2024-04-14T13:14:53.327+0000] {processor.py:830} INFO - Processing file /home/airflow/.local/lib/python3.12/site-packages/airflow/example_dags/example_latest_only_with_trigger.py for tasks to queue
[2024-04-14T13:14:53.329+0000] {logging_mixin.py:188} INFO - [2024-04-14T13:14:53.329+0000] {dagbag.py:540} INFO - Filling up the DagBag from /home/airflow/.local/lib/python3.12/site-packages/airflow/example_dags/example_latest_only_with_trigger.py
[2024-04-14T13:14:53.333+0000] {processor.py:840} INFO - DAG(s) 'latest_only_with_trigger' retrieved from /home/airflow/.local/lib/python3.12/site-packages/airflow/example_dags/example_latest_only_with_trigger.py
[2024-04-14T13:14:53.349+0000] {logging_mixin.py:188} INFO - [2024-04-14T13:14:53.348+0000] {dag.py:3096} INFO - Sync 1 DAGs
[2024-04-14T13:14:53.366+0000] {logging_mixin.py:188} INFO - [2024-04-14T13:14:53.366+0000] {dag.py:3954} INFO - Setting next_dagrun for latest_only_with_trigger to 2024-04-14 08:00:00+00:00, run_after=2024-04-14 12:00:00+00:00
[2024-04-14T13:14:53.389+0000] {processor.py:183} INFO - Processing /home/airflow/.local/lib/python3.12/site-packages/airflow/example_dags/example_latest_only_with_trigger.py took 0.067 seconds
[2024-04-14T13:15:23.940+0000] {processor.py:161} INFO - Started process (PID=1818) to work on /home/airflow/.local/lib/python3.12/site-packages/airflow/example_dags/example_latest_only_with_trigger.py
[2024-04-14T13:15:23.941+0000] {processor.py:830} INFO - Processing file /home/airflow/.local/lib/python3.12/site-packages/airflow/example_dags/example_latest_only_with_trigger.py for tasks to queue
[2024-04-14T13:15:23.942+0000] {logging_mixin.py:188} INFO - [2024-04-14T13:15:23.942+0000] {dagbag.py:540} INFO - Filling up the DagBag from /home/airflow/.local/lib/python3.12/site-packages/airflow/example_dags/example_latest_only_with_trigger.py
[2024-04-14T13:15:23.946+0000] {processor.py:840} INFO - DAG(s) 'latest_only_with_trigger' retrieved from /home/airflow/.local/lib/python3.12/site-packages/airflow/example_dags/example_latest_only_with_trigger.py
[2024-04-14T13:15:23.961+0000] {logging_mixin.py:188} INFO - [2024-04-14T13:15:23.961+0000] {dag.py:3096} INFO - Sync 1 DAGs
[2024-04-14T13:15:23.980+0000] {logging_mixin.py:188} INFO - [2024-04-14T13:15:23.979+0000] {dag.py:3954} INFO - Setting next_dagrun for latest_only_with_trigger to 2024-04-14 08:00:00+00:00, run_after=2024-04-14 12:00:00+00:00
[2024-04-14T13:15:23.995+0000] {processor.py:183} INFO - Processing /home/airflow/.local/lib/python3.12/site-packages/airflow/example_dags/example_latest_only_with_trigger.py took 0.060 seconds
[2024-04-14T13:15:54.354+0000] {processor.py:161} INFO - Started process (PID=1877) to work on /home/airflow/.local/lib/python3.12/site-packages/airflow/example_dags/example_latest_only_with_trigger.py
[2024-04-14T13:15:54.355+0000] {processor.py:830} INFO - Processing file /home/airflow/.local/lib/python3.12/site-packages/airflow/example_dags/example_latest_only_with_trigger.py for tasks to queue
[2024-04-14T13:15:54.356+0000] {logging_mixin.py:188} INFO - [2024-04-14T13:15:54.356+0000] {dagbag.py:540} INFO - Filling up the DagBag from /home/airflow/.local/lib/python3.12/site-packages/airflow/example_dags/example_latest_only_with_trigger.py
[2024-04-14T13:15:54.359+0000] {processor.py:840} INFO - DAG(s) 'latest_only_with_trigger' retrieved from /home/airflow/.local/lib/python3.12/site-packages/airflow/example_dags/example_latest_only_with_trigger.py
[2024-04-14T13:15:54.375+0000] {logging_mixin.py:188} INFO - [2024-04-14T13:15:54.375+0000] {dag.py:3096} INFO - Sync 1 DAGs
[2024-04-14T13:15:54.392+0000] {logging_mixin.py:188} INFO - [2024-04-14T13:15:54.392+0000] {dag.py:3954} INFO - Setting next_dagrun for latest_only_with_trigger to 2024-04-14 08:00:00+00:00, run_after=2024-04-14 12:00:00+00:00
[2024-04-14T13:15:54.407+0000] {processor.py:183} INFO - Processing /home/airflow/.local/lib/python3.12/site-packages/airflow/example_dags/example_latest_only_with_trigger.py took 0.056 seconds
[2024-04-14T13:16:24.831+0000] {processor.py:161} INFO - Started process (PID=1935) to work on /home/airflow/.local/lib/python3.12/site-packages/airflow/example_dags/example_latest_only_with_trigger.py
[2024-04-14T13:16:24.832+0000] {processor.py:830} INFO - Processing file /home/airflow/.local/lib/python3.12/site-packages/airflow/example_dags/example_latest_only_with_trigger.py for tasks to queue
[2024-04-14T13:16:24.833+0000] {logging_mixin.py:188} INFO - [2024-04-14T13:16:24.833+0000] {dagbag.py:540} INFO - Filling up the DagBag from /home/airflow/.local/lib/python3.12/site-packages/airflow/example_dags/example_latest_only_with_trigger.py
[2024-04-14T13:16:24.837+0000] {processor.py:840} INFO - DAG(s) 'latest_only_with_trigger' retrieved from /home/airflow/.local/lib/python3.12/site-packages/airflow/example_dags/example_latest_only_with_trigger.py
[2024-04-14T13:16:24.852+0000] {logging_mixin.py:188} INFO - [2024-04-14T13:16:24.852+0000] {dag.py:3096} INFO - Sync 1 DAGs
[2024-04-14T13:16:24.870+0000] {logging_mixin.py:188} INFO - [2024-04-14T13:16:24.869+0000] {dag.py:3954} INFO - Setting next_dagrun for latest_only_with_trigger to 2024-04-14 08:00:00+00:00, run_after=2024-04-14 12:00:00+00:00
[2024-04-14T13:16:24.886+0000] {processor.py:183} INFO - Processing /home/airflow/.local/lib/python3.12/site-packages/airflow/example_dags/example_latest_only_with_trigger.py took 0.059 seconds
[2024-04-14T13:16:55.216+0000] {processor.py:161} INFO - Started process (PID=1994) to work on /home/airflow/.local/lib/python3.12/site-packages/airflow/example_dags/example_latest_only_with_trigger.py
[2024-04-14T13:16:55.217+0000] {processor.py:830} INFO - Processing file /home/airflow/.local/lib/python3.12/site-packages/airflow/example_dags/example_latest_only_with_trigger.py for tasks to queue
[2024-04-14T13:16:55.218+0000] {logging_mixin.py:188} INFO - [2024-04-14T13:16:55.218+0000] {dagbag.py:540} INFO - Filling up the DagBag from /home/airflow/.local/lib/python3.12/site-packages/airflow/example_dags/example_latest_only_with_trigger.py
[2024-04-14T13:16:55.222+0000] {processor.py:840} INFO - DAG(s) 'latest_only_with_trigger' retrieved from /home/airflow/.local/lib/python3.12/site-packages/airflow/example_dags/example_latest_only_with_trigger.py
[2024-04-14T13:16:55.238+0000] {logging_mixin.py:188} INFO - [2024-04-14T13:16:55.238+0000] {dag.py:3096} INFO - Sync 1 DAGs
[2024-04-14T13:16:55.255+0000] {logging_mixin.py:188} INFO - [2024-04-14T13:16:55.255+0000] {dag.py:3954} INFO - Setting next_dagrun for latest_only_with_trigger to 2024-04-14 08:00:00+00:00, run_after=2024-04-14 12:00:00+00:00
[2024-04-14T13:16:55.272+0000] {processor.py:183} INFO - Processing /home/airflow/.local/lib/python3.12/site-packages/airflow/example_dags/example_latest_only_with_trigger.py took 0.060 seconds
[2024-04-14T13:17:25.575+0000] {processor.py:161} INFO - Started process (PID=2053) to work on /home/airflow/.local/lib/python3.12/site-packages/airflow/example_dags/example_latest_only_with_trigger.py
[2024-04-14T13:17:25.576+0000] {processor.py:830} INFO - Processing file /home/airflow/.local/lib/python3.12/site-packages/airflow/example_dags/example_latest_only_with_trigger.py for tasks to queue
[2024-04-14T13:17:25.577+0000] {logging_mixin.py:188} INFO - [2024-04-14T13:17:25.577+0000] {dagbag.py:540} INFO - Filling up the DagBag from /home/airflow/.local/lib/python3.12/site-packages/airflow/example_dags/example_latest_only_with_trigger.py
[2024-04-14T13:17:25.581+0000] {processor.py:840} INFO - DAG(s) 'latest_only_with_trigger' retrieved from /home/airflow/.local/lib/python3.12/site-packages/airflow/example_dags/example_latest_only_with_trigger.py
[2024-04-14T13:17:25.597+0000] {logging_mixin.py:188} INFO - [2024-04-14T13:17:25.596+0000] {dag.py:3096} INFO - Sync 1 DAGs
[2024-04-14T13:17:25.614+0000] {logging_mixin.py:188} INFO - [2024-04-14T13:17:25.614+0000] {dag.py:3954} INFO - Setting next_dagrun for latest_only_with_trigger to 2024-04-14 08:00:00+00:00, run_after=2024-04-14 12:00:00+00:00
[2024-04-14T13:17:25.629+0000] {processor.py:183} INFO - Processing /home/airflow/.local/lib/python3.12/site-packages/airflow/example_dags/example_latest_only_with_trigger.py took 0.058 seconds
[2024-04-14T13:17:55.949+0000] {processor.py:161} INFO - Started process (PID=2111) to work on /home/airflow/.local/lib/python3.12/site-packages/airflow/example_dags/example_latest_only_with_trigger.py
[2024-04-14T13:17:55.950+0000] {processor.py:830} INFO - Processing file /home/airflow/.local/lib/python3.12/site-packages/airflow/example_dags/example_latest_only_with_trigger.py for tasks to queue
[2024-04-14T13:17:55.951+0000] {logging_mixin.py:188} INFO - [2024-04-14T13:17:55.951+0000] {dagbag.py:540} INFO - Filling up the DagBag from /home/airflow/.local/lib/python3.12/site-packages/airflow/example_dags/example_latest_only_with_trigger.py
[2024-04-14T13:17:55.956+0000] {processor.py:840} INFO - DAG(s) 'latest_only_with_trigger' retrieved from /home/airflow/.local/lib/python3.12/site-packages/airflow/example_dags/example_latest_only_with_trigger.py
[2024-04-14T13:17:55.975+0000] {logging_mixin.py:188} INFO - [2024-04-14T13:17:55.974+0000] {dag.py:3096} INFO - Sync 1 DAGs
[2024-04-14T13:17:55.992+0000] {logging_mixin.py:188} INFO - [2024-04-14T13:17:55.992+0000] {dag.py:3954} INFO - Setting next_dagrun for latest_only_with_trigger to 2024-04-14 08:00:00+00:00, run_after=2024-04-14 12:00:00+00:00
[2024-04-14T13:17:56.007+0000] {processor.py:183} INFO - Processing /home/airflow/.local/lib/python3.12/site-packages/airflow/example_dags/example_latest_only_with_trigger.py took 0.063 seconds
[2024-04-14T13:18:26.404+0000] {processor.py:161} INFO - Started process (PID=2169) to work on /home/airflow/.local/lib/python3.12/site-packages/airflow/example_dags/example_latest_only_with_trigger.py
[2024-04-14T13:18:26.404+0000] {processor.py:830} INFO - Processing file /home/airflow/.local/lib/python3.12/site-packages/airflow/example_dags/example_latest_only_with_trigger.py for tasks to queue
[2024-04-14T13:18:26.405+0000] {logging_mixin.py:188} INFO - [2024-04-14T13:18:26.405+0000] {dagbag.py:540} INFO - Filling up the DagBag from /home/airflow/.local/lib/python3.12/site-packages/airflow/example_dags/example_latest_only_with_trigger.py
[2024-04-14T13:18:26.409+0000] {processor.py:840} INFO - DAG(s) 'latest_only_with_trigger' retrieved from /home/airflow/.local/lib/python3.12/site-packages/airflow/example_dags/example_latest_only_with_trigger.py
[2024-04-14T13:18:26.425+0000] {logging_mixin.py:188} INFO - [2024-04-14T13:18:26.425+0000] {dag.py:3096} INFO - Sync 1 DAGs
[2024-04-14T13:18:26.442+0000] {logging_mixin.py:188} INFO - [2024-04-14T13:18:26.442+0000] {dag.py:3954} INFO - Setting next_dagrun for latest_only_with_trigger to 2024-04-14 08:00:00+00:00, run_after=2024-04-14 12:00:00+00:00
[2024-04-14T13:18:26.458+0000] {processor.py:183} INFO - Processing /home/airflow/.local/lib/python3.12/site-packages/airflow/example_dags/example_latest_only_with_trigger.py took 0.058 seconds
[2024-04-14T13:18:57.219+0000] {processor.py:161} INFO - Started process (PID=2228) to work on /home/airflow/.local/lib/python3.12/site-packages/airflow/example_dags/example_latest_only_with_trigger.py
[2024-04-14T13:18:57.220+0000] {processor.py:830} INFO - Processing file /home/airflow/.local/lib/python3.12/site-packages/airflow/example_dags/example_latest_only_with_trigger.py for tasks to queue
[2024-04-14T13:18:57.221+0000] {logging_mixin.py:188} INFO - [2024-04-14T13:18:57.221+0000] {dagbag.py:540} INFO - Filling up the DagBag from /home/airflow/.local/lib/python3.12/site-packages/airflow/example_dags/example_latest_only_with_trigger.py
[2024-04-14T13:18:57.226+0000] {processor.py:840} INFO - DAG(s) 'latest_only_with_trigger' retrieved from /home/airflow/.local/lib/python3.12/site-packages/airflow/example_dags/example_latest_only_with_trigger.py
[2024-04-14T13:18:57.243+0000] {logging_mixin.py:188} INFO - [2024-04-14T13:18:57.243+0000] {dag.py:3096} INFO - Sync 1 DAGs
[2024-04-14T13:18:57.263+0000] {logging_mixin.py:188} INFO - [2024-04-14T13:18:57.263+0000] {dag.py:3954} INFO - Setting next_dagrun for latest_only_with_trigger to 2024-04-14 08:00:00+00:00, run_after=2024-04-14 12:00:00+00:00
[2024-04-14T13:18:57.287+0000] {processor.py:183} INFO - Processing /home/airflow/.local/lib/python3.12/site-packages/airflow/example_dags/example_latest_only_with_trigger.py took 0.073 seconds
[2024-04-14T13:19:27.960+0000] {processor.py:161} INFO - Started process (PID=2286) to work on /home/airflow/.local/lib/python3.12/site-packages/airflow/example_dags/example_latest_only_with_trigger.py
[2024-04-14T13:19:27.961+0000] {processor.py:830} INFO - Processing file /home/airflow/.local/lib/python3.12/site-packages/airflow/example_dags/example_latest_only_with_trigger.py for tasks to queue
[2024-04-14T13:19:27.962+0000] {logging_mixin.py:188} INFO - [2024-04-14T13:19:27.962+0000] {dagbag.py:540} INFO - Filling up the DagBag from /home/airflow/.local/lib/python3.12/site-packages/airflow/example_dags/example_latest_only_with_trigger.py
[2024-04-14T13:19:27.966+0000] {processor.py:840} INFO - DAG(s) 'latest_only_with_trigger' retrieved from /home/airflow/.local/lib/python3.12/site-packages/airflow/example_dags/example_latest_only_with_trigger.py
[2024-04-14T13:19:27.983+0000] {logging_mixin.py:188} INFO - [2024-04-14T13:19:27.982+0000] {dag.py:3096} INFO - Sync 1 DAGs
[2024-04-14T13:19:28.002+0000] {logging_mixin.py:188} INFO - [2024-04-14T13:19:28.002+0000] {dag.py:3954} INFO - Setting next_dagrun for latest_only_with_trigger to 2024-04-14 08:00:00+00:00, run_after=2024-04-14 12:00:00+00:00
[2024-04-14T13:19:28.017+0000] {processor.py:183} INFO - Processing /home/airflow/.local/lib/python3.12/site-packages/airflow/example_dags/example_latest_only_with_trigger.py took 0.061 seconds
[2024-04-14T13:19:58.402+0000] {processor.py:161} INFO - Started process (PID=2344) to work on /home/airflow/.local/lib/python3.12/site-packages/airflow/example_dags/example_latest_only_with_trigger.py
[2024-04-14T13:19:58.403+0000] {processor.py:830} INFO - Processing file /home/airflow/.local/lib/python3.12/site-packages/airflow/example_dags/example_latest_only_with_trigger.py for tasks to queue
[2024-04-14T13:19:58.404+0000] {logging_mixin.py:188} INFO - [2024-04-14T13:19:58.404+0000] {dagbag.py:540} INFO - Filling up the DagBag from /home/airflow/.local/lib/python3.12/site-packages/airflow/example_dags/example_latest_only_with_trigger.py
[2024-04-14T13:19:58.408+0000] {processor.py:840} INFO - DAG(s) 'latest_only_with_trigger' retrieved from /home/airflow/.local/lib/python3.12/site-packages/airflow/example_dags/example_latest_only_with_trigger.py
[2024-04-14T13:19:58.424+0000] {logging_mixin.py:188} INFO - [2024-04-14T13:19:58.423+0000] {dag.py:3096} INFO - Sync 1 DAGs
[2024-04-14T13:19:58.441+0000] {logging_mixin.py:188} INFO - [2024-04-14T13:19:58.440+0000] {dag.py:3954} INFO - Setting next_dagrun for latest_only_with_trigger to 2024-04-14 08:00:00+00:00, run_after=2024-04-14 12:00:00+00:00
[2024-04-14T13:19:58.462+0000] {processor.py:183} INFO - Processing /home/airflow/.local/lib/python3.12/site-packages/airflow/example_dags/example_latest_only_with_trigger.py took 0.064 seconds
