[2024-04-14T13:00:04.366+0000] {processor.py:161} INFO - Started process (PID=73) to work on /home/airflow/.local/lib/python3.12/site-packages/airflow/example_dags/example_external_task_marker_dag.py
[2024-04-14T13:00:04.367+0000] {processor.py:830} INFO - Processing file /home/airflow/.local/lib/python3.12/site-packages/airflow/example_dags/example_external_task_marker_dag.py for tasks to queue
[2024-04-14T13:00:04.369+0000] {logging_mixin.py:188} INFO - [2024-04-14T13:00:04.369+0000] {dagbag.py:540} INFO - Filling up the DagBag from /home/airflow/.local/lib/python3.12/site-packages/airflow/example_dags/example_external_task_marker_dag.py
[2024-04-14T13:00:04.376+0000] {processor.py:840} INFO - DAG(s) 'example_external_task_marker_parent', 'example_external_task_marker_child' retrieved from /home/airflow/.local/lib/python3.12/site-packages/airflow/example_dags/example_external_task_marker_dag.py
[2024-04-14T13:00:04.387+0000] {logging_mixin.py:188} INFO - [2024-04-14T13:00:04.387+0000] {dag.py:3096} INFO - Sync 2 DAGs
[2024-04-14T13:00:04.399+0000] {logging_mixin.py:188} INFO - [2024-04-14T13:00:04.399+0000] {dag.py:3954} INFO - Setting next_dagrun for example_external_task_marker_child to None, run_after=None
[2024-04-14T13:00:04.404+0000] {logging_mixin.py:188} INFO - [2024-04-14T13:00:04.403+0000] {dag.py:3954} INFO - Setting next_dagrun for example_external_task_marker_parent to None, run_after=None
[2024-04-14T13:00:04.421+0000] {processor.py:183} INFO - Processing /home/airflow/.local/lib/python3.12/site-packages/airflow/example_dags/example_external_task_marker_dag.py took 0.059 seconds
[2024-04-14T13:00:35.846+0000] {processor.py:161} INFO - Started process (PID=130) to work on /home/airflow/.local/lib/python3.12/site-packages/airflow/example_dags/example_external_task_marker_dag.py
[2024-04-14T13:00:35.847+0000] {processor.py:830} INFO - Processing file /home/airflow/.local/lib/python3.12/site-packages/airflow/example_dags/example_external_task_marker_dag.py for tasks to queue
[2024-04-14T13:00:35.848+0000] {logging_mixin.py:188} INFO - [2024-04-14T13:00:35.848+0000] {dagbag.py:540} INFO - Filling up the DagBag from /home/airflow/.local/lib/python3.12/site-packages/airflow/example_dags/example_external_task_marker_dag.py
[2024-04-14T13:00:35.852+0000] {processor.py:840} INFO - DAG(s) 'example_external_task_marker_child', 'example_external_task_marker_parent' retrieved from /home/airflow/.local/lib/python3.12/site-packages/airflow/example_dags/example_external_task_marker_dag.py
[2024-04-14T13:00:35.947+0000] {logging_mixin.py:188} INFO - [2024-04-14T13:00:35.947+0000] {dag.py:3096} INFO - Sync 2 DAGs
[2024-04-14T13:00:35.957+0000] {logging_mixin.py:188} INFO - [2024-04-14T13:00:35.957+0000] {dag.py:3954} INFO - Setting next_dagrun for example_external_task_marker_child to None, run_after=None
[2024-04-14T13:00:35.960+0000] {logging_mixin.py:188} INFO - [2024-04-14T13:00:35.960+0000] {dag.py:3954} INFO - Setting next_dagrun for example_external_task_marker_parent to None, run_after=None
[2024-04-14T13:00:35.978+0000] {processor.py:183} INFO - Processing /home/airflow/.local/lib/python3.12/site-packages/airflow/example_dags/example_external_task_marker_dag.py took 0.136 seconds
[2024-04-14T13:01:06.936+0000] {processor.py:161} INFO - Started process (PID=188) to work on /home/airflow/.local/lib/python3.12/site-packages/airflow/example_dags/example_external_task_marker_dag.py
[2024-04-14T13:01:06.937+0000] {processor.py:830} INFO - Processing file /home/airflow/.local/lib/python3.12/site-packages/airflow/example_dags/example_external_task_marker_dag.py for tasks to queue
[2024-04-14T13:01:06.938+0000] {logging_mixin.py:188} INFO - [2024-04-14T13:01:06.938+0000] {dagbag.py:540} INFO - Filling up the DagBag from /home/airflow/.local/lib/python3.12/site-packages/airflow/example_dags/example_external_task_marker_dag.py
[2024-04-14T13:01:06.943+0000] {processor.py:840} INFO - DAG(s) 'example_external_task_marker_parent', 'example_external_task_marker_child' retrieved from /home/airflow/.local/lib/python3.12/site-packages/airflow/example_dags/example_external_task_marker_dag.py
[2024-04-14T13:01:06.963+0000] {logging_mixin.py:188} INFO - [2024-04-14T13:01:06.962+0000] {dag.py:3096} INFO - Sync 2 DAGs
[2024-04-14T13:01:06.974+0000] {logging_mixin.py:188} INFO - [2024-04-14T13:01:06.974+0000] {dag.py:3954} INFO - Setting next_dagrun for example_external_task_marker_child to None, run_after=None
[2024-04-14T13:01:06.978+0000] {logging_mixin.py:188} INFO - [2024-04-14T13:01:06.978+0000] {dag.py:3954} INFO - Setting next_dagrun for example_external_task_marker_parent to None, run_after=None
[2024-04-14T13:01:06.994+0000] {processor.py:183} INFO - Processing /home/airflow/.local/lib/python3.12/site-packages/airflow/example_dags/example_external_task_marker_dag.py took 0.062 seconds
[2024-04-14T13:01:37.431+0000] {processor.py:161} INFO - Started process (PID=246) to work on /home/airflow/.local/lib/python3.12/site-packages/airflow/example_dags/example_external_task_marker_dag.py
[2024-04-14T13:01:37.432+0000] {processor.py:830} INFO - Processing file /home/airflow/.local/lib/python3.12/site-packages/airflow/example_dags/example_external_task_marker_dag.py for tasks to queue
[2024-04-14T13:01:37.433+0000] {logging_mixin.py:188} INFO - [2024-04-14T13:01:37.433+0000] {dagbag.py:540} INFO - Filling up the DagBag from /home/airflow/.local/lib/python3.12/site-packages/airflow/example_dags/example_external_task_marker_dag.py
[2024-04-14T13:01:37.437+0000] {processor.py:840} INFO - DAG(s) 'example_external_task_marker_child', 'example_external_task_marker_parent' retrieved from /home/airflow/.local/lib/python3.12/site-packages/airflow/example_dags/example_external_task_marker_dag.py
[2024-04-14T13:01:37.457+0000] {logging_mixin.py:188} INFO - [2024-04-14T13:01:37.456+0000] {dag.py:3096} INFO - Sync 2 DAGs
[2024-04-14T13:01:37.468+0000] {logging_mixin.py:188} INFO - [2024-04-14T13:01:37.468+0000] {dag.py:3954} INFO - Setting next_dagrun for example_external_task_marker_child to None, run_after=None
[2024-04-14T13:01:37.471+0000] {logging_mixin.py:188} INFO - [2024-04-14T13:01:37.471+0000] {dag.py:3954} INFO - Setting next_dagrun for example_external_task_marker_parent to None, run_after=None
[2024-04-14T13:01:37.487+0000] {processor.py:183} INFO - Processing /home/airflow/.local/lib/python3.12/site-packages/airflow/example_dags/example_external_task_marker_dag.py took 0.060 seconds
[2024-04-14T13:02:07.997+0000] {processor.py:161} INFO - Started process (PID=304) to work on /home/airflow/.local/lib/python3.12/site-packages/airflow/example_dags/example_external_task_marker_dag.py
[2024-04-14T13:02:07.998+0000] {processor.py:830} INFO - Processing file /home/airflow/.local/lib/python3.12/site-packages/airflow/example_dags/example_external_task_marker_dag.py for tasks to queue
[2024-04-14T13:02:07.999+0000] {logging_mixin.py:188} INFO - [2024-04-14T13:02:07.999+0000] {dagbag.py:540} INFO - Filling up the DagBag from /home/airflow/.local/lib/python3.12/site-packages/airflow/example_dags/example_external_task_marker_dag.py
[2024-04-14T13:02:08.004+0000] {processor.py:840} INFO - DAG(s) 'example_external_task_marker_parent', 'example_external_task_marker_child' retrieved from /home/airflow/.local/lib/python3.12/site-packages/airflow/example_dags/example_external_task_marker_dag.py
[2024-04-14T13:02:08.023+0000] {logging_mixin.py:188} INFO - [2024-04-14T13:02:08.023+0000] {dag.py:3096} INFO - Sync 2 DAGs
[2024-04-14T13:02:08.035+0000] {logging_mixin.py:188} INFO - [2024-04-14T13:02:08.035+0000] {dag.py:3954} INFO - Setting next_dagrun for example_external_task_marker_child to None, run_after=None
[2024-04-14T13:02:08.039+0000] {logging_mixin.py:188} INFO - [2024-04-14T13:02:08.039+0000] {dag.py:3954} INFO - Setting next_dagrun for example_external_task_marker_parent to None, run_after=None
[2024-04-14T13:02:08.056+0000] {processor.py:183} INFO - Processing /home/airflow/.local/lib/python3.12/site-packages/airflow/example_dags/example_external_task_marker_dag.py took 0.063 seconds
[2024-04-14T13:02:38.295+0000] {processor.py:161} INFO - Started process (PID=362) to work on /home/airflow/.local/lib/python3.12/site-packages/airflow/example_dags/example_external_task_marker_dag.py
[2024-04-14T13:02:38.297+0000] {processor.py:830} INFO - Processing file /home/airflow/.local/lib/python3.12/site-packages/airflow/example_dags/example_external_task_marker_dag.py for tasks to queue
[2024-04-14T13:02:38.298+0000] {logging_mixin.py:188} INFO - [2024-04-14T13:02:38.298+0000] {dagbag.py:540} INFO - Filling up the DagBag from /home/airflow/.local/lib/python3.12/site-packages/airflow/example_dags/example_external_task_marker_dag.py
[2024-04-14T13:02:38.303+0000] {processor.py:840} INFO - DAG(s) 'example_external_task_marker_parent', 'example_external_task_marker_child' retrieved from /home/airflow/.local/lib/python3.12/site-packages/airflow/example_dags/example_external_task_marker_dag.py
[2024-04-14T13:02:38.320+0000] {logging_mixin.py:188} INFO - [2024-04-14T13:02:38.320+0000] {dag.py:3096} INFO - Sync 2 DAGs
[2024-04-14T13:02:38.332+0000] {logging_mixin.py:188} INFO - [2024-04-14T13:02:38.331+0000] {dag.py:3954} INFO - Setting next_dagrun for example_external_task_marker_child to None, run_after=None
[2024-04-14T13:02:38.336+0000] {logging_mixin.py:188} INFO - [2024-04-14T13:02:38.335+0000] {dag.py:3954} INFO - Setting next_dagrun for example_external_task_marker_parent to None, run_after=None
[2024-04-14T13:02:38.351+0000] {processor.py:183} INFO - Processing /home/airflow/.local/lib/python3.12/site-packages/airflow/example_dags/example_external_task_marker_dag.py took 0.060 seconds
[2024-04-14T13:03:08.702+0000] {processor.py:161} INFO - Started process (PID=420) to work on /home/airflow/.local/lib/python3.12/site-packages/airflow/example_dags/example_external_task_marker_dag.py
[2024-04-14T13:03:08.703+0000] {processor.py:830} INFO - Processing file /home/airflow/.local/lib/python3.12/site-packages/airflow/example_dags/example_external_task_marker_dag.py for tasks to queue
[2024-04-14T13:03:08.704+0000] {logging_mixin.py:188} INFO - [2024-04-14T13:03:08.704+0000] {dagbag.py:540} INFO - Filling up the DagBag from /home/airflow/.local/lib/python3.12/site-packages/airflow/example_dags/example_external_task_marker_dag.py
[2024-04-14T13:03:08.709+0000] {processor.py:840} INFO - DAG(s) 'example_external_task_marker_parent', 'example_external_task_marker_child' retrieved from /home/airflow/.local/lib/python3.12/site-packages/airflow/example_dags/example_external_task_marker_dag.py
[2024-04-14T13:03:08.728+0000] {logging_mixin.py:188} INFO - [2024-04-14T13:03:08.728+0000] {dag.py:3096} INFO - Sync 2 DAGs
[2024-04-14T13:03:08.740+0000] {logging_mixin.py:188} INFO - [2024-04-14T13:03:08.740+0000] {dag.py:3954} INFO - Setting next_dagrun for example_external_task_marker_child to None, run_after=None
[2024-04-14T13:03:08.744+0000] {logging_mixin.py:188} INFO - [2024-04-14T13:03:08.744+0000] {dag.py:3954} INFO - Setting next_dagrun for example_external_task_marker_parent to None, run_after=None
[2024-04-14T13:03:08.760+0000] {processor.py:183} INFO - Processing /home/airflow/.local/lib/python3.12/site-packages/airflow/example_dags/example_external_task_marker_dag.py took 0.062 seconds
[2024-04-14T13:03:38.916+0000] {processor.py:161} INFO - Started process (PID=479) to work on /home/airflow/.local/lib/python3.12/site-packages/airflow/example_dags/example_external_task_marker_dag.py
[2024-04-14T13:03:38.917+0000] {processor.py:830} INFO - Processing file /home/airflow/.local/lib/python3.12/site-packages/airflow/example_dags/example_external_task_marker_dag.py for tasks to queue
[2024-04-14T13:03:38.919+0000] {logging_mixin.py:188} INFO - [2024-04-14T13:03:38.919+0000] {dagbag.py:540} INFO - Filling up the DagBag from /home/airflow/.local/lib/python3.12/site-packages/airflow/example_dags/example_external_task_marker_dag.py
[2024-04-14T13:03:38.923+0000] {processor.py:840} INFO - DAG(s) 'example_external_task_marker_child', 'example_external_task_marker_parent' retrieved from /home/airflow/.local/lib/python3.12/site-packages/airflow/example_dags/example_external_task_marker_dag.py
[2024-04-14T13:03:38.940+0000] {logging_mixin.py:188} INFO - [2024-04-14T13:03:38.940+0000] {dag.py:3096} INFO - Sync 2 DAGs
[2024-04-14T13:03:38.952+0000] {logging_mixin.py:188} INFO - [2024-04-14T13:03:38.952+0000] {dag.py:3954} INFO - Setting next_dagrun for example_external_task_marker_child to None, run_after=None
[2024-04-14T13:03:38.955+0000] {logging_mixin.py:188} INFO - [2024-04-14T13:03:38.955+0000] {dag.py:3954} INFO - Setting next_dagrun for example_external_task_marker_parent to None, run_after=None
[2024-04-14T13:03:38.972+0000] {processor.py:183} INFO - Processing /home/airflow/.local/lib/python3.12/site-packages/airflow/example_dags/example_external_task_marker_dag.py took 0.059 seconds
[2024-04-14T13:04:09.673+0000] {processor.py:161} INFO - Started process (PID=538) to work on /home/airflow/.local/lib/python3.12/site-packages/airflow/example_dags/example_external_task_marker_dag.py
[2024-04-14T13:04:09.674+0000] {processor.py:830} INFO - Processing file /home/airflow/.local/lib/python3.12/site-packages/airflow/example_dags/example_external_task_marker_dag.py for tasks to queue
[2024-04-14T13:04:09.675+0000] {logging_mixin.py:188} INFO - [2024-04-14T13:04:09.675+0000] {dagbag.py:540} INFO - Filling up the DagBag from /home/airflow/.local/lib/python3.12/site-packages/airflow/example_dags/example_external_task_marker_dag.py
[2024-04-14T13:04:09.679+0000] {processor.py:840} INFO - DAG(s) 'example_external_task_marker_child', 'example_external_task_marker_parent' retrieved from /home/airflow/.local/lib/python3.12/site-packages/airflow/example_dags/example_external_task_marker_dag.py
[2024-04-14T13:04:09.698+0000] {logging_mixin.py:188} INFO - [2024-04-14T13:04:09.698+0000] {dag.py:3096} INFO - Sync 2 DAGs
[2024-04-14T13:04:09.710+0000] {logging_mixin.py:188} INFO - [2024-04-14T13:04:09.710+0000] {dag.py:3954} INFO - Setting next_dagrun for example_external_task_marker_child to None, run_after=None
[2024-04-14T13:04:09.714+0000] {logging_mixin.py:188} INFO - [2024-04-14T13:04:09.714+0000] {dag.py:3954} INFO - Setting next_dagrun for example_external_task_marker_parent to None, run_after=None
[2024-04-14T13:04:09.730+0000] {processor.py:183} INFO - Processing /home/airflow/.local/lib/python3.12/site-packages/airflow/example_dags/example_external_task_marker_dag.py took 0.061 seconds
[2024-04-14T13:04:39.784+0000] {processor.py:161} INFO - Started process (PID=595) to work on /home/airflow/.local/lib/python3.12/site-packages/airflow/example_dags/example_external_task_marker_dag.py
[2024-04-14T13:04:39.785+0000] {processor.py:830} INFO - Processing file /home/airflow/.local/lib/python3.12/site-packages/airflow/example_dags/example_external_task_marker_dag.py for tasks to queue
[2024-04-14T13:04:39.786+0000] {logging_mixin.py:188} INFO - [2024-04-14T13:04:39.786+0000] {dagbag.py:540} INFO - Filling up the DagBag from /home/airflow/.local/lib/python3.12/site-packages/airflow/example_dags/example_external_task_marker_dag.py
[2024-04-14T13:04:39.790+0000] {processor.py:840} INFO - DAG(s) 'example_external_task_marker_parent', 'example_external_task_marker_child' retrieved from /home/airflow/.local/lib/python3.12/site-packages/airflow/example_dags/example_external_task_marker_dag.py
[2024-04-14T13:04:39.809+0000] {logging_mixin.py:188} INFO - [2024-04-14T13:04:39.809+0000] {dag.py:3096} INFO - Sync 2 DAGs
[2024-04-14T13:04:39.821+0000] {logging_mixin.py:188} INFO - [2024-04-14T13:04:39.820+0000] {dag.py:3954} INFO - Setting next_dagrun for example_external_task_marker_child to None, run_after=None
[2024-04-14T13:04:39.824+0000] {logging_mixin.py:188} INFO - [2024-04-14T13:04:39.824+0000] {dag.py:3954} INFO - Setting next_dagrun for example_external_task_marker_parent to None, run_after=None
[2024-04-14T13:04:39.840+0000] {processor.py:183} INFO - Processing /home/airflow/.local/lib/python3.12/site-packages/airflow/example_dags/example_external_task_marker_dag.py took 0.060 seconds
[2024-04-14T13:05:10.776+0000] {processor.py:161} INFO - Started process (PID=654) to work on /home/airflow/.local/lib/python3.12/site-packages/airflow/example_dags/example_external_task_marker_dag.py
[2024-04-14T13:05:10.777+0000] {processor.py:830} INFO - Processing file /home/airflow/.local/lib/python3.12/site-packages/airflow/example_dags/example_external_task_marker_dag.py for tasks to queue
[2024-04-14T13:05:10.778+0000] {logging_mixin.py:188} INFO - [2024-04-14T13:05:10.778+0000] {dagbag.py:540} INFO - Filling up the DagBag from /home/airflow/.local/lib/python3.12/site-packages/airflow/example_dags/example_external_task_marker_dag.py
[2024-04-14T13:05:10.783+0000] {processor.py:840} INFO - DAG(s) 'example_external_task_marker_child', 'example_external_task_marker_parent' retrieved from /home/airflow/.local/lib/python3.12/site-packages/airflow/example_dags/example_external_task_marker_dag.py
[2024-04-14T13:05:10.801+0000] {logging_mixin.py:188} INFO - [2024-04-14T13:05:10.801+0000] {dag.py:3096} INFO - Sync 2 DAGs
[2024-04-14T13:05:10.812+0000] {logging_mixin.py:188} INFO - [2024-04-14T13:05:10.812+0000] {dag.py:3954} INFO - Setting next_dagrun for example_external_task_marker_child to None, run_after=None
[2024-04-14T13:05:10.816+0000] {logging_mixin.py:188} INFO - [2024-04-14T13:05:10.816+0000] {dag.py:3954} INFO - Setting next_dagrun for example_external_task_marker_parent to None, run_after=None
[2024-04-14T13:05:10.832+0000] {processor.py:183} INFO - Processing /home/airflow/.local/lib/python3.12/site-packages/airflow/example_dags/example_external_task_marker_dag.py took 0.060 seconds
[2024-04-14T13:05:41.297+0000] {processor.py:161} INFO - Started process (PID=713) to work on /home/airflow/.local/lib/python3.12/site-packages/airflow/example_dags/example_external_task_marker_dag.py
[2024-04-14T13:05:41.298+0000] {processor.py:830} INFO - Processing file /home/airflow/.local/lib/python3.12/site-packages/airflow/example_dags/example_external_task_marker_dag.py for tasks to queue
[2024-04-14T13:05:41.300+0000] {logging_mixin.py:188} INFO - [2024-04-14T13:05:41.299+0000] {dagbag.py:540} INFO - Filling up the DagBag from /home/airflow/.local/lib/python3.12/site-packages/airflow/example_dags/example_external_task_marker_dag.py
[2024-04-14T13:05:41.305+0000] {processor.py:840} INFO - DAG(s) 'example_external_task_marker_parent', 'example_external_task_marker_child' retrieved from /home/airflow/.local/lib/python3.12/site-packages/airflow/example_dags/example_external_task_marker_dag.py
[2024-04-14T13:05:41.325+0000] {logging_mixin.py:188} INFO - [2024-04-14T13:05:41.325+0000] {dag.py:3096} INFO - Sync 2 DAGs
[2024-04-14T13:05:41.338+0000] {logging_mixin.py:188} INFO - [2024-04-14T13:05:41.338+0000] {dag.py:3954} INFO - Setting next_dagrun for example_external_task_marker_child to None, run_after=None
[2024-04-14T13:05:41.342+0000] {logging_mixin.py:188} INFO - [2024-04-14T13:05:41.342+0000] {dag.py:3954} INFO - Setting next_dagrun for example_external_task_marker_parent to None, run_after=None
[2024-04-14T13:05:41.358+0000] {processor.py:183} INFO - Processing /home/airflow/.local/lib/python3.12/site-packages/airflow/example_dags/example_external_task_marker_dag.py took 0.065 seconds
[2024-04-14T13:06:11.856+0000] {processor.py:161} INFO - Started process (PID=771) to work on /home/airflow/.local/lib/python3.12/site-packages/airflow/example_dags/example_external_task_marker_dag.py
[2024-04-14T13:06:11.857+0000] {processor.py:830} INFO - Processing file /home/airflow/.local/lib/python3.12/site-packages/airflow/example_dags/example_external_task_marker_dag.py for tasks to queue
[2024-04-14T13:06:11.858+0000] {logging_mixin.py:188} INFO - [2024-04-14T13:06:11.858+0000] {dagbag.py:540} INFO - Filling up the DagBag from /home/airflow/.local/lib/python3.12/site-packages/airflow/example_dags/example_external_task_marker_dag.py
[2024-04-14T13:06:11.863+0000] {processor.py:840} INFO - DAG(s) 'example_external_task_marker_child', 'example_external_task_marker_parent' retrieved from /home/airflow/.local/lib/python3.12/site-packages/airflow/example_dags/example_external_task_marker_dag.py
[2024-04-14T13:06:11.882+0000] {logging_mixin.py:188} INFO - [2024-04-14T13:06:11.882+0000] {dag.py:3096} INFO - Sync 2 DAGs
[2024-04-14T13:06:11.894+0000] {logging_mixin.py:188} INFO - [2024-04-14T13:06:11.893+0000] {dag.py:3954} INFO - Setting next_dagrun for example_external_task_marker_child to None, run_after=None
[2024-04-14T13:06:11.897+0000] {logging_mixin.py:188} INFO - [2024-04-14T13:06:11.897+0000] {dag.py:3954} INFO - Setting next_dagrun for example_external_task_marker_parent to None, run_after=None
[2024-04-14T13:06:11.912+0000] {processor.py:183} INFO - Processing /home/airflow/.local/lib/python3.12/site-packages/airflow/example_dags/example_external_task_marker_dag.py took 0.061 seconds
[2024-04-14T13:06:42.554+0000] {processor.py:161} INFO - Started process (PID=829) to work on /home/airflow/.local/lib/python3.12/site-packages/airflow/example_dags/example_external_task_marker_dag.py
[2024-04-14T13:06:42.555+0000] {processor.py:830} INFO - Processing file /home/airflow/.local/lib/python3.12/site-packages/airflow/example_dags/example_external_task_marker_dag.py for tasks to queue
[2024-04-14T13:06:42.556+0000] {logging_mixin.py:188} INFO - [2024-04-14T13:06:42.556+0000] {dagbag.py:540} INFO - Filling up the DagBag from /home/airflow/.local/lib/python3.12/site-packages/airflow/example_dags/example_external_task_marker_dag.py
[2024-04-14T13:06:42.560+0000] {processor.py:840} INFO - DAG(s) 'example_external_task_marker_parent', 'example_external_task_marker_child' retrieved from /home/airflow/.local/lib/python3.12/site-packages/airflow/example_dags/example_external_task_marker_dag.py
[2024-04-14T13:06:42.579+0000] {logging_mixin.py:188} INFO - [2024-04-14T13:06:42.579+0000] {dag.py:3096} INFO - Sync 2 DAGs
[2024-04-14T13:06:42.590+0000] {logging_mixin.py:188} INFO - [2024-04-14T13:06:42.590+0000] {dag.py:3954} INFO - Setting next_dagrun for example_external_task_marker_child to None, run_after=None
[2024-04-14T13:06:42.594+0000] {logging_mixin.py:188} INFO - [2024-04-14T13:06:42.594+0000] {dag.py:3954} INFO - Setting next_dagrun for example_external_task_marker_parent to None, run_after=None
[2024-04-14T13:06:42.609+0000] {processor.py:183} INFO - Processing /home/airflow/.local/lib/python3.12/site-packages/airflow/example_dags/example_external_task_marker_dag.py took 0.059 seconds
[2024-04-14T13:07:13.203+0000] {processor.py:161} INFO - Started process (PID=887) to work on /home/airflow/.local/lib/python3.12/site-packages/airflow/example_dags/example_external_task_marker_dag.py
[2024-04-14T13:07:13.204+0000] {processor.py:830} INFO - Processing file /home/airflow/.local/lib/python3.12/site-packages/airflow/example_dags/example_external_task_marker_dag.py for tasks to queue
[2024-04-14T13:07:13.206+0000] {logging_mixin.py:188} INFO - [2024-04-14T13:07:13.205+0000] {dagbag.py:540} INFO - Filling up the DagBag from /home/airflow/.local/lib/python3.12/site-packages/airflow/example_dags/example_external_task_marker_dag.py
[2024-04-14T13:07:13.210+0000] {processor.py:840} INFO - DAG(s) 'example_external_task_marker_child', 'example_external_task_marker_parent' retrieved from /home/airflow/.local/lib/python3.12/site-packages/airflow/example_dags/example_external_task_marker_dag.py
[2024-04-14T13:07:13.232+0000] {logging_mixin.py:188} INFO - [2024-04-14T13:07:13.232+0000] {dag.py:3096} INFO - Sync 2 DAGs
[2024-04-14T13:07:13.244+0000] {logging_mixin.py:188} INFO - [2024-04-14T13:07:13.244+0000] {dag.py:3954} INFO - Setting next_dagrun for example_external_task_marker_child to None, run_after=None
[2024-04-14T13:07:13.248+0000] {logging_mixin.py:188} INFO - [2024-04-14T13:07:13.248+0000] {dag.py:3954} INFO - Setting next_dagrun for example_external_task_marker_parent to None, run_after=None
[2024-04-14T13:07:13.265+0000] {processor.py:183} INFO - Processing /home/airflow/.local/lib/python3.12/site-packages/airflow/example_dags/example_external_task_marker_dag.py took 0.066 seconds
[2024-04-14T13:07:44.159+0000] {processor.py:161} INFO - Started process (PID=945) to work on /home/airflow/.local/lib/python3.12/site-packages/airflow/example_dags/example_external_task_marker_dag.py
[2024-04-14T13:07:44.160+0000] {processor.py:830} INFO - Processing file /home/airflow/.local/lib/python3.12/site-packages/airflow/example_dags/example_external_task_marker_dag.py for tasks to queue
[2024-04-14T13:07:44.161+0000] {logging_mixin.py:188} INFO - [2024-04-14T13:07:44.161+0000] {dagbag.py:540} INFO - Filling up the DagBag from /home/airflow/.local/lib/python3.12/site-packages/airflow/example_dags/example_external_task_marker_dag.py
[2024-04-14T13:07:44.166+0000] {processor.py:840} INFO - DAG(s) 'example_external_task_marker_child', 'example_external_task_marker_parent' retrieved from /home/airflow/.local/lib/python3.12/site-packages/airflow/example_dags/example_external_task_marker_dag.py
[2024-04-14T13:07:44.187+0000] {logging_mixin.py:188} INFO - [2024-04-14T13:07:44.186+0000] {dag.py:3096} INFO - Sync 2 DAGs
[2024-04-14T13:07:44.200+0000] {logging_mixin.py:188} INFO - [2024-04-14T13:07:44.200+0000] {dag.py:3954} INFO - Setting next_dagrun for example_external_task_marker_child to None, run_after=None
[2024-04-14T13:07:44.204+0000] {logging_mixin.py:188} INFO - [2024-04-14T13:07:44.204+0000] {dag.py:3954} INFO - Setting next_dagrun for example_external_task_marker_parent to None, run_after=None
[2024-04-14T13:07:44.220+0000] {processor.py:183} INFO - Processing /home/airflow/.local/lib/python3.12/site-packages/airflow/example_dags/example_external_task_marker_dag.py took 0.067 seconds
[2024-04-14T13:08:15.211+0000] {processor.py:161} INFO - Started process (PID=1003) to work on /home/airflow/.local/lib/python3.12/site-packages/airflow/example_dags/example_external_task_marker_dag.py
[2024-04-14T13:08:15.212+0000] {processor.py:830} INFO - Processing file /home/airflow/.local/lib/python3.12/site-packages/airflow/example_dags/example_external_task_marker_dag.py for tasks to queue
[2024-04-14T13:08:15.213+0000] {logging_mixin.py:188} INFO - [2024-04-14T13:08:15.213+0000] {dagbag.py:540} INFO - Filling up the DagBag from /home/airflow/.local/lib/python3.12/site-packages/airflow/example_dags/example_external_task_marker_dag.py
[2024-04-14T13:08:15.218+0000] {processor.py:840} INFO - DAG(s) 'example_external_task_marker_parent', 'example_external_task_marker_child' retrieved from /home/airflow/.local/lib/python3.12/site-packages/airflow/example_dags/example_external_task_marker_dag.py
[2024-04-14T13:08:15.240+0000] {logging_mixin.py:188} INFO - [2024-04-14T13:08:15.239+0000] {dag.py:3096} INFO - Sync 2 DAGs
[2024-04-14T13:08:15.252+0000] {logging_mixin.py:188} INFO - [2024-04-14T13:08:15.252+0000] {dag.py:3954} INFO - Setting next_dagrun for example_external_task_marker_child to None, run_after=None
[2024-04-14T13:08:15.258+0000] {logging_mixin.py:188} INFO - [2024-04-14T13:08:15.258+0000] {dag.py:3954} INFO - Setting next_dagrun for example_external_task_marker_parent to None, run_after=None
[2024-04-14T13:08:15.276+0000] {processor.py:183} INFO - Processing /home/airflow/.local/lib/python3.12/site-packages/airflow/example_dags/example_external_task_marker_dag.py took 0.069 seconds
[2024-04-14T13:08:47.286+0000] {processor.py:161} INFO - Started process (PID=1067) to work on /home/airflow/.local/lib/python3.12/site-packages/airflow/example_dags/example_external_task_marker_dag.py
[2024-04-14T13:08:47.287+0000] {processor.py:830} INFO - Processing file /home/airflow/.local/lib/python3.12/site-packages/airflow/example_dags/example_external_task_marker_dag.py for tasks to queue
[2024-04-14T13:08:47.289+0000] {logging_mixin.py:188} INFO - [2024-04-14T13:08:47.289+0000] {dagbag.py:540} INFO - Filling up the DagBag from /home/airflow/.local/lib/python3.12/site-packages/airflow/example_dags/example_external_task_marker_dag.py
[2024-04-14T13:08:47.295+0000] {processor.py:840} INFO - DAG(s) 'example_external_task_marker_parent', 'example_external_task_marker_child' retrieved from /home/airflow/.local/lib/python3.12/site-packages/airflow/example_dags/example_external_task_marker_dag.py
[2024-04-14T13:08:47.446+0000] {logging_mixin.py:188} INFO - [2024-04-14T13:08:47.446+0000] {dag.py:3096} INFO - Sync 2 DAGs
[2024-04-14T13:08:47.458+0000] {logging_mixin.py:188} INFO - [2024-04-14T13:08:47.457+0000] {dag.py:3954} INFO - Setting next_dagrun for example_external_task_marker_child to None, run_after=None
[2024-04-14T13:08:47.461+0000] {logging_mixin.py:188} INFO - [2024-04-14T13:08:47.461+0000] {dag.py:3954} INFO - Setting next_dagrun for example_external_task_marker_parent to None, run_after=None
[2024-04-14T13:08:47.477+0000] {processor.py:183} INFO - Processing /home/airflow/.local/lib/python3.12/site-packages/airflow/example_dags/example_external_task_marker_dag.py took 0.197 seconds
[2024-04-14T13:09:18.038+0000] {processor.py:161} INFO - Started process (PID=1125) to work on /home/airflow/.local/lib/python3.12/site-packages/airflow/example_dags/example_external_task_marker_dag.py
[2024-04-14T13:09:18.039+0000] {processor.py:830} INFO - Processing file /home/airflow/.local/lib/python3.12/site-packages/airflow/example_dags/example_external_task_marker_dag.py for tasks to queue
[2024-04-14T13:09:18.040+0000] {logging_mixin.py:188} INFO - [2024-04-14T13:09:18.040+0000] {dagbag.py:540} INFO - Filling up the DagBag from /home/airflow/.local/lib/python3.12/site-packages/airflow/example_dags/example_external_task_marker_dag.py
[2024-04-14T13:09:18.045+0000] {processor.py:840} INFO - DAG(s) 'example_external_task_marker_parent', 'example_external_task_marker_child' retrieved from /home/airflow/.local/lib/python3.12/site-packages/airflow/example_dags/example_external_task_marker_dag.py
[2024-04-14T13:09:18.069+0000] {logging_mixin.py:188} INFO - [2024-04-14T13:09:18.069+0000] {dag.py:3096} INFO - Sync 2 DAGs
[2024-04-14T13:09:18.219+0000] {logging_mixin.py:188} INFO - [2024-04-14T13:09:18.218+0000] {dag.py:3954} INFO - Setting next_dagrun for example_external_task_marker_child to None, run_after=None
[2024-04-14T13:09:18.224+0000] {logging_mixin.py:188} INFO - [2024-04-14T13:09:18.223+0000] {dag.py:3954} INFO - Setting next_dagrun for example_external_task_marker_parent to None, run_after=None
[2024-04-14T13:09:18.256+0000] {processor.py:183} INFO - Processing /home/airflow/.local/lib/python3.12/site-packages/airflow/example_dags/example_external_task_marker_dag.py took 0.223 seconds
[2024-04-14T13:09:48.844+0000] {processor.py:161} INFO - Started process (PID=1183) to work on /home/airflow/.local/lib/python3.12/site-packages/airflow/example_dags/example_external_task_marker_dag.py
[2024-04-14T13:09:48.844+0000] {processor.py:830} INFO - Processing file /home/airflow/.local/lib/python3.12/site-packages/airflow/example_dags/example_external_task_marker_dag.py for tasks to queue
[2024-04-14T13:09:48.846+0000] {logging_mixin.py:188} INFO - [2024-04-14T13:09:48.845+0000] {dagbag.py:540} INFO - Filling up the DagBag from /home/airflow/.local/lib/python3.12/site-packages/airflow/example_dags/example_external_task_marker_dag.py
[2024-04-14T13:09:48.850+0000] {processor.py:840} INFO - DAG(s) 'example_external_task_marker_parent', 'example_external_task_marker_child' retrieved from /home/airflow/.local/lib/python3.12/site-packages/airflow/example_dags/example_external_task_marker_dag.py
[2024-04-14T13:09:48.868+0000] {logging_mixin.py:188} INFO - [2024-04-14T13:09:48.867+0000] {dag.py:3096} INFO - Sync 2 DAGs
[2024-04-14T13:09:48.880+0000] {logging_mixin.py:188} INFO - [2024-04-14T13:09:48.880+0000] {dag.py:3954} INFO - Setting next_dagrun for example_external_task_marker_child to None, run_after=None
[2024-04-14T13:09:48.884+0000] {logging_mixin.py:188} INFO - [2024-04-14T13:09:48.884+0000] {dag.py:3954} INFO - Setting next_dagrun for example_external_task_marker_parent to None, run_after=None
[2024-04-14T13:09:48.901+0000] {processor.py:183} INFO - Processing /home/airflow/.local/lib/python3.12/site-packages/airflow/example_dags/example_external_task_marker_dag.py took 0.063 seconds
[2024-04-14T13:10:19.281+0000] {processor.py:161} INFO - Started process (PID=1241) to work on /home/airflow/.local/lib/python3.12/site-packages/airflow/example_dags/example_external_task_marker_dag.py
[2024-04-14T13:10:19.282+0000] {processor.py:830} INFO - Processing file /home/airflow/.local/lib/python3.12/site-packages/airflow/example_dags/example_external_task_marker_dag.py for tasks to queue
[2024-04-14T13:10:19.284+0000] {logging_mixin.py:188} INFO - [2024-04-14T13:10:19.284+0000] {dagbag.py:540} INFO - Filling up the DagBag from /home/airflow/.local/lib/python3.12/site-packages/airflow/example_dags/example_external_task_marker_dag.py
[2024-04-14T13:10:19.289+0000] {processor.py:840} INFO - DAG(s) 'example_external_task_marker_child', 'example_external_task_marker_parent' retrieved from /home/airflow/.local/lib/python3.12/site-packages/airflow/example_dags/example_external_task_marker_dag.py
[2024-04-14T13:10:19.317+0000] {logging_mixin.py:188} INFO - [2024-04-14T13:10:19.317+0000] {dag.py:3096} INFO - Sync 2 DAGs
[2024-04-14T13:10:19.332+0000] {logging_mixin.py:188} INFO - [2024-04-14T13:10:19.332+0000] {dag.py:3954} INFO - Setting next_dagrun for example_external_task_marker_child to None, run_after=None
[2024-04-14T13:10:19.337+0000] {logging_mixin.py:188} INFO - [2024-04-14T13:10:19.337+0000] {dag.py:3954} INFO - Setting next_dagrun for example_external_task_marker_parent to None, run_after=None
[2024-04-14T13:10:19.357+0000] {processor.py:183} INFO - Processing /home/airflow/.local/lib/python3.12/site-packages/airflow/example_dags/example_external_task_marker_dag.py took 0.082 seconds
[2024-04-14T13:10:49.746+0000] {processor.py:161} INFO - Started process (PID=1299) to work on /home/airflow/.local/lib/python3.12/site-packages/airflow/example_dags/example_external_task_marker_dag.py
[2024-04-14T13:10:49.747+0000] {processor.py:830} INFO - Processing file /home/airflow/.local/lib/python3.12/site-packages/airflow/example_dags/example_external_task_marker_dag.py for tasks to queue
[2024-04-14T13:10:49.748+0000] {logging_mixin.py:188} INFO - [2024-04-14T13:10:49.748+0000] {dagbag.py:540} INFO - Filling up the DagBag from /home/airflow/.local/lib/python3.12/site-packages/airflow/example_dags/example_external_task_marker_dag.py
[2024-04-14T13:10:49.753+0000] {processor.py:840} INFO - DAG(s) 'example_external_task_marker_parent', 'example_external_task_marker_child' retrieved from /home/airflow/.local/lib/python3.12/site-packages/airflow/example_dags/example_external_task_marker_dag.py
[2024-04-14T13:10:49.771+0000] {logging_mixin.py:188} INFO - [2024-04-14T13:10:49.771+0000] {dag.py:3096} INFO - Sync 2 DAGs
[2024-04-14T13:10:49.783+0000] {logging_mixin.py:188} INFO - [2024-04-14T13:10:49.783+0000] {dag.py:3954} INFO - Setting next_dagrun for example_external_task_marker_child to None, run_after=None
[2024-04-14T13:10:49.786+0000] {logging_mixin.py:188} INFO - [2024-04-14T13:10:49.786+0000] {dag.py:3954} INFO - Setting next_dagrun for example_external_task_marker_parent to None, run_after=None
[2024-04-14T13:10:49.802+0000] {processor.py:183} INFO - Processing /home/airflow/.local/lib/python3.12/site-packages/airflow/example_dags/example_external_task_marker_dag.py took 0.061 seconds
[2024-04-14T13:11:20.089+0000] {processor.py:161} INFO - Started process (PID=1357) to work on /home/airflow/.local/lib/python3.12/site-packages/airflow/example_dags/example_external_task_marker_dag.py
[2024-04-14T13:11:20.090+0000] {processor.py:830} INFO - Processing file /home/airflow/.local/lib/python3.12/site-packages/airflow/example_dags/example_external_task_marker_dag.py for tasks to queue
[2024-04-14T13:11:20.091+0000] {logging_mixin.py:188} INFO - [2024-04-14T13:11:20.091+0000] {dagbag.py:540} INFO - Filling up the DagBag from /home/airflow/.local/lib/python3.12/site-packages/airflow/example_dags/example_external_task_marker_dag.py
[2024-04-14T13:11:20.096+0000] {processor.py:840} INFO - DAG(s) 'example_external_task_marker_parent', 'example_external_task_marker_child' retrieved from /home/airflow/.local/lib/python3.12/site-packages/airflow/example_dags/example_external_task_marker_dag.py
[2024-04-14T13:11:20.116+0000] {logging_mixin.py:188} INFO - [2024-04-14T13:11:20.116+0000] {dag.py:3096} INFO - Sync 2 DAGs
[2024-04-14T13:11:20.127+0000] {logging_mixin.py:188} INFO - [2024-04-14T13:11:20.127+0000] {dag.py:3954} INFO - Setting next_dagrun for example_external_task_marker_child to None, run_after=None
[2024-04-14T13:11:20.130+0000] {logging_mixin.py:188} INFO - [2024-04-14T13:11:20.130+0000] {dag.py:3954} INFO - Setting next_dagrun for example_external_task_marker_parent to None, run_after=None
[2024-04-14T13:11:20.145+0000] {processor.py:183} INFO - Processing /home/airflow/.local/lib/python3.12/site-packages/airflow/example_dags/example_external_task_marker_dag.py took 0.061 seconds
[2024-04-14T13:11:50.410+0000] {processor.py:161} INFO - Started process (PID=1415) to work on /home/airflow/.local/lib/python3.12/site-packages/airflow/example_dags/example_external_task_marker_dag.py
[2024-04-14T13:11:50.410+0000] {processor.py:830} INFO - Processing file /home/airflow/.local/lib/python3.12/site-packages/airflow/example_dags/example_external_task_marker_dag.py for tasks to queue
[2024-04-14T13:11:50.412+0000] {logging_mixin.py:188} INFO - [2024-04-14T13:11:50.411+0000] {dagbag.py:540} INFO - Filling up the DagBag from /home/airflow/.local/lib/python3.12/site-packages/airflow/example_dags/example_external_task_marker_dag.py
[2024-04-14T13:11:50.416+0000] {processor.py:840} INFO - DAG(s) 'example_external_task_marker_child', 'example_external_task_marker_parent' retrieved from /home/airflow/.local/lib/python3.12/site-packages/airflow/example_dags/example_external_task_marker_dag.py
[2024-04-14T13:11:50.434+0000] {logging_mixin.py:188} INFO - [2024-04-14T13:11:50.434+0000] {dag.py:3096} INFO - Sync 2 DAGs
[2024-04-14T13:11:50.445+0000] {logging_mixin.py:188} INFO - [2024-04-14T13:11:50.445+0000] {dag.py:3954} INFO - Setting next_dagrun for example_external_task_marker_child to None, run_after=None
[2024-04-14T13:11:50.449+0000] {logging_mixin.py:188} INFO - [2024-04-14T13:11:50.449+0000] {dag.py:3954} INFO - Setting next_dagrun for example_external_task_marker_parent to None, run_after=None
[2024-04-14T13:11:50.463+0000] {processor.py:183} INFO - Processing /home/airflow/.local/lib/python3.12/site-packages/airflow/example_dags/example_external_task_marker_dag.py took 0.058 seconds
[2024-04-14T13:12:20.753+0000] {processor.py:161} INFO - Started process (PID=1473) to work on /home/airflow/.local/lib/python3.12/site-packages/airflow/example_dags/example_external_task_marker_dag.py
[2024-04-14T13:12:20.754+0000] {processor.py:830} INFO - Processing file /home/airflow/.local/lib/python3.12/site-packages/airflow/example_dags/example_external_task_marker_dag.py for tasks to queue
[2024-04-14T13:12:20.755+0000] {logging_mixin.py:188} INFO - [2024-04-14T13:12:20.755+0000] {dagbag.py:540} INFO - Filling up the DagBag from /home/airflow/.local/lib/python3.12/site-packages/airflow/example_dags/example_external_task_marker_dag.py
[2024-04-14T13:12:20.760+0000] {processor.py:840} INFO - DAG(s) 'example_external_task_marker_child', 'example_external_task_marker_parent' retrieved from /home/airflow/.local/lib/python3.12/site-packages/airflow/example_dags/example_external_task_marker_dag.py
[2024-04-14T13:12:20.779+0000] {logging_mixin.py:188} INFO - [2024-04-14T13:12:20.779+0000] {dag.py:3096} INFO - Sync 2 DAGs
[2024-04-14T13:12:20.790+0000] {logging_mixin.py:188} INFO - [2024-04-14T13:12:20.790+0000] {dag.py:3954} INFO - Setting next_dagrun for example_external_task_marker_child to None, run_after=None
[2024-04-14T13:12:20.793+0000] {logging_mixin.py:188} INFO - [2024-04-14T13:12:20.793+0000] {dag.py:3954} INFO - Setting next_dagrun for example_external_task_marker_parent to None, run_after=None
[2024-04-14T13:12:20.808+0000] {processor.py:183} INFO - Processing /home/airflow/.local/lib/python3.12/site-packages/airflow/example_dags/example_external_task_marker_dag.py took 0.059 seconds
[2024-04-14T13:12:51.124+0000] {processor.py:161} INFO - Started process (PID=1531) to work on /home/airflow/.local/lib/python3.12/site-packages/airflow/example_dags/example_external_task_marker_dag.py
[2024-04-14T13:12:51.125+0000] {processor.py:830} INFO - Processing file /home/airflow/.local/lib/python3.12/site-packages/airflow/example_dags/example_external_task_marker_dag.py for tasks to queue
[2024-04-14T13:12:51.127+0000] {logging_mixin.py:188} INFO - [2024-04-14T13:12:51.127+0000] {dagbag.py:540} INFO - Filling up the DagBag from /home/airflow/.local/lib/python3.12/site-packages/airflow/example_dags/example_external_task_marker_dag.py
[2024-04-14T13:12:51.133+0000] {processor.py:840} INFO - DAG(s) 'example_external_task_marker_child', 'example_external_task_marker_parent' retrieved from /home/airflow/.local/lib/python3.12/site-packages/airflow/example_dags/example_external_task_marker_dag.py
[2024-04-14T13:12:51.154+0000] {logging_mixin.py:188} INFO - [2024-04-14T13:12:51.154+0000] {dag.py:3096} INFO - Sync 2 DAGs
[2024-04-14T13:12:51.168+0000] {logging_mixin.py:188} INFO - [2024-04-14T13:12:51.168+0000] {dag.py:3954} INFO - Setting next_dagrun for example_external_task_marker_child to None, run_after=None
[2024-04-14T13:12:51.172+0000] {logging_mixin.py:188} INFO - [2024-04-14T13:12:51.172+0000] {dag.py:3954} INFO - Setting next_dagrun for example_external_task_marker_parent to None, run_after=None
[2024-04-14T13:12:51.190+0000] {processor.py:183} INFO - Processing /home/airflow/.local/lib/python3.12/site-packages/airflow/example_dags/example_external_task_marker_dag.py took 0.071 seconds
[2024-04-14T13:13:21.560+0000] {processor.py:161} INFO - Started process (PID=1589) to work on /home/airflow/.local/lib/python3.12/site-packages/airflow/example_dags/example_external_task_marker_dag.py
[2024-04-14T13:13:21.561+0000] {processor.py:830} INFO - Processing file /home/airflow/.local/lib/python3.12/site-packages/airflow/example_dags/example_external_task_marker_dag.py for tasks to queue
[2024-04-14T13:13:21.562+0000] {logging_mixin.py:188} INFO - [2024-04-14T13:13:21.562+0000] {dagbag.py:540} INFO - Filling up the DagBag from /home/airflow/.local/lib/python3.12/site-packages/airflow/example_dags/example_external_task_marker_dag.py
[2024-04-14T13:13:21.569+0000] {processor.py:840} INFO - DAG(s) 'example_external_task_marker_parent', 'example_external_task_marker_child' retrieved from /home/airflow/.local/lib/python3.12/site-packages/airflow/example_dags/example_external_task_marker_dag.py
[2024-04-14T13:13:21.590+0000] {logging_mixin.py:188} INFO - [2024-04-14T13:13:21.589+0000] {dag.py:3096} INFO - Sync 2 DAGs
[2024-04-14T13:13:21.602+0000] {logging_mixin.py:188} INFO - [2024-04-14T13:13:21.601+0000] {dag.py:3954} INFO - Setting next_dagrun for example_external_task_marker_child to None, run_after=None
[2024-04-14T13:13:21.606+0000] {logging_mixin.py:188} INFO - [2024-04-14T13:13:21.606+0000] {dag.py:3954} INFO - Setting next_dagrun for example_external_task_marker_parent to None, run_after=None
[2024-04-14T13:13:21.622+0000] {processor.py:183} INFO - Processing /home/airflow/.local/lib/python3.12/site-packages/airflow/example_dags/example_external_task_marker_dag.py took 0.067 seconds
[2024-04-14T13:13:52.396+0000] {processor.py:161} INFO - Started process (PID=1647) to work on /home/airflow/.local/lib/python3.12/site-packages/airflow/example_dags/example_external_task_marker_dag.py
[2024-04-14T13:13:52.397+0000] {processor.py:830} INFO - Processing file /home/airflow/.local/lib/python3.12/site-packages/airflow/example_dags/example_external_task_marker_dag.py for tasks to queue
[2024-04-14T13:13:52.398+0000] {logging_mixin.py:188} INFO - [2024-04-14T13:13:52.398+0000] {dagbag.py:540} INFO - Filling up the DagBag from /home/airflow/.local/lib/python3.12/site-packages/airflow/example_dags/example_external_task_marker_dag.py
[2024-04-14T13:13:52.402+0000] {processor.py:840} INFO - DAG(s) 'example_external_task_marker_child', 'example_external_task_marker_parent' retrieved from /home/airflow/.local/lib/python3.12/site-packages/airflow/example_dags/example_external_task_marker_dag.py
[2024-04-14T13:13:52.420+0000] {logging_mixin.py:188} INFO - [2024-04-14T13:13:52.420+0000] {dag.py:3096} INFO - Sync 2 DAGs
[2024-04-14T13:13:52.432+0000] {logging_mixin.py:188} INFO - [2024-04-14T13:13:52.432+0000] {dag.py:3954} INFO - Setting next_dagrun for example_external_task_marker_child to None, run_after=None
[2024-04-14T13:13:52.436+0000] {logging_mixin.py:188} INFO - [2024-04-14T13:13:52.436+0000] {dag.py:3954} INFO - Setting next_dagrun for example_external_task_marker_parent to None, run_after=None
[2024-04-14T13:13:52.451+0000] {processor.py:183} INFO - Processing /home/airflow/.local/lib/python3.12/site-packages/airflow/example_dags/example_external_task_marker_dag.py took 0.060 seconds
[2024-04-14T13:14:23.051+0000] {processor.py:161} INFO - Started process (PID=1705) to work on /home/airflow/.local/lib/python3.12/site-packages/airflow/example_dags/example_external_task_marker_dag.py
[2024-04-14T13:14:23.051+0000] {processor.py:830} INFO - Processing file /home/airflow/.local/lib/python3.12/site-packages/airflow/example_dags/example_external_task_marker_dag.py for tasks to queue
[2024-04-14T13:14:23.053+0000] {logging_mixin.py:188} INFO - [2024-04-14T13:14:23.053+0000] {dagbag.py:540} INFO - Filling up the DagBag from /home/airflow/.local/lib/python3.12/site-packages/airflow/example_dags/example_external_task_marker_dag.py
[2024-04-14T13:14:23.057+0000] {processor.py:840} INFO - DAG(s) 'example_external_task_marker_child', 'example_external_task_marker_parent' retrieved from /home/airflow/.local/lib/python3.12/site-packages/airflow/example_dags/example_external_task_marker_dag.py
[2024-04-14T13:14:23.076+0000] {logging_mixin.py:188} INFO - [2024-04-14T13:14:23.076+0000] {dag.py:3096} INFO - Sync 2 DAGs
[2024-04-14T13:14:23.087+0000] {logging_mixin.py:188} INFO - [2024-04-14T13:14:23.086+0000] {dag.py:3954} INFO - Setting next_dagrun for example_external_task_marker_child to None, run_after=None
[2024-04-14T13:14:23.090+0000] {logging_mixin.py:188} INFO - [2024-04-14T13:14:23.090+0000] {dag.py:3954} INFO - Setting next_dagrun for example_external_task_marker_parent to None, run_after=None
[2024-04-14T13:14:23.105+0000] {processor.py:183} INFO - Processing /home/airflow/.local/lib/python3.12/site-packages/airflow/example_dags/example_external_task_marker_dag.py took 0.059 seconds
[2024-04-14T13:14:53.577+0000] {processor.py:161} INFO - Started process (PID=1764) to work on /home/airflow/.local/lib/python3.12/site-packages/airflow/example_dags/example_external_task_marker_dag.py
[2024-04-14T13:14:53.578+0000] {processor.py:830} INFO - Processing file /home/airflow/.local/lib/python3.12/site-packages/airflow/example_dags/example_external_task_marker_dag.py for tasks to queue
[2024-04-14T13:14:53.579+0000] {logging_mixin.py:188} INFO - [2024-04-14T13:14:53.579+0000] {dagbag.py:540} INFO - Filling up the DagBag from /home/airflow/.local/lib/python3.12/site-packages/airflow/example_dags/example_external_task_marker_dag.py
[2024-04-14T13:14:53.583+0000] {processor.py:840} INFO - DAG(s) 'example_external_task_marker_parent', 'example_external_task_marker_child' retrieved from /home/airflow/.local/lib/python3.12/site-packages/airflow/example_dags/example_external_task_marker_dag.py
[2024-04-14T13:14:53.605+0000] {logging_mixin.py:188} INFO - [2024-04-14T13:14:53.605+0000] {dag.py:3096} INFO - Sync 2 DAGs
[2024-04-14T13:14:53.616+0000] {logging_mixin.py:188} INFO - [2024-04-14T13:14:53.616+0000] {dag.py:3954} INFO - Setting next_dagrun for example_external_task_marker_child to None, run_after=None
[2024-04-14T13:14:53.620+0000] {logging_mixin.py:188} INFO - [2024-04-14T13:14:53.620+0000] {dag.py:3954} INFO - Setting next_dagrun for example_external_task_marker_parent to None, run_after=None
[2024-04-14T13:14:53.633+0000] {processor.py:183} INFO - Processing /home/airflow/.local/lib/python3.12/site-packages/airflow/example_dags/example_external_task_marker_dag.py took 0.060 seconds
[2024-04-14T13:15:24.110+0000] {processor.py:161} INFO - Started process (PID=1822) to work on /home/airflow/.local/lib/python3.12/site-packages/airflow/example_dags/example_external_task_marker_dag.py
[2024-04-14T13:15:24.111+0000] {processor.py:830} INFO - Processing file /home/airflow/.local/lib/python3.12/site-packages/airflow/example_dags/example_external_task_marker_dag.py for tasks to queue
[2024-04-14T13:15:24.112+0000] {logging_mixin.py:188} INFO - [2024-04-14T13:15:24.112+0000] {dagbag.py:540} INFO - Filling up the DagBag from /home/airflow/.local/lib/python3.12/site-packages/airflow/example_dags/example_external_task_marker_dag.py
[2024-04-14T13:15:24.117+0000] {processor.py:840} INFO - DAG(s) 'example_external_task_marker_parent', 'example_external_task_marker_child' retrieved from /home/airflow/.local/lib/python3.12/site-packages/airflow/example_dags/example_external_task_marker_dag.py
[2024-04-14T13:15:24.134+0000] {logging_mixin.py:188} INFO - [2024-04-14T13:15:24.134+0000] {dag.py:3096} INFO - Sync 2 DAGs
[2024-04-14T13:15:24.145+0000] {logging_mixin.py:188} INFO - [2024-04-14T13:15:24.145+0000] {dag.py:3954} INFO - Setting next_dagrun for example_external_task_marker_child to None, run_after=None
[2024-04-14T13:15:24.149+0000] {logging_mixin.py:188} INFO - [2024-04-14T13:15:24.148+0000] {dag.py:3954} INFO - Setting next_dagrun for example_external_task_marker_parent to None, run_after=None
[2024-04-14T13:15:24.162+0000] {processor.py:183} INFO - Processing /home/airflow/.local/lib/python3.12/site-packages/airflow/example_dags/example_external_task_marker_dag.py took 0.056 seconds
[2024-04-14T13:15:54.616+0000] {processor.py:161} INFO - Started process (PID=1881) to work on /home/airflow/.local/lib/python3.12/site-packages/airflow/example_dags/example_external_task_marker_dag.py
[2024-04-14T13:15:54.617+0000] {processor.py:830} INFO - Processing file /home/airflow/.local/lib/python3.12/site-packages/airflow/example_dags/example_external_task_marker_dag.py for tasks to queue
[2024-04-14T13:15:54.618+0000] {logging_mixin.py:188} INFO - [2024-04-14T13:15:54.618+0000] {dagbag.py:540} INFO - Filling up the DagBag from /home/airflow/.local/lib/python3.12/site-packages/airflow/example_dags/example_external_task_marker_dag.py
[2024-04-14T13:15:54.622+0000] {processor.py:840} INFO - DAG(s) 'example_external_task_marker_child', 'example_external_task_marker_parent' retrieved from /home/airflow/.local/lib/python3.12/site-packages/airflow/example_dags/example_external_task_marker_dag.py
[2024-04-14T13:15:54.640+0000] {logging_mixin.py:188} INFO - [2024-04-14T13:15:54.640+0000] {dag.py:3096} INFO - Sync 2 DAGs
[2024-04-14T13:15:54.652+0000] {logging_mixin.py:188} INFO - [2024-04-14T13:15:54.652+0000] {dag.py:3954} INFO - Setting next_dagrun for example_external_task_marker_child to None, run_after=None
[2024-04-14T13:15:54.655+0000] {logging_mixin.py:188} INFO - [2024-04-14T13:15:54.655+0000] {dag.py:3954} INFO - Setting next_dagrun for example_external_task_marker_parent to None, run_after=None
[2024-04-14T13:15:54.670+0000] {processor.py:183} INFO - Processing /home/airflow/.local/lib/python3.12/site-packages/airflow/example_dags/example_external_task_marker_dag.py took 0.059 seconds
[2024-04-14T13:16:24.997+0000] {processor.py:161} INFO - Started process (PID=1939) to work on /home/airflow/.local/lib/python3.12/site-packages/airflow/example_dags/example_external_task_marker_dag.py
[2024-04-14T13:16:24.998+0000] {processor.py:830} INFO - Processing file /home/airflow/.local/lib/python3.12/site-packages/airflow/example_dags/example_external_task_marker_dag.py for tasks to queue
[2024-04-14T13:16:25.000+0000] {logging_mixin.py:188} INFO - [2024-04-14T13:16:24.999+0000] {dagbag.py:540} INFO - Filling up the DagBag from /home/airflow/.local/lib/python3.12/site-packages/airflow/example_dags/example_external_task_marker_dag.py
[2024-04-14T13:16:25.004+0000] {processor.py:840} INFO - DAG(s) 'example_external_task_marker_child', 'example_external_task_marker_parent' retrieved from /home/airflow/.local/lib/python3.12/site-packages/airflow/example_dags/example_external_task_marker_dag.py
[2024-04-14T13:16:25.022+0000] {logging_mixin.py:188} INFO - [2024-04-14T13:16:25.022+0000] {dag.py:3096} INFO - Sync 2 DAGs
[2024-04-14T13:16:25.033+0000] {logging_mixin.py:188} INFO - [2024-04-14T13:16:25.033+0000] {dag.py:3954} INFO - Setting next_dagrun for example_external_task_marker_child to None, run_after=None
[2024-04-14T13:16:25.036+0000] {logging_mixin.py:188} INFO - [2024-04-14T13:16:25.036+0000] {dag.py:3954} INFO - Setting next_dagrun for example_external_task_marker_parent to None, run_after=None
[2024-04-14T13:16:25.052+0000] {processor.py:183} INFO - Processing /home/airflow/.local/lib/python3.12/site-packages/airflow/example_dags/example_external_task_marker_dag.py took 0.059 seconds
[2024-04-14T13:16:55.386+0000] {processor.py:161} INFO - Started process (PID=1998) to work on /home/airflow/.local/lib/python3.12/site-packages/airflow/example_dags/example_external_task_marker_dag.py
[2024-04-14T13:16:55.387+0000] {processor.py:830} INFO - Processing file /home/airflow/.local/lib/python3.12/site-packages/airflow/example_dags/example_external_task_marker_dag.py for tasks to queue
[2024-04-14T13:16:55.388+0000] {logging_mixin.py:188} INFO - [2024-04-14T13:16:55.388+0000] {dagbag.py:540} INFO - Filling up the DagBag from /home/airflow/.local/lib/python3.12/site-packages/airflow/example_dags/example_external_task_marker_dag.py
[2024-04-14T13:16:55.392+0000] {processor.py:840} INFO - DAG(s) 'example_external_task_marker_child', 'example_external_task_marker_parent' retrieved from /home/airflow/.local/lib/python3.12/site-packages/airflow/example_dags/example_external_task_marker_dag.py
[2024-04-14T13:16:55.411+0000] {logging_mixin.py:188} INFO - [2024-04-14T13:16:55.410+0000] {dag.py:3096} INFO - Sync 2 DAGs
[2024-04-14T13:16:55.422+0000] {logging_mixin.py:188} INFO - [2024-04-14T13:16:55.422+0000] {dag.py:3954} INFO - Setting next_dagrun for example_external_task_marker_child to None, run_after=None
[2024-04-14T13:16:55.426+0000] {logging_mixin.py:188} INFO - [2024-04-14T13:16:55.426+0000] {dag.py:3954} INFO - Setting next_dagrun for example_external_task_marker_parent to None, run_after=None
[2024-04-14T13:16:55.439+0000] {processor.py:183} INFO - Processing /home/airflow/.local/lib/python3.12/site-packages/airflow/example_dags/example_external_task_marker_dag.py took 0.057 seconds
[2024-04-14T13:17:25.738+0000] {processor.py:161} INFO - Started process (PID=2057) to work on /home/airflow/.local/lib/python3.12/site-packages/airflow/example_dags/example_external_task_marker_dag.py
[2024-04-14T13:17:25.739+0000] {processor.py:830} INFO - Processing file /home/airflow/.local/lib/python3.12/site-packages/airflow/example_dags/example_external_task_marker_dag.py for tasks to queue
[2024-04-14T13:17:25.740+0000] {logging_mixin.py:188} INFO - [2024-04-14T13:17:25.740+0000] {dagbag.py:540} INFO - Filling up the DagBag from /home/airflow/.local/lib/python3.12/site-packages/airflow/example_dags/example_external_task_marker_dag.py
[2024-04-14T13:17:25.744+0000] {processor.py:840} INFO - DAG(s) 'example_external_task_marker_child', 'example_external_task_marker_parent' retrieved from /home/airflow/.local/lib/python3.12/site-packages/airflow/example_dags/example_external_task_marker_dag.py
[2024-04-14T13:17:25.762+0000] {logging_mixin.py:188} INFO - [2024-04-14T13:17:25.761+0000] {dag.py:3096} INFO - Sync 2 DAGs
[2024-04-14T13:17:25.773+0000] {logging_mixin.py:188} INFO - [2024-04-14T13:17:25.772+0000] {dag.py:3954} INFO - Setting next_dagrun for example_external_task_marker_child to None, run_after=None
[2024-04-14T13:17:25.776+0000] {logging_mixin.py:188} INFO - [2024-04-14T13:17:25.776+0000] {dag.py:3954} INFO - Setting next_dagrun for example_external_task_marker_parent to None, run_after=None
[2024-04-14T13:17:25.790+0000] {processor.py:183} INFO - Processing /home/airflow/.local/lib/python3.12/site-packages/airflow/example_dags/example_external_task_marker_dag.py took 0.056 seconds
[2024-04-14T13:17:56.134+0000] {processor.py:161} INFO - Started process (PID=2115) to work on /home/airflow/.local/lib/python3.12/site-packages/airflow/example_dags/example_external_task_marker_dag.py
[2024-04-14T13:17:56.136+0000] {processor.py:830} INFO - Processing file /home/airflow/.local/lib/python3.12/site-packages/airflow/example_dags/example_external_task_marker_dag.py for tasks to queue
[2024-04-14T13:17:56.137+0000] {logging_mixin.py:188} INFO - [2024-04-14T13:17:56.137+0000] {dagbag.py:540} INFO - Filling up the DagBag from /home/airflow/.local/lib/python3.12/site-packages/airflow/example_dags/example_external_task_marker_dag.py
[2024-04-14T13:17:56.142+0000] {processor.py:840} INFO - DAG(s) 'example_external_task_marker_parent', 'example_external_task_marker_child' retrieved from /home/airflow/.local/lib/python3.12/site-packages/airflow/example_dags/example_external_task_marker_dag.py
[2024-04-14T13:17:56.163+0000] {logging_mixin.py:188} INFO - [2024-04-14T13:17:56.163+0000] {dag.py:3096} INFO - Sync 2 DAGs
[2024-04-14T13:17:56.175+0000] {logging_mixin.py:188} INFO - [2024-04-14T13:17:56.175+0000] {dag.py:3954} INFO - Setting next_dagrun for example_external_task_marker_child to None, run_after=None
[2024-04-14T13:17:56.180+0000] {logging_mixin.py:188} INFO - [2024-04-14T13:17:56.180+0000] {dag.py:3954} INFO - Setting next_dagrun for example_external_task_marker_parent to None, run_after=None
[2024-04-14T13:17:56.197+0000] {processor.py:183} INFO - Processing /home/airflow/.local/lib/python3.12/site-packages/airflow/example_dags/example_external_task_marker_dag.py took 0.068 seconds
[2024-04-14T13:18:26.567+0000] {processor.py:161} INFO - Started process (PID=2173) to work on /home/airflow/.local/lib/python3.12/site-packages/airflow/example_dags/example_external_task_marker_dag.py
[2024-04-14T13:18:26.567+0000] {processor.py:830} INFO - Processing file /home/airflow/.local/lib/python3.12/site-packages/airflow/example_dags/example_external_task_marker_dag.py for tasks to queue
[2024-04-14T13:18:26.569+0000] {logging_mixin.py:188} INFO - [2024-04-14T13:18:26.569+0000] {dagbag.py:540} INFO - Filling up the DagBag from /home/airflow/.local/lib/python3.12/site-packages/airflow/example_dags/example_external_task_marker_dag.py
[2024-04-14T13:18:26.573+0000] {processor.py:840} INFO - DAG(s) 'example_external_task_marker_parent', 'example_external_task_marker_child' retrieved from /home/airflow/.local/lib/python3.12/site-packages/airflow/example_dags/example_external_task_marker_dag.py
[2024-04-14T13:18:26.591+0000] {logging_mixin.py:188} INFO - [2024-04-14T13:18:26.590+0000] {dag.py:3096} INFO - Sync 2 DAGs
[2024-04-14T13:18:26.602+0000] {logging_mixin.py:188} INFO - [2024-04-14T13:18:26.602+0000] {dag.py:3954} INFO - Setting next_dagrun for example_external_task_marker_child to None, run_after=None
[2024-04-14T13:18:26.605+0000] {logging_mixin.py:188} INFO - [2024-04-14T13:18:26.605+0000] {dag.py:3954} INFO - Setting next_dagrun for example_external_task_marker_parent to None, run_after=None
[2024-04-14T13:18:26.618+0000] {processor.py:183} INFO - Processing /home/airflow/.local/lib/python3.12/site-packages/airflow/example_dags/example_external_task_marker_dag.py took 0.056 seconds
[2024-04-14T13:18:57.491+0000] {processor.py:161} INFO - Started process (PID=2232) to work on /home/airflow/.local/lib/python3.12/site-packages/airflow/example_dags/example_external_task_marker_dag.py
[2024-04-14T13:18:57.492+0000] {processor.py:830} INFO - Processing file /home/airflow/.local/lib/python3.12/site-packages/airflow/example_dags/example_external_task_marker_dag.py for tasks to queue
[2024-04-14T13:18:57.494+0000] {logging_mixin.py:188} INFO - [2024-04-14T13:18:57.493+0000] {dagbag.py:540} INFO - Filling up the DagBag from /home/airflow/.local/lib/python3.12/site-packages/airflow/example_dags/example_external_task_marker_dag.py
[2024-04-14T13:18:57.498+0000] {processor.py:840} INFO - DAG(s) 'example_external_task_marker_parent', 'example_external_task_marker_child' retrieved from /home/airflow/.local/lib/python3.12/site-packages/airflow/example_dags/example_external_task_marker_dag.py
[2024-04-14T13:18:57.519+0000] {logging_mixin.py:188} INFO - [2024-04-14T13:18:57.518+0000] {dag.py:3096} INFO - Sync 2 DAGs
[2024-04-14T13:18:57.531+0000] {logging_mixin.py:188} INFO - [2024-04-14T13:18:57.531+0000] {dag.py:3954} INFO - Setting next_dagrun for example_external_task_marker_child to None, run_after=None
[2024-04-14T13:18:57.534+0000] {logging_mixin.py:188} INFO - [2024-04-14T13:18:57.534+0000] {dag.py:3954} INFO - Setting next_dagrun for example_external_task_marker_parent to None, run_after=None
[2024-04-14T13:18:57.549+0000] {processor.py:183} INFO - Processing /home/airflow/.local/lib/python3.12/site-packages/airflow/example_dags/example_external_task_marker_dag.py took 0.063 seconds
[2024-04-14T13:19:28.139+0000] {processor.py:161} INFO - Started process (PID=2290) to work on /home/airflow/.local/lib/python3.12/site-packages/airflow/example_dags/example_external_task_marker_dag.py
[2024-04-14T13:19:28.140+0000] {processor.py:830} INFO - Processing file /home/airflow/.local/lib/python3.12/site-packages/airflow/example_dags/example_external_task_marker_dag.py for tasks to queue
[2024-04-14T13:19:28.141+0000] {logging_mixin.py:188} INFO - [2024-04-14T13:19:28.141+0000] {dagbag.py:540} INFO - Filling up the DagBag from /home/airflow/.local/lib/python3.12/site-packages/airflow/example_dags/example_external_task_marker_dag.py
[2024-04-14T13:19:28.146+0000] {processor.py:840} INFO - DAG(s) 'example_external_task_marker_child', 'example_external_task_marker_parent' retrieved from /home/airflow/.local/lib/python3.12/site-packages/airflow/example_dags/example_external_task_marker_dag.py
[2024-04-14T13:19:28.166+0000] {logging_mixin.py:188} INFO - [2024-04-14T13:19:28.166+0000] {dag.py:3096} INFO - Sync 2 DAGs
[2024-04-14T13:19:28.178+0000] {logging_mixin.py:188} INFO - [2024-04-14T13:19:28.177+0000] {dag.py:3954} INFO - Setting next_dagrun for example_external_task_marker_child to None, run_after=None
[2024-04-14T13:19:28.182+0000] {logging_mixin.py:188} INFO - [2024-04-14T13:19:28.182+0000] {dag.py:3954} INFO - Setting next_dagrun for example_external_task_marker_parent to None, run_after=None
[2024-04-14T13:19:28.197+0000] {processor.py:183} INFO - Processing /home/airflow/.local/lib/python3.12/site-packages/airflow/example_dags/example_external_task_marker_dag.py took 0.063 seconds
[2024-04-14T13:19:58.572+0000] {processor.py:161} INFO - Started process (PID=2348) to work on /home/airflow/.local/lib/python3.12/site-packages/airflow/example_dags/example_external_task_marker_dag.py
[2024-04-14T13:19:58.573+0000] {processor.py:830} INFO - Processing file /home/airflow/.local/lib/python3.12/site-packages/airflow/example_dags/example_external_task_marker_dag.py for tasks to queue
[2024-04-14T13:19:58.574+0000] {logging_mixin.py:188} INFO - [2024-04-14T13:19:58.574+0000] {dagbag.py:540} INFO - Filling up the DagBag from /home/airflow/.local/lib/python3.12/site-packages/airflow/example_dags/example_external_task_marker_dag.py
[2024-04-14T13:19:58.578+0000] {processor.py:840} INFO - DAG(s) 'example_external_task_marker_child', 'example_external_task_marker_parent' retrieved from /home/airflow/.local/lib/python3.12/site-packages/airflow/example_dags/example_external_task_marker_dag.py
[2024-04-14T13:19:58.596+0000] {logging_mixin.py:188} INFO - [2024-04-14T13:19:58.596+0000] {dag.py:3096} INFO - Sync 2 DAGs
[2024-04-14T13:19:58.607+0000] {logging_mixin.py:188} INFO - [2024-04-14T13:19:58.607+0000] {dag.py:3954} INFO - Setting next_dagrun for example_external_task_marker_child to None, run_after=None
[2024-04-14T13:19:58.611+0000] {logging_mixin.py:188} INFO - [2024-04-14T13:19:58.611+0000] {dag.py:3954} INFO - Setting next_dagrun for example_external_task_marker_parent to None, run_after=None
[2024-04-14T13:19:58.624+0000] {processor.py:183} INFO - Processing /home/airflow/.local/lib/python3.12/site-packages/airflow/example_dags/example_external_task_marker_dag.py took 0.056 seconds
