[2024-04-14T13:00:03.686+0000] {processor.py:161} INFO - Started process (PID=62) to work on /home/airflow/.local/lib/python3.12/site-packages/airflow/example_dags/example_bash_operator.py
[2024-04-14T13:00:03.687+0000] {processor.py:830} INFO - Processing file /home/airflow/.local/lib/python3.12/site-packages/airflow/example_dags/example_bash_operator.py for tasks to queue
[2024-04-14T13:00:03.689+0000] {logging_mixin.py:188} INFO - [2024-04-14T13:00:03.689+0000] {dagbag.py:540} INFO - Filling up the DagBag from /home/airflow/.local/lib/python3.12/site-packages/airflow/example_dags/example_bash_operator.py
[2024-04-14T13:00:03.704+0000] {processor.py:840} INFO - DAG(s) 'example_bash_operator' retrieved from /home/airflow/.local/lib/python3.12/site-packages/airflow/example_dags/example_bash_operator.py
[2024-04-14T13:00:03.716+0000] {logging_mixin.py:188} INFO - [2024-04-14T13:00:03.716+0000] {dag.py:3096} INFO - Sync 1 DAGs
[2024-04-14T13:00:03.745+0000] {logging_mixin.py:188} INFO - [2024-04-14T13:00:03.745+0000] {dag.py:3954} INFO - Setting next_dagrun for example_bash_operator to 2024-04-13 00:00:00+00:00, run_after=2024-04-14 00:00:00+00:00
[2024-04-14T13:00:03.767+0000] {processor.py:183} INFO - Processing /home/airflow/.local/lib/python3.12/site-packages/airflow/example_dags/example_bash_operator.py took 0.086 seconds
[2024-04-14T13:00:34.971+0000] {processor.py:161} INFO - Started process (PID=119) to work on /home/airflow/.local/lib/python3.12/site-packages/airflow/example_dags/example_bash_operator.py
[2024-04-14T13:00:34.972+0000] {processor.py:830} INFO - Processing file /home/airflow/.local/lib/python3.12/site-packages/airflow/example_dags/example_bash_operator.py for tasks to queue
[2024-04-14T13:00:34.974+0000] {logging_mixin.py:188} INFO - [2024-04-14T13:00:34.973+0000] {dagbag.py:540} INFO - Filling up the DagBag from /home/airflow/.local/lib/python3.12/site-packages/airflow/example_dags/example_bash_operator.py
[2024-04-14T13:00:34.983+0000] {processor.py:840} INFO - DAG(s) 'example_bash_operator' retrieved from /home/airflow/.local/lib/python3.12/site-packages/airflow/example_dags/example_bash_operator.py
[2024-04-14T13:00:35.090+0000] {logging_mixin.py:188} INFO - [2024-04-14T13:00:35.089+0000] {dag.py:3096} INFO - Sync 1 DAGs
[2024-04-14T13:00:35.108+0000] {logging_mixin.py:188} INFO - [2024-04-14T13:00:35.108+0000] {dag.py:3954} INFO - Setting next_dagrun for example_bash_operator to 2024-04-13 00:00:00+00:00, run_after=2024-04-14 00:00:00+00:00
[2024-04-14T13:00:35.126+0000] {processor.py:183} INFO - Processing /home/airflow/.local/lib/python3.12/site-packages/airflow/example_dags/example_bash_operator.py took 0.159 seconds
[2024-04-14T13:01:05.310+0000] {processor.py:161} INFO - Started process (PID=177) to work on /home/airflow/.local/lib/python3.12/site-packages/airflow/example_dags/example_bash_operator.py
[2024-04-14T13:01:05.311+0000] {processor.py:830} INFO - Processing file /home/airflow/.local/lib/python3.12/site-packages/airflow/example_dags/example_bash_operator.py for tasks to queue
[2024-04-14T13:01:05.313+0000] {logging_mixin.py:188} INFO - [2024-04-14T13:01:05.313+0000] {dagbag.py:540} INFO - Filling up the DagBag from /home/airflow/.local/lib/python3.12/site-packages/airflow/example_dags/example_bash_operator.py
[2024-04-14T13:01:05.322+0000] {processor.py:840} INFO - DAG(s) 'example_bash_operator' retrieved from /home/airflow/.local/lib/python3.12/site-packages/airflow/example_dags/example_bash_operator.py
[2024-04-14T13:01:05.350+0000] {logging_mixin.py:188} INFO - [2024-04-14T13:01:05.350+0000] {dag.py:3096} INFO - Sync 1 DAGs
[2024-04-14T13:01:05.372+0000] {logging_mixin.py:188} INFO - [2024-04-14T13:01:05.372+0000] {dag.py:3954} INFO - Setting next_dagrun for example_bash_operator to 2024-04-13 00:00:00+00:00, run_after=2024-04-14 00:00:00+00:00
[2024-04-14T13:01:05.394+0000] {processor.py:183} INFO - Processing /home/airflow/.local/lib/python3.12/site-packages/airflow/example_dags/example_bash_operator.py took 0.089 seconds
[2024-04-14T13:01:35.844+0000] {processor.py:161} INFO - Started process (PID=235) to work on /home/airflow/.local/lib/python3.12/site-packages/airflow/example_dags/example_bash_operator.py
[2024-04-14T13:01:35.845+0000] {processor.py:830} INFO - Processing file /home/airflow/.local/lib/python3.12/site-packages/airflow/example_dags/example_bash_operator.py for tasks to queue
[2024-04-14T13:01:35.848+0000] {logging_mixin.py:188} INFO - [2024-04-14T13:01:35.847+0000] {dagbag.py:540} INFO - Filling up the DagBag from /home/airflow/.local/lib/python3.12/site-packages/airflow/example_dags/example_bash_operator.py
[2024-04-14T13:01:35.865+0000] {processor.py:840} INFO - DAG(s) 'example_bash_operator' retrieved from /home/airflow/.local/lib/python3.12/site-packages/airflow/example_dags/example_bash_operator.py
[2024-04-14T13:01:35.907+0000] {logging_mixin.py:188} INFO - [2024-04-14T13:01:35.906+0000] {dag.py:3096} INFO - Sync 1 DAGs
[2024-04-14T13:01:35.936+0000] {logging_mixin.py:188} INFO - [2024-04-14T13:01:35.936+0000] {dag.py:3954} INFO - Setting next_dagrun for example_bash_operator to 2024-04-13 00:00:00+00:00, run_after=2024-04-14 00:00:00+00:00
[2024-04-14T13:01:35.960+0000] {processor.py:183} INFO - Processing /home/airflow/.local/lib/python3.12/site-packages/airflow/example_dags/example_bash_operator.py took 0.124 seconds
[2024-04-14T13:02:06.544+0000] {processor.py:161} INFO - Started process (PID=293) to work on /home/airflow/.local/lib/python3.12/site-packages/airflow/example_dags/example_bash_operator.py
[2024-04-14T13:02:06.545+0000] {processor.py:830} INFO - Processing file /home/airflow/.local/lib/python3.12/site-packages/airflow/example_dags/example_bash_operator.py for tasks to queue
[2024-04-14T13:02:06.547+0000] {logging_mixin.py:188} INFO - [2024-04-14T13:02:06.546+0000] {dagbag.py:540} INFO - Filling up the DagBag from /home/airflow/.local/lib/python3.12/site-packages/airflow/example_dags/example_bash_operator.py
[2024-04-14T13:02:06.556+0000] {processor.py:840} INFO - DAG(s) 'example_bash_operator' retrieved from /home/airflow/.local/lib/python3.12/site-packages/airflow/example_dags/example_bash_operator.py
[2024-04-14T13:02:06.580+0000] {logging_mixin.py:188} INFO - [2024-04-14T13:02:06.580+0000] {dag.py:3096} INFO - Sync 1 DAGs
[2024-04-14T13:02:06.600+0000] {logging_mixin.py:188} INFO - [2024-04-14T13:02:06.600+0000] {dag.py:3954} INFO - Setting next_dagrun for example_bash_operator to 2024-04-13 00:00:00+00:00, run_after=2024-04-14 00:00:00+00:00
[2024-04-14T13:02:06.618+0000] {processor.py:183} INFO - Processing /home/airflow/.local/lib/python3.12/site-packages/airflow/example_dags/example_bash_operator.py took 0.078 seconds
[2024-04-14T13:02:36.816+0000] {processor.py:161} INFO - Started process (PID=351) to work on /home/airflow/.local/lib/python3.12/site-packages/airflow/example_dags/example_bash_operator.py
[2024-04-14T13:02:36.817+0000] {processor.py:830} INFO - Processing file /home/airflow/.local/lib/python3.12/site-packages/airflow/example_dags/example_bash_operator.py for tasks to queue
[2024-04-14T13:02:36.818+0000] {logging_mixin.py:188} INFO - [2024-04-14T13:02:36.818+0000] {dagbag.py:540} INFO - Filling up the DagBag from /home/airflow/.local/lib/python3.12/site-packages/airflow/example_dags/example_bash_operator.py
[2024-04-14T13:02:36.827+0000] {processor.py:840} INFO - DAG(s) 'example_bash_operator' retrieved from /home/airflow/.local/lib/python3.12/site-packages/airflow/example_dags/example_bash_operator.py
[2024-04-14T13:02:36.851+0000] {logging_mixin.py:188} INFO - [2024-04-14T13:02:36.851+0000] {dag.py:3096} INFO - Sync 1 DAGs
[2024-04-14T13:02:36.871+0000] {logging_mixin.py:188} INFO - [2024-04-14T13:02:36.871+0000] {dag.py:3954} INFO - Setting next_dagrun for example_bash_operator to 2024-04-13 00:00:00+00:00, run_after=2024-04-14 00:00:00+00:00
[2024-04-14T13:02:36.889+0000] {processor.py:183} INFO - Processing /home/airflow/.local/lib/python3.12/site-packages/airflow/example_dags/example_bash_operator.py took 0.078 seconds
[2024-04-14T13:03:07.253+0000] {processor.py:161} INFO - Started process (PID=409) to work on /home/airflow/.local/lib/python3.12/site-packages/airflow/example_dags/example_bash_operator.py
[2024-04-14T13:03:07.254+0000] {processor.py:830} INFO - Processing file /home/airflow/.local/lib/python3.12/site-packages/airflow/example_dags/example_bash_operator.py for tasks to queue
[2024-04-14T13:03:07.256+0000] {logging_mixin.py:188} INFO - [2024-04-14T13:03:07.255+0000] {dagbag.py:540} INFO - Filling up the DagBag from /home/airflow/.local/lib/python3.12/site-packages/airflow/example_dags/example_bash_operator.py
[2024-04-14T13:03:07.265+0000] {processor.py:840} INFO - DAG(s) 'example_bash_operator' retrieved from /home/airflow/.local/lib/python3.12/site-packages/airflow/example_dags/example_bash_operator.py
[2024-04-14T13:03:07.290+0000] {logging_mixin.py:188} INFO - [2024-04-14T13:03:07.289+0000] {dag.py:3096} INFO - Sync 1 DAGs
[2024-04-14T13:03:07.311+0000] {logging_mixin.py:188} INFO - [2024-04-14T13:03:07.311+0000] {dag.py:3954} INFO - Setting next_dagrun for example_bash_operator to 2024-04-13 00:00:00+00:00, run_after=2024-04-14 00:00:00+00:00
[2024-04-14T13:03:07.328+0000] {processor.py:183} INFO - Processing /home/airflow/.local/lib/python3.12/site-packages/airflow/example_dags/example_bash_operator.py took 0.079 seconds
[2024-04-14T13:03:37.438+0000] {processor.py:161} INFO - Started process (PID=468) to work on /home/airflow/.local/lib/python3.12/site-packages/airflow/example_dags/example_bash_operator.py
[2024-04-14T13:03:37.439+0000] {processor.py:830} INFO - Processing file /home/airflow/.local/lib/python3.12/site-packages/airflow/example_dags/example_bash_operator.py for tasks to queue
[2024-04-14T13:03:37.440+0000] {logging_mixin.py:188} INFO - [2024-04-14T13:03:37.440+0000] {dagbag.py:540} INFO - Filling up the DagBag from /home/airflow/.local/lib/python3.12/site-packages/airflow/example_dags/example_bash_operator.py
[2024-04-14T13:03:37.449+0000] {processor.py:840} INFO - DAG(s) 'example_bash_operator' retrieved from /home/airflow/.local/lib/python3.12/site-packages/airflow/example_dags/example_bash_operator.py
[2024-04-14T13:03:37.473+0000] {logging_mixin.py:188} INFO - [2024-04-14T13:03:37.472+0000] {dag.py:3096} INFO - Sync 1 DAGs
[2024-04-14T13:03:37.492+0000] {logging_mixin.py:188} INFO - [2024-04-14T13:03:37.492+0000] {dag.py:3954} INFO - Setting next_dagrun for example_bash_operator to 2024-04-13 00:00:00+00:00, run_after=2024-04-14 00:00:00+00:00
[2024-04-14T13:03:37.511+0000] {processor.py:183} INFO - Processing /home/airflow/.local/lib/python3.12/site-packages/airflow/example_dags/example_bash_operator.py took 0.078 seconds
[2024-04-14T13:04:08.211+0000] {processor.py:161} INFO - Started process (PID=527) to work on /home/airflow/.local/lib/python3.12/site-packages/airflow/example_dags/example_bash_operator.py
[2024-04-14T13:04:08.212+0000] {processor.py:830} INFO - Processing file /home/airflow/.local/lib/python3.12/site-packages/airflow/example_dags/example_bash_operator.py for tasks to queue
[2024-04-14T13:04:08.213+0000] {logging_mixin.py:188} INFO - [2024-04-14T13:04:08.213+0000] {dagbag.py:540} INFO - Filling up the DagBag from /home/airflow/.local/lib/python3.12/site-packages/airflow/example_dags/example_bash_operator.py
[2024-04-14T13:04:08.222+0000] {processor.py:840} INFO - DAG(s) 'example_bash_operator' retrieved from /home/airflow/.local/lib/python3.12/site-packages/airflow/example_dags/example_bash_operator.py
[2024-04-14T13:04:08.245+0000] {logging_mixin.py:188} INFO - [2024-04-14T13:04:08.245+0000] {dag.py:3096} INFO - Sync 1 DAGs
[2024-04-14T13:04:08.265+0000] {logging_mixin.py:188} INFO - [2024-04-14T13:04:08.265+0000] {dag.py:3954} INFO - Setting next_dagrun for example_bash_operator to 2024-04-13 00:00:00+00:00, run_after=2024-04-14 00:00:00+00:00
[2024-04-14T13:04:08.284+0000] {processor.py:183} INFO - Processing /home/airflow/.local/lib/python3.12/site-packages/airflow/example_dags/example_bash_operator.py took 0.077 seconds
[2024-04-14T13:04:39.262+0000] {processor.py:161} INFO - Started process (PID=585) to work on /home/airflow/.local/lib/python3.12/site-packages/airflow/example_dags/example_bash_operator.py
[2024-04-14T13:04:39.263+0000] {processor.py:830} INFO - Processing file /home/airflow/.local/lib/python3.12/site-packages/airflow/example_dags/example_bash_operator.py for tasks to queue
[2024-04-14T13:04:39.265+0000] {logging_mixin.py:188} INFO - [2024-04-14T13:04:39.264+0000] {dagbag.py:540} INFO - Filling up the DagBag from /home/airflow/.local/lib/python3.12/site-packages/airflow/example_dags/example_bash_operator.py
[2024-04-14T13:04:39.273+0000] {processor.py:840} INFO - DAG(s) 'example_bash_operator' retrieved from /home/airflow/.local/lib/python3.12/site-packages/airflow/example_dags/example_bash_operator.py
[2024-04-14T13:04:39.297+0000] {logging_mixin.py:188} INFO - [2024-04-14T13:04:39.297+0000] {dag.py:3096} INFO - Sync 1 DAGs
[2024-04-14T13:04:39.319+0000] {logging_mixin.py:188} INFO - [2024-04-14T13:04:39.319+0000] {dag.py:3954} INFO - Setting next_dagrun for example_bash_operator to 2024-04-13 00:00:00+00:00, run_after=2024-04-14 00:00:00+00:00
[2024-04-14T13:04:39.337+0000] {processor.py:183} INFO - Processing /home/airflow/.local/lib/python3.12/site-packages/airflow/example_dags/example_bash_operator.py took 0.078 seconds
[2024-04-14T13:05:10.280+0000] {processor.py:161} INFO - Started process (PID=643) to work on /home/airflow/.local/lib/python3.12/site-packages/airflow/example_dags/example_bash_operator.py
[2024-04-14T13:05:10.281+0000] {processor.py:830} INFO - Processing file /home/airflow/.local/lib/python3.12/site-packages/airflow/example_dags/example_bash_operator.py for tasks to queue
[2024-04-14T13:05:10.282+0000] {logging_mixin.py:188} INFO - [2024-04-14T13:05:10.282+0000] {dagbag.py:540} INFO - Filling up the DagBag from /home/airflow/.local/lib/python3.12/site-packages/airflow/example_dags/example_bash_operator.py
[2024-04-14T13:05:10.292+0000] {processor.py:840} INFO - DAG(s) 'example_bash_operator' retrieved from /home/airflow/.local/lib/python3.12/site-packages/airflow/example_dags/example_bash_operator.py
[2024-04-14T13:05:10.316+0000] {logging_mixin.py:188} INFO - [2024-04-14T13:05:10.316+0000] {dag.py:3096} INFO - Sync 1 DAGs
[2024-04-14T13:05:10.339+0000] {logging_mixin.py:188} INFO - [2024-04-14T13:05:10.339+0000] {dag.py:3954} INFO - Setting next_dagrun for example_bash_operator to 2024-04-13 00:00:00+00:00, run_after=2024-04-14 00:00:00+00:00
[2024-04-14T13:05:10.357+0000] {processor.py:183} INFO - Processing /home/airflow/.local/lib/python3.12/site-packages/airflow/example_dags/example_bash_operator.py took 0.082 seconds
[2024-04-14T13:05:40.739+0000] {processor.py:161} INFO - Started process (PID=702) to work on /home/airflow/.local/lib/python3.12/site-packages/airflow/example_dags/example_bash_operator.py
[2024-04-14T13:05:40.740+0000] {processor.py:830} INFO - Processing file /home/airflow/.local/lib/python3.12/site-packages/airflow/example_dags/example_bash_operator.py for tasks to queue
[2024-04-14T13:05:40.741+0000] {logging_mixin.py:188} INFO - [2024-04-14T13:05:40.741+0000] {dagbag.py:540} INFO - Filling up the DagBag from /home/airflow/.local/lib/python3.12/site-packages/airflow/example_dags/example_bash_operator.py
[2024-04-14T13:05:40.753+0000] {processor.py:840} INFO - DAG(s) 'example_bash_operator' retrieved from /home/airflow/.local/lib/python3.12/site-packages/airflow/example_dags/example_bash_operator.py
[2024-04-14T13:05:40.778+0000] {logging_mixin.py:188} INFO - [2024-04-14T13:05:40.778+0000] {dag.py:3096} INFO - Sync 1 DAGs
[2024-04-14T13:05:40.800+0000] {logging_mixin.py:188} INFO - [2024-04-14T13:05:40.800+0000] {dag.py:3954} INFO - Setting next_dagrun for example_bash_operator to 2024-04-13 00:00:00+00:00, run_after=2024-04-14 00:00:00+00:00
[2024-04-14T13:05:40.820+0000] {processor.py:183} INFO - Processing /home/airflow/.local/lib/python3.12/site-packages/airflow/example_dags/example_bash_operator.py took 0.086 seconds
[2024-04-14T13:06:11.246+0000] {processor.py:161} INFO - Started process (PID=760) to work on /home/airflow/.local/lib/python3.12/site-packages/airflow/example_dags/example_bash_operator.py
[2024-04-14T13:06:11.247+0000] {processor.py:830} INFO - Processing file /home/airflow/.local/lib/python3.12/site-packages/airflow/example_dags/example_bash_operator.py for tasks to queue
[2024-04-14T13:06:11.248+0000] {logging_mixin.py:188} INFO - [2024-04-14T13:06:11.248+0000] {dagbag.py:540} INFO - Filling up the DagBag from /home/airflow/.local/lib/python3.12/site-packages/airflow/example_dags/example_bash_operator.py
[2024-04-14T13:06:11.257+0000] {processor.py:840} INFO - DAG(s) 'example_bash_operator' retrieved from /home/airflow/.local/lib/python3.12/site-packages/airflow/example_dags/example_bash_operator.py
[2024-04-14T13:06:11.280+0000] {logging_mixin.py:188} INFO - [2024-04-14T13:06:11.280+0000] {dag.py:3096} INFO - Sync 1 DAGs
[2024-04-14T13:06:11.299+0000] {logging_mixin.py:188} INFO - [2024-04-14T13:06:11.299+0000] {dag.py:3954} INFO - Setting next_dagrun for example_bash_operator to 2024-04-13 00:00:00+00:00, run_after=2024-04-14 00:00:00+00:00
[2024-04-14T13:06:11.317+0000] {processor.py:183} INFO - Processing /home/airflow/.local/lib/python3.12/site-packages/airflow/example_dags/example_bash_operator.py took 0.075 seconds
[2024-04-14T13:06:42.052+0000] {processor.py:161} INFO - Started process (PID=818) to work on /home/airflow/.local/lib/python3.12/site-packages/airflow/example_dags/example_bash_operator.py
[2024-04-14T13:06:42.053+0000] {processor.py:830} INFO - Processing file /home/airflow/.local/lib/python3.12/site-packages/airflow/example_dags/example_bash_operator.py for tasks to queue
[2024-04-14T13:06:42.054+0000] {logging_mixin.py:188} INFO - [2024-04-14T13:06:42.054+0000] {dagbag.py:540} INFO - Filling up the DagBag from /home/airflow/.local/lib/python3.12/site-packages/airflow/example_dags/example_bash_operator.py
[2024-04-14T13:06:42.062+0000] {processor.py:840} INFO - DAG(s) 'example_bash_operator' retrieved from /home/airflow/.local/lib/python3.12/site-packages/airflow/example_dags/example_bash_operator.py
[2024-04-14T13:06:42.085+0000] {logging_mixin.py:188} INFO - [2024-04-14T13:06:42.085+0000] {dag.py:3096} INFO - Sync 1 DAGs
[2024-04-14T13:06:42.104+0000] {logging_mixin.py:188} INFO - [2024-04-14T13:06:42.104+0000] {dag.py:3954} INFO - Setting next_dagrun for example_bash_operator to 2024-04-13 00:00:00+00:00, run_after=2024-04-14 00:00:00+00:00
[2024-04-14T13:06:42.122+0000] {processor.py:183} INFO - Processing /home/airflow/.local/lib/python3.12/site-packages/airflow/example_dags/example_bash_operator.py took 0.073 seconds
[2024-04-14T13:07:12.609+0000] {processor.py:161} INFO - Started process (PID=876) to work on /home/airflow/.local/lib/python3.12/site-packages/airflow/example_dags/example_bash_operator.py
[2024-04-14T13:07:12.610+0000] {processor.py:830} INFO - Processing file /home/airflow/.local/lib/python3.12/site-packages/airflow/example_dags/example_bash_operator.py for tasks to queue
[2024-04-14T13:07:12.612+0000] {logging_mixin.py:188} INFO - [2024-04-14T13:07:12.612+0000] {dagbag.py:540} INFO - Filling up the DagBag from /home/airflow/.local/lib/python3.12/site-packages/airflow/example_dags/example_bash_operator.py
[2024-04-14T13:07:12.621+0000] {processor.py:840} INFO - DAG(s) 'example_bash_operator' retrieved from /home/airflow/.local/lib/python3.12/site-packages/airflow/example_dags/example_bash_operator.py
[2024-04-14T13:07:12.646+0000] {logging_mixin.py:188} INFO - [2024-04-14T13:07:12.646+0000] {dag.py:3096} INFO - Sync 1 DAGs
[2024-04-14T13:07:12.666+0000] {logging_mixin.py:188} INFO - [2024-04-14T13:07:12.666+0000] {dag.py:3954} INFO - Setting next_dagrun for example_bash_operator to 2024-04-13 00:00:00+00:00, run_after=2024-04-14 00:00:00+00:00
[2024-04-14T13:07:12.685+0000] {processor.py:183} INFO - Processing /home/airflow/.local/lib/python3.12/site-packages/airflow/example_dags/example_bash_operator.py took 0.080 seconds
[2024-04-14T13:07:43.505+0000] {processor.py:161} INFO - Started process (PID=934) to work on /home/airflow/.local/lib/python3.12/site-packages/airflow/example_dags/example_bash_operator.py
[2024-04-14T13:07:43.506+0000] {processor.py:830} INFO - Processing file /home/airflow/.local/lib/python3.12/site-packages/airflow/example_dags/example_bash_operator.py for tasks to queue
[2024-04-14T13:07:43.508+0000] {logging_mixin.py:188} INFO - [2024-04-14T13:07:43.508+0000] {dagbag.py:540} INFO - Filling up the DagBag from /home/airflow/.local/lib/python3.12/site-packages/airflow/example_dags/example_bash_operator.py
[2024-04-14T13:07:43.517+0000] {processor.py:840} INFO - DAG(s) 'example_bash_operator' retrieved from /home/airflow/.local/lib/python3.12/site-packages/airflow/example_dags/example_bash_operator.py
[2024-04-14T13:07:43.541+0000] {logging_mixin.py:188} INFO - [2024-04-14T13:07:43.541+0000] {dag.py:3096} INFO - Sync 1 DAGs
[2024-04-14T13:07:43.563+0000] {logging_mixin.py:188} INFO - [2024-04-14T13:07:43.562+0000] {dag.py:3954} INFO - Setting next_dagrun for example_bash_operator to 2024-04-13 00:00:00+00:00, run_after=2024-04-14 00:00:00+00:00
[2024-04-14T13:07:43.581+0000] {processor.py:183} INFO - Processing /home/airflow/.local/lib/python3.12/site-packages/airflow/example_dags/example_bash_operator.py took 0.080 seconds
[2024-04-14T13:08:14.676+0000] {processor.py:161} INFO - Started process (PID=992) to work on /home/airflow/.local/lib/python3.12/site-packages/airflow/example_dags/example_bash_operator.py
[2024-04-14T13:08:14.677+0000] {processor.py:830} INFO - Processing file /home/airflow/.local/lib/python3.12/site-packages/airflow/example_dags/example_bash_operator.py for tasks to queue
[2024-04-14T13:08:14.679+0000] {logging_mixin.py:188} INFO - [2024-04-14T13:08:14.679+0000] {dagbag.py:540} INFO - Filling up the DagBag from /home/airflow/.local/lib/python3.12/site-packages/airflow/example_dags/example_bash_operator.py
[2024-04-14T13:08:14.689+0000] {processor.py:840} INFO - DAG(s) 'example_bash_operator' retrieved from /home/airflow/.local/lib/python3.12/site-packages/airflow/example_dags/example_bash_operator.py
[2024-04-14T13:08:14.713+0000] {logging_mixin.py:188} INFO - [2024-04-14T13:08:14.713+0000] {dag.py:3096} INFO - Sync 1 DAGs
[2024-04-14T13:08:14.735+0000] {logging_mixin.py:188} INFO - [2024-04-14T13:08:14.735+0000] {dag.py:3954} INFO - Setting next_dagrun for example_bash_operator to 2024-04-13 00:00:00+00:00, run_after=2024-04-14 00:00:00+00:00
[2024-04-14T13:08:14.755+0000] {processor.py:183} INFO - Processing /home/airflow/.local/lib/python3.12/site-packages/airflow/example_dags/example_bash_operator.py took 0.082 seconds
[2024-04-14T13:08:45.873+0000] {processor.py:161} INFO - Started process (PID=1050) to work on /home/airflow/.local/lib/python3.12/site-packages/airflow/example_dags/example_bash_operator.py
[2024-04-14T13:08:45.874+0000] {processor.py:830} INFO - Processing file /home/airflow/.local/lib/python3.12/site-packages/airflow/example_dags/example_bash_operator.py for tasks to queue
[2024-04-14T13:08:45.875+0000] {logging_mixin.py:188} INFO - [2024-04-14T13:08:45.875+0000] {dagbag.py:540} INFO - Filling up the DagBag from /home/airflow/.local/lib/python3.12/site-packages/airflow/example_dags/example_bash_operator.py
[2024-04-14T13:08:45.884+0000] {processor.py:840} INFO - DAG(s) 'example_bash_operator' retrieved from /home/airflow/.local/lib/python3.12/site-packages/airflow/example_dags/example_bash_operator.py
[2024-04-14T13:08:45.909+0000] {logging_mixin.py:188} INFO - [2024-04-14T13:08:45.908+0000] {dag.py:3096} INFO - Sync 1 DAGs
[2024-04-14T13:08:46.064+0000] {logging_mixin.py:188} INFO - [2024-04-14T13:08:46.064+0000] {dag.py:3954} INFO - Setting next_dagrun for example_bash_operator to 2024-04-13 00:00:00+00:00, run_after=2024-04-14 00:00:00+00:00
[2024-04-14T13:08:46.088+0000] {processor.py:183} INFO - Processing /home/airflow/.local/lib/python3.12/site-packages/airflow/example_dags/example_bash_operator.py took 0.219 seconds
[2024-04-14T13:09:16.721+0000] {processor.py:161} INFO - Started process (PID=1114) to work on /home/airflow/.local/lib/python3.12/site-packages/airflow/example_dags/example_bash_operator.py
[2024-04-14T13:09:16.722+0000] {processor.py:830} INFO - Processing file /home/airflow/.local/lib/python3.12/site-packages/airflow/example_dags/example_bash_operator.py for tasks to queue
[2024-04-14T13:09:16.723+0000] {logging_mixin.py:188} INFO - [2024-04-14T13:09:16.723+0000] {dagbag.py:540} INFO - Filling up the DagBag from /home/airflow/.local/lib/python3.12/site-packages/airflow/example_dags/example_bash_operator.py
[2024-04-14T13:09:16.732+0000] {processor.py:840} INFO - DAG(s) 'example_bash_operator' retrieved from /home/airflow/.local/lib/python3.12/site-packages/airflow/example_dags/example_bash_operator.py
[2024-04-14T13:09:16.755+0000] {logging_mixin.py:188} INFO - [2024-04-14T13:09:16.755+0000] {dag.py:3096} INFO - Sync 1 DAGs
[2024-04-14T13:09:16.929+0000] {logging_mixin.py:188} INFO - [2024-04-14T13:09:16.929+0000] {dag.py:3954} INFO - Setting next_dagrun for example_bash_operator to 2024-04-13 00:00:00+00:00, run_after=2024-04-14 00:00:00+00:00
[2024-04-14T13:09:16.953+0000] {processor.py:183} INFO - Processing /home/airflow/.local/lib/python3.12/site-packages/airflow/example_dags/example_bash_operator.py took 0.236 seconds
[2024-04-14T13:09:47.380+0000] {processor.py:161} INFO - Started process (PID=1172) to work on /home/airflow/.local/lib/python3.12/site-packages/airflow/example_dags/example_bash_operator.py
[2024-04-14T13:09:47.380+0000] {processor.py:830} INFO - Processing file /home/airflow/.local/lib/python3.12/site-packages/airflow/example_dags/example_bash_operator.py for tasks to queue
[2024-04-14T13:09:47.382+0000] {logging_mixin.py:188} INFO - [2024-04-14T13:09:47.382+0000] {dagbag.py:540} INFO - Filling up the DagBag from /home/airflow/.local/lib/python3.12/site-packages/airflow/example_dags/example_bash_operator.py
[2024-04-14T13:09:47.391+0000] {processor.py:840} INFO - DAG(s) 'example_bash_operator' retrieved from /home/airflow/.local/lib/python3.12/site-packages/airflow/example_dags/example_bash_operator.py
[2024-04-14T13:09:47.414+0000] {logging_mixin.py:188} INFO - [2024-04-14T13:09:47.414+0000] {dag.py:3096} INFO - Sync 1 DAGs
[2024-04-14T13:09:47.435+0000] {logging_mixin.py:188} INFO - [2024-04-14T13:09:47.434+0000] {dag.py:3954} INFO - Setting next_dagrun for example_bash_operator to 2024-04-13 00:00:00+00:00, run_after=2024-04-14 00:00:00+00:00
[2024-04-14T13:09:47.451+0000] {processor.py:183} INFO - Processing /home/airflow/.local/lib/python3.12/site-packages/airflow/example_dags/example_bash_operator.py took 0.077 seconds
[2024-04-14T13:10:17.764+0000] {processor.py:161} INFO - Started process (PID=1230) to work on /home/airflow/.local/lib/python3.12/site-packages/airflow/example_dags/example_bash_operator.py
[2024-04-14T13:10:17.765+0000] {processor.py:830} INFO - Processing file /home/airflow/.local/lib/python3.12/site-packages/airflow/example_dags/example_bash_operator.py for tasks to queue
[2024-04-14T13:10:17.766+0000] {logging_mixin.py:188} INFO - [2024-04-14T13:10:17.766+0000] {dagbag.py:540} INFO - Filling up the DagBag from /home/airflow/.local/lib/python3.12/site-packages/airflow/example_dags/example_bash_operator.py
[2024-04-14T13:10:17.775+0000] {processor.py:840} INFO - DAG(s) 'example_bash_operator' retrieved from /home/airflow/.local/lib/python3.12/site-packages/airflow/example_dags/example_bash_operator.py
[2024-04-14T13:10:17.798+0000] {logging_mixin.py:188} INFO - [2024-04-14T13:10:17.797+0000] {dag.py:3096} INFO - Sync 1 DAGs
[2024-04-14T13:10:17.818+0000] {logging_mixin.py:188} INFO - [2024-04-14T13:10:17.818+0000] {dag.py:3954} INFO - Setting next_dagrun for example_bash_operator to 2024-04-13 00:00:00+00:00, run_after=2024-04-14 00:00:00+00:00
[2024-04-14T13:10:17.837+0000] {processor.py:183} INFO - Processing /home/airflow/.local/lib/python3.12/site-packages/airflow/example_dags/example_bash_operator.py took 0.077 seconds
[2024-04-14T13:10:48.196+0000] {processor.py:161} INFO - Started process (PID=1288) to work on /home/airflow/.local/lib/python3.12/site-packages/airflow/example_dags/example_bash_operator.py
[2024-04-14T13:10:48.196+0000] {processor.py:830} INFO - Processing file /home/airflow/.local/lib/python3.12/site-packages/airflow/example_dags/example_bash_operator.py for tasks to queue
[2024-04-14T13:10:48.198+0000] {logging_mixin.py:188} INFO - [2024-04-14T13:10:48.198+0000] {dagbag.py:540} INFO - Filling up the DagBag from /home/airflow/.local/lib/python3.12/site-packages/airflow/example_dags/example_bash_operator.py
[2024-04-14T13:10:48.206+0000] {processor.py:840} INFO - DAG(s) 'example_bash_operator' retrieved from /home/airflow/.local/lib/python3.12/site-packages/airflow/example_dags/example_bash_operator.py
[2024-04-14T13:10:48.230+0000] {logging_mixin.py:188} INFO - [2024-04-14T13:10:48.230+0000] {dag.py:3096} INFO - Sync 1 DAGs
[2024-04-14T13:10:48.250+0000] {logging_mixin.py:188} INFO - [2024-04-14T13:10:48.250+0000] {dag.py:3954} INFO - Setting next_dagrun for example_bash_operator to 2024-04-13 00:00:00+00:00, run_after=2024-04-14 00:00:00+00:00
[2024-04-14T13:10:48.270+0000] {processor.py:183} INFO - Processing /home/airflow/.local/lib/python3.12/site-packages/airflow/example_dags/example_bash_operator.py took 0.078 seconds
[2024-04-14T13:11:18.547+0000] {processor.py:161} INFO - Started process (PID=1346) to work on /home/airflow/.local/lib/python3.12/site-packages/airflow/example_dags/example_bash_operator.py
[2024-04-14T13:11:18.547+0000] {processor.py:830} INFO - Processing file /home/airflow/.local/lib/python3.12/site-packages/airflow/example_dags/example_bash_operator.py for tasks to queue
[2024-04-14T13:11:18.549+0000] {logging_mixin.py:188} INFO - [2024-04-14T13:11:18.548+0000] {dagbag.py:540} INFO - Filling up the DagBag from /home/airflow/.local/lib/python3.12/site-packages/airflow/example_dags/example_bash_operator.py
[2024-04-14T13:11:18.557+0000] {processor.py:840} INFO - DAG(s) 'example_bash_operator' retrieved from /home/airflow/.local/lib/python3.12/site-packages/airflow/example_dags/example_bash_operator.py
[2024-04-14T13:11:18.580+0000] {logging_mixin.py:188} INFO - [2024-04-14T13:11:18.579+0000] {dag.py:3096} INFO - Sync 1 DAGs
[2024-04-14T13:11:18.600+0000] {logging_mixin.py:188} INFO - [2024-04-14T13:11:18.600+0000] {dag.py:3954} INFO - Setting next_dagrun for example_bash_operator to 2024-04-13 00:00:00+00:00, run_after=2024-04-14 00:00:00+00:00
[2024-04-14T13:11:18.617+0000] {processor.py:183} INFO - Processing /home/airflow/.local/lib/python3.12/site-packages/airflow/example_dags/example_bash_operator.py took 0.075 seconds
[2024-04-14T13:11:48.881+0000] {processor.py:161} INFO - Started process (PID=1404) to work on /home/airflow/.local/lib/python3.12/site-packages/airflow/example_dags/example_bash_operator.py
[2024-04-14T13:11:48.881+0000] {processor.py:830} INFO - Processing file /home/airflow/.local/lib/python3.12/site-packages/airflow/example_dags/example_bash_operator.py for tasks to queue
[2024-04-14T13:11:48.883+0000] {logging_mixin.py:188} INFO - [2024-04-14T13:11:48.882+0000] {dagbag.py:540} INFO - Filling up the DagBag from /home/airflow/.local/lib/python3.12/site-packages/airflow/example_dags/example_bash_operator.py
[2024-04-14T13:11:48.891+0000] {processor.py:840} INFO - DAG(s) 'example_bash_operator' retrieved from /home/airflow/.local/lib/python3.12/site-packages/airflow/example_dags/example_bash_operator.py
[2024-04-14T13:11:48.914+0000] {logging_mixin.py:188} INFO - [2024-04-14T13:11:48.914+0000] {dag.py:3096} INFO - Sync 1 DAGs
[2024-04-14T13:11:48.933+0000] {logging_mixin.py:188} INFO - [2024-04-14T13:11:48.933+0000] {dag.py:3954} INFO - Setting next_dagrun for example_bash_operator to 2024-04-13 00:00:00+00:00, run_after=2024-04-14 00:00:00+00:00
[2024-04-14T13:11:48.951+0000] {processor.py:183} INFO - Processing /home/airflow/.local/lib/python3.12/site-packages/airflow/example_dags/example_bash_operator.py took 0.075 seconds
[2024-04-14T13:12:19.224+0000] {processor.py:161} INFO - Started process (PID=1462) to work on /home/airflow/.local/lib/python3.12/site-packages/airflow/example_dags/example_bash_operator.py
[2024-04-14T13:12:19.225+0000] {processor.py:830} INFO - Processing file /home/airflow/.local/lib/python3.12/site-packages/airflow/example_dags/example_bash_operator.py for tasks to queue
[2024-04-14T13:12:19.226+0000] {logging_mixin.py:188} INFO - [2024-04-14T13:12:19.226+0000] {dagbag.py:540} INFO - Filling up the DagBag from /home/airflow/.local/lib/python3.12/site-packages/airflow/example_dags/example_bash_operator.py
[2024-04-14T13:12:19.234+0000] {processor.py:840} INFO - DAG(s) 'example_bash_operator' retrieved from /home/airflow/.local/lib/python3.12/site-packages/airflow/example_dags/example_bash_operator.py
[2024-04-14T13:12:19.257+0000] {logging_mixin.py:188} INFO - [2024-04-14T13:12:19.257+0000] {dag.py:3096} INFO - Sync 1 DAGs
[2024-04-14T13:12:19.277+0000] {logging_mixin.py:188} INFO - [2024-04-14T13:12:19.276+0000] {dag.py:3954} INFO - Setting next_dagrun for example_bash_operator to 2024-04-13 00:00:00+00:00, run_after=2024-04-14 00:00:00+00:00
[2024-04-14T13:12:19.294+0000] {processor.py:183} INFO - Processing /home/airflow/.local/lib/python3.12/site-packages/airflow/example_dags/example_bash_operator.py took 0.074 seconds
[2024-04-14T13:12:49.567+0000] {processor.py:161} INFO - Started process (PID=1520) to work on /home/airflow/.local/lib/python3.12/site-packages/airflow/example_dags/example_bash_operator.py
[2024-04-14T13:12:49.568+0000] {processor.py:830} INFO - Processing file /home/airflow/.local/lib/python3.12/site-packages/airflow/example_dags/example_bash_operator.py for tasks to queue
[2024-04-14T13:12:49.569+0000] {logging_mixin.py:188} INFO - [2024-04-14T13:12:49.569+0000] {dagbag.py:540} INFO - Filling up the DagBag from /home/airflow/.local/lib/python3.12/site-packages/airflow/example_dags/example_bash_operator.py
[2024-04-14T13:12:49.578+0000] {processor.py:840} INFO - DAG(s) 'example_bash_operator' retrieved from /home/airflow/.local/lib/python3.12/site-packages/airflow/example_dags/example_bash_operator.py
[2024-04-14T13:12:49.601+0000] {logging_mixin.py:188} INFO - [2024-04-14T13:12:49.601+0000] {dag.py:3096} INFO - Sync 1 DAGs
[2024-04-14T13:12:49.621+0000] {logging_mixin.py:188} INFO - [2024-04-14T13:12:49.621+0000] {dag.py:3954} INFO - Setting next_dagrun for example_bash_operator to 2024-04-13 00:00:00+00:00, run_after=2024-04-14 00:00:00+00:00
[2024-04-14T13:12:49.640+0000] {processor.py:183} INFO - Processing /home/airflow/.local/lib/python3.12/site-packages/airflow/example_dags/example_bash_operator.py took 0.077 seconds
[2024-04-14T13:13:19.981+0000] {processor.py:161} INFO - Started process (PID=1578) to work on /home/airflow/.local/lib/python3.12/site-packages/airflow/example_dags/example_bash_operator.py
[2024-04-14T13:13:19.981+0000] {processor.py:830} INFO - Processing file /home/airflow/.local/lib/python3.12/site-packages/airflow/example_dags/example_bash_operator.py for tasks to queue
[2024-04-14T13:13:19.983+0000] {logging_mixin.py:188} INFO - [2024-04-14T13:13:19.983+0000] {dagbag.py:540} INFO - Filling up the DagBag from /home/airflow/.local/lib/python3.12/site-packages/airflow/example_dags/example_bash_operator.py
[2024-04-14T13:13:19.991+0000] {processor.py:840} INFO - DAG(s) 'example_bash_operator' retrieved from /home/airflow/.local/lib/python3.12/site-packages/airflow/example_dags/example_bash_operator.py
[2024-04-14T13:13:20.015+0000] {logging_mixin.py:188} INFO - [2024-04-14T13:13:20.015+0000] {dag.py:3096} INFO - Sync 1 DAGs
[2024-04-14T13:13:20.035+0000] {logging_mixin.py:188} INFO - [2024-04-14T13:13:20.034+0000] {dag.py:3954} INFO - Setting next_dagrun for example_bash_operator to 2024-04-13 00:00:00+00:00, run_after=2024-04-14 00:00:00+00:00
[2024-04-14T13:13:20.050+0000] {processor.py:183} INFO - Processing /home/airflow/.local/lib/python3.12/site-packages/airflow/example_dags/example_bash_operator.py took 0.074 seconds
[2024-04-14T13:13:50.832+0000] {processor.py:161} INFO - Started process (PID=1636) to work on /home/airflow/.local/lib/python3.12/site-packages/airflow/example_dags/example_bash_operator.py
[2024-04-14T13:13:50.833+0000] {processor.py:830} INFO - Processing file /home/airflow/.local/lib/python3.12/site-packages/airflow/example_dags/example_bash_operator.py for tasks to queue
[2024-04-14T13:13:50.834+0000] {logging_mixin.py:188} INFO - [2024-04-14T13:13:50.834+0000] {dagbag.py:540} INFO - Filling up the DagBag from /home/airflow/.local/lib/python3.12/site-packages/airflow/example_dags/example_bash_operator.py
[2024-04-14T13:13:50.843+0000] {processor.py:840} INFO - DAG(s) 'example_bash_operator' retrieved from /home/airflow/.local/lib/python3.12/site-packages/airflow/example_dags/example_bash_operator.py
[2024-04-14T13:13:50.866+0000] {logging_mixin.py:188} INFO - [2024-04-14T13:13:50.866+0000] {dag.py:3096} INFO - Sync 1 DAGs
[2024-04-14T13:13:50.886+0000] {logging_mixin.py:188} INFO - [2024-04-14T13:13:50.886+0000] {dag.py:3954} INFO - Setting next_dagrun for example_bash_operator to 2024-04-13 00:00:00+00:00, run_after=2024-04-14 00:00:00+00:00
[2024-04-14T13:13:50.903+0000] {processor.py:183} INFO - Processing /home/airflow/.local/lib/python3.12/site-packages/airflow/example_dags/example_bash_operator.py took 0.075 seconds
[2024-04-14T13:14:21.564+0000] {processor.py:161} INFO - Started process (PID=1694) to work on /home/airflow/.local/lib/python3.12/site-packages/airflow/example_dags/example_bash_operator.py
[2024-04-14T13:14:21.565+0000] {processor.py:830} INFO - Processing file /home/airflow/.local/lib/python3.12/site-packages/airflow/example_dags/example_bash_operator.py for tasks to queue
[2024-04-14T13:14:21.566+0000] {logging_mixin.py:188} INFO - [2024-04-14T13:14:21.566+0000] {dagbag.py:540} INFO - Filling up the DagBag from /home/airflow/.local/lib/python3.12/site-packages/airflow/example_dags/example_bash_operator.py
[2024-04-14T13:14:21.576+0000] {processor.py:840} INFO - DAG(s) 'example_bash_operator' retrieved from /home/airflow/.local/lib/python3.12/site-packages/airflow/example_dags/example_bash_operator.py
[2024-04-14T13:14:21.600+0000] {logging_mixin.py:188} INFO - [2024-04-14T13:14:21.600+0000] {dag.py:3096} INFO - Sync 1 DAGs
[2024-04-14T13:14:21.621+0000] {logging_mixin.py:188} INFO - [2024-04-14T13:14:21.621+0000] {dag.py:3954} INFO - Setting next_dagrun for example_bash_operator to 2024-04-13 00:00:00+00:00, run_after=2024-04-14 00:00:00+00:00
[2024-04-14T13:14:21.639+0000] {processor.py:183} INFO - Processing /home/airflow/.local/lib/python3.12/site-packages/airflow/example_dags/example_bash_operator.py took 0.081 seconds
[2024-04-14T13:14:51.949+0000] {processor.py:161} INFO - Started process (PID=1753) to work on /home/airflow/.local/lib/python3.12/site-packages/airflow/example_dags/example_bash_operator.py
[2024-04-14T13:14:51.950+0000] {processor.py:830} INFO - Processing file /home/airflow/.local/lib/python3.12/site-packages/airflow/example_dags/example_bash_operator.py for tasks to queue
[2024-04-14T13:14:51.952+0000] {logging_mixin.py:188} INFO - [2024-04-14T13:14:51.952+0000] {dagbag.py:540} INFO - Filling up the DagBag from /home/airflow/.local/lib/python3.12/site-packages/airflow/example_dags/example_bash_operator.py
[2024-04-14T13:14:51.963+0000] {processor.py:840} INFO - DAG(s) 'example_bash_operator' retrieved from /home/airflow/.local/lib/python3.12/site-packages/airflow/example_dags/example_bash_operator.py
[2024-04-14T13:14:51.992+0000] {logging_mixin.py:188} INFO - [2024-04-14T13:14:51.991+0000] {dag.py:3096} INFO - Sync 1 DAGs
[2024-04-14T13:14:52.018+0000] {logging_mixin.py:188} INFO - [2024-04-14T13:14:52.017+0000] {dag.py:3954} INFO - Setting next_dagrun for example_bash_operator to 2024-04-13 00:00:00+00:00, run_after=2024-04-14 00:00:00+00:00
[2024-04-14T13:14:52.036+0000] {processor.py:183} INFO - Processing /home/airflow/.local/lib/python3.12/site-packages/airflow/example_dags/example_bash_operator.py took 0.094 seconds
[2024-04-14T13:15:22.522+0000] {processor.py:161} INFO - Started process (PID=1811) to work on /home/airflow/.local/lib/python3.12/site-packages/airflow/example_dags/example_bash_operator.py
[2024-04-14T13:15:22.523+0000] {processor.py:830} INFO - Processing file /home/airflow/.local/lib/python3.12/site-packages/airflow/example_dags/example_bash_operator.py for tasks to queue
[2024-04-14T13:15:22.524+0000] {logging_mixin.py:188} INFO - [2024-04-14T13:15:22.524+0000] {dagbag.py:540} INFO - Filling up the DagBag from /home/airflow/.local/lib/python3.12/site-packages/airflow/example_dags/example_bash_operator.py
[2024-04-14T13:15:22.532+0000] {processor.py:840} INFO - DAG(s) 'example_bash_operator' retrieved from /home/airflow/.local/lib/python3.12/site-packages/airflow/example_dags/example_bash_operator.py
[2024-04-14T13:15:22.555+0000] {logging_mixin.py:188} INFO - [2024-04-14T13:15:22.555+0000] {dag.py:3096} INFO - Sync 1 DAGs
[2024-04-14T13:15:22.577+0000] {logging_mixin.py:188} INFO - [2024-04-14T13:15:22.576+0000] {dag.py:3954} INFO - Setting next_dagrun for example_bash_operator to 2024-04-13 00:00:00+00:00, run_after=2024-04-14 00:00:00+00:00
[2024-04-14T13:15:22.592+0000] {processor.py:183} INFO - Processing /home/airflow/.local/lib/python3.12/site-packages/airflow/example_dags/example_bash_operator.py took 0.075 seconds
[2024-04-14T13:15:52.971+0000] {processor.py:161} INFO - Started process (PID=1870) to work on /home/airflow/.local/lib/python3.12/site-packages/airflow/example_dags/example_bash_operator.py
[2024-04-14T13:15:52.972+0000] {processor.py:830} INFO - Processing file /home/airflow/.local/lib/python3.12/site-packages/airflow/example_dags/example_bash_operator.py for tasks to queue
[2024-04-14T13:15:52.973+0000] {logging_mixin.py:188} INFO - [2024-04-14T13:15:52.973+0000] {dagbag.py:540} INFO - Filling up the DagBag from /home/airflow/.local/lib/python3.12/site-packages/airflow/example_dags/example_bash_operator.py
[2024-04-14T13:15:52.982+0000] {processor.py:840} INFO - DAG(s) 'example_bash_operator' retrieved from /home/airflow/.local/lib/python3.12/site-packages/airflow/example_dags/example_bash_operator.py
[2024-04-14T13:15:53.005+0000] {logging_mixin.py:188} INFO - [2024-04-14T13:15:53.005+0000] {dag.py:3096} INFO - Sync 1 DAGs
[2024-04-14T13:15:53.025+0000] {logging_mixin.py:188} INFO - [2024-04-14T13:15:53.025+0000] {dag.py:3954} INFO - Setting next_dagrun for example_bash_operator to 2024-04-13 00:00:00+00:00, run_after=2024-04-14 00:00:00+00:00
[2024-04-14T13:15:53.040+0000] {processor.py:183} INFO - Processing /home/airflow/.local/lib/python3.12/site-packages/airflow/example_dags/example_bash_operator.py took 0.074 seconds
[2024-04-14T13:16:23.443+0000] {processor.py:161} INFO - Started process (PID=1928) to work on /home/airflow/.local/lib/python3.12/site-packages/airflow/example_dags/example_bash_operator.py
[2024-04-14T13:16:23.444+0000] {processor.py:830} INFO - Processing file /home/airflow/.local/lib/python3.12/site-packages/airflow/example_dags/example_bash_operator.py for tasks to queue
[2024-04-14T13:16:23.445+0000] {logging_mixin.py:188} INFO - [2024-04-14T13:16:23.445+0000] {dagbag.py:540} INFO - Filling up the DagBag from /home/airflow/.local/lib/python3.12/site-packages/airflow/example_dags/example_bash_operator.py
[2024-04-14T13:16:23.454+0000] {processor.py:840} INFO - DAG(s) 'example_bash_operator' retrieved from /home/airflow/.local/lib/python3.12/site-packages/airflow/example_dags/example_bash_operator.py
[2024-04-14T13:16:23.476+0000] {logging_mixin.py:188} INFO - [2024-04-14T13:16:23.476+0000] {dag.py:3096} INFO - Sync 1 DAGs
[2024-04-14T13:16:23.494+0000] {logging_mixin.py:188} INFO - [2024-04-14T13:16:23.494+0000] {dag.py:3954} INFO - Setting next_dagrun for example_bash_operator to 2024-04-13 00:00:00+00:00, run_after=2024-04-14 00:00:00+00:00
[2024-04-14T13:16:23.510+0000] {processor.py:183} INFO - Processing /home/airflow/.local/lib/python3.12/site-packages/airflow/example_dags/example_bash_operator.py took 0.071 seconds
[2024-04-14T13:16:53.922+0000] {processor.py:161} INFO - Started process (PID=1987) to work on /home/airflow/.local/lib/python3.12/site-packages/airflow/example_dags/example_bash_operator.py
[2024-04-14T13:16:53.923+0000] {processor.py:830} INFO - Processing file /home/airflow/.local/lib/python3.12/site-packages/airflow/example_dags/example_bash_operator.py for tasks to queue
[2024-04-14T13:16:53.924+0000] {logging_mixin.py:188} INFO - [2024-04-14T13:16:53.924+0000] {dagbag.py:540} INFO - Filling up the DagBag from /home/airflow/.local/lib/python3.12/site-packages/airflow/example_dags/example_bash_operator.py
[2024-04-14T13:16:53.932+0000] {processor.py:840} INFO - DAG(s) 'example_bash_operator' retrieved from /home/airflow/.local/lib/python3.12/site-packages/airflow/example_dags/example_bash_operator.py
[2024-04-14T13:16:53.955+0000] {logging_mixin.py:188} INFO - [2024-04-14T13:16:53.955+0000] {dag.py:3096} INFO - Sync 1 DAGs
[2024-04-14T13:16:53.974+0000] {logging_mixin.py:188} INFO - [2024-04-14T13:16:53.973+0000] {dag.py:3954} INFO - Setting next_dagrun for example_bash_operator to 2024-04-13 00:00:00+00:00, run_after=2024-04-14 00:00:00+00:00
[2024-04-14T13:16:53.989+0000] {processor.py:183} INFO - Processing /home/airflow/.local/lib/python3.12/site-packages/airflow/example_dags/example_bash_operator.py took 0.072 seconds
[2024-04-14T13:17:24.204+0000] {processor.py:161} INFO - Started process (PID=2046) to work on /home/airflow/.local/lib/python3.12/site-packages/airflow/example_dags/example_bash_operator.py
[2024-04-14T13:17:24.204+0000] {processor.py:830} INFO - Processing file /home/airflow/.local/lib/python3.12/site-packages/airflow/example_dags/example_bash_operator.py for tasks to queue
[2024-04-14T13:17:24.206+0000] {logging_mixin.py:188} INFO - [2024-04-14T13:17:24.206+0000] {dagbag.py:540} INFO - Filling up the DagBag from /home/airflow/.local/lib/python3.12/site-packages/airflow/example_dags/example_bash_operator.py
[2024-04-14T13:17:24.215+0000] {processor.py:840} INFO - DAG(s) 'example_bash_operator' retrieved from /home/airflow/.local/lib/python3.12/site-packages/airflow/example_dags/example_bash_operator.py
[2024-04-14T13:17:24.237+0000] {logging_mixin.py:188} INFO - [2024-04-14T13:17:24.237+0000] {dag.py:3096} INFO - Sync 1 DAGs
[2024-04-14T13:17:24.256+0000] {logging_mixin.py:188} INFO - [2024-04-14T13:17:24.256+0000] {dag.py:3954} INFO - Setting next_dagrun for example_bash_operator to 2024-04-13 00:00:00+00:00, run_after=2024-04-14 00:00:00+00:00
[2024-04-14T13:17:24.272+0000] {processor.py:183} INFO - Processing /home/airflow/.local/lib/python3.12/site-packages/airflow/example_dags/example_bash_operator.py took 0.074 seconds
[2024-04-14T13:17:54.645+0000] {processor.py:161} INFO - Started process (PID=2104) to work on /home/airflow/.local/lib/python3.12/site-packages/airflow/example_dags/example_bash_operator.py
[2024-04-14T13:17:54.646+0000] {processor.py:830} INFO - Processing file /home/airflow/.local/lib/python3.12/site-packages/airflow/example_dags/example_bash_operator.py for tasks to queue
[2024-04-14T13:17:54.647+0000] {logging_mixin.py:188} INFO - [2024-04-14T13:17:54.647+0000] {dagbag.py:540} INFO - Filling up the DagBag from /home/airflow/.local/lib/python3.12/site-packages/airflow/example_dags/example_bash_operator.py
[2024-04-14T13:17:54.655+0000] {processor.py:840} INFO - DAG(s) 'example_bash_operator' retrieved from /home/airflow/.local/lib/python3.12/site-packages/airflow/example_dags/example_bash_operator.py
[2024-04-14T13:17:54.678+0000] {logging_mixin.py:188} INFO - [2024-04-14T13:17:54.678+0000] {dag.py:3096} INFO - Sync 1 DAGs
[2024-04-14T13:17:54.697+0000] {logging_mixin.py:188} INFO - [2024-04-14T13:17:54.696+0000] {dag.py:3954} INFO - Setting next_dagrun for example_bash_operator to 2024-04-13 00:00:00+00:00, run_after=2024-04-14 00:00:00+00:00
[2024-04-14T13:17:54.714+0000] {processor.py:183} INFO - Processing /home/airflow/.local/lib/python3.12/site-packages/airflow/example_dags/example_bash_operator.py took 0.073 seconds
[2024-04-14T13:18:25.003+0000] {processor.py:161} INFO - Started process (PID=2162) to work on /home/airflow/.local/lib/python3.12/site-packages/airflow/example_dags/example_bash_operator.py
[2024-04-14T13:18:25.004+0000] {processor.py:830} INFO - Processing file /home/airflow/.local/lib/python3.12/site-packages/airflow/example_dags/example_bash_operator.py for tasks to queue
[2024-04-14T13:18:25.006+0000] {logging_mixin.py:188} INFO - [2024-04-14T13:18:25.005+0000] {dagbag.py:540} INFO - Filling up the DagBag from /home/airflow/.local/lib/python3.12/site-packages/airflow/example_dags/example_bash_operator.py
[2024-04-14T13:18:25.015+0000] {processor.py:840} INFO - DAG(s) 'example_bash_operator' retrieved from /home/airflow/.local/lib/python3.12/site-packages/airflow/example_dags/example_bash_operator.py
[2024-04-14T13:18:25.040+0000] {logging_mixin.py:188} INFO - [2024-04-14T13:18:25.040+0000] {dag.py:3096} INFO - Sync 1 DAGs
[2024-04-14T13:18:25.061+0000] {logging_mixin.py:188} INFO - [2024-04-14T13:18:25.061+0000] {dag.py:3954} INFO - Setting next_dagrun for example_bash_operator to 2024-04-13 00:00:00+00:00, run_after=2024-04-14 00:00:00+00:00
[2024-04-14T13:18:25.079+0000] {processor.py:183} INFO - Processing /home/airflow/.local/lib/python3.12/site-packages/airflow/example_dags/example_bash_operator.py took 0.080 seconds
[2024-04-14T13:18:55.864+0000] {processor.py:161} INFO - Started process (PID=2221) to work on /home/airflow/.local/lib/python3.12/site-packages/airflow/example_dags/example_bash_operator.py
[2024-04-14T13:18:55.866+0000] {processor.py:830} INFO - Processing file /home/airflow/.local/lib/python3.12/site-packages/airflow/example_dags/example_bash_operator.py for tasks to queue
[2024-04-14T13:18:55.871+0000] {logging_mixin.py:188} INFO - [2024-04-14T13:18:55.870+0000] {dagbag.py:540} INFO - Filling up the DagBag from /home/airflow/.local/lib/python3.12/site-packages/airflow/example_dags/example_bash_operator.py
[2024-04-14T13:18:55.883+0000] {processor.py:840} INFO - DAG(s) 'example_bash_operator' retrieved from /home/airflow/.local/lib/python3.12/site-packages/airflow/example_dags/example_bash_operator.py
[2024-04-14T13:18:55.910+0000] {logging_mixin.py:188} INFO - [2024-04-14T13:18:55.910+0000] {dag.py:3096} INFO - Sync 1 DAGs
[2024-04-14T13:18:55.932+0000] {logging_mixin.py:188} INFO - [2024-04-14T13:18:55.932+0000] {dag.py:3954} INFO - Setting next_dagrun for example_bash_operator to 2024-04-13 00:00:00+00:00, run_after=2024-04-14 00:00:00+00:00
[2024-04-14T13:18:55.951+0000] {processor.py:183} INFO - Processing /home/airflow/.local/lib/python3.12/site-packages/airflow/example_dags/example_bash_operator.py took 0.099 seconds
[2024-04-14T13:19:26.664+0000] {processor.py:161} INFO - Started process (PID=2279) to work on /home/airflow/.local/lib/python3.12/site-packages/airflow/example_dags/example_bash_operator.py
[2024-04-14T13:19:26.665+0000] {processor.py:830} INFO - Processing file /home/airflow/.local/lib/python3.12/site-packages/airflow/example_dags/example_bash_operator.py for tasks to queue
[2024-04-14T13:19:26.666+0000] {logging_mixin.py:188} INFO - [2024-04-14T13:19:26.666+0000] {dagbag.py:540} INFO - Filling up the DagBag from /home/airflow/.local/lib/python3.12/site-packages/airflow/example_dags/example_bash_operator.py
[2024-04-14T13:19:26.675+0000] {processor.py:840} INFO - DAG(s) 'example_bash_operator' retrieved from /home/airflow/.local/lib/python3.12/site-packages/airflow/example_dags/example_bash_operator.py
[2024-04-14T13:19:26.699+0000] {logging_mixin.py:188} INFO - [2024-04-14T13:19:26.698+0000] {dag.py:3096} INFO - Sync 1 DAGs
[2024-04-14T13:19:26.720+0000] {logging_mixin.py:188} INFO - [2024-04-14T13:19:26.720+0000] {dag.py:3954} INFO - Setting next_dagrun for example_bash_operator to 2024-04-13 00:00:00+00:00, run_after=2024-04-14 00:00:00+00:00
[2024-04-14T13:19:26.736+0000] {processor.py:183} INFO - Processing /home/airflow/.local/lib/python3.12/site-packages/airflow/example_dags/example_bash_operator.py took 0.077 seconds
[2024-04-14T13:19:57.005+0000] {processor.py:161} INFO - Started process (PID=2337) to work on /home/airflow/.local/lib/python3.12/site-packages/airflow/example_dags/example_bash_operator.py
[2024-04-14T13:19:57.006+0000] {processor.py:830} INFO - Processing file /home/airflow/.local/lib/python3.12/site-packages/airflow/example_dags/example_bash_operator.py for tasks to queue
[2024-04-14T13:19:57.007+0000] {logging_mixin.py:188} INFO - [2024-04-14T13:19:57.007+0000] {dagbag.py:540} INFO - Filling up the DagBag from /home/airflow/.local/lib/python3.12/site-packages/airflow/example_dags/example_bash_operator.py
[2024-04-14T13:19:57.016+0000] {processor.py:840} INFO - DAG(s) 'example_bash_operator' retrieved from /home/airflow/.local/lib/python3.12/site-packages/airflow/example_dags/example_bash_operator.py
[2024-04-14T13:19:57.040+0000] {logging_mixin.py:188} INFO - [2024-04-14T13:19:57.039+0000] {dag.py:3096} INFO - Sync 1 DAGs
[2024-04-14T13:19:57.060+0000] {logging_mixin.py:188} INFO - [2024-04-14T13:19:57.059+0000] {dag.py:3954} INFO - Setting next_dagrun for example_bash_operator to 2024-04-13 00:00:00+00:00, run_after=2024-04-14 00:00:00+00:00
[2024-04-14T13:19:57.075+0000] {processor.py:183} INFO - Processing /home/airflow/.local/lib/python3.12/site-packages/airflow/example_dags/example_bash_operator.py took 0.075 seconds
