[2024-04-14T13:00:03.558+0000] {processor.py:161} INFO - Started process (PID=60) to work on /home/airflow/.local/lib/python3.12/site-packages/airflow/example_dags/example_nested_branch_dag.py
[2024-04-14T13:00:03.559+0000] {processor.py:830} INFO - Processing file /home/airflow/.local/lib/python3.12/site-packages/airflow/example_dags/example_nested_branch_dag.py for tasks to queue
[2024-04-14T13:00:03.560+0000] {logging_mixin.py:188} INFO - [2024-04-14T13:00:03.560+0000] {dagbag.py:540} INFO - Filling up the DagBag from /home/airflow/.local/lib/python3.12/site-packages/airflow/example_dags/example_nested_branch_dag.py
[2024-04-14T13:00:03.577+0000] {processor.py:840} INFO - DAG(s) 'example_nested_branch_dag' retrieved from /home/airflow/.local/lib/python3.12/site-packages/airflow/example_dags/example_nested_branch_dag.py
[2024-04-14T13:00:03.596+0000] {logging_mixin.py:188} INFO - [2024-04-14T13:00:03.596+0000] {dag.py:3096} INFO - Sync 1 DAGs
[2024-04-14T13:00:03.630+0000] {logging_mixin.py:188} INFO - [2024-04-14T13:00:03.630+0000] {dag.py:3954} INFO - Setting next_dagrun for example_nested_branch_dag to 2024-04-13 00:00:00+00:00, run_after=2024-04-14 00:00:00+00:00
[2024-04-14T13:00:03.656+0000] {processor.py:183} INFO - Processing /home/airflow/.local/lib/python3.12/site-packages/airflow/example_dags/example_nested_branch_dag.py took 0.103 seconds
[2024-04-14T13:00:34.809+0000] {processor.py:161} INFO - Started process (PID=117) to work on /home/airflow/.local/lib/python3.12/site-packages/airflow/example_dags/example_nested_branch_dag.py
[2024-04-14T13:00:34.810+0000] {processor.py:830} INFO - Processing file /home/airflow/.local/lib/python3.12/site-packages/airflow/example_dags/example_nested_branch_dag.py for tasks to queue
[2024-04-14T13:00:34.811+0000] {logging_mixin.py:188} INFO - [2024-04-14T13:00:34.811+0000] {dagbag.py:540} INFO - Filling up the DagBag from /home/airflow/.local/lib/python3.12/site-packages/airflow/example_dags/example_nested_branch_dag.py
[2024-04-14T13:00:34.819+0000] {processor.py:840} INFO - DAG(s) 'example_nested_branch_dag' retrieved from /home/airflow/.local/lib/python3.12/site-packages/airflow/example_dags/example_nested_branch_dag.py
[2024-04-14T13:00:34.910+0000] {logging_mixin.py:188} INFO - [2024-04-14T13:00:34.910+0000] {dag.py:3096} INFO - Sync 1 DAGs
[2024-04-14T13:00:34.930+0000] {logging_mixin.py:188} INFO - [2024-04-14T13:00:34.929+0000] {dag.py:3954} INFO - Setting next_dagrun for example_nested_branch_dag to 2024-04-13 00:00:00+00:00, run_after=2024-04-14 00:00:00+00:00
[2024-04-14T13:00:34.948+0000] {processor.py:183} INFO - Processing /home/airflow/.local/lib/python3.12/site-packages/airflow/example_dags/example_nested_branch_dag.py took 0.144 seconds
[2024-04-14T13:01:05.194+0000] {processor.py:161} INFO - Started process (PID=175) to work on /home/airflow/.local/lib/python3.12/site-packages/airflow/example_dags/example_nested_branch_dag.py
[2024-04-14T13:01:05.195+0000] {processor.py:830} INFO - Processing file /home/airflow/.local/lib/python3.12/site-packages/airflow/example_dags/example_nested_branch_dag.py for tasks to queue
[2024-04-14T13:01:05.196+0000] {logging_mixin.py:188} INFO - [2024-04-14T13:01:05.196+0000] {dagbag.py:540} INFO - Filling up the DagBag from /home/airflow/.local/lib/python3.12/site-packages/airflow/example_dags/example_nested_branch_dag.py
[2024-04-14T13:01:05.204+0000] {processor.py:840} INFO - DAG(s) 'example_nested_branch_dag' retrieved from /home/airflow/.local/lib/python3.12/site-packages/airflow/example_dags/example_nested_branch_dag.py
[2024-04-14T13:01:05.225+0000] {logging_mixin.py:188} INFO - [2024-04-14T13:01:05.225+0000] {dag.py:3096} INFO - Sync 1 DAGs
[2024-04-14T13:01:05.246+0000] {logging_mixin.py:188} INFO - [2024-04-14T13:01:05.245+0000] {dag.py:3954} INFO - Setting next_dagrun for example_nested_branch_dag to 2024-04-13 00:00:00+00:00, run_after=2024-04-14 00:00:00+00:00
[2024-04-14T13:01:05.263+0000] {processor.py:183} INFO - Processing /home/airflow/.local/lib/python3.12/site-packages/airflow/example_dags/example_nested_branch_dag.py took 0.074 seconds
[2024-04-14T13:01:35.739+0000] {processor.py:161} INFO - Started process (PID=233) to work on /home/airflow/.local/lib/python3.12/site-packages/airflow/example_dags/example_nested_branch_dag.py
[2024-04-14T13:01:35.740+0000] {processor.py:830} INFO - Processing file /home/airflow/.local/lib/python3.12/site-packages/airflow/example_dags/example_nested_branch_dag.py for tasks to queue
[2024-04-14T13:01:35.742+0000] {logging_mixin.py:188} INFO - [2024-04-14T13:01:35.742+0000] {dagbag.py:540} INFO - Filling up the DagBag from /home/airflow/.local/lib/python3.12/site-packages/airflow/example_dags/example_nested_branch_dag.py
[2024-04-14T13:01:35.751+0000] {processor.py:840} INFO - DAG(s) 'example_nested_branch_dag' retrieved from /home/airflow/.local/lib/python3.12/site-packages/airflow/example_dags/example_nested_branch_dag.py
[2024-04-14T13:01:35.776+0000] {logging_mixin.py:188} INFO - [2024-04-14T13:01:35.776+0000] {dag.py:3096} INFO - Sync 1 DAGs
[2024-04-14T13:01:35.806+0000] {logging_mixin.py:188} INFO - [2024-04-14T13:01:35.806+0000] {dag.py:3954} INFO - Setting next_dagrun for example_nested_branch_dag to 2024-04-13 00:00:00+00:00, run_after=2024-04-14 00:00:00+00:00
[2024-04-14T13:01:35.833+0000] {processor.py:183} INFO - Processing /home/airflow/.local/lib/python3.12/site-packages/airflow/example_dags/example_nested_branch_dag.py took 0.098 seconds
[2024-04-14T13:02:06.450+0000] {processor.py:161} INFO - Started process (PID=291) to work on /home/airflow/.local/lib/python3.12/site-packages/airflow/example_dags/example_nested_branch_dag.py
[2024-04-14T13:02:06.451+0000] {processor.py:830} INFO - Processing file /home/airflow/.local/lib/python3.12/site-packages/airflow/example_dags/example_nested_branch_dag.py for tasks to queue
[2024-04-14T13:02:06.453+0000] {logging_mixin.py:188} INFO - [2024-04-14T13:02:06.452+0000] {dagbag.py:540} INFO - Filling up the DagBag from /home/airflow/.local/lib/python3.12/site-packages/airflow/example_dags/example_nested_branch_dag.py
[2024-04-14T13:02:06.461+0000] {processor.py:840} INFO - DAG(s) 'example_nested_branch_dag' retrieved from /home/airflow/.local/lib/python3.12/site-packages/airflow/example_dags/example_nested_branch_dag.py
[2024-04-14T13:02:06.480+0000] {logging_mixin.py:188} INFO - [2024-04-14T13:02:06.479+0000] {dag.py:3096} INFO - Sync 1 DAGs
[2024-04-14T13:02:06.501+0000] {logging_mixin.py:188} INFO - [2024-04-14T13:02:06.501+0000] {dag.py:3954} INFO - Setting next_dagrun for example_nested_branch_dag to 2024-04-13 00:00:00+00:00, run_after=2024-04-14 00:00:00+00:00
[2024-04-14T13:02:06.519+0000] {processor.py:183} INFO - Processing /home/airflow/.local/lib/python3.12/site-packages/airflow/example_dags/example_nested_branch_dag.py took 0.074 seconds
[2024-04-14T13:02:36.724+0000] {processor.py:161} INFO - Started process (PID=349) to work on /home/airflow/.local/lib/python3.12/site-packages/airflow/example_dags/example_nested_branch_dag.py
[2024-04-14T13:02:36.725+0000] {processor.py:830} INFO - Processing file /home/airflow/.local/lib/python3.12/site-packages/airflow/example_dags/example_nested_branch_dag.py for tasks to queue
[2024-04-14T13:02:36.726+0000] {logging_mixin.py:188} INFO - [2024-04-14T13:02:36.726+0000] {dagbag.py:540} INFO - Filling up the DagBag from /home/airflow/.local/lib/python3.12/site-packages/airflow/example_dags/example_nested_branch_dag.py
[2024-04-14T13:02:36.734+0000] {processor.py:840} INFO - DAG(s) 'example_nested_branch_dag' retrieved from /home/airflow/.local/lib/python3.12/site-packages/airflow/example_dags/example_nested_branch_dag.py
[2024-04-14T13:02:36.753+0000] {logging_mixin.py:188} INFO - [2024-04-14T13:02:36.753+0000] {dag.py:3096} INFO - Sync 1 DAGs
[2024-04-14T13:02:36.774+0000] {logging_mixin.py:188} INFO - [2024-04-14T13:02:36.773+0000] {dag.py:3954} INFO - Setting next_dagrun for example_nested_branch_dag to 2024-04-13 00:00:00+00:00, run_after=2024-04-14 00:00:00+00:00
[2024-04-14T13:02:36.792+0000] {processor.py:183} INFO - Processing /home/airflow/.local/lib/python3.12/site-packages/airflow/example_dags/example_nested_branch_dag.py took 0.072 seconds
[2024-04-14T13:03:07.150+0000] {processor.py:161} INFO - Started process (PID=407) to work on /home/airflow/.local/lib/python3.12/site-packages/airflow/example_dags/example_nested_branch_dag.py
[2024-04-14T13:03:07.151+0000] {processor.py:830} INFO - Processing file /home/airflow/.local/lib/python3.12/site-packages/airflow/example_dags/example_nested_branch_dag.py for tasks to queue
[2024-04-14T13:03:07.152+0000] {logging_mixin.py:188} INFO - [2024-04-14T13:03:07.152+0000] {dagbag.py:540} INFO - Filling up the DagBag from /home/airflow/.local/lib/python3.12/site-packages/airflow/example_dags/example_nested_branch_dag.py
[2024-04-14T13:03:07.159+0000] {processor.py:840} INFO - DAG(s) 'example_nested_branch_dag' retrieved from /home/airflow/.local/lib/python3.12/site-packages/airflow/example_dags/example_nested_branch_dag.py
[2024-04-14T13:03:07.177+0000] {logging_mixin.py:188} INFO - [2024-04-14T13:03:07.176+0000] {dag.py:3096} INFO - Sync 1 DAGs
[2024-04-14T13:03:07.196+0000] {logging_mixin.py:188} INFO - [2024-04-14T13:03:07.196+0000] {dag.py:3954} INFO - Setting next_dagrun for example_nested_branch_dag to 2024-04-13 00:00:00+00:00, run_after=2024-04-14 00:00:00+00:00
[2024-04-14T13:03:07.216+0000] {processor.py:183} INFO - Processing /home/airflow/.local/lib/python3.12/site-packages/airflow/example_dags/example_nested_branch_dag.py took 0.070 seconds
[2024-04-14T13:03:37.252+0000] {processor.py:161} INFO - Started process (PID=465) to work on /home/airflow/.local/lib/python3.12/site-packages/airflow/example_dags/example_nested_branch_dag.py
[2024-04-14T13:03:37.253+0000] {processor.py:830} INFO - Processing file /home/airflow/.local/lib/python3.12/site-packages/airflow/example_dags/example_nested_branch_dag.py for tasks to queue
[2024-04-14T13:03:37.255+0000] {logging_mixin.py:188} INFO - [2024-04-14T13:03:37.254+0000] {dagbag.py:540} INFO - Filling up the DagBag from /home/airflow/.local/lib/python3.12/site-packages/airflow/example_dags/example_nested_branch_dag.py
[2024-04-14T13:03:37.263+0000] {processor.py:840} INFO - DAG(s) 'example_nested_branch_dag' retrieved from /home/airflow/.local/lib/python3.12/site-packages/airflow/example_dags/example_nested_branch_dag.py
[2024-04-14T13:03:37.283+0000] {logging_mixin.py:188} INFO - [2024-04-14T13:03:37.283+0000] {dag.py:3096} INFO - Sync 1 DAGs
[2024-04-14T13:03:37.307+0000] {logging_mixin.py:188} INFO - [2024-04-14T13:03:37.307+0000] {dag.py:3954} INFO - Setting next_dagrun for example_nested_branch_dag to 2024-04-13 00:00:00+00:00, run_after=2024-04-14 00:00:00+00:00
[2024-04-14T13:03:37.329+0000] {processor.py:183} INFO - Processing /home/airflow/.local/lib/python3.12/site-packages/airflow/example_dags/example_nested_branch_dag.py took 0.082 seconds
[2024-04-14T13:04:08.108+0000] {processor.py:161} INFO - Started process (PID=525) to work on /home/airflow/.local/lib/python3.12/site-packages/airflow/example_dags/example_nested_branch_dag.py
[2024-04-14T13:04:08.108+0000] {processor.py:830} INFO - Processing file /home/airflow/.local/lib/python3.12/site-packages/airflow/example_dags/example_nested_branch_dag.py for tasks to queue
[2024-04-14T13:04:08.110+0000] {logging_mixin.py:188} INFO - [2024-04-14T13:04:08.109+0000] {dagbag.py:540} INFO - Filling up the DagBag from /home/airflow/.local/lib/python3.12/site-packages/airflow/example_dags/example_nested_branch_dag.py
[2024-04-14T13:04:08.117+0000] {processor.py:840} INFO - DAG(s) 'example_nested_branch_dag' retrieved from /home/airflow/.local/lib/python3.12/site-packages/airflow/example_dags/example_nested_branch_dag.py
[2024-04-14T13:04:08.135+0000] {logging_mixin.py:188} INFO - [2024-04-14T13:04:08.135+0000] {dag.py:3096} INFO - Sync 1 DAGs
[2024-04-14T13:04:08.155+0000] {logging_mixin.py:188} INFO - [2024-04-14T13:04:08.155+0000] {dag.py:3954} INFO - Setting next_dagrun for example_nested_branch_dag to 2024-04-13 00:00:00+00:00, run_after=2024-04-14 00:00:00+00:00
[2024-04-14T13:04:08.173+0000] {processor.py:183} INFO - Processing /home/airflow/.local/lib/python3.12/site-packages/airflow/example_dags/example_nested_branch_dag.py took 0.069 seconds
[2024-04-14T13:04:39.085+0000] {processor.py:161} INFO - Started process (PID=583) to work on /home/airflow/.local/lib/python3.12/site-packages/airflow/example_dags/example_nested_branch_dag.py
[2024-04-14T13:04:39.086+0000] {processor.py:830} INFO - Processing file /home/airflow/.local/lib/python3.12/site-packages/airflow/example_dags/example_nested_branch_dag.py for tasks to queue
[2024-04-14T13:04:39.087+0000] {logging_mixin.py:188} INFO - [2024-04-14T13:04:39.087+0000] {dagbag.py:540} INFO - Filling up the DagBag from /home/airflow/.local/lib/python3.12/site-packages/airflow/example_dags/example_nested_branch_dag.py
[2024-04-14T13:04:39.095+0000] {processor.py:840} INFO - DAG(s) 'example_nested_branch_dag' retrieved from /home/airflow/.local/lib/python3.12/site-packages/airflow/example_dags/example_nested_branch_dag.py
[2024-04-14T13:04:39.113+0000] {logging_mixin.py:188} INFO - [2024-04-14T13:04:39.113+0000] {dag.py:3096} INFO - Sync 1 DAGs
[2024-04-14T13:04:39.134+0000] {logging_mixin.py:188} INFO - [2024-04-14T13:04:39.134+0000] {dag.py:3954} INFO - Setting next_dagrun for example_nested_branch_dag to 2024-04-13 00:00:00+00:00, run_after=2024-04-14 00:00:00+00:00
[2024-04-14T13:04:39.154+0000] {processor.py:183} INFO - Processing /home/airflow/.local/lib/python3.12/site-packages/airflow/example_dags/example_nested_branch_dag.py took 0.074 seconds
[2024-04-14T13:05:10.171+0000] {processor.py:161} INFO - Started process (PID=641) to work on /home/airflow/.local/lib/python3.12/site-packages/airflow/example_dags/example_nested_branch_dag.py
[2024-04-14T13:05:10.172+0000] {processor.py:830} INFO - Processing file /home/airflow/.local/lib/python3.12/site-packages/airflow/example_dags/example_nested_branch_dag.py for tasks to queue
[2024-04-14T13:05:10.173+0000] {logging_mixin.py:188} INFO - [2024-04-14T13:05:10.173+0000] {dagbag.py:540} INFO - Filling up the DagBag from /home/airflow/.local/lib/python3.12/site-packages/airflow/example_dags/example_nested_branch_dag.py
[2024-04-14T13:05:10.180+0000] {processor.py:840} INFO - DAG(s) 'example_nested_branch_dag' retrieved from /home/airflow/.local/lib/python3.12/site-packages/airflow/example_dags/example_nested_branch_dag.py
[2024-04-14T13:05:10.200+0000] {logging_mixin.py:188} INFO - [2024-04-14T13:05:10.200+0000] {dag.py:3096} INFO - Sync 1 DAGs
[2024-04-14T13:05:10.221+0000] {logging_mixin.py:188} INFO - [2024-04-14T13:05:10.221+0000] {dag.py:3954} INFO - Setting next_dagrun for example_nested_branch_dag to 2024-04-13 00:00:00+00:00, run_after=2024-04-14 00:00:00+00:00
[2024-04-14T13:05:10.240+0000] {processor.py:183} INFO - Processing /home/airflow/.local/lib/python3.12/site-packages/airflow/example_dags/example_nested_branch_dag.py took 0.072 seconds
[2024-04-14T13:05:40.629+0000] {processor.py:161} INFO - Started process (PID=700) to work on /home/airflow/.local/lib/python3.12/site-packages/airflow/example_dags/example_nested_branch_dag.py
[2024-04-14T13:05:40.630+0000] {processor.py:830} INFO - Processing file /home/airflow/.local/lib/python3.12/site-packages/airflow/example_dags/example_nested_branch_dag.py for tasks to queue
[2024-04-14T13:05:40.632+0000] {logging_mixin.py:188} INFO - [2024-04-14T13:05:40.631+0000] {dagbag.py:540} INFO - Filling up the DagBag from /home/airflow/.local/lib/python3.12/site-packages/airflow/example_dags/example_nested_branch_dag.py
[2024-04-14T13:05:40.639+0000] {processor.py:840} INFO - DAG(s) 'example_nested_branch_dag' retrieved from /home/airflow/.local/lib/python3.12/site-packages/airflow/example_dags/example_nested_branch_dag.py
[2024-04-14T13:05:40.658+0000] {logging_mixin.py:188} INFO - [2024-04-14T13:05:40.658+0000] {dag.py:3096} INFO - Sync 1 DAGs
[2024-04-14T13:05:40.678+0000] {logging_mixin.py:188} INFO - [2024-04-14T13:05:40.678+0000] {dag.py:3954} INFO - Setting next_dagrun for example_nested_branch_dag to 2024-04-13 00:00:00+00:00, run_after=2024-04-14 00:00:00+00:00
[2024-04-14T13:05:40.697+0000] {processor.py:183} INFO - Processing /home/airflow/.local/lib/python3.12/site-packages/airflow/example_dags/example_nested_branch_dag.py took 0.072 seconds
[2024-04-14T13:06:11.064+0000] {processor.py:161} INFO - Started process (PID=758) to work on /home/airflow/.local/lib/python3.12/site-packages/airflow/example_dags/example_nested_branch_dag.py
[2024-04-14T13:06:11.065+0000] {processor.py:830} INFO - Processing file /home/airflow/.local/lib/python3.12/site-packages/airflow/example_dags/example_nested_branch_dag.py for tasks to queue
[2024-04-14T13:06:11.067+0000] {logging_mixin.py:188} INFO - [2024-04-14T13:06:11.066+0000] {dagbag.py:540} INFO - Filling up the DagBag from /home/airflow/.local/lib/python3.12/site-packages/airflow/example_dags/example_nested_branch_dag.py
[2024-04-14T13:06:11.075+0000] {processor.py:840} INFO - DAG(s) 'example_nested_branch_dag' retrieved from /home/airflow/.local/lib/python3.12/site-packages/airflow/example_dags/example_nested_branch_dag.py
[2024-04-14T13:06:11.095+0000] {logging_mixin.py:188} INFO - [2024-04-14T13:06:11.095+0000] {dag.py:3096} INFO - Sync 1 DAGs
[2024-04-14T13:06:11.117+0000] {logging_mixin.py:188} INFO - [2024-04-14T13:06:11.117+0000] {dag.py:3954} INFO - Setting next_dagrun for example_nested_branch_dag to 2024-04-13 00:00:00+00:00, run_after=2024-04-14 00:00:00+00:00
[2024-04-14T13:06:11.137+0000] {processor.py:183} INFO - Processing /home/airflow/.local/lib/python3.12/site-packages/airflow/example_dags/example_nested_branch_dag.py took 0.077 seconds
[2024-04-14T13:06:41.956+0000] {processor.py:161} INFO - Started process (PID=816) to work on /home/airflow/.local/lib/python3.12/site-packages/airflow/example_dags/example_nested_branch_dag.py
[2024-04-14T13:06:41.956+0000] {processor.py:830} INFO - Processing file /home/airflow/.local/lib/python3.12/site-packages/airflow/example_dags/example_nested_branch_dag.py for tasks to queue
[2024-04-14T13:06:41.958+0000] {logging_mixin.py:188} INFO - [2024-04-14T13:06:41.957+0000] {dagbag.py:540} INFO - Filling up the DagBag from /home/airflow/.local/lib/python3.12/site-packages/airflow/example_dags/example_nested_branch_dag.py
[2024-04-14T13:06:41.966+0000] {processor.py:840} INFO - DAG(s) 'example_nested_branch_dag' retrieved from /home/airflow/.local/lib/python3.12/site-packages/airflow/example_dags/example_nested_branch_dag.py
[2024-04-14T13:06:41.984+0000] {logging_mixin.py:188} INFO - [2024-04-14T13:06:41.984+0000] {dag.py:3096} INFO - Sync 1 DAGs
[2024-04-14T13:06:42.003+0000] {logging_mixin.py:188} INFO - [2024-04-14T13:06:42.003+0000] {dag.py:3954} INFO - Setting next_dagrun for example_nested_branch_dag to 2024-04-13 00:00:00+00:00, run_after=2024-04-14 00:00:00+00:00
[2024-04-14T13:06:42.021+0000] {processor.py:183} INFO - Processing /home/airflow/.local/lib/python3.12/site-packages/airflow/example_dags/example_nested_branch_dag.py took 0.069 seconds
[2024-04-14T13:07:12.511+0000] {processor.py:161} INFO - Started process (PID=874) to work on /home/airflow/.local/lib/python3.12/site-packages/airflow/example_dags/example_nested_branch_dag.py
[2024-04-14T13:07:12.512+0000] {processor.py:830} INFO - Processing file /home/airflow/.local/lib/python3.12/site-packages/airflow/example_dags/example_nested_branch_dag.py for tasks to queue
[2024-04-14T13:07:12.514+0000] {logging_mixin.py:188} INFO - [2024-04-14T13:07:12.514+0000] {dagbag.py:540} INFO - Filling up the DagBag from /home/airflow/.local/lib/python3.12/site-packages/airflow/example_dags/example_nested_branch_dag.py
[2024-04-14T13:07:12.525+0000] {processor.py:840} INFO - DAG(s) 'example_nested_branch_dag' retrieved from /home/airflow/.local/lib/python3.12/site-packages/airflow/example_dags/example_nested_branch_dag.py
[2024-04-14T13:07:12.544+0000] {logging_mixin.py:188} INFO - [2024-04-14T13:07:12.544+0000] {dag.py:3096} INFO - Sync 1 DAGs
[2024-04-14T13:07:12.564+0000] {logging_mixin.py:188} INFO - [2024-04-14T13:07:12.564+0000] {dag.py:3954} INFO - Setting next_dagrun for example_nested_branch_dag to 2024-04-13 00:00:00+00:00, run_after=2024-04-14 00:00:00+00:00
[2024-04-14T13:07:12.584+0000] {processor.py:183} INFO - Processing /home/airflow/.local/lib/python3.12/site-packages/airflow/example_dags/example_nested_branch_dag.py took 0.078 seconds
[2024-04-14T13:07:43.410+0000] {processor.py:161} INFO - Started process (PID=932) to work on /home/airflow/.local/lib/python3.12/site-packages/airflow/example_dags/example_nested_branch_dag.py
[2024-04-14T13:07:43.411+0000] {processor.py:830} INFO - Processing file /home/airflow/.local/lib/python3.12/site-packages/airflow/example_dags/example_nested_branch_dag.py for tasks to queue
[2024-04-14T13:07:43.412+0000] {logging_mixin.py:188} INFO - [2024-04-14T13:07:43.412+0000] {dagbag.py:540} INFO - Filling up the DagBag from /home/airflow/.local/lib/python3.12/site-packages/airflow/example_dags/example_nested_branch_dag.py
[2024-04-14T13:07:43.421+0000] {processor.py:840} INFO - DAG(s) 'example_nested_branch_dag' retrieved from /home/airflow/.local/lib/python3.12/site-packages/airflow/example_dags/example_nested_branch_dag.py
[2024-04-14T13:07:43.440+0000] {logging_mixin.py:188} INFO - [2024-04-14T13:07:43.439+0000] {dag.py:3096} INFO - Sync 1 DAGs
[2024-04-14T13:07:43.459+0000] {logging_mixin.py:188} INFO - [2024-04-14T13:07:43.459+0000] {dag.py:3954} INFO - Setting next_dagrun for example_nested_branch_dag to 2024-04-13 00:00:00+00:00, run_after=2024-04-14 00:00:00+00:00
[2024-04-14T13:07:43.477+0000] {processor.py:183} INFO - Processing /home/airflow/.local/lib/python3.12/site-packages/airflow/example_dags/example_nested_branch_dag.py took 0.072 seconds
[2024-04-14T13:08:14.580+0000] {processor.py:161} INFO - Started process (PID=990) to work on /home/airflow/.local/lib/python3.12/site-packages/airflow/example_dags/example_nested_branch_dag.py
[2024-04-14T13:08:14.580+0000] {processor.py:830} INFO - Processing file /home/airflow/.local/lib/python3.12/site-packages/airflow/example_dags/example_nested_branch_dag.py for tasks to queue
[2024-04-14T13:08:14.582+0000] {logging_mixin.py:188} INFO - [2024-04-14T13:08:14.582+0000] {dagbag.py:540} INFO - Filling up the DagBag from /home/airflow/.local/lib/python3.12/site-packages/airflow/example_dags/example_nested_branch_dag.py
[2024-04-14T13:08:14.591+0000] {processor.py:840} INFO - DAG(s) 'example_nested_branch_dag' retrieved from /home/airflow/.local/lib/python3.12/site-packages/airflow/example_dags/example_nested_branch_dag.py
[2024-04-14T13:08:14.610+0000] {logging_mixin.py:188} INFO - [2024-04-14T13:08:14.610+0000] {dag.py:3096} INFO - Sync 1 DAGs
[2024-04-14T13:08:14.630+0000] {logging_mixin.py:188} INFO - [2024-04-14T13:08:14.630+0000] {dag.py:3954} INFO - Setting next_dagrun for example_nested_branch_dag to 2024-04-13 00:00:00+00:00, run_after=2024-04-14 00:00:00+00:00
[2024-04-14T13:08:14.650+0000] {processor.py:183} INFO - Processing /home/airflow/.local/lib/python3.12/site-packages/airflow/example_dags/example_nested_branch_dag.py took 0.075 seconds
[2024-04-14T13:08:45.654+0000] {processor.py:161} INFO - Started process (PID=1048) to work on /home/airflow/.local/lib/python3.12/site-packages/airflow/example_dags/example_nested_branch_dag.py
[2024-04-14T13:08:45.655+0000] {processor.py:830} INFO - Processing file /home/airflow/.local/lib/python3.12/site-packages/airflow/example_dags/example_nested_branch_dag.py for tasks to queue
[2024-04-14T13:08:45.656+0000] {logging_mixin.py:188} INFO - [2024-04-14T13:08:45.656+0000] {dagbag.py:540} INFO - Filling up the DagBag from /home/airflow/.local/lib/python3.12/site-packages/airflow/example_dags/example_nested_branch_dag.py
[2024-04-14T13:08:45.664+0000] {processor.py:840} INFO - DAG(s) 'example_nested_branch_dag' retrieved from /home/airflow/.local/lib/python3.12/site-packages/airflow/example_dags/example_nested_branch_dag.py
[2024-04-14T13:08:45.684+0000] {logging_mixin.py:188} INFO - [2024-04-14T13:08:45.683+0000] {dag.py:3096} INFO - Sync 1 DAGs
[2024-04-14T13:08:45.830+0000] {logging_mixin.py:188} INFO - [2024-04-14T13:08:45.829+0000] {dag.py:3954} INFO - Setting next_dagrun for example_nested_branch_dag to 2024-04-13 00:00:00+00:00, run_after=2024-04-14 00:00:00+00:00
[2024-04-14T13:08:45.847+0000] {processor.py:183} INFO - Processing /home/airflow/.local/lib/python3.12/site-packages/airflow/example_dags/example_nested_branch_dag.py took 0.199 seconds
[2024-04-14T13:09:16.502+0000] {processor.py:161} INFO - Started process (PID=1112) to work on /home/airflow/.local/lib/python3.12/site-packages/airflow/example_dags/example_nested_branch_dag.py
[2024-04-14T13:09:16.502+0000] {processor.py:830} INFO - Processing file /home/airflow/.local/lib/python3.12/site-packages/airflow/example_dags/example_nested_branch_dag.py for tasks to queue
[2024-04-14T13:09:16.504+0000] {logging_mixin.py:188} INFO - [2024-04-14T13:09:16.504+0000] {dagbag.py:540} INFO - Filling up the DagBag from /home/airflow/.local/lib/python3.12/site-packages/airflow/example_dags/example_nested_branch_dag.py
[2024-04-14T13:09:16.512+0000] {processor.py:840} INFO - DAG(s) 'example_nested_branch_dag' retrieved from /home/airflow/.local/lib/python3.12/site-packages/airflow/example_dags/example_nested_branch_dag.py
[2024-04-14T13:09:16.531+0000] {logging_mixin.py:188} INFO - [2024-04-14T13:09:16.531+0000] {dag.py:3096} INFO - Sync 1 DAGs
[2024-04-14T13:09:16.677+0000] {logging_mixin.py:188} INFO - [2024-04-14T13:09:16.676+0000] {dag.py:3954} INFO - Setting next_dagrun for example_nested_branch_dag to 2024-04-13 00:00:00+00:00, run_after=2024-04-14 00:00:00+00:00
[2024-04-14T13:09:16.695+0000] {processor.py:183} INFO - Processing /home/airflow/.local/lib/python3.12/site-packages/airflow/example_dags/example_nested_branch_dag.py took 0.198 seconds
[2024-04-14T13:09:47.277+0000] {processor.py:161} INFO - Started process (PID=1170) to work on /home/airflow/.local/lib/python3.12/site-packages/airflow/example_dags/example_nested_branch_dag.py
[2024-04-14T13:09:47.278+0000] {processor.py:830} INFO - Processing file /home/airflow/.local/lib/python3.12/site-packages/airflow/example_dags/example_nested_branch_dag.py for tasks to queue
[2024-04-14T13:09:47.279+0000] {logging_mixin.py:188} INFO - [2024-04-14T13:09:47.279+0000] {dagbag.py:540} INFO - Filling up the DagBag from /home/airflow/.local/lib/python3.12/site-packages/airflow/example_dags/example_nested_branch_dag.py
[2024-04-14T13:09:47.286+0000] {processor.py:840} INFO - DAG(s) 'example_nested_branch_dag' retrieved from /home/airflow/.local/lib/python3.12/site-packages/airflow/example_dags/example_nested_branch_dag.py
[2024-04-14T13:09:47.304+0000] {logging_mixin.py:188} INFO - [2024-04-14T13:09:47.304+0000] {dag.py:3096} INFO - Sync 1 DAGs
[2024-04-14T13:09:47.324+0000] {logging_mixin.py:188} INFO - [2024-04-14T13:09:47.323+0000] {dag.py:3954} INFO - Setting next_dagrun for example_nested_branch_dag to 2024-04-13 00:00:00+00:00, run_after=2024-04-14 00:00:00+00:00
[2024-04-14T13:09:47.341+0000] {processor.py:183} INFO - Processing /home/airflow/.local/lib/python3.12/site-packages/airflow/example_dags/example_nested_branch_dag.py took 0.068 seconds
[2024-04-14T13:10:17.661+0000] {processor.py:161} INFO - Started process (PID=1228) to work on /home/airflow/.local/lib/python3.12/site-packages/airflow/example_dags/example_nested_branch_dag.py
[2024-04-14T13:10:17.662+0000] {processor.py:830} INFO - Processing file /home/airflow/.local/lib/python3.12/site-packages/airflow/example_dags/example_nested_branch_dag.py for tasks to queue
[2024-04-14T13:10:17.663+0000] {logging_mixin.py:188} INFO - [2024-04-14T13:10:17.663+0000] {dagbag.py:540} INFO - Filling up the DagBag from /home/airflow/.local/lib/python3.12/site-packages/airflow/example_dags/example_nested_branch_dag.py
[2024-04-14T13:10:17.672+0000] {processor.py:840} INFO - DAG(s) 'example_nested_branch_dag' retrieved from /home/airflow/.local/lib/python3.12/site-packages/airflow/example_dags/example_nested_branch_dag.py
[2024-04-14T13:10:17.690+0000] {logging_mixin.py:188} INFO - [2024-04-14T13:10:17.690+0000] {dag.py:3096} INFO - Sync 1 DAGs
[2024-04-14T13:10:17.711+0000] {logging_mixin.py:188} INFO - [2024-04-14T13:10:17.711+0000] {dag.py:3954} INFO - Setting next_dagrun for example_nested_branch_dag to 2024-04-13 00:00:00+00:00, run_after=2024-04-14 00:00:00+00:00
[2024-04-14T13:10:17.729+0000] {processor.py:183} INFO - Processing /home/airflow/.local/lib/python3.12/site-packages/airflow/example_dags/example_nested_branch_dag.py took 0.072 seconds
[2024-04-14T13:10:48.093+0000] {processor.py:161} INFO - Started process (PID=1286) to work on /home/airflow/.local/lib/python3.12/site-packages/airflow/example_dags/example_nested_branch_dag.py
[2024-04-14T13:10:48.094+0000] {processor.py:830} INFO - Processing file /home/airflow/.local/lib/python3.12/site-packages/airflow/example_dags/example_nested_branch_dag.py for tasks to queue
[2024-04-14T13:10:48.095+0000] {logging_mixin.py:188} INFO - [2024-04-14T13:10:48.095+0000] {dagbag.py:540} INFO - Filling up the DagBag from /home/airflow/.local/lib/python3.12/site-packages/airflow/example_dags/example_nested_branch_dag.py
[2024-04-14T13:10:48.102+0000] {processor.py:840} INFO - DAG(s) 'example_nested_branch_dag' retrieved from /home/airflow/.local/lib/python3.12/site-packages/airflow/example_dags/example_nested_branch_dag.py
[2024-04-14T13:10:48.120+0000] {logging_mixin.py:188} INFO - [2024-04-14T13:10:48.119+0000] {dag.py:3096} INFO - Sync 1 DAGs
[2024-04-14T13:10:48.139+0000] {logging_mixin.py:188} INFO - [2024-04-14T13:10:48.139+0000] {dag.py:3954} INFO - Setting next_dagrun for example_nested_branch_dag to 2024-04-13 00:00:00+00:00, run_after=2024-04-14 00:00:00+00:00
[2024-04-14T13:10:48.158+0000] {processor.py:183} INFO - Processing /home/airflow/.local/lib/python3.12/site-packages/airflow/example_dags/example_nested_branch_dag.py took 0.069 seconds
[2024-04-14T13:11:18.444+0000] {processor.py:161} INFO - Started process (PID=1344) to work on /home/airflow/.local/lib/python3.12/site-packages/airflow/example_dags/example_nested_branch_dag.py
[2024-04-14T13:11:18.445+0000] {processor.py:830} INFO - Processing file /home/airflow/.local/lib/python3.12/site-packages/airflow/example_dags/example_nested_branch_dag.py for tasks to queue
[2024-04-14T13:11:18.446+0000] {logging_mixin.py:188} INFO - [2024-04-14T13:11:18.446+0000] {dagbag.py:540} INFO - Filling up the DagBag from /home/airflow/.local/lib/python3.12/site-packages/airflow/example_dags/example_nested_branch_dag.py
[2024-04-14T13:11:18.454+0000] {processor.py:840} INFO - DAG(s) 'example_nested_branch_dag' retrieved from /home/airflow/.local/lib/python3.12/site-packages/airflow/example_dags/example_nested_branch_dag.py
[2024-04-14T13:11:18.472+0000] {logging_mixin.py:188} INFO - [2024-04-14T13:11:18.471+0000] {dag.py:3096} INFO - Sync 1 DAGs
[2024-04-14T13:11:18.492+0000] {logging_mixin.py:188} INFO - [2024-04-14T13:11:18.491+0000] {dag.py:3954} INFO - Setting next_dagrun for example_nested_branch_dag to 2024-04-13 00:00:00+00:00, run_after=2024-04-14 00:00:00+00:00
[2024-04-14T13:11:18.510+0000] {processor.py:183} INFO - Processing /home/airflow/.local/lib/python3.12/site-packages/airflow/example_dags/example_nested_branch_dag.py took 0.069 seconds
[2024-04-14T13:11:48.781+0000] {processor.py:161} INFO - Started process (PID=1402) to work on /home/airflow/.local/lib/python3.12/site-packages/airflow/example_dags/example_nested_branch_dag.py
[2024-04-14T13:11:48.782+0000] {processor.py:830} INFO - Processing file /home/airflow/.local/lib/python3.12/site-packages/airflow/example_dags/example_nested_branch_dag.py for tasks to queue
[2024-04-14T13:11:48.783+0000] {logging_mixin.py:188} INFO - [2024-04-14T13:11:48.783+0000] {dagbag.py:540} INFO - Filling up the DagBag from /home/airflow/.local/lib/python3.12/site-packages/airflow/example_dags/example_nested_branch_dag.py
[2024-04-14T13:11:48.791+0000] {processor.py:840} INFO - DAG(s) 'example_nested_branch_dag' retrieved from /home/airflow/.local/lib/python3.12/site-packages/airflow/example_dags/example_nested_branch_dag.py
[2024-04-14T13:11:48.809+0000] {logging_mixin.py:188} INFO - [2024-04-14T13:11:48.808+0000] {dag.py:3096} INFO - Sync 1 DAGs
[2024-04-14T13:11:48.830+0000] {logging_mixin.py:188} INFO - [2024-04-14T13:11:48.830+0000] {dag.py:3954} INFO - Setting next_dagrun for example_nested_branch_dag to 2024-04-13 00:00:00+00:00, run_after=2024-04-14 00:00:00+00:00
[2024-04-14T13:11:48.847+0000] {processor.py:183} INFO - Processing /home/airflow/.local/lib/python3.12/site-packages/airflow/example_dags/example_nested_branch_dag.py took 0.070 seconds
[2024-04-14T13:12:19.129+0000] {processor.py:161} INFO - Started process (PID=1460) to work on /home/airflow/.local/lib/python3.12/site-packages/airflow/example_dags/example_nested_branch_dag.py
[2024-04-14T13:12:19.129+0000] {processor.py:830} INFO - Processing file /home/airflow/.local/lib/python3.12/site-packages/airflow/example_dags/example_nested_branch_dag.py for tasks to queue
[2024-04-14T13:12:19.131+0000] {logging_mixin.py:188} INFO - [2024-04-14T13:12:19.131+0000] {dagbag.py:540} INFO - Filling up the DagBag from /home/airflow/.local/lib/python3.12/site-packages/airflow/example_dags/example_nested_branch_dag.py
[2024-04-14T13:12:19.138+0000] {processor.py:840} INFO - DAG(s) 'example_nested_branch_dag' retrieved from /home/airflow/.local/lib/python3.12/site-packages/airflow/example_dags/example_nested_branch_dag.py
[2024-04-14T13:12:19.155+0000] {logging_mixin.py:188} INFO - [2024-04-14T13:12:19.154+0000] {dag.py:3096} INFO - Sync 1 DAGs
[2024-04-14T13:12:19.173+0000] {logging_mixin.py:188} INFO - [2024-04-14T13:12:19.173+0000] {dag.py:3954} INFO - Setting next_dagrun for example_nested_branch_dag to 2024-04-13 00:00:00+00:00, run_after=2024-04-14 00:00:00+00:00
[2024-04-14T13:12:19.191+0000] {processor.py:183} INFO - Processing /home/airflow/.local/lib/python3.12/site-packages/airflow/example_dags/example_nested_branch_dag.py took 0.066 seconds
[2024-04-14T13:12:49.468+0000] {processor.py:161} INFO - Started process (PID=1518) to work on /home/airflow/.local/lib/python3.12/site-packages/airflow/example_dags/example_nested_branch_dag.py
[2024-04-14T13:12:49.469+0000] {processor.py:830} INFO - Processing file /home/airflow/.local/lib/python3.12/site-packages/airflow/example_dags/example_nested_branch_dag.py for tasks to queue
[2024-04-14T13:12:49.470+0000] {logging_mixin.py:188} INFO - [2024-04-14T13:12:49.470+0000] {dagbag.py:540} INFO - Filling up the DagBag from /home/airflow/.local/lib/python3.12/site-packages/airflow/example_dags/example_nested_branch_dag.py
[2024-04-14T13:12:49.477+0000] {processor.py:840} INFO - DAG(s) 'example_nested_branch_dag' retrieved from /home/airflow/.local/lib/python3.12/site-packages/airflow/example_dags/example_nested_branch_dag.py
[2024-04-14T13:12:49.494+0000] {logging_mixin.py:188} INFO - [2024-04-14T13:12:49.494+0000] {dag.py:3096} INFO - Sync 1 DAGs
[2024-04-14T13:12:49.514+0000] {logging_mixin.py:188} INFO - [2024-04-14T13:12:49.514+0000] {dag.py:3954} INFO - Setting next_dagrun for example_nested_branch_dag to 2024-04-13 00:00:00+00:00, run_after=2024-04-14 00:00:00+00:00
[2024-04-14T13:12:49.532+0000] {processor.py:183} INFO - Processing /home/airflow/.local/lib/python3.12/site-packages/airflow/example_dags/example_nested_branch_dag.py took 0.069 seconds
[2024-04-14T13:13:19.890+0000] {processor.py:161} INFO - Started process (PID=1576) to work on /home/airflow/.local/lib/python3.12/site-packages/airflow/example_dags/example_nested_branch_dag.py
[2024-04-14T13:13:19.891+0000] {processor.py:830} INFO - Processing file /home/airflow/.local/lib/python3.12/site-packages/airflow/example_dags/example_nested_branch_dag.py for tasks to queue
[2024-04-14T13:13:19.892+0000] {logging_mixin.py:188} INFO - [2024-04-14T13:13:19.892+0000] {dagbag.py:540} INFO - Filling up the DagBag from /home/airflow/.local/lib/python3.12/site-packages/airflow/example_dags/example_nested_branch_dag.py
[2024-04-14T13:13:19.901+0000] {processor.py:840} INFO - DAG(s) 'example_nested_branch_dag' retrieved from /home/airflow/.local/lib/python3.12/site-packages/airflow/example_dags/example_nested_branch_dag.py
[2024-04-14T13:13:19.920+0000] {logging_mixin.py:188} INFO - [2024-04-14T13:13:19.920+0000] {dag.py:3096} INFO - Sync 1 DAGs
[2024-04-14T13:13:19.939+0000] {logging_mixin.py:188} INFO - [2024-04-14T13:13:19.939+0000] {dag.py:3954} INFO - Setting next_dagrun for example_nested_branch_dag to 2024-04-13 00:00:00+00:00, run_after=2024-04-14 00:00:00+00:00
[2024-04-14T13:13:19.954+0000] {processor.py:183} INFO - Processing /home/airflow/.local/lib/python3.12/site-packages/airflow/example_dags/example_nested_branch_dag.py took 0.069 seconds
[2024-04-14T13:13:50.731+0000] {processor.py:161} INFO - Started process (PID=1634) to work on /home/airflow/.local/lib/python3.12/site-packages/airflow/example_dags/example_nested_branch_dag.py
[2024-04-14T13:13:50.732+0000] {processor.py:830} INFO - Processing file /home/airflow/.local/lib/python3.12/site-packages/airflow/example_dags/example_nested_branch_dag.py for tasks to queue
[2024-04-14T13:13:50.733+0000] {logging_mixin.py:188} INFO - [2024-04-14T13:13:50.733+0000] {dagbag.py:540} INFO - Filling up the DagBag from /home/airflow/.local/lib/python3.12/site-packages/airflow/example_dags/example_nested_branch_dag.py
[2024-04-14T13:13:50.740+0000] {processor.py:840} INFO - DAG(s) 'example_nested_branch_dag' retrieved from /home/airflow/.local/lib/python3.12/site-packages/airflow/example_dags/example_nested_branch_dag.py
[2024-04-14T13:13:50.758+0000] {logging_mixin.py:188} INFO - [2024-04-14T13:13:50.758+0000] {dag.py:3096} INFO - Sync 1 DAGs
[2024-04-14T13:13:50.778+0000] {logging_mixin.py:188} INFO - [2024-04-14T13:13:50.778+0000] {dag.py:3954} INFO - Setting next_dagrun for example_nested_branch_dag to 2024-04-13 00:00:00+00:00, run_after=2024-04-14 00:00:00+00:00
[2024-04-14T13:13:50.794+0000] {processor.py:183} INFO - Processing /home/airflow/.local/lib/python3.12/site-packages/airflow/example_dags/example_nested_branch_dag.py took 0.067 seconds
[2024-04-14T13:14:21.466+0000] {processor.py:161} INFO - Started process (PID=1692) to work on /home/airflow/.local/lib/python3.12/site-packages/airflow/example_dags/example_nested_branch_dag.py
[2024-04-14T13:14:21.466+0000] {processor.py:830} INFO - Processing file /home/airflow/.local/lib/python3.12/site-packages/airflow/example_dags/example_nested_branch_dag.py for tasks to queue
[2024-04-14T13:14:21.468+0000] {logging_mixin.py:188} INFO - [2024-04-14T13:14:21.467+0000] {dagbag.py:540} INFO - Filling up the DagBag from /home/airflow/.local/lib/python3.12/site-packages/airflow/example_dags/example_nested_branch_dag.py
[2024-04-14T13:14:21.477+0000] {processor.py:840} INFO - DAG(s) 'example_nested_branch_dag' retrieved from /home/airflow/.local/lib/python3.12/site-packages/airflow/example_dags/example_nested_branch_dag.py
[2024-04-14T13:14:21.496+0000] {logging_mixin.py:188} INFO - [2024-04-14T13:14:21.496+0000] {dag.py:3096} INFO - Sync 1 DAGs
[2024-04-14T13:14:21.516+0000] {logging_mixin.py:188} INFO - [2024-04-14T13:14:21.515+0000] {dag.py:3954} INFO - Setting next_dagrun for example_nested_branch_dag to 2024-04-13 00:00:00+00:00, run_after=2024-04-14 00:00:00+00:00
[2024-04-14T13:14:21.533+0000] {processor.py:183} INFO - Processing /home/airflow/.local/lib/python3.12/site-packages/airflow/example_dags/example_nested_branch_dag.py took 0.071 seconds
[2024-04-14T13:14:51.817+0000] {processor.py:161} INFO - Started process (PID=1751) to work on /home/airflow/.local/lib/python3.12/site-packages/airflow/example_dags/example_nested_branch_dag.py
[2024-04-14T13:14:51.819+0000] {processor.py:830} INFO - Processing file /home/airflow/.local/lib/python3.12/site-packages/airflow/example_dags/example_nested_branch_dag.py for tasks to queue
[2024-04-14T13:14:51.820+0000] {logging_mixin.py:188} INFO - [2024-04-14T13:14:51.820+0000] {dagbag.py:540} INFO - Filling up the DagBag from /home/airflow/.local/lib/python3.12/site-packages/airflow/example_dags/example_nested_branch_dag.py
[2024-04-14T13:14:51.830+0000] {processor.py:840} INFO - DAG(s) 'example_nested_branch_dag' retrieved from /home/airflow/.local/lib/python3.12/site-packages/airflow/example_dags/example_nested_branch_dag.py
[2024-04-14T13:14:51.852+0000] {logging_mixin.py:188} INFO - [2024-04-14T13:14:51.852+0000] {dag.py:3096} INFO - Sync 1 DAGs
[2024-04-14T13:14:51.878+0000] {logging_mixin.py:188} INFO - [2024-04-14T13:14:51.878+0000] {dag.py:3954} INFO - Setting next_dagrun for example_nested_branch_dag to 2024-04-13 00:00:00+00:00, run_after=2024-04-14 00:00:00+00:00
[2024-04-14T13:14:51.896+0000] {processor.py:183} INFO - Processing /home/airflow/.local/lib/python3.12/site-packages/airflow/example_dags/example_nested_branch_dag.py took 0.083 seconds
[2024-04-14T13:15:22.433+0000] {processor.py:161} INFO - Started process (PID=1809) to work on /home/airflow/.local/lib/python3.12/site-packages/airflow/example_dags/example_nested_branch_dag.py
[2024-04-14T13:15:22.434+0000] {processor.py:830} INFO - Processing file /home/airflow/.local/lib/python3.12/site-packages/airflow/example_dags/example_nested_branch_dag.py for tasks to queue
[2024-04-14T13:15:22.435+0000] {logging_mixin.py:188} INFO - [2024-04-14T13:15:22.435+0000] {dagbag.py:540} INFO - Filling up the DagBag from /home/airflow/.local/lib/python3.12/site-packages/airflow/example_dags/example_nested_branch_dag.py
[2024-04-14T13:15:22.443+0000] {processor.py:840} INFO - DAG(s) 'example_nested_branch_dag' retrieved from /home/airflow/.local/lib/python3.12/site-packages/airflow/example_dags/example_nested_branch_dag.py
[2024-04-14T13:15:22.460+0000] {logging_mixin.py:188} INFO - [2024-04-14T13:15:22.460+0000] {dag.py:3096} INFO - Sync 1 DAGs
[2024-04-14T13:15:22.480+0000] {logging_mixin.py:188} INFO - [2024-04-14T13:15:22.480+0000] {dag.py:3954} INFO - Setting next_dagrun for example_nested_branch_dag to 2024-04-13 00:00:00+00:00, run_after=2024-04-14 00:00:00+00:00
[2024-04-14T13:15:22.495+0000] {processor.py:183} INFO - Processing /home/airflow/.local/lib/python3.12/site-packages/airflow/example_dags/example_nested_branch_dag.py took 0.067 seconds
[2024-04-14T13:15:52.879+0000] {processor.py:161} INFO - Started process (PID=1868) to work on /home/airflow/.local/lib/python3.12/site-packages/airflow/example_dags/example_nested_branch_dag.py
[2024-04-14T13:15:52.880+0000] {processor.py:830} INFO - Processing file /home/airflow/.local/lib/python3.12/site-packages/airflow/example_dags/example_nested_branch_dag.py for tasks to queue
[2024-04-14T13:15:52.881+0000] {logging_mixin.py:188} INFO - [2024-04-14T13:15:52.881+0000] {dagbag.py:540} INFO - Filling up the DagBag from /home/airflow/.local/lib/python3.12/site-packages/airflow/example_dags/example_nested_branch_dag.py
[2024-04-14T13:15:52.889+0000] {processor.py:840} INFO - DAG(s) 'example_nested_branch_dag' retrieved from /home/airflow/.local/lib/python3.12/site-packages/airflow/example_dags/example_nested_branch_dag.py
[2024-04-14T13:15:52.907+0000] {logging_mixin.py:188} INFO - [2024-04-14T13:15:52.907+0000] {dag.py:3096} INFO - Sync 1 DAGs
[2024-04-14T13:15:52.927+0000] {logging_mixin.py:188} INFO - [2024-04-14T13:15:52.927+0000] {dag.py:3954} INFO - Setting next_dagrun for example_nested_branch_dag to 2024-04-13 00:00:00+00:00, run_after=2024-04-14 00:00:00+00:00
[2024-04-14T13:15:52.943+0000] {processor.py:183} INFO - Processing /home/airflow/.local/lib/python3.12/site-packages/airflow/example_dags/example_nested_branch_dag.py took 0.068 seconds
[2024-04-14T13:16:23.351+0000] {processor.py:161} INFO - Started process (PID=1926) to work on /home/airflow/.local/lib/python3.12/site-packages/airflow/example_dags/example_nested_branch_dag.py
[2024-04-14T13:16:23.352+0000] {processor.py:830} INFO - Processing file /home/airflow/.local/lib/python3.12/site-packages/airflow/example_dags/example_nested_branch_dag.py for tasks to queue
[2024-04-14T13:16:23.354+0000] {logging_mixin.py:188} INFO - [2024-04-14T13:16:23.354+0000] {dagbag.py:540} INFO - Filling up the DagBag from /home/airflow/.local/lib/python3.12/site-packages/airflow/example_dags/example_nested_branch_dag.py
[2024-04-14T13:16:23.364+0000] {processor.py:840} INFO - DAG(s) 'example_nested_branch_dag' retrieved from /home/airflow/.local/lib/python3.12/site-packages/airflow/example_dags/example_nested_branch_dag.py
[2024-04-14T13:16:23.381+0000] {logging_mixin.py:188} INFO - [2024-04-14T13:16:23.381+0000] {dag.py:3096} INFO - Sync 1 DAGs
[2024-04-14T13:16:23.400+0000] {logging_mixin.py:188} INFO - [2024-04-14T13:16:23.400+0000] {dag.py:3954} INFO - Setting next_dagrun for example_nested_branch_dag to 2024-04-13 00:00:00+00:00, run_after=2024-04-14 00:00:00+00:00
[2024-04-14T13:16:23.416+0000] {processor.py:183} INFO - Processing /home/airflow/.local/lib/python3.12/site-packages/airflow/example_dags/example_nested_branch_dag.py took 0.070 seconds
[2024-04-14T13:16:53.828+0000] {processor.py:161} INFO - Started process (PID=1985) to work on /home/airflow/.local/lib/python3.12/site-packages/airflow/example_dags/example_nested_branch_dag.py
[2024-04-14T13:16:53.829+0000] {processor.py:830} INFO - Processing file /home/airflow/.local/lib/python3.12/site-packages/airflow/example_dags/example_nested_branch_dag.py for tasks to queue
[2024-04-14T13:16:53.830+0000] {logging_mixin.py:188} INFO - [2024-04-14T13:16:53.830+0000] {dagbag.py:540} INFO - Filling up the DagBag from /home/airflow/.local/lib/python3.12/site-packages/airflow/example_dags/example_nested_branch_dag.py
[2024-04-14T13:16:53.838+0000] {processor.py:840} INFO - DAG(s) 'example_nested_branch_dag' retrieved from /home/airflow/.local/lib/python3.12/site-packages/airflow/example_dags/example_nested_branch_dag.py
[2024-04-14T13:16:53.856+0000] {logging_mixin.py:188} INFO - [2024-04-14T13:16:53.856+0000] {dag.py:3096} INFO - Sync 1 DAGs
[2024-04-14T13:16:53.875+0000] {logging_mixin.py:188} INFO - [2024-04-14T13:16:53.875+0000] {dag.py:3954} INFO - Setting next_dagrun for example_nested_branch_dag to 2024-04-13 00:00:00+00:00, run_after=2024-04-14 00:00:00+00:00
[2024-04-14T13:16:53.892+0000] {processor.py:183} INFO - Processing /home/airflow/.local/lib/python3.12/site-packages/airflow/example_dags/example_nested_branch_dag.py took 0.068 seconds
[2024-04-14T13:17:24.110+0000] {processor.py:161} INFO - Started process (PID=2044) to work on /home/airflow/.local/lib/python3.12/site-packages/airflow/example_dags/example_nested_branch_dag.py
[2024-04-14T13:17:24.111+0000] {processor.py:830} INFO - Processing file /home/airflow/.local/lib/python3.12/site-packages/airflow/example_dags/example_nested_branch_dag.py for tasks to queue
[2024-04-14T13:17:24.112+0000] {logging_mixin.py:188} INFO - [2024-04-14T13:17:24.112+0000] {dagbag.py:540} INFO - Filling up the DagBag from /home/airflow/.local/lib/python3.12/site-packages/airflow/example_dags/example_nested_branch_dag.py
[2024-04-14T13:17:24.120+0000] {processor.py:840} INFO - DAG(s) 'example_nested_branch_dag' retrieved from /home/airflow/.local/lib/python3.12/site-packages/airflow/example_dags/example_nested_branch_dag.py
[2024-04-14T13:17:24.137+0000] {logging_mixin.py:188} INFO - [2024-04-14T13:17:24.137+0000] {dag.py:3096} INFO - Sync 1 DAGs
[2024-04-14T13:17:24.157+0000] {logging_mixin.py:188} INFO - [2024-04-14T13:17:24.157+0000] {dag.py:3954} INFO - Setting next_dagrun for example_nested_branch_dag to 2024-04-13 00:00:00+00:00, run_after=2024-04-14 00:00:00+00:00
[2024-04-14T13:17:24.172+0000] {processor.py:183} INFO - Processing /home/airflow/.local/lib/python3.12/site-packages/airflow/example_dags/example_nested_branch_dag.py took 0.067 seconds
[2024-04-14T13:17:54.555+0000] {processor.py:161} INFO - Started process (PID=2102) to work on /home/airflow/.local/lib/python3.12/site-packages/airflow/example_dags/example_nested_branch_dag.py
[2024-04-14T13:17:54.555+0000] {processor.py:830} INFO - Processing file /home/airflow/.local/lib/python3.12/site-packages/airflow/example_dags/example_nested_branch_dag.py for tasks to queue
[2024-04-14T13:17:54.557+0000] {logging_mixin.py:188} INFO - [2024-04-14T13:17:54.556+0000] {dagbag.py:540} INFO - Filling up the DagBag from /home/airflow/.local/lib/python3.12/site-packages/airflow/example_dags/example_nested_branch_dag.py
[2024-04-14T13:17:54.564+0000] {processor.py:840} INFO - DAG(s) 'example_nested_branch_dag' retrieved from /home/airflow/.local/lib/python3.12/site-packages/airflow/example_dags/example_nested_branch_dag.py
[2024-04-14T13:17:54.582+0000] {logging_mixin.py:188} INFO - [2024-04-14T13:17:54.582+0000] {dag.py:3096} INFO - Sync 1 DAGs
[2024-04-14T13:17:54.601+0000] {logging_mixin.py:188} INFO - [2024-04-14T13:17:54.601+0000] {dag.py:3954} INFO - Setting next_dagrun for example_nested_branch_dag to 2024-04-13 00:00:00+00:00, run_after=2024-04-14 00:00:00+00:00
[2024-04-14T13:17:54.616+0000] {processor.py:183} INFO - Processing /home/airflow/.local/lib/python3.12/site-packages/airflow/example_dags/example_nested_branch_dag.py took 0.066 seconds
[2024-04-14T13:18:24.896+0000] {processor.py:161} INFO - Started process (PID=2160) to work on /home/airflow/.local/lib/python3.12/site-packages/airflow/example_dags/example_nested_branch_dag.py
[2024-04-14T13:18:24.897+0000] {processor.py:830} INFO - Processing file /home/airflow/.local/lib/python3.12/site-packages/airflow/example_dags/example_nested_branch_dag.py for tasks to queue
[2024-04-14T13:18:24.899+0000] {logging_mixin.py:188} INFO - [2024-04-14T13:18:24.898+0000] {dagbag.py:540} INFO - Filling up the DagBag from /home/airflow/.local/lib/python3.12/site-packages/airflow/example_dags/example_nested_branch_dag.py
[2024-04-14T13:18:24.909+0000] {processor.py:840} INFO - DAG(s) 'example_nested_branch_dag' retrieved from /home/airflow/.local/lib/python3.12/site-packages/airflow/example_dags/example_nested_branch_dag.py
[2024-04-14T13:18:24.930+0000] {logging_mixin.py:188} INFO - [2024-04-14T13:18:24.930+0000] {dag.py:3096} INFO - Sync 1 DAGs
[2024-04-14T13:18:24.953+0000] {logging_mixin.py:188} INFO - [2024-04-14T13:18:24.952+0000] {dag.py:3954} INFO - Setting next_dagrun for example_nested_branch_dag to 2024-04-13 00:00:00+00:00, run_after=2024-04-14 00:00:00+00:00
[2024-04-14T13:18:24.971+0000] {processor.py:183} INFO - Processing /home/airflow/.local/lib/python3.12/site-packages/airflow/example_dags/example_nested_branch_dag.py took 0.079 seconds
[2024-04-14T13:18:55.714+0000] {processor.py:161} INFO - Started process (PID=2219) to work on /home/airflow/.local/lib/python3.12/site-packages/airflow/example_dags/example_nested_branch_dag.py
[2024-04-14T13:18:55.715+0000] {processor.py:830} INFO - Processing file /home/airflow/.local/lib/python3.12/site-packages/airflow/example_dags/example_nested_branch_dag.py for tasks to queue
[2024-04-14T13:18:55.717+0000] {logging_mixin.py:188} INFO - [2024-04-14T13:18:55.717+0000] {dagbag.py:540} INFO - Filling up the DagBag from /home/airflow/.local/lib/python3.12/site-packages/airflow/example_dags/example_nested_branch_dag.py
[2024-04-14T13:18:55.727+0000] {processor.py:840} INFO - DAG(s) 'example_nested_branch_dag' retrieved from /home/airflow/.local/lib/python3.12/site-packages/airflow/example_dags/example_nested_branch_dag.py
[2024-04-14T13:18:55.749+0000] {logging_mixin.py:188} INFO - [2024-04-14T13:18:55.748+0000] {dag.py:3096} INFO - Sync 1 DAGs
[2024-04-14T13:18:55.781+0000] {logging_mixin.py:188} INFO - [2024-04-14T13:18:55.780+0000] {dag.py:3954} INFO - Setting next_dagrun for example_nested_branch_dag to 2024-04-13 00:00:00+00:00, run_after=2024-04-14 00:00:00+00:00
[2024-04-14T13:18:55.809+0000] {processor.py:183} INFO - Processing /home/airflow/.local/lib/python3.12/site-packages/airflow/example_dags/example_nested_branch_dag.py took 0.100 seconds
[2024-04-14T13:19:26.566+0000] {processor.py:161} INFO - Started process (PID=2277) to work on /home/airflow/.local/lib/python3.12/site-packages/airflow/example_dags/example_nested_branch_dag.py
[2024-04-14T13:19:26.566+0000] {processor.py:830} INFO - Processing file /home/airflow/.local/lib/python3.12/site-packages/airflow/example_dags/example_nested_branch_dag.py for tasks to queue
[2024-04-14T13:19:26.568+0000] {logging_mixin.py:188} INFO - [2024-04-14T13:19:26.567+0000] {dagbag.py:540} INFO - Filling up the DagBag from /home/airflow/.local/lib/python3.12/site-packages/airflow/example_dags/example_nested_branch_dag.py
[2024-04-14T13:19:26.575+0000] {processor.py:840} INFO - DAG(s) 'example_nested_branch_dag' retrieved from /home/airflow/.local/lib/python3.12/site-packages/airflow/example_dags/example_nested_branch_dag.py
[2024-04-14T13:19:26.592+0000] {logging_mixin.py:188} INFO - [2024-04-14T13:19:26.592+0000] {dag.py:3096} INFO - Sync 1 DAGs
[2024-04-14T13:19:26.611+0000] {logging_mixin.py:188} INFO - [2024-04-14T13:19:26.611+0000] {dag.py:3954} INFO - Setting next_dagrun for example_nested_branch_dag to 2024-04-13 00:00:00+00:00, run_after=2024-04-14 00:00:00+00:00
[2024-04-14T13:19:26.627+0000] {processor.py:183} INFO - Processing /home/airflow/.local/lib/python3.12/site-packages/airflow/example_dags/example_nested_branch_dag.py took 0.066 seconds
[2024-04-14T13:19:56.911+0000] {processor.py:161} INFO - Started process (PID=2335) to work on /home/airflow/.local/lib/python3.12/site-packages/airflow/example_dags/example_nested_branch_dag.py
[2024-04-14T13:19:56.912+0000] {processor.py:830} INFO - Processing file /home/airflow/.local/lib/python3.12/site-packages/airflow/example_dags/example_nested_branch_dag.py for tasks to queue
[2024-04-14T13:19:56.914+0000] {logging_mixin.py:188} INFO - [2024-04-14T13:19:56.913+0000] {dagbag.py:540} INFO - Filling up the DagBag from /home/airflow/.local/lib/python3.12/site-packages/airflow/example_dags/example_nested_branch_dag.py
[2024-04-14T13:19:56.921+0000] {processor.py:840} INFO - DAG(s) 'example_nested_branch_dag' retrieved from /home/airflow/.local/lib/python3.12/site-packages/airflow/example_dags/example_nested_branch_dag.py
[2024-04-14T13:19:56.939+0000] {logging_mixin.py:188} INFO - [2024-04-14T13:19:56.939+0000] {dag.py:3096} INFO - Sync 1 DAGs
[2024-04-14T13:19:56.959+0000] {logging_mixin.py:188} INFO - [2024-04-14T13:19:56.959+0000] {dag.py:3954} INFO - Setting next_dagrun for example_nested_branch_dag to 2024-04-13 00:00:00+00:00, run_after=2024-04-14 00:00:00+00:00
[2024-04-14T13:19:56.975+0000] {processor.py:183} INFO - Processing /home/airflow/.local/lib/python3.12/site-packages/airflow/example_dags/example_nested_branch_dag.py took 0.069 seconds
