[2024-04-14T13:00:02.138+0000] {processor.py:161} INFO - Started process (PID=40) to work on /home/airflow/.local/lib/python3.12/site-packages/airflow/example_dags/example_display_name.py
[2024-04-14T13:00:02.139+0000] {processor.py:830} INFO - Processing file /home/airflow/.local/lib/python3.12/site-packages/airflow/example_dags/example_display_name.py for tasks to queue
[2024-04-14T13:00:02.140+0000] {logging_mixin.py:188} INFO - [2024-04-14T13:00:02.140+0000] {dagbag.py:540} INFO - Filling up the DagBag from /home/airflow/.local/lib/python3.12/site-packages/airflow/example_dags/example_display_name.py
[2024-04-14T13:00:02.147+0000] {processor.py:840} INFO - DAG(s) 'example_display_name' retrieved from /home/airflow/.local/lib/python3.12/site-packages/airflow/example_dags/example_display_name.py
[2024-04-14T13:00:02.158+0000] {logging_mixin.py:188} INFO - [2024-04-14T13:00:02.158+0000] {dag.py:3096} INFO - Sync 1 DAGs
[2024-04-14T13:00:02.172+0000] {logging_mixin.py:188} INFO - [2024-04-14T13:00:02.172+0000] {dag.py:3954} INFO - Setting next_dagrun for example_display_name to None, run_after=None
[2024-04-14T13:00:02.195+0000] {processor.py:183} INFO - Processing /home/airflow/.local/lib/python3.12/site-packages/airflow/example_dags/example_display_name.py took 0.062 seconds
[2024-04-14T13:00:33.071+0000] {processor.py:161} INFO - Started process (PID=97) to work on /home/airflow/.local/lib/python3.12/site-packages/airflow/example_dags/example_display_name.py
[2024-04-14T13:00:33.072+0000] {processor.py:830} INFO - Processing file /home/airflow/.local/lib/python3.12/site-packages/airflow/example_dags/example_display_name.py for tasks to queue
[2024-04-14T13:00:33.074+0000] {logging_mixin.py:188} INFO - [2024-04-14T13:00:33.074+0000] {dagbag.py:540} INFO - Filling up the DagBag from /home/airflow/.local/lib/python3.12/site-packages/airflow/example_dags/example_display_name.py
[2024-04-14T13:00:33.079+0000] {processor.py:840} INFO - DAG(s) 'example_display_name' retrieved from /home/airflow/.local/lib/python3.12/site-packages/airflow/example_dags/example_display_name.py
[2024-04-14T13:00:33.172+0000] {logging_mixin.py:188} INFO - [2024-04-14T13:00:33.171+0000] {dag.py:3096} INFO - Sync 1 DAGs
[2024-04-14T13:00:33.182+0000] {logging_mixin.py:188} INFO - [2024-04-14T13:00:33.182+0000] {dag.py:3954} INFO - Setting next_dagrun for example_display_name to None, run_after=None
[2024-04-14T13:00:33.202+0000] {processor.py:183} INFO - Processing /home/airflow/.local/lib/python3.12/site-packages/airflow/example_dags/example_display_name.py took 0.136 seconds
[2024-04-14T13:01:03.800+0000] {processor.py:161} INFO - Started process (PID=155) to work on /home/airflow/.local/lib/python3.12/site-packages/airflow/example_dags/example_display_name.py
[2024-04-14T13:01:03.801+0000] {processor.py:830} INFO - Processing file /home/airflow/.local/lib/python3.12/site-packages/airflow/example_dags/example_display_name.py for tasks to queue
[2024-04-14T13:01:03.802+0000] {logging_mixin.py:188} INFO - [2024-04-14T13:01:03.802+0000] {dagbag.py:540} INFO - Filling up the DagBag from /home/airflow/.local/lib/python3.12/site-packages/airflow/example_dags/example_display_name.py
[2024-04-14T13:01:03.806+0000] {processor.py:840} INFO - DAG(s) 'example_display_name' retrieved from /home/airflow/.local/lib/python3.12/site-packages/airflow/example_dags/example_display_name.py
[2024-04-14T13:01:03.821+0000] {logging_mixin.py:188} INFO - [2024-04-14T13:01:03.821+0000] {dag.py:3096} INFO - Sync 1 DAGs
[2024-04-14T13:01:03.831+0000] {logging_mixin.py:188} INFO - [2024-04-14T13:01:03.831+0000] {dag.py:3954} INFO - Setting next_dagrun for example_display_name to None, run_after=None
[2024-04-14T13:01:03.849+0000] {processor.py:183} INFO - Processing /home/airflow/.local/lib/python3.12/site-packages/airflow/example_dags/example_display_name.py took 0.053 seconds
[2024-04-14T13:01:34.076+0000] {processor.py:161} INFO - Started process (PID=212) to work on /home/airflow/.local/lib/python3.12/site-packages/airflow/example_dags/example_display_name.py
[2024-04-14T13:01:34.077+0000] {processor.py:830} INFO - Processing file /home/airflow/.local/lib/python3.12/site-packages/airflow/example_dags/example_display_name.py for tasks to queue
[2024-04-14T13:01:34.079+0000] {logging_mixin.py:188} INFO - [2024-04-14T13:01:34.079+0000] {dagbag.py:540} INFO - Filling up the DagBag from /home/airflow/.local/lib/python3.12/site-packages/airflow/example_dags/example_display_name.py
[2024-04-14T13:01:34.083+0000] {processor.py:840} INFO - DAG(s) 'example_display_name' retrieved from /home/airflow/.local/lib/python3.12/site-packages/airflow/example_dags/example_display_name.py
[2024-04-14T13:01:34.099+0000] {logging_mixin.py:188} INFO - [2024-04-14T13:01:34.099+0000] {dag.py:3096} INFO - Sync 1 DAGs
[2024-04-14T13:01:34.109+0000] {logging_mixin.py:188} INFO - [2024-04-14T13:01:34.109+0000] {dag.py:3954} INFO - Setting next_dagrun for example_display_name to None, run_after=None
[2024-04-14T13:01:34.127+0000] {processor.py:183} INFO - Processing /home/airflow/.local/lib/python3.12/site-packages/airflow/example_dags/example_display_name.py took 0.055 seconds
[2024-04-14T13:02:04.228+0000] {processor.py:161} INFO - Started process (PID=270) to work on /home/airflow/.local/lib/python3.12/site-packages/airflow/example_dags/example_display_name.py
[2024-04-14T13:02:04.229+0000] {processor.py:830} INFO - Processing file /home/airflow/.local/lib/python3.12/site-packages/airflow/example_dags/example_display_name.py for tasks to queue
[2024-04-14T13:02:04.231+0000] {logging_mixin.py:188} INFO - [2024-04-14T13:02:04.230+0000] {dagbag.py:540} INFO - Filling up the DagBag from /home/airflow/.local/lib/python3.12/site-packages/airflow/example_dags/example_display_name.py
[2024-04-14T13:02:04.236+0000] {processor.py:840} INFO - DAG(s) 'example_display_name' retrieved from /home/airflow/.local/lib/python3.12/site-packages/airflow/example_dags/example_display_name.py
[2024-04-14T13:02:04.255+0000] {logging_mixin.py:188} INFO - [2024-04-14T13:02:04.254+0000] {dag.py:3096} INFO - Sync 1 DAGs
[2024-04-14T13:02:04.268+0000] {logging_mixin.py:188} INFO - [2024-04-14T13:02:04.268+0000] {dag.py:3954} INFO - Setting next_dagrun for example_display_name to None, run_after=None
[2024-04-14T13:02:04.291+0000] {processor.py:183} INFO - Processing /home/airflow/.local/lib/python3.12/site-packages/airflow/example_dags/example_display_name.py took 0.067 seconds
[2024-04-14T13:02:34.722+0000] {processor.py:161} INFO - Started process (PID=328) to work on /home/airflow/.local/lib/python3.12/site-packages/airflow/example_dags/example_display_name.py
[2024-04-14T13:02:34.723+0000] {processor.py:830} INFO - Processing file /home/airflow/.local/lib/python3.12/site-packages/airflow/example_dags/example_display_name.py for tasks to queue
[2024-04-14T13:02:34.724+0000] {logging_mixin.py:188} INFO - [2024-04-14T13:02:34.724+0000] {dagbag.py:540} INFO - Filling up the DagBag from /home/airflow/.local/lib/python3.12/site-packages/airflow/example_dags/example_display_name.py
[2024-04-14T13:02:34.728+0000] {processor.py:840} INFO - DAG(s) 'example_display_name' retrieved from /home/airflow/.local/lib/python3.12/site-packages/airflow/example_dags/example_display_name.py
[2024-04-14T13:02:34.743+0000] {logging_mixin.py:188} INFO - [2024-04-14T13:02:34.743+0000] {dag.py:3096} INFO - Sync 1 DAGs
[2024-04-14T13:02:34.754+0000] {logging_mixin.py:188} INFO - [2024-04-14T13:02:34.753+0000] {dag.py:3954} INFO - Setting next_dagrun for example_display_name to None, run_after=None
[2024-04-14T13:02:34.773+0000] {processor.py:183} INFO - Processing /home/airflow/.local/lib/python3.12/site-packages/airflow/example_dags/example_display_name.py took 0.056 seconds
[2024-04-14T13:03:04.991+0000] {processor.py:161} INFO - Started process (PID=386) to work on /home/airflow/.local/lib/python3.12/site-packages/airflow/example_dags/example_display_name.py
[2024-04-14T13:03:04.992+0000] {processor.py:830} INFO - Processing file /home/airflow/.local/lib/python3.12/site-packages/airflow/example_dags/example_display_name.py for tasks to queue
[2024-04-14T13:03:04.994+0000] {logging_mixin.py:188} INFO - [2024-04-14T13:03:04.993+0000] {dagbag.py:540} INFO - Filling up the DagBag from /home/airflow/.local/lib/python3.12/site-packages/airflow/example_dags/example_display_name.py
[2024-04-14T13:03:04.998+0000] {processor.py:840} INFO - DAG(s) 'example_display_name' retrieved from /home/airflow/.local/lib/python3.12/site-packages/airflow/example_dags/example_display_name.py
[2024-04-14T13:03:05.013+0000] {logging_mixin.py:188} INFO - [2024-04-14T13:03:05.013+0000] {dag.py:3096} INFO - Sync 1 DAGs
[2024-04-14T13:03:05.024+0000] {logging_mixin.py:188} INFO - [2024-04-14T13:03:05.024+0000] {dag.py:3954} INFO - Setting next_dagrun for example_display_name to None, run_after=None
[2024-04-14T13:03:05.041+0000] {processor.py:183} INFO - Processing /home/airflow/.local/lib/python3.12/site-packages/airflow/example_dags/example_display_name.py took 0.054 seconds
[2024-04-14T13:03:36.007+0000] {processor.py:161} INFO - Started process (PID=445) to work on /home/airflow/.local/lib/python3.12/site-packages/airflow/example_dags/example_display_name.py
[2024-04-14T13:03:36.008+0000] {processor.py:830} INFO - Processing file /home/airflow/.local/lib/python3.12/site-packages/airflow/example_dags/example_display_name.py for tasks to queue
[2024-04-14T13:03:36.010+0000] {logging_mixin.py:188} INFO - [2024-04-14T13:03:36.009+0000] {dagbag.py:540} INFO - Filling up the DagBag from /home/airflow/.local/lib/python3.12/site-packages/airflow/example_dags/example_display_name.py
[2024-04-14T13:03:36.015+0000] {processor.py:840} INFO - DAG(s) 'example_display_name' retrieved from /home/airflow/.local/lib/python3.12/site-packages/airflow/example_dags/example_display_name.py
[2024-04-14T13:03:36.031+0000] {logging_mixin.py:188} INFO - [2024-04-14T13:03:36.031+0000] {dag.py:3096} INFO - Sync 1 DAGs
[2024-04-14T13:03:36.046+0000] {logging_mixin.py:188} INFO - [2024-04-14T13:03:36.046+0000] {dag.py:3954} INFO - Setting next_dagrun for example_display_name to None, run_after=None
[2024-04-14T13:03:36.072+0000] {processor.py:183} INFO - Processing /home/airflow/.local/lib/python3.12/site-packages/airflow/example_dags/example_display_name.py took 0.069 seconds
[2024-04-14T13:04:06.666+0000] {processor.py:161} INFO - Started process (PID=504) to work on /home/airflow/.local/lib/python3.12/site-packages/airflow/example_dags/example_display_name.py
[2024-04-14T13:04:06.667+0000] {processor.py:830} INFO - Processing file /home/airflow/.local/lib/python3.12/site-packages/airflow/example_dags/example_display_name.py for tasks to queue
[2024-04-14T13:04:06.668+0000] {logging_mixin.py:188} INFO - [2024-04-14T13:04:06.668+0000] {dagbag.py:540} INFO - Filling up the DagBag from /home/airflow/.local/lib/python3.12/site-packages/airflow/example_dags/example_display_name.py
[2024-04-14T13:04:06.673+0000] {processor.py:840} INFO - DAG(s) 'example_display_name' retrieved from /home/airflow/.local/lib/python3.12/site-packages/airflow/example_dags/example_display_name.py
[2024-04-14T13:04:06.689+0000] {logging_mixin.py:188} INFO - [2024-04-14T13:04:06.688+0000] {dag.py:3096} INFO - Sync 1 DAGs
[2024-04-14T13:04:06.700+0000] {logging_mixin.py:188} INFO - [2024-04-14T13:04:06.700+0000] {dag.py:3954} INFO - Setting next_dagrun for example_display_name to None, run_after=None
[2024-04-14T13:04:06.718+0000] {processor.py:183} INFO - Processing /home/airflow/.local/lib/python3.12/site-packages/airflow/example_dags/example_display_name.py took 0.057 seconds
[2024-04-14T13:04:36.865+0000] {processor.py:161} INFO - Started process (PID=562) to work on /home/airflow/.local/lib/python3.12/site-packages/airflow/example_dags/example_display_name.py
[2024-04-14T13:04:36.866+0000] {processor.py:830} INFO - Processing file /home/airflow/.local/lib/python3.12/site-packages/airflow/example_dags/example_display_name.py for tasks to queue
[2024-04-14T13:04:36.867+0000] {logging_mixin.py:188} INFO - [2024-04-14T13:04:36.867+0000] {dagbag.py:540} INFO - Filling up the DagBag from /home/airflow/.local/lib/python3.12/site-packages/airflow/example_dags/example_display_name.py
[2024-04-14T13:04:36.871+0000] {processor.py:840} INFO - DAG(s) 'example_display_name' retrieved from /home/airflow/.local/lib/python3.12/site-packages/airflow/example_dags/example_display_name.py
[2024-04-14T13:04:36.887+0000] {logging_mixin.py:188} INFO - [2024-04-14T13:04:36.887+0000] {dag.py:3096} INFO - Sync 1 DAGs
[2024-04-14T13:04:36.898+0000] {logging_mixin.py:188} INFO - [2024-04-14T13:04:36.898+0000] {dag.py:3954} INFO - Setting next_dagrun for example_display_name to None, run_after=None
[2024-04-14T13:04:36.917+0000] {processor.py:183} INFO - Processing /home/airflow/.local/lib/python3.12/site-packages/airflow/example_dags/example_display_name.py took 0.057 seconds
[2024-04-14T13:05:07.142+0000] {processor.py:161} INFO - Started process (PID=620) to work on /home/airflow/.local/lib/python3.12/site-packages/airflow/example_dags/example_display_name.py
[2024-04-14T13:05:07.143+0000] {processor.py:830} INFO - Processing file /home/airflow/.local/lib/python3.12/site-packages/airflow/example_dags/example_display_name.py for tasks to queue
[2024-04-14T13:05:07.144+0000] {logging_mixin.py:188} INFO - [2024-04-14T13:05:07.144+0000] {dagbag.py:540} INFO - Filling up the DagBag from /home/airflow/.local/lib/python3.12/site-packages/airflow/example_dags/example_display_name.py
[2024-04-14T13:05:07.148+0000] {processor.py:840} INFO - DAG(s) 'example_display_name' retrieved from /home/airflow/.local/lib/python3.12/site-packages/airflow/example_dags/example_display_name.py
[2024-04-14T13:05:07.163+0000] {logging_mixin.py:188} INFO - [2024-04-14T13:05:07.163+0000] {dag.py:3096} INFO - Sync 1 DAGs
[2024-04-14T13:05:07.174+0000] {logging_mixin.py:188} INFO - [2024-04-14T13:05:07.174+0000] {dag.py:3954} INFO - Setting next_dagrun for example_display_name to None, run_after=None
[2024-04-14T13:05:07.191+0000] {processor.py:183} INFO - Processing /home/airflow/.local/lib/python3.12/site-packages/airflow/example_dags/example_display_name.py took 0.054 seconds
[2024-04-14T13:05:37.468+0000] {processor.py:161} INFO - Started process (PID=679) to work on /home/airflow/.local/lib/python3.12/site-packages/airflow/example_dags/example_display_name.py
[2024-04-14T13:05:37.469+0000] {processor.py:830} INFO - Processing file /home/airflow/.local/lib/python3.12/site-packages/airflow/example_dags/example_display_name.py for tasks to queue
[2024-04-14T13:05:37.470+0000] {logging_mixin.py:188} INFO - [2024-04-14T13:05:37.470+0000] {dagbag.py:540} INFO - Filling up the DagBag from /home/airflow/.local/lib/python3.12/site-packages/airflow/example_dags/example_display_name.py
[2024-04-14T13:05:37.475+0000] {processor.py:840} INFO - DAG(s) 'example_display_name' retrieved from /home/airflow/.local/lib/python3.12/site-packages/airflow/example_dags/example_display_name.py
[2024-04-14T13:05:37.490+0000] {logging_mixin.py:188} INFO - [2024-04-14T13:05:37.490+0000] {dag.py:3096} INFO - Sync 1 DAGs
[2024-04-14T13:05:37.501+0000] {logging_mixin.py:188} INFO - [2024-04-14T13:05:37.501+0000] {dag.py:3954} INFO - Setting next_dagrun for example_display_name to None, run_after=None
[2024-04-14T13:05:37.518+0000] {processor.py:183} INFO - Processing /home/airflow/.local/lib/python3.12/site-packages/airflow/example_dags/example_display_name.py took 0.054 seconds
[2024-04-14T13:06:08.003+0000] {processor.py:161} INFO - Started process (PID=737) to work on /home/airflow/.local/lib/python3.12/site-packages/airflow/example_dags/example_display_name.py
[2024-04-14T13:06:08.004+0000] {processor.py:830} INFO - Processing file /home/airflow/.local/lib/python3.12/site-packages/airflow/example_dags/example_display_name.py for tasks to queue
[2024-04-14T13:06:08.006+0000] {logging_mixin.py:188} INFO - [2024-04-14T13:06:08.005+0000] {dagbag.py:540} INFO - Filling up the DagBag from /home/airflow/.local/lib/python3.12/site-packages/airflow/example_dags/example_display_name.py
[2024-04-14T13:06:08.010+0000] {processor.py:840} INFO - DAG(s) 'example_display_name' retrieved from /home/airflow/.local/lib/python3.12/site-packages/airflow/example_dags/example_display_name.py
[2024-04-14T13:06:08.028+0000] {logging_mixin.py:188} INFO - [2024-04-14T13:06:08.028+0000] {dag.py:3096} INFO - Sync 1 DAGs
[2024-04-14T13:06:08.039+0000] {logging_mixin.py:188} INFO - [2024-04-14T13:06:08.039+0000] {dag.py:3954} INFO - Setting next_dagrun for example_display_name to None, run_after=None
[2024-04-14T13:06:08.056+0000] {processor.py:183} INFO - Processing /home/airflow/.local/lib/python3.12/site-packages/airflow/example_dags/example_display_name.py took 0.057 seconds
[2024-04-14T13:06:38.701+0000] {processor.py:161} INFO - Started process (PID=795) to work on /home/airflow/.local/lib/python3.12/site-packages/airflow/example_dags/example_display_name.py
[2024-04-14T13:06:38.702+0000] {processor.py:830} INFO - Processing file /home/airflow/.local/lib/python3.12/site-packages/airflow/example_dags/example_display_name.py for tasks to queue
[2024-04-14T13:06:38.703+0000] {logging_mixin.py:188} INFO - [2024-04-14T13:06:38.703+0000] {dagbag.py:540} INFO - Filling up the DagBag from /home/airflow/.local/lib/python3.12/site-packages/airflow/example_dags/example_display_name.py
[2024-04-14T13:06:38.707+0000] {processor.py:840} INFO - DAG(s) 'example_display_name' retrieved from /home/airflow/.local/lib/python3.12/site-packages/airflow/example_dags/example_display_name.py
[2024-04-14T13:06:38.728+0000] {logging_mixin.py:188} INFO - [2024-04-14T13:06:38.727+0000] {dag.py:3096} INFO - Sync 1 DAGs
[2024-04-14T13:06:38.739+0000] {logging_mixin.py:188} INFO - [2024-04-14T13:06:38.739+0000] {dag.py:3954} INFO - Setting next_dagrun for example_display_name to None, run_after=None
[2024-04-14T13:06:38.758+0000] {processor.py:183} INFO - Processing /home/airflow/.local/lib/python3.12/site-packages/airflow/example_dags/example_display_name.py took 0.061 seconds
[2024-04-14T13:07:09.186+0000] {processor.py:161} INFO - Started process (PID=853) to work on /home/airflow/.local/lib/python3.12/site-packages/airflow/example_dags/example_display_name.py
[2024-04-14T13:07:09.187+0000] {processor.py:830} INFO - Processing file /home/airflow/.local/lib/python3.12/site-packages/airflow/example_dags/example_display_name.py for tasks to queue
[2024-04-14T13:07:09.188+0000] {logging_mixin.py:188} INFO - [2024-04-14T13:07:09.188+0000] {dagbag.py:540} INFO - Filling up the DagBag from /home/airflow/.local/lib/python3.12/site-packages/airflow/example_dags/example_display_name.py
[2024-04-14T13:07:09.193+0000] {processor.py:840} INFO - DAG(s) 'example_display_name' retrieved from /home/airflow/.local/lib/python3.12/site-packages/airflow/example_dags/example_display_name.py
[2024-04-14T13:07:09.209+0000] {logging_mixin.py:188} INFO - [2024-04-14T13:07:09.209+0000] {dag.py:3096} INFO - Sync 1 DAGs
[2024-04-14T13:07:09.221+0000] {logging_mixin.py:188} INFO - [2024-04-14T13:07:09.221+0000] {dag.py:3954} INFO - Setting next_dagrun for example_display_name to None, run_after=None
[2024-04-14T13:07:09.239+0000] {processor.py:183} INFO - Processing /home/airflow/.local/lib/python3.12/site-packages/airflow/example_dags/example_display_name.py took 0.057 seconds
[2024-04-14T13:07:40.093+0000] {processor.py:161} INFO - Started process (PID=911) to work on /home/airflow/.local/lib/python3.12/site-packages/airflow/example_dags/example_display_name.py
[2024-04-14T13:07:40.094+0000] {processor.py:830} INFO - Processing file /home/airflow/.local/lib/python3.12/site-packages/airflow/example_dags/example_display_name.py for tasks to queue
[2024-04-14T13:07:40.095+0000] {logging_mixin.py:188} INFO - [2024-04-14T13:07:40.095+0000] {dagbag.py:540} INFO - Filling up the DagBag from /home/airflow/.local/lib/python3.12/site-packages/airflow/example_dags/example_display_name.py
[2024-04-14T13:07:40.101+0000] {processor.py:840} INFO - DAG(s) 'example_display_name' retrieved from /home/airflow/.local/lib/python3.12/site-packages/airflow/example_dags/example_display_name.py
[2024-04-14T13:07:40.117+0000] {logging_mixin.py:188} INFO - [2024-04-14T13:07:40.117+0000] {dag.py:3096} INFO - Sync 1 DAGs
[2024-04-14T13:07:40.130+0000] {logging_mixin.py:188} INFO - [2024-04-14T13:07:40.130+0000] {dag.py:3954} INFO - Setting next_dagrun for example_display_name to None, run_after=None
[2024-04-14T13:07:40.149+0000] {processor.py:183} INFO - Processing /home/airflow/.local/lib/python3.12/site-packages/airflow/example_dags/example_display_name.py took 0.061 seconds
[2024-04-14T13:08:10.579+0000] {processor.py:161} INFO - Started process (PID=969) to work on /home/airflow/.local/lib/python3.12/site-packages/airflow/example_dags/example_display_name.py
[2024-04-14T13:08:10.580+0000] {processor.py:830} INFO - Processing file /home/airflow/.local/lib/python3.12/site-packages/airflow/example_dags/example_display_name.py for tasks to queue
[2024-04-14T13:08:10.581+0000] {logging_mixin.py:188} INFO - [2024-04-14T13:08:10.581+0000] {dagbag.py:540} INFO - Filling up the DagBag from /home/airflow/.local/lib/python3.12/site-packages/airflow/example_dags/example_display_name.py
[2024-04-14T13:08:10.585+0000] {processor.py:840} INFO - DAG(s) 'example_display_name' retrieved from /home/airflow/.local/lib/python3.12/site-packages/airflow/example_dags/example_display_name.py
[2024-04-14T13:08:10.600+0000] {logging_mixin.py:188} INFO - [2024-04-14T13:08:10.599+0000] {dag.py:3096} INFO - Sync 1 DAGs
[2024-04-14T13:08:10.610+0000] {logging_mixin.py:188} INFO - [2024-04-14T13:08:10.610+0000] {dag.py:3954} INFO - Setting next_dagrun for example_display_name to None, run_after=None
[2024-04-14T13:08:10.627+0000] {processor.py:183} INFO - Processing /home/airflow/.local/lib/python3.12/site-packages/airflow/example_dags/example_display_name.py took 0.052 seconds
[2024-04-14T13:08:41.431+0000] {processor.py:161} INFO - Started process (PID=1027) to work on /home/airflow/.local/lib/python3.12/site-packages/airflow/example_dags/example_display_name.py
[2024-04-14T13:08:41.432+0000] {processor.py:830} INFO - Processing file /home/airflow/.local/lib/python3.12/site-packages/airflow/example_dags/example_display_name.py for tasks to queue
[2024-04-14T13:08:41.433+0000] {logging_mixin.py:188} INFO - [2024-04-14T13:08:41.433+0000] {dagbag.py:540} INFO - Filling up the DagBag from /home/airflow/.local/lib/python3.12/site-packages/airflow/example_dags/example_display_name.py
[2024-04-14T13:08:41.438+0000] {processor.py:840} INFO - DAG(s) 'example_display_name' retrieved from /home/airflow/.local/lib/python3.12/site-packages/airflow/example_dags/example_display_name.py
[2024-04-14T13:08:41.455+0000] {logging_mixin.py:188} INFO - [2024-04-14T13:08:41.454+0000] {dag.py:3096} INFO - Sync 1 DAGs
[2024-04-14T13:08:41.467+0000] {logging_mixin.py:188} INFO - [2024-04-14T13:08:41.466+0000] {dag.py:3954} INFO - Setting next_dagrun for example_display_name to None, run_after=None
[2024-04-14T13:08:41.489+0000] {processor.py:183} INFO - Processing /home/airflow/.local/lib/python3.12/site-packages/airflow/example_dags/example_display_name.py took 0.062 seconds
[2024-04-14T13:09:11.518+0000] {processor.py:161} INFO - Started process (PID=1084) to work on /home/airflow/.local/lib/python3.12/site-packages/airflow/example_dags/example_display_name.py
[2024-04-14T13:09:11.519+0000] {processor.py:830} INFO - Processing file /home/airflow/.local/lib/python3.12/site-packages/airflow/example_dags/example_display_name.py for tasks to queue
[2024-04-14T13:09:11.520+0000] {logging_mixin.py:188} INFO - [2024-04-14T13:09:11.520+0000] {dagbag.py:540} INFO - Filling up the DagBag from /home/airflow/.local/lib/python3.12/site-packages/airflow/example_dags/example_display_name.py
[2024-04-14T13:09:11.524+0000] {processor.py:840} INFO - DAG(s) 'example_display_name' retrieved from /home/airflow/.local/lib/python3.12/site-packages/airflow/example_dags/example_display_name.py
[2024-04-14T13:09:11.538+0000] {logging_mixin.py:188} INFO - [2024-04-14T13:09:11.538+0000] {dag.py:3096} INFO - Sync 1 DAGs
[2024-04-14T13:09:11.549+0000] {logging_mixin.py:188} INFO - [2024-04-14T13:09:11.548+0000] {dag.py:3954} INFO - Setting next_dagrun for example_display_name to None, run_after=None
[2024-04-14T13:09:11.566+0000] {processor.py:183} INFO - Processing /home/airflow/.local/lib/python3.12/site-packages/airflow/example_dags/example_display_name.py took 0.052 seconds
[2024-04-14T13:09:42.201+0000] {processor.py:161} INFO - Started process (PID=1143) to work on /home/airflow/.local/lib/python3.12/site-packages/airflow/example_dags/example_display_name.py
[2024-04-14T13:09:42.202+0000] {processor.py:830} INFO - Processing file /home/airflow/.local/lib/python3.12/site-packages/airflow/example_dags/example_display_name.py for tasks to queue
[2024-04-14T13:09:42.203+0000] {logging_mixin.py:188} INFO - [2024-04-14T13:09:42.203+0000] {dagbag.py:540} INFO - Filling up the DagBag from /home/airflow/.local/lib/python3.12/site-packages/airflow/example_dags/example_display_name.py
[2024-04-14T13:09:42.208+0000] {processor.py:840} INFO - DAG(s) 'example_display_name' retrieved from /home/airflow/.local/lib/python3.12/site-packages/airflow/example_dags/example_display_name.py
[2024-04-14T13:09:42.225+0000] {logging_mixin.py:188} INFO - [2024-04-14T13:09:42.224+0000] {dag.py:3096} INFO - Sync 1 DAGs
[2024-04-14T13:09:42.238+0000] {logging_mixin.py:188} INFO - [2024-04-14T13:09:42.238+0000] {dag.py:3954} INFO - Setting next_dagrun for example_display_name to None, run_after=None
[2024-04-14T13:09:42.258+0000] {processor.py:183} INFO - Processing /home/airflow/.local/lib/python3.12/site-packages/airflow/example_dags/example_display_name.py took 0.061 seconds
[2024-04-14T13:10:12.615+0000] {processor.py:161} INFO - Started process (PID=1201) to work on /home/airflow/.local/lib/python3.12/site-packages/airflow/example_dags/example_display_name.py
[2024-04-14T13:10:12.616+0000] {processor.py:830} INFO - Processing file /home/airflow/.local/lib/python3.12/site-packages/airflow/example_dags/example_display_name.py for tasks to queue
[2024-04-14T13:10:12.617+0000] {logging_mixin.py:188} INFO - [2024-04-14T13:10:12.617+0000] {dagbag.py:540} INFO - Filling up the DagBag from /home/airflow/.local/lib/python3.12/site-packages/airflow/example_dags/example_display_name.py
[2024-04-14T13:10:12.622+0000] {processor.py:840} INFO - DAG(s) 'example_display_name' retrieved from /home/airflow/.local/lib/python3.12/site-packages/airflow/example_dags/example_display_name.py
[2024-04-14T13:10:12.637+0000] {logging_mixin.py:188} INFO - [2024-04-14T13:10:12.637+0000] {dag.py:3096} INFO - Sync 1 DAGs
[2024-04-14T13:10:12.648+0000] {logging_mixin.py:188} INFO - [2024-04-14T13:10:12.648+0000] {dag.py:3954} INFO - Setting next_dagrun for example_display_name to None, run_after=None
[2024-04-14T13:10:12.664+0000] {processor.py:183} INFO - Processing /home/airflow/.local/lib/python3.12/site-packages/airflow/example_dags/example_display_name.py took 0.053 seconds
[2024-04-14T13:10:43.093+0000] {processor.py:161} INFO - Started process (PID=1259) to work on /home/airflow/.local/lib/python3.12/site-packages/airflow/example_dags/example_display_name.py
[2024-04-14T13:10:43.094+0000] {processor.py:830} INFO - Processing file /home/airflow/.local/lib/python3.12/site-packages/airflow/example_dags/example_display_name.py for tasks to queue
[2024-04-14T13:10:43.096+0000] {logging_mixin.py:188} INFO - [2024-04-14T13:10:43.095+0000] {dagbag.py:540} INFO - Filling up the DagBag from /home/airflow/.local/lib/python3.12/site-packages/airflow/example_dags/example_display_name.py
[2024-04-14T13:10:43.101+0000] {processor.py:840} INFO - DAG(s) 'example_display_name' retrieved from /home/airflow/.local/lib/python3.12/site-packages/airflow/example_dags/example_display_name.py
[2024-04-14T13:10:43.116+0000] {logging_mixin.py:188} INFO - [2024-04-14T13:10:43.116+0000] {dag.py:3096} INFO - Sync 1 DAGs
[2024-04-14T13:10:43.128+0000] {logging_mixin.py:188} INFO - [2024-04-14T13:10:43.127+0000] {dag.py:3954} INFO - Setting next_dagrun for example_display_name to None, run_after=None
[2024-04-14T13:10:43.145+0000] {processor.py:183} INFO - Processing /home/airflow/.local/lib/python3.12/site-packages/airflow/example_dags/example_display_name.py took 0.056 seconds
[2024-04-14T13:11:13.454+0000] {processor.py:161} INFO - Started process (PID=1317) to work on /home/airflow/.local/lib/python3.12/site-packages/airflow/example_dags/example_display_name.py
[2024-04-14T13:11:13.455+0000] {processor.py:830} INFO - Processing file /home/airflow/.local/lib/python3.12/site-packages/airflow/example_dags/example_display_name.py for tasks to queue
[2024-04-14T13:11:13.456+0000] {logging_mixin.py:188} INFO - [2024-04-14T13:11:13.456+0000] {dagbag.py:540} INFO - Filling up the DagBag from /home/airflow/.local/lib/python3.12/site-packages/airflow/example_dags/example_display_name.py
[2024-04-14T13:11:13.461+0000] {processor.py:840} INFO - DAG(s) 'example_display_name' retrieved from /home/airflow/.local/lib/python3.12/site-packages/airflow/example_dags/example_display_name.py
[2024-04-14T13:11:13.477+0000] {logging_mixin.py:188} INFO - [2024-04-14T13:11:13.477+0000] {dag.py:3096} INFO - Sync 1 DAGs
[2024-04-14T13:11:13.490+0000] {logging_mixin.py:188} INFO - [2024-04-14T13:11:13.490+0000] {dag.py:3954} INFO - Setting next_dagrun for example_display_name to None, run_after=None
[2024-04-14T13:11:13.509+0000] {processor.py:183} INFO - Processing /home/airflow/.local/lib/python3.12/site-packages/airflow/example_dags/example_display_name.py took 0.059 seconds
[2024-04-14T13:11:43.791+0000] {processor.py:161} INFO - Started process (PID=1375) to work on /home/airflow/.local/lib/python3.12/site-packages/airflow/example_dags/example_display_name.py
[2024-04-14T13:11:43.792+0000] {processor.py:830} INFO - Processing file /home/airflow/.local/lib/python3.12/site-packages/airflow/example_dags/example_display_name.py for tasks to queue
[2024-04-14T13:11:43.794+0000] {logging_mixin.py:188} INFO - [2024-04-14T13:11:43.793+0000] {dagbag.py:540} INFO - Filling up the DagBag from /home/airflow/.local/lib/python3.12/site-packages/airflow/example_dags/example_display_name.py
[2024-04-14T13:11:43.799+0000] {processor.py:840} INFO - DAG(s) 'example_display_name' retrieved from /home/airflow/.local/lib/python3.12/site-packages/airflow/example_dags/example_display_name.py
[2024-04-14T13:11:43.816+0000] {logging_mixin.py:188} INFO - [2024-04-14T13:11:43.815+0000] {dag.py:3096} INFO - Sync 1 DAGs
[2024-04-14T13:11:43.827+0000] {logging_mixin.py:188} INFO - [2024-04-14T13:11:43.826+0000] {dag.py:3954} INFO - Setting next_dagrun for example_display_name to None, run_after=None
[2024-04-14T13:11:43.844+0000] {processor.py:183} INFO - Processing /home/airflow/.local/lib/python3.12/site-packages/airflow/example_dags/example_display_name.py took 0.057 seconds
[2024-04-14T13:12:14.106+0000] {processor.py:161} INFO - Started process (PID=1433) to work on /home/airflow/.local/lib/python3.12/site-packages/airflow/example_dags/example_display_name.py
[2024-04-14T13:12:14.107+0000] {processor.py:830} INFO - Processing file /home/airflow/.local/lib/python3.12/site-packages/airflow/example_dags/example_display_name.py for tasks to queue
[2024-04-14T13:12:14.108+0000] {logging_mixin.py:188} INFO - [2024-04-14T13:12:14.108+0000] {dagbag.py:540} INFO - Filling up the DagBag from /home/airflow/.local/lib/python3.12/site-packages/airflow/example_dags/example_display_name.py
[2024-04-14T13:12:14.113+0000] {processor.py:840} INFO - DAG(s) 'example_display_name' retrieved from /home/airflow/.local/lib/python3.12/site-packages/airflow/example_dags/example_display_name.py
[2024-04-14T13:12:14.129+0000] {logging_mixin.py:188} INFO - [2024-04-14T13:12:14.128+0000] {dag.py:3096} INFO - Sync 1 DAGs
[2024-04-14T13:12:14.140+0000] {logging_mixin.py:188} INFO - [2024-04-14T13:12:14.140+0000] {dag.py:3954} INFO - Setting next_dagrun for example_display_name to None, run_after=None
[2024-04-14T13:12:14.159+0000] {processor.py:183} INFO - Processing /home/airflow/.local/lib/python3.12/site-packages/airflow/example_dags/example_display_name.py took 0.058 seconds
[2024-04-14T13:12:44.482+0000] {processor.py:161} INFO - Started process (PID=1491) to work on /home/airflow/.local/lib/python3.12/site-packages/airflow/example_dags/example_display_name.py
[2024-04-14T13:12:44.483+0000] {processor.py:830} INFO - Processing file /home/airflow/.local/lib/python3.12/site-packages/airflow/example_dags/example_display_name.py for tasks to queue
[2024-04-14T13:12:44.484+0000] {logging_mixin.py:188} INFO - [2024-04-14T13:12:44.484+0000] {dagbag.py:540} INFO - Filling up the DagBag from /home/airflow/.local/lib/python3.12/site-packages/airflow/example_dags/example_display_name.py
[2024-04-14T13:12:44.488+0000] {processor.py:840} INFO - DAG(s) 'example_display_name' retrieved from /home/airflow/.local/lib/python3.12/site-packages/airflow/example_dags/example_display_name.py
[2024-04-14T13:12:44.503+0000] {logging_mixin.py:188} INFO - [2024-04-14T13:12:44.503+0000] {dag.py:3096} INFO - Sync 1 DAGs
[2024-04-14T13:12:44.514+0000] {logging_mixin.py:188} INFO - [2024-04-14T13:12:44.514+0000] {dag.py:3954} INFO - Setting next_dagrun for example_display_name to None, run_after=None
[2024-04-14T13:12:44.531+0000] {processor.py:183} INFO - Processing /home/airflow/.local/lib/python3.12/site-packages/airflow/example_dags/example_display_name.py took 0.053 seconds
[2024-04-14T13:13:14.849+0000] {processor.py:161} INFO - Started process (PID=1549) to work on /home/airflow/.local/lib/python3.12/site-packages/airflow/example_dags/example_display_name.py
[2024-04-14T13:13:14.850+0000] {processor.py:830} INFO - Processing file /home/airflow/.local/lib/python3.12/site-packages/airflow/example_dags/example_display_name.py for tasks to queue
[2024-04-14T13:13:14.851+0000] {logging_mixin.py:188} INFO - [2024-04-14T13:13:14.851+0000] {dagbag.py:540} INFO - Filling up the DagBag from /home/airflow/.local/lib/python3.12/site-packages/airflow/example_dags/example_display_name.py
[2024-04-14T13:13:14.855+0000] {processor.py:840} INFO - DAG(s) 'example_display_name' retrieved from /home/airflow/.local/lib/python3.12/site-packages/airflow/example_dags/example_display_name.py
[2024-04-14T13:13:14.872+0000] {logging_mixin.py:188} INFO - [2024-04-14T13:13:14.872+0000] {dag.py:3096} INFO - Sync 1 DAGs
[2024-04-14T13:13:14.886+0000] {logging_mixin.py:188} INFO - [2024-04-14T13:13:14.885+0000] {dag.py:3954} INFO - Setting next_dagrun for example_display_name to None, run_after=None
[2024-04-14T13:13:14.903+0000] {processor.py:183} INFO - Processing /home/airflow/.local/lib/python3.12/site-packages/airflow/example_dags/example_display_name.py took 0.058 seconds
[2024-04-14T13:13:45.299+0000] {processor.py:161} INFO - Started process (PID=1607) to work on /home/airflow/.local/lib/python3.12/site-packages/airflow/example_dags/example_display_name.py
[2024-04-14T13:13:45.300+0000] {processor.py:830} INFO - Processing file /home/airflow/.local/lib/python3.12/site-packages/airflow/example_dags/example_display_name.py for tasks to queue
[2024-04-14T13:13:45.301+0000] {logging_mixin.py:188} INFO - [2024-04-14T13:13:45.301+0000] {dagbag.py:540} INFO - Filling up the DagBag from /home/airflow/.local/lib/python3.12/site-packages/airflow/example_dags/example_display_name.py
[2024-04-14T13:13:45.305+0000] {processor.py:840} INFO - DAG(s) 'example_display_name' retrieved from /home/airflow/.local/lib/python3.12/site-packages/airflow/example_dags/example_display_name.py
[2024-04-14T13:13:45.321+0000] {logging_mixin.py:188} INFO - [2024-04-14T13:13:45.321+0000] {dag.py:3096} INFO - Sync 1 DAGs
[2024-04-14T13:13:45.333+0000] {logging_mixin.py:188} INFO - [2024-04-14T13:13:45.333+0000] {dag.py:3954} INFO - Setting next_dagrun for example_display_name to None, run_after=None
[2024-04-14T13:13:45.350+0000] {processor.py:183} INFO - Processing /home/airflow/.local/lib/python3.12/site-packages/airflow/example_dags/example_display_name.py took 0.055 seconds
[2024-04-14T13:14:15.429+0000] {processor.py:161} INFO - Started process (PID=1665) to work on /home/airflow/.local/lib/python3.12/site-packages/airflow/example_dags/example_display_name.py
[2024-04-14T13:14:15.429+0000] {processor.py:830} INFO - Processing file /home/airflow/.local/lib/python3.12/site-packages/airflow/example_dags/example_display_name.py for tasks to queue
[2024-04-14T13:14:15.431+0000] {logging_mixin.py:188} INFO - [2024-04-14T13:14:15.430+0000] {dagbag.py:540} INFO - Filling up the DagBag from /home/airflow/.local/lib/python3.12/site-packages/airflow/example_dags/example_display_name.py
[2024-04-14T13:14:15.435+0000] {processor.py:840} INFO - DAG(s) 'example_display_name' retrieved from /home/airflow/.local/lib/python3.12/site-packages/airflow/example_dags/example_display_name.py
[2024-04-14T13:14:15.450+0000] {logging_mixin.py:188} INFO - [2024-04-14T13:14:15.450+0000] {dag.py:3096} INFO - Sync 1 DAGs
[2024-04-14T13:14:15.461+0000] {logging_mixin.py:188} INFO - [2024-04-14T13:14:15.461+0000] {dag.py:3954} INFO - Setting next_dagrun for example_display_name to None, run_after=None
[2024-04-14T13:14:15.477+0000] {processor.py:183} INFO - Processing /home/airflow/.local/lib/python3.12/site-packages/airflow/example_dags/example_display_name.py took 0.052 seconds
[2024-04-14T13:14:45.766+0000] {processor.py:161} INFO - Started process (PID=1723) to work on /home/airflow/.local/lib/python3.12/site-packages/airflow/example_dags/example_display_name.py
[2024-04-14T13:14:45.767+0000] {processor.py:830} INFO - Processing file /home/airflow/.local/lib/python3.12/site-packages/airflow/example_dags/example_display_name.py for tasks to queue
[2024-04-14T13:14:45.768+0000] {logging_mixin.py:188} INFO - [2024-04-14T13:14:45.768+0000] {dagbag.py:540} INFO - Filling up the DagBag from /home/airflow/.local/lib/python3.12/site-packages/airflow/example_dags/example_display_name.py
[2024-04-14T13:14:45.772+0000] {processor.py:840} INFO - DAG(s) 'example_display_name' retrieved from /home/airflow/.local/lib/python3.12/site-packages/airflow/example_dags/example_display_name.py
[2024-04-14T13:14:45.788+0000] {logging_mixin.py:188} INFO - [2024-04-14T13:14:45.787+0000] {dag.py:3096} INFO - Sync 1 DAGs
[2024-04-14T13:14:45.799+0000] {logging_mixin.py:188} INFO - [2024-04-14T13:14:45.799+0000] {dag.py:3954} INFO - Setting next_dagrun for example_display_name to None, run_after=None
[2024-04-14T13:14:45.815+0000] {processor.py:183} INFO - Processing /home/airflow/.local/lib/python3.12/site-packages/airflow/example_dags/example_display_name.py took 0.053 seconds
[2024-04-14T13:15:16.350+0000] {processor.py:161} INFO - Started process (PID=1782) to work on /home/airflow/.local/lib/python3.12/site-packages/airflow/example_dags/example_display_name.py
[2024-04-14T13:15:16.351+0000] {processor.py:830} INFO - Processing file /home/airflow/.local/lib/python3.12/site-packages/airflow/example_dags/example_display_name.py for tasks to queue
[2024-04-14T13:15:16.352+0000] {logging_mixin.py:188} INFO - [2024-04-14T13:15:16.352+0000] {dagbag.py:540} INFO - Filling up the DagBag from /home/airflow/.local/lib/python3.12/site-packages/airflow/example_dags/example_display_name.py
[2024-04-14T13:15:16.357+0000] {processor.py:840} INFO - DAG(s) 'example_display_name' retrieved from /home/airflow/.local/lib/python3.12/site-packages/airflow/example_dags/example_display_name.py
[2024-04-14T13:15:16.371+0000] {logging_mixin.py:188} INFO - [2024-04-14T13:15:16.371+0000] {dag.py:3096} INFO - Sync 1 DAGs
[2024-04-14T13:15:16.382+0000] {logging_mixin.py:188} INFO - [2024-04-14T13:15:16.382+0000] {dag.py:3954} INFO - Setting next_dagrun for example_display_name to None, run_after=None
[2024-04-14T13:15:16.397+0000] {processor.py:183} INFO - Processing /home/airflow/.local/lib/python3.12/site-packages/airflow/example_dags/example_display_name.py took 0.051 seconds
[2024-04-14T13:15:46.866+0000] {processor.py:161} INFO - Started process (PID=1840) to work on /home/airflow/.local/lib/python3.12/site-packages/airflow/example_dags/example_display_name.py
[2024-04-14T13:15:46.866+0000] {processor.py:830} INFO - Processing file /home/airflow/.local/lib/python3.12/site-packages/airflow/example_dags/example_display_name.py for tasks to queue
[2024-04-14T13:15:46.868+0000] {logging_mixin.py:188} INFO - [2024-04-14T13:15:46.867+0000] {dagbag.py:540} INFO - Filling up the DagBag from /home/airflow/.local/lib/python3.12/site-packages/airflow/example_dags/example_display_name.py
[2024-04-14T13:15:46.871+0000] {processor.py:840} INFO - DAG(s) 'example_display_name' retrieved from /home/airflow/.local/lib/python3.12/site-packages/airflow/example_dags/example_display_name.py
[2024-04-14T13:15:46.888+0000] {logging_mixin.py:188} INFO - [2024-04-14T13:15:46.888+0000] {dag.py:3096} INFO - Sync 1 DAGs
[2024-04-14T13:15:46.899+0000] {logging_mixin.py:188} INFO - [2024-04-14T13:15:46.899+0000] {dag.py:3954} INFO - Setting next_dagrun for example_display_name to None, run_after=None
[2024-04-14T13:15:46.914+0000] {processor.py:183} INFO - Processing /home/airflow/.local/lib/python3.12/site-packages/airflow/example_dags/example_display_name.py took 0.053 seconds
[2024-04-14T13:16:17.338+0000] {processor.py:161} INFO - Started process (PID=1899) to work on /home/airflow/.local/lib/python3.12/site-packages/airflow/example_dags/example_display_name.py
[2024-04-14T13:16:17.339+0000] {processor.py:830} INFO - Processing file /home/airflow/.local/lib/python3.12/site-packages/airflow/example_dags/example_display_name.py for tasks to queue
[2024-04-14T13:16:17.340+0000] {logging_mixin.py:188} INFO - [2024-04-14T13:16:17.340+0000] {dagbag.py:540} INFO - Filling up the DagBag from /home/airflow/.local/lib/python3.12/site-packages/airflow/example_dags/example_display_name.py
[2024-04-14T13:16:17.344+0000] {processor.py:840} INFO - DAG(s) 'example_display_name' retrieved from /home/airflow/.local/lib/python3.12/site-packages/airflow/example_dags/example_display_name.py
[2024-04-14T13:16:17.360+0000] {logging_mixin.py:188} INFO - [2024-04-14T13:16:17.360+0000] {dag.py:3096} INFO - Sync 1 DAGs
[2024-04-14T13:16:17.372+0000] {logging_mixin.py:188} INFO - [2024-04-14T13:16:17.371+0000] {dag.py:3954} INFO - Setting next_dagrun for example_display_name to None, run_after=None
[2024-04-14T13:16:17.387+0000] {processor.py:183} INFO - Processing /home/airflow/.local/lib/python3.12/site-packages/airflow/example_dags/example_display_name.py took 0.054 seconds
[2024-04-14T13:16:47.759+0000] {processor.py:161} INFO - Started process (PID=1964) to work on /home/airflow/.local/lib/python3.12/site-packages/airflow/example_dags/example_display_name.py
[2024-04-14T13:16:47.759+0000] {processor.py:830} INFO - Processing file /home/airflow/.local/lib/python3.12/site-packages/airflow/example_dags/example_display_name.py for tasks to queue
[2024-04-14T13:16:47.762+0000] {logging_mixin.py:188} INFO - [2024-04-14T13:16:47.761+0000] {dagbag.py:540} INFO - Filling up the DagBag from /home/airflow/.local/lib/python3.12/site-packages/airflow/example_dags/example_display_name.py
[2024-04-14T13:16:47.768+0000] {processor.py:840} INFO - DAG(s) 'example_display_name' retrieved from /home/airflow/.local/lib/python3.12/site-packages/airflow/example_dags/example_display_name.py
[2024-04-14T13:16:47.787+0000] {logging_mixin.py:188} INFO - [2024-04-14T13:16:47.787+0000] {dag.py:3096} INFO - Sync 1 DAGs
[2024-04-14T13:16:47.798+0000] {logging_mixin.py:188} INFO - [2024-04-14T13:16:47.797+0000] {dag.py:3954} INFO - Setting next_dagrun for example_display_name to None, run_after=None
[2024-04-14T13:16:47.814+0000] {processor.py:183} INFO - Processing /home/airflow/.local/lib/python3.12/site-packages/airflow/example_dags/example_display_name.py took 0.063 seconds
[2024-04-14T13:17:18.093+0000] {processor.py:161} INFO - Started process (PID=2023) to work on /home/airflow/.local/lib/python3.12/site-packages/airflow/example_dags/example_display_name.py
[2024-04-14T13:17:18.094+0000] {processor.py:830} INFO - Processing file /home/airflow/.local/lib/python3.12/site-packages/airflow/example_dags/example_display_name.py for tasks to queue
[2024-04-14T13:17:18.095+0000] {logging_mixin.py:188} INFO - [2024-04-14T13:17:18.095+0000] {dagbag.py:540} INFO - Filling up the DagBag from /home/airflow/.local/lib/python3.12/site-packages/airflow/example_dags/example_display_name.py
[2024-04-14T13:17:18.100+0000] {processor.py:840} INFO - DAG(s) 'example_display_name' retrieved from /home/airflow/.local/lib/python3.12/site-packages/airflow/example_dags/example_display_name.py
[2024-04-14T13:17:18.120+0000] {logging_mixin.py:188} INFO - [2024-04-14T13:17:18.120+0000] {dag.py:3096} INFO - Sync 1 DAGs
[2024-04-14T13:17:18.132+0000] {logging_mixin.py:188} INFO - [2024-04-14T13:17:18.132+0000] {dag.py:3954} INFO - Setting next_dagrun for example_display_name to None, run_after=None
[2024-04-14T13:17:18.149+0000] {processor.py:183} INFO - Processing /home/airflow/.local/lib/python3.12/site-packages/airflow/example_dags/example_display_name.py took 0.060 seconds
[2024-04-14T13:17:48.540+0000] {processor.py:161} INFO - Started process (PID=2081) to work on /home/airflow/.local/lib/python3.12/site-packages/airflow/example_dags/example_display_name.py
[2024-04-14T13:17:48.540+0000] {processor.py:830} INFO - Processing file /home/airflow/.local/lib/python3.12/site-packages/airflow/example_dags/example_display_name.py for tasks to queue
[2024-04-14T13:17:48.542+0000] {logging_mixin.py:188} INFO - [2024-04-14T13:17:48.541+0000] {dagbag.py:540} INFO - Filling up the DagBag from /home/airflow/.local/lib/python3.12/site-packages/airflow/example_dags/example_display_name.py
[2024-04-14T13:17:48.546+0000] {processor.py:840} INFO - DAG(s) 'example_display_name' retrieved from /home/airflow/.local/lib/python3.12/site-packages/airflow/example_dags/example_display_name.py
[2024-04-14T13:17:48.561+0000] {logging_mixin.py:188} INFO - [2024-04-14T13:17:48.561+0000] {dag.py:3096} INFO - Sync 1 DAGs
[2024-04-14T13:17:48.572+0000] {logging_mixin.py:188} INFO - [2024-04-14T13:17:48.571+0000] {dag.py:3954} INFO - Setting next_dagrun for example_display_name to None, run_after=None
[2024-04-14T13:17:48.587+0000] {processor.py:183} INFO - Processing /home/airflow/.local/lib/python3.12/site-packages/airflow/example_dags/example_display_name.py took 0.052 seconds
[2024-04-14T13:18:18.877+0000] {processor.py:161} INFO - Started process (PID=2139) to work on /home/airflow/.local/lib/python3.12/site-packages/airflow/example_dags/example_display_name.py
[2024-04-14T13:18:18.877+0000] {processor.py:830} INFO - Processing file /home/airflow/.local/lib/python3.12/site-packages/airflow/example_dags/example_display_name.py for tasks to queue
[2024-04-14T13:18:18.879+0000] {logging_mixin.py:188} INFO - [2024-04-14T13:18:18.879+0000] {dagbag.py:540} INFO - Filling up the DagBag from /home/airflow/.local/lib/python3.12/site-packages/airflow/example_dags/example_display_name.py
[2024-04-14T13:18:18.883+0000] {processor.py:840} INFO - DAG(s) 'example_display_name' retrieved from /home/airflow/.local/lib/python3.12/site-packages/airflow/example_dags/example_display_name.py
[2024-04-14T13:18:18.899+0000] {logging_mixin.py:188} INFO - [2024-04-14T13:18:18.898+0000] {dag.py:3096} INFO - Sync 1 DAGs
[2024-04-14T13:18:18.910+0000] {logging_mixin.py:188} INFO - [2024-04-14T13:18:18.909+0000] {dag.py:3954} INFO - Setting next_dagrun for example_display_name to None, run_after=None
[2024-04-14T13:18:18.926+0000] {processor.py:183} INFO - Processing /home/airflow/.local/lib/python3.12/site-packages/airflow/example_dags/example_display_name.py took 0.053 seconds
[2024-04-14T13:18:49.481+0000] {processor.py:161} INFO - Started process (PID=2198) to work on /home/airflow/.local/lib/python3.12/site-packages/airflow/example_dags/example_display_name.py
[2024-04-14T13:18:49.483+0000] {processor.py:830} INFO - Processing file /home/airflow/.local/lib/python3.12/site-packages/airflow/example_dags/example_display_name.py for tasks to queue
[2024-04-14T13:18:49.485+0000] {logging_mixin.py:188} INFO - [2024-04-14T13:18:49.484+0000] {dagbag.py:540} INFO - Filling up the DagBag from /home/airflow/.local/lib/python3.12/site-packages/airflow/example_dags/example_display_name.py
[2024-04-14T13:18:49.489+0000] {processor.py:840} INFO - DAG(s) 'example_display_name' retrieved from /home/airflow/.local/lib/python3.12/site-packages/airflow/example_dags/example_display_name.py
[2024-04-14T13:18:49.578+0000] {logging_mixin.py:188} INFO - [2024-04-14T13:18:49.577+0000] {dag.py:3096} INFO - Sync 1 DAGs
[2024-04-14T13:18:49.617+0000] {logging_mixin.py:188} INFO - [2024-04-14T13:18:49.617+0000] {dag.py:3954} INFO - Setting next_dagrun for example_display_name to None, run_after=None
[2024-04-14T13:18:49.640+0000] {processor.py:183} INFO - Processing /home/airflow/.local/lib/python3.12/site-packages/airflow/example_dags/example_display_name.py took 0.192 seconds
[2024-04-14T13:19:20.549+0000] {processor.py:161} INFO - Started process (PID=2256) to work on /home/airflow/.local/lib/python3.12/site-packages/airflow/example_dags/example_display_name.py
[2024-04-14T13:19:20.550+0000] {processor.py:830} INFO - Processing file /home/airflow/.local/lib/python3.12/site-packages/airflow/example_dags/example_display_name.py for tasks to queue
[2024-04-14T13:19:20.552+0000] {logging_mixin.py:188} INFO - [2024-04-14T13:19:20.551+0000] {dagbag.py:540} INFO - Filling up the DagBag from /home/airflow/.local/lib/python3.12/site-packages/airflow/example_dags/example_display_name.py
[2024-04-14T13:19:20.556+0000] {processor.py:840} INFO - DAG(s) 'example_display_name' retrieved from /home/airflow/.local/lib/python3.12/site-packages/airflow/example_dags/example_display_name.py
[2024-04-14T13:19:20.572+0000] {logging_mixin.py:188} INFO - [2024-04-14T13:19:20.572+0000] {dag.py:3096} INFO - Sync 1 DAGs
[2024-04-14T13:19:20.583+0000] {logging_mixin.py:188} INFO - [2024-04-14T13:19:20.583+0000] {dag.py:3954} INFO - Setting next_dagrun for example_display_name to None, run_after=None
[2024-04-14T13:19:20.600+0000] {processor.py:183} INFO - Processing /home/airflow/.local/lib/python3.12/site-packages/airflow/example_dags/example_display_name.py took 0.055 seconds
[2024-04-14T13:19:50.922+0000] {processor.py:161} INFO - Started process (PID=2314) to work on /home/airflow/.local/lib/python3.12/site-packages/airflow/example_dags/example_display_name.py
[2024-04-14T13:19:50.923+0000] {processor.py:830} INFO - Processing file /home/airflow/.local/lib/python3.12/site-packages/airflow/example_dags/example_display_name.py for tasks to queue
[2024-04-14T13:19:50.924+0000] {logging_mixin.py:188} INFO - [2024-04-14T13:19:50.924+0000] {dagbag.py:540} INFO - Filling up the DagBag from /home/airflow/.local/lib/python3.12/site-packages/airflow/example_dags/example_display_name.py
[2024-04-14T13:19:50.928+0000] {processor.py:840} INFO - DAG(s) 'example_display_name' retrieved from /home/airflow/.local/lib/python3.12/site-packages/airflow/example_dags/example_display_name.py
[2024-04-14T13:19:50.943+0000] {logging_mixin.py:188} INFO - [2024-04-14T13:19:50.942+0000] {dag.py:3096} INFO - Sync 1 DAGs
[2024-04-14T13:19:50.953+0000] {logging_mixin.py:188} INFO - [2024-04-14T13:19:50.953+0000] {dag.py:3954} INFO - Setting next_dagrun for example_display_name to None, run_after=None
[2024-04-14T13:19:50.969+0000] {processor.py:183} INFO - Processing /home/airflow/.local/lib/python3.12/site-packages/airflow/example_dags/example_display_name.py took 0.051 seconds
[2024-04-14T13:20:21.384+0000] {processor.py:161} INFO - Started process (PID=2372) to work on /home/airflow/.local/lib/python3.12/site-packages/airflow/example_dags/example_display_name.py
[2024-04-14T13:20:21.384+0000] {processor.py:830} INFO - Processing file /home/airflow/.local/lib/python3.12/site-packages/airflow/example_dags/example_display_name.py for tasks to queue
[2024-04-14T13:20:21.386+0000] {logging_mixin.py:188} INFO - [2024-04-14T13:20:21.386+0000] {dagbag.py:540} INFO - Filling up the DagBag from /home/airflow/.local/lib/python3.12/site-packages/airflow/example_dags/example_display_name.py
[2024-04-14T13:20:21.390+0000] {processor.py:840} INFO - DAG(s) 'example_display_name' retrieved from /home/airflow/.local/lib/python3.12/site-packages/airflow/example_dags/example_display_name.py
[2024-04-14T13:20:21.404+0000] {logging_mixin.py:188} INFO - [2024-04-14T13:20:21.404+0000] {dag.py:3096} INFO - Sync 1 DAGs
[2024-04-14T13:20:21.415+0000] {logging_mixin.py:188} INFO - [2024-04-14T13:20:21.414+0000] {dag.py:3954} INFO - Setting next_dagrun for example_display_name to None, run_after=None
[2024-04-14T13:20:21.431+0000] {processor.py:183} INFO - Processing /home/airflow/.local/lib/python3.12/site-packages/airflow/example_dags/example_display_name.py took 0.052 seconds
