[2024-04-14T13:00:02.901+0000] {processor.py:161} INFO - Started process (PID=50) to work on /home/airflow/.local/lib/python3.12/site-packages/airflow/example_dags/tutorial.py
[2024-04-14T13:00:02.902+0000] {processor.py:830} INFO - Processing file /home/airflow/.local/lib/python3.12/site-packages/airflow/example_dags/tutorial.py for tasks to queue
[2024-04-14T13:00:02.909+0000] {logging_mixin.py:188} INFO - [2024-04-14T13:00:02.906+0000] {dagbag.py:540} INFO - Filling up the DagBag from /home/airflow/.local/lib/python3.12/site-packages/airflow/example_dags/tutorial.py
[2024-04-14T13:00:02.930+0000] {processor.py:840} INFO - DAG(s) 'tutorial' retrieved from /home/airflow/.local/lib/python3.12/site-packages/airflow/example_dags/tutorial.py
[2024-04-14T13:00:02.948+0000] {logging_mixin.py:188} INFO - [2024-04-14T13:00:02.948+0000] {dag.py:3096} INFO - Sync 1 DAGs
[2024-04-14T13:00:02.975+0000] {logging_mixin.py:188} INFO - [2024-04-14T13:00:02.975+0000] {dag.py:3954} INFO - Setting next_dagrun for tutorial to 2024-04-13 00:00:00+00:00, run_after=2024-04-14 00:00:00+00:00
[2024-04-14T13:00:02.998+0000] {processor.py:183} INFO - Processing /home/airflow/.local/lib/python3.12/site-packages/airflow/example_dags/tutorial.py took 0.114 seconds
[2024-04-14T13:00:34.008+0000] {processor.py:161} INFO - Started process (PID=107) to work on /home/airflow/.local/lib/python3.12/site-packages/airflow/example_dags/tutorial.py
[2024-04-14T13:00:34.009+0000] {processor.py:830} INFO - Processing file /home/airflow/.local/lib/python3.12/site-packages/airflow/example_dags/tutorial.py for tasks to queue
[2024-04-14T13:00:34.011+0000] {logging_mixin.py:188} INFO - [2024-04-14T13:00:34.010+0000] {dagbag.py:540} INFO - Filling up the DagBag from /home/airflow/.local/lib/python3.12/site-packages/airflow/example_dags/tutorial.py
[2024-04-14T13:00:34.015+0000] {processor.py:840} INFO - DAG(s) 'tutorial' retrieved from /home/airflow/.local/lib/python3.12/site-packages/airflow/example_dags/tutorial.py
[2024-04-14T13:00:34.102+0000] {logging_mixin.py:188} INFO - [2024-04-14T13:00:34.102+0000] {dag.py:3096} INFO - Sync 1 DAGs
[2024-04-14T13:00:34.120+0000] {logging_mixin.py:188} INFO - [2024-04-14T13:00:34.120+0000] {dag.py:3954} INFO - Setting next_dagrun for tutorial to 2024-04-13 00:00:00+00:00, run_after=2024-04-14 00:00:00+00:00
[2024-04-14T13:00:34.140+0000] {processor.py:183} INFO - Processing /home/airflow/.local/lib/python3.12/site-packages/airflow/example_dags/tutorial.py took 0.136 seconds
[2024-04-14T13:01:04.627+0000] {processor.py:161} INFO - Started process (PID=165) to work on /home/airflow/.local/lib/python3.12/site-packages/airflow/example_dags/tutorial.py
[2024-04-14T13:01:04.628+0000] {processor.py:830} INFO - Processing file /home/airflow/.local/lib/python3.12/site-packages/airflow/example_dags/tutorial.py for tasks to queue
[2024-04-14T13:01:04.629+0000] {logging_mixin.py:188} INFO - [2024-04-14T13:01:04.629+0000] {dagbag.py:540} INFO - Filling up the DagBag from /home/airflow/.local/lib/python3.12/site-packages/airflow/example_dags/tutorial.py
[2024-04-14T13:01:04.634+0000] {processor.py:840} INFO - DAG(s) 'tutorial' retrieved from /home/airflow/.local/lib/python3.12/site-packages/airflow/example_dags/tutorial.py
[2024-04-14T13:01:04.650+0000] {logging_mixin.py:188} INFO - [2024-04-14T13:01:04.650+0000] {dag.py:3096} INFO - Sync 1 DAGs
[2024-04-14T13:01:04.670+0000] {logging_mixin.py:188} INFO - [2024-04-14T13:01:04.670+0000] {dag.py:3954} INFO - Setting next_dagrun for tutorial to 2024-04-13 00:00:00+00:00, run_after=2024-04-14 00:00:00+00:00
[2024-04-14T13:01:04.692+0000] {processor.py:183} INFO - Processing /home/airflow/.local/lib/python3.12/site-packages/airflow/example_dags/tutorial.py took 0.069 seconds
[2024-04-14T13:01:34.785+0000] {processor.py:161} INFO - Started process (PID=223) to work on /home/airflow/.local/lib/python3.12/site-packages/airflow/example_dags/tutorial.py
[2024-04-14T13:01:34.786+0000] {processor.py:830} INFO - Processing file /home/airflow/.local/lib/python3.12/site-packages/airflow/example_dags/tutorial.py for tasks to queue
[2024-04-14T13:01:34.787+0000] {logging_mixin.py:188} INFO - [2024-04-14T13:01:34.787+0000] {dagbag.py:540} INFO - Filling up the DagBag from /home/airflow/.local/lib/python3.12/site-packages/airflow/example_dags/tutorial.py
[2024-04-14T13:01:34.794+0000] {processor.py:840} INFO - DAG(s) 'tutorial' retrieved from /home/airflow/.local/lib/python3.12/site-packages/airflow/example_dags/tutorial.py
[2024-04-14T13:01:34.814+0000] {logging_mixin.py:188} INFO - [2024-04-14T13:01:34.813+0000] {dag.py:3096} INFO - Sync 1 DAGs
[2024-04-14T13:01:34.837+0000] {logging_mixin.py:188} INFO - [2024-04-14T13:01:34.837+0000] {dag.py:3954} INFO - Setting next_dagrun for tutorial to 2024-04-13 00:00:00+00:00, run_after=2024-04-14 00:00:00+00:00
[2024-04-14T13:01:34.863+0000] {processor.py:183} INFO - Processing /home/airflow/.local/lib/python3.12/site-packages/airflow/example_dags/tutorial.py took 0.084 seconds
[2024-04-14T13:02:05.017+0000] {processor.py:161} INFO - Started process (PID=281) to work on /home/airflow/.local/lib/python3.12/site-packages/airflow/example_dags/tutorial.py
[2024-04-14T13:02:05.018+0000] {processor.py:830} INFO - Processing file /home/airflow/.local/lib/python3.12/site-packages/airflow/example_dags/tutorial.py for tasks to queue
[2024-04-14T13:02:05.019+0000] {logging_mixin.py:188} INFO - [2024-04-14T13:02:05.019+0000] {dagbag.py:540} INFO - Filling up the DagBag from /home/airflow/.local/lib/python3.12/site-packages/airflow/example_dags/tutorial.py
[2024-04-14T13:02:05.024+0000] {processor.py:840} INFO - DAG(s) 'tutorial' retrieved from /home/airflow/.local/lib/python3.12/site-packages/airflow/example_dags/tutorial.py
[2024-04-14T13:02:05.041+0000] {logging_mixin.py:188} INFO - [2024-04-14T13:02:05.040+0000] {dag.py:3096} INFO - Sync 1 DAGs
[2024-04-14T13:02:05.061+0000] {logging_mixin.py:188} INFO - [2024-04-14T13:02:05.061+0000] {dag.py:3954} INFO - Setting next_dagrun for tutorial to 2024-04-13 00:00:00+00:00, run_after=2024-04-14 00:00:00+00:00
[2024-04-14T13:02:05.081+0000] {processor.py:183} INFO - Processing /home/airflow/.local/lib/python3.12/site-packages/airflow/example_dags/tutorial.py took 0.069 seconds
[2024-04-14T13:02:35.292+0000] {processor.py:161} INFO - Started process (PID=339) to work on /home/airflow/.local/lib/python3.12/site-packages/airflow/example_dags/tutorial.py
[2024-04-14T13:02:35.293+0000] {processor.py:830} INFO - Processing file /home/airflow/.local/lib/python3.12/site-packages/airflow/example_dags/tutorial.py for tasks to queue
[2024-04-14T13:02:35.295+0000] {logging_mixin.py:188} INFO - [2024-04-14T13:02:35.295+0000] {dagbag.py:540} INFO - Filling up the DagBag from /home/airflow/.local/lib/python3.12/site-packages/airflow/example_dags/tutorial.py
[2024-04-14T13:02:35.299+0000] {processor.py:840} INFO - DAG(s) 'tutorial' retrieved from /home/airflow/.local/lib/python3.12/site-packages/airflow/example_dags/tutorial.py
[2024-04-14T13:02:35.315+0000] {logging_mixin.py:188} INFO - [2024-04-14T13:02:35.314+0000] {dag.py:3096} INFO - Sync 1 DAGs
[2024-04-14T13:02:35.333+0000] {logging_mixin.py:188} INFO - [2024-04-14T13:02:35.333+0000] {dag.py:3954} INFO - Setting next_dagrun for tutorial to 2024-04-13 00:00:00+00:00, run_after=2024-04-14 00:00:00+00:00
[2024-04-14T13:02:35.358+0000] {processor.py:183} INFO - Processing /home/airflow/.local/lib/python3.12/site-packages/airflow/example_dags/tutorial.py took 0.070 seconds
[2024-04-14T13:03:05.717+0000] {processor.py:161} INFO - Started process (PID=397) to work on /home/airflow/.local/lib/python3.12/site-packages/airflow/example_dags/tutorial.py
[2024-04-14T13:03:05.717+0000] {processor.py:830} INFO - Processing file /home/airflow/.local/lib/python3.12/site-packages/airflow/example_dags/tutorial.py for tasks to queue
[2024-04-14T13:03:05.719+0000] {logging_mixin.py:188} INFO - [2024-04-14T13:03:05.718+0000] {dagbag.py:540} INFO - Filling up the DagBag from /home/airflow/.local/lib/python3.12/site-packages/airflow/example_dags/tutorial.py
[2024-04-14T13:03:05.722+0000] {processor.py:840} INFO - DAG(s) 'tutorial' retrieved from /home/airflow/.local/lib/python3.12/site-packages/airflow/example_dags/tutorial.py
[2024-04-14T13:03:05.737+0000] {logging_mixin.py:188} INFO - [2024-04-14T13:03:05.737+0000] {dag.py:3096} INFO - Sync 1 DAGs
[2024-04-14T13:03:05.755+0000] {logging_mixin.py:188} INFO - [2024-04-14T13:03:05.755+0000] {dag.py:3954} INFO - Setting next_dagrun for tutorial to 2024-04-13 00:00:00+00:00, run_after=2024-04-14 00:00:00+00:00
[2024-04-14T13:03:05.775+0000] {processor.py:183} INFO - Processing /home/airflow/.local/lib/python3.12/site-packages/airflow/example_dags/tutorial.py took 0.062 seconds
[2024-04-14T13:03:36.773+0000] {processor.py:161} INFO - Started process (PID=456) to work on /home/airflow/.local/lib/python3.12/site-packages/airflow/example_dags/tutorial.py
[2024-04-14T13:03:36.774+0000] {processor.py:830} INFO - Processing file /home/airflow/.local/lib/python3.12/site-packages/airflow/example_dags/tutorial.py for tasks to queue
[2024-04-14T13:03:36.776+0000] {logging_mixin.py:188} INFO - [2024-04-14T13:03:36.775+0000] {dagbag.py:540} INFO - Filling up the DagBag from /home/airflow/.local/lib/python3.12/site-packages/airflow/example_dags/tutorial.py
[2024-04-14T13:03:36.780+0000] {processor.py:840} INFO - DAG(s) 'tutorial' retrieved from /home/airflow/.local/lib/python3.12/site-packages/airflow/example_dags/tutorial.py
[2024-04-14T13:03:36.798+0000] {logging_mixin.py:188} INFO - [2024-04-14T13:03:36.797+0000] {dag.py:3096} INFO - Sync 1 DAGs
[2024-04-14T13:03:36.817+0000] {logging_mixin.py:188} INFO - [2024-04-14T13:03:36.816+0000] {dag.py:3954} INFO - Setting next_dagrun for tutorial to 2024-04-13 00:00:00+00:00, run_after=2024-04-14 00:00:00+00:00
[2024-04-14T13:03:36.837+0000] {processor.py:183} INFO - Processing /home/airflow/.local/lib/python3.12/site-packages/airflow/example_dags/tutorial.py took 0.069 seconds
[2024-04-14T13:04:07.570+0000] {processor.py:161} INFO - Started process (PID=515) to work on /home/airflow/.local/lib/python3.12/site-packages/airflow/example_dags/tutorial.py
[2024-04-14T13:04:07.571+0000] {processor.py:830} INFO - Processing file /home/airflow/.local/lib/python3.12/site-packages/airflow/example_dags/tutorial.py for tasks to queue
[2024-04-14T13:04:07.572+0000] {logging_mixin.py:188} INFO - [2024-04-14T13:04:07.572+0000] {dagbag.py:540} INFO - Filling up the DagBag from /home/airflow/.local/lib/python3.12/site-packages/airflow/example_dags/tutorial.py
[2024-04-14T13:04:07.577+0000] {processor.py:840} INFO - DAG(s) 'tutorial' retrieved from /home/airflow/.local/lib/python3.12/site-packages/airflow/example_dags/tutorial.py
[2024-04-14T13:04:07.595+0000] {logging_mixin.py:188} INFO - [2024-04-14T13:04:07.594+0000] {dag.py:3096} INFO - Sync 1 DAGs
[2024-04-14T13:04:07.615+0000] {logging_mixin.py:188} INFO - [2024-04-14T13:04:07.615+0000] {dag.py:3954} INFO - Setting next_dagrun for tutorial to 2024-04-13 00:00:00+00:00, run_after=2024-04-14 00:00:00+00:00
[2024-04-14T13:04:07.634+0000] {processor.py:183} INFO - Processing /home/airflow/.local/lib/python3.12/site-packages/airflow/example_dags/tutorial.py took 0.068 seconds
[2024-04-14T13:04:38.563+0000] {processor.py:161} INFO - Started process (PID=573) to work on /home/airflow/.local/lib/python3.12/site-packages/airflow/example_dags/tutorial.py
[2024-04-14T13:04:38.564+0000] {processor.py:830} INFO - Processing file /home/airflow/.local/lib/python3.12/site-packages/airflow/example_dags/tutorial.py for tasks to queue
[2024-04-14T13:04:38.565+0000] {logging_mixin.py:188} INFO - [2024-04-14T13:04:38.565+0000] {dagbag.py:540} INFO - Filling up the DagBag from /home/airflow/.local/lib/python3.12/site-packages/airflow/example_dags/tutorial.py
[2024-04-14T13:04:38.570+0000] {processor.py:840} INFO - DAG(s) 'tutorial' retrieved from /home/airflow/.local/lib/python3.12/site-packages/airflow/example_dags/tutorial.py
[2024-04-14T13:04:38.585+0000] {logging_mixin.py:188} INFO - [2024-04-14T13:04:38.585+0000] {dag.py:3096} INFO - Sync 1 DAGs
[2024-04-14T13:04:38.603+0000] {logging_mixin.py:188} INFO - [2024-04-14T13:04:38.603+0000] {dag.py:3954} INFO - Setting next_dagrun for tutorial to 2024-04-13 00:00:00+00:00, run_after=2024-04-14 00:00:00+00:00
[2024-04-14T13:04:38.622+0000] {processor.py:183} INFO - Processing /home/airflow/.local/lib/python3.12/site-packages/airflow/example_dags/tutorial.py took 0.063 seconds
[2024-04-14T13:05:08.771+0000] {processor.py:161} INFO - Started process (PID=631) to work on /home/airflow/.local/lib/python3.12/site-packages/airflow/example_dags/tutorial.py
[2024-04-14T13:05:08.772+0000] {processor.py:830} INFO - Processing file /home/airflow/.local/lib/python3.12/site-packages/airflow/example_dags/tutorial.py for tasks to queue
[2024-04-14T13:05:08.773+0000] {logging_mixin.py:188} INFO - [2024-04-14T13:05:08.773+0000] {dagbag.py:540} INFO - Filling up the DagBag from /home/airflow/.local/lib/python3.12/site-packages/airflow/example_dags/tutorial.py
[2024-04-14T13:05:08.778+0000] {processor.py:840} INFO - DAG(s) 'tutorial' retrieved from /home/airflow/.local/lib/python3.12/site-packages/airflow/example_dags/tutorial.py
[2024-04-14T13:05:08.794+0000] {logging_mixin.py:188} INFO - [2024-04-14T13:05:08.793+0000] {dag.py:3096} INFO - Sync 1 DAGs
[2024-04-14T13:05:08.812+0000] {logging_mixin.py:188} INFO - [2024-04-14T13:05:08.812+0000] {dag.py:3954} INFO - Setting next_dagrun for tutorial to 2024-04-13 00:00:00+00:00, run_after=2024-04-14 00:00:00+00:00
[2024-04-14T13:05:08.833+0000] {processor.py:183} INFO - Processing /home/airflow/.local/lib/python3.12/site-packages/airflow/example_dags/tutorial.py took 0.066 seconds
[2024-04-14T13:05:39.930+0000] {processor.py:161} INFO - Started process (PID=690) to work on /home/airflow/.local/lib/python3.12/site-packages/airflow/example_dags/tutorial.py
[2024-04-14T13:05:39.931+0000] {processor.py:830} INFO - Processing file /home/airflow/.local/lib/python3.12/site-packages/airflow/example_dags/tutorial.py for tasks to queue
[2024-04-14T13:05:39.932+0000] {logging_mixin.py:188} INFO - [2024-04-14T13:05:39.932+0000] {dagbag.py:540} INFO - Filling up the DagBag from /home/airflow/.local/lib/python3.12/site-packages/airflow/example_dags/tutorial.py
[2024-04-14T13:05:39.937+0000] {processor.py:840} INFO - DAG(s) 'tutorial' retrieved from /home/airflow/.local/lib/python3.12/site-packages/airflow/example_dags/tutorial.py
[2024-04-14T13:05:39.953+0000] {logging_mixin.py:188} INFO - [2024-04-14T13:05:39.953+0000] {dag.py:3096} INFO - Sync 1 DAGs
[2024-04-14T13:05:39.973+0000] {logging_mixin.py:188} INFO - [2024-04-14T13:05:39.973+0000] {dag.py:3954} INFO - Setting next_dagrun for tutorial to 2024-04-13 00:00:00+00:00, run_after=2024-04-14 00:00:00+00:00
[2024-04-14T13:05:39.991+0000] {processor.py:183} INFO - Processing /home/airflow/.local/lib/python3.12/site-packages/airflow/example_dags/tutorial.py took 0.065 seconds
[2024-04-14T13:06:10.561+0000] {processor.py:161} INFO - Started process (PID=748) to work on /home/airflow/.local/lib/python3.12/site-packages/airflow/example_dags/tutorial.py
[2024-04-14T13:06:10.561+0000] {processor.py:830} INFO - Processing file /home/airflow/.local/lib/python3.12/site-packages/airflow/example_dags/tutorial.py for tasks to queue
[2024-04-14T13:06:10.563+0000] {logging_mixin.py:188} INFO - [2024-04-14T13:06:10.562+0000] {dagbag.py:540} INFO - Filling up the DagBag from /home/airflow/.local/lib/python3.12/site-packages/airflow/example_dags/tutorial.py
[2024-04-14T13:06:10.567+0000] {processor.py:840} INFO - DAG(s) 'tutorial' retrieved from /home/airflow/.local/lib/python3.12/site-packages/airflow/example_dags/tutorial.py
[2024-04-14T13:06:10.582+0000] {logging_mixin.py:188} INFO - [2024-04-14T13:06:10.582+0000] {dag.py:3096} INFO - Sync 1 DAGs
[2024-04-14T13:06:10.601+0000] {logging_mixin.py:188} INFO - [2024-04-14T13:06:10.600+0000] {dag.py:3954} INFO - Setting next_dagrun for tutorial to 2024-04-13 00:00:00+00:00, run_after=2024-04-14 00:00:00+00:00
[2024-04-14T13:06:10.618+0000] {processor.py:183} INFO - Processing /home/airflow/.local/lib/python3.12/site-packages/airflow/example_dags/tutorial.py took 0.061 seconds
[2024-04-14T13:06:41.366+0000] {processor.py:161} INFO - Started process (PID=806) to work on /home/airflow/.local/lib/python3.12/site-packages/airflow/example_dags/tutorial.py
[2024-04-14T13:06:41.367+0000] {processor.py:830} INFO - Processing file /home/airflow/.local/lib/python3.12/site-packages/airflow/example_dags/tutorial.py for tasks to queue
[2024-04-14T13:06:41.368+0000] {logging_mixin.py:188} INFO - [2024-04-14T13:06:41.368+0000] {dagbag.py:540} INFO - Filling up the DagBag from /home/airflow/.local/lib/python3.12/site-packages/airflow/example_dags/tutorial.py
[2024-04-14T13:06:41.372+0000] {processor.py:840} INFO - DAG(s) 'tutorial' retrieved from /home/airflow/.local/lib/python3.12/site-packages/airflow/example_dags/tutorial.py
[2024-04-14T13:06:41.387+0000] {logging_mixin.py:188} INFO - [2024-04-14T13:06:41.387+0000] {dag.py:3096} INFO - Sync 1 DAGs
[2024-04-14T13:06:41.406+0000] {logging_mixin.py:188} INFO - [2024-04-14T13:06:41.405+0000] {dag.py:3954} INFO - Setting next_dagrun for tutorial to 2024-04-13 00:00:00+00:00, run_after=2024-04-14 00:00:00+00:00
[2024-04-14T13:06:41.425+0000] {processor.py:183} INFO - Processing /home/airflow/.local/lib/python3.12/site-packages/airflow/example_dags/tutorial.py took 0.063 seconds
[2024-04-14T13:07:11.836+0000] {processor.py:161} INFO - Started process (PID=864) to work on /home/airflow/.local/lib/python3.12/site-packages/airflow/example_dags/tutorial.py
[2024-04-14T13:07:11.837+0000] {processor.py:830} INFO - Processing file /home/airflow/.local/lib/python3.12/site-packages/airflow/example_dags/tutorial.py for tasks to queue
[2024-04-14T13:07:11.838+0000] {logging_mixin.py:188} INFO - [2024-04-14T13:07:11.838+0000] {dagbag.py:540} INFO - Filling up the DagBag from /home/airflow/.local/lib/python3.12/site-packages/airflow/example_dags/tutorial.py
[2024-04-14T13:07:11.845+0000] {processor.py:840} INFO - DAG(s) 'tutorial' retrieved from /home/airflow/.local/lib/python3.12/site-packages/airflow/example_dags/tutorial.py
[2024-04-14T13:07:11.867+0000] {logging_mixin.py:188} INFO - [2024-04-14T13:07:11.867+0000] {dag.py:3096} INFO - Sync 1 DAGs
[2024-04-14T13:07:11.898+0000] {logging_mixin.py:188} INFO - [2024-04-14T13:07:11.898+0000] {dag.py:3954} INFO - Setting next_dagrun for tutorial to 2024-04-13 00:00:00+00:00, run_after=2024-04-14 00:00:00+00:00
[2024-04-14T13:07:11.929+0000] {processor.py:183} INFO - Processing /home/airflow/.local/lib/python3.12/site-packages/airflow/example_dags/tutorial.py took 0.099 seconds
[2024-04-14T13:07:42.855+0000] {processor.py:161} INFO - Started process (PID=922) to work on /home/airflow/.local/lib/python3.12/site-packages/airflow/example_dags/tutorial.py
[2024-04-14T13:07:42.856+0000] {processor.py:830} INFO - Processing file /home/airflow/.local/lib/python3.12/site-packages/airflow/example_dags/tutorial.py for tasks to queue
[2024-04-14T13:07:42.857+0000] {logging_mixin.py:188} INFO - [2024-04-14T13:07:42.857+0000] {dagbag.py:540} INFO - Filling up the DagBag from /home/airflow/.local/lib/python3.12/site-packages/airflow/example_dags/tutorial.py
[2024-04-14T13:07:42.862+0000] {processor.py:840} INFO - DAG(s) 'tutorial' retrieved from /home/airflow/.local/lib/python3.12/site-packages/airflow/example_dags/tutorial.py
[2024-04-14T13:07:42.878+0000] {logging_mixin.py:188} INFO - [2024-04-14T13:07:42.878+0000] {dag.py:3096} INFO - Sync 1 DAGs
[2024-04-14T13:07:42.897+0000] {logging_mixin.py:188} INFO - [2024-04-14T13:07:42.897+0000] {dag.py:3954} INFO - Setting next_dagrun for tutorial to 2024-04-13 00:00:00+00:00, run_after=2024-04-14 00:00:00+00:00
[2024-04-14T13:07:42.914+0000] {processor.py:183} INFO - Processing /home/airflow/.local/lib/python3.12/site-packages/airflow/example_dags/tutorial.py took 0.063 seconds
[2024-04-14T13:08:13.710+0000] {processor.py:161} INFO - Started process (PID=980) to work on /home/airflow/.local/lib/python3.12/site-packages/airflow/example_dags/tutorial.py
[2024-04-14T13:08:13.711+0000] {processor.py:830} INFO - Processing file /home/airflow/.local/lib/python3.12/site-packages/airflow/example_dags/tutorial.py for tasks to queue
[2024-04-14T13:08:13.712+0000] {logging_mixin.py:188} INFO - [2024-04-14T13:08:13.712+0000] {dagbag.py:540} INFO - Filling up the DagBag from /home/airflow/.local/lib/python3.12/site-packages/airflow/example_dags/tutorial.py
[2024-04-14T13:08:13.716+0000] {processor.py:840} INFO - DAG(s) 'tutorial' retrieved from /home/airflow/.local/lib/python3.12/site-packages/airflow/example_dags/tutorial.py
[2024-04-14T13:08:13.732+0000] {logging_mixin.py:188} INFO - [2024-04-14T13:08:13.732+0000] {dag.py:3096} INFO - Sync 1 DAGs
[2024-04-14T13:08:13.868+0000] {logging_mixin.py:188} INFO - [2024-04-14T13:08:13.868+0000] {dag.py:3954} INFO - Setting next_dagrun for tutorial to 2024-04-13 00:00:00+00:00, run_after=2024-04-14 00:00:00+00:00
[2024-04-14T13:08:13.885+0000] {processor.py:183} INFO - Processing /home/airflow/.local/lib/python3.12/site-packages/airflow/example_dags/tutorial.py took 0.180 seconds
[2024-04-14T13:08:44.536+0000] {processor.py:161} INFO - Started process (PID=1038) to work on /home/airflow/.local/lib/python3.12/site-packages/airflow/example_dags/tutorial.py
[2024-04-14T13:08:44.537+0000] {processor.py:830} INFO - Processing file /home/airflow/.local/lib/python3.12/site-packages/airflow/example_dags/tutorial.py for tasks to queue
[2024-04-14T13:08:44.539+0000] {logging_mixin.py:188} INFO - [2024-04-14T13:08:44.539+0000] {dagbag.py:540} INFO - Filling up the DagBag from /home/airflow/.local/lib/python3.12/site-packages/airflow/example_dags/tutorial.py
[2024-04-14T13:08:44.543+0000] {processor.py:840} INFO - DAG(s) 'tutorial' retrieved from /home/airflow/.local/lib/python3.12/site-packages/airflow/example_dags/tutorial.py
[2024-04-14T13:08:44.560+0000] {logging_mixin.py:188} INFO - [2024-04-14T13:08:44.560+0000] {dag.py:3096} INFO - Sync 1 DAGs
[2024-04-14T13:08:44.712+0000] {logging_mixin.py:188} INFO - [2024-04-14T13:08:44.711+0000] {dag.py:3954} INFO - Setting next_dagrun for tutorial to 2024-04-13 00:00:00+00:00, run_after=2024-04-14 00:00:00+00:00
[2024-04-14T13:08:44.733+0000] {processor.py:183} INFO - Processing /home/airflow/.local/lib/python3.12/site-packages/airflow/example_dags/tutorial.py took 0.202 seconds
[2024-04-14T13:09:15.397+0000] {processor.py:161} INFO - Started process (PID=1096) to work on /home/airflow/.local/lib/python3.12/site-packages/airflow/example_dags/tutorial.py
[2024-04-14T13:09:15.398+0000] {processor.py:830} INFO - Processing file /home/airflow/.local/lib/python3.12/site-packages/airflow/example_dags/tutorial.py for tasks to queue
[2024-04-14T13:09:15.399+0000] {logging_mixin.py:188} INFO - [2024-04-14T13:09:15.399+0000] {dagbag.py:540} INFO - Filling up the DagBag from /home/airflow/.local/lib/python3.12/site-packages/airflow/example_dags/tutorial.py
[2024-04-14T13:09:15.404+0000] {processor.py:840} INFO - DAG(s) 'tutorial' retrieved from /home/airflow/.local/lib/python3.12/site-packages/airflow/example_dags/tutorial.py
[2024-04-14T13:09:15.419+0000] {logging_mixin.py:188} INFO - [2024-04-14T13:09:15.419+0000] {dag.py:3096} INFO - Sync 1 DAGs
[2024-04-14T13:09:15.556+0000] {logging_mixin.py:188} INFO - [2024-04-14T13:09:15.556+0000] {dag.py:3954} INFO - Setting next_dagrun for tutorial to 2024-04-13 00:00:00+00:00, run_after=2024-04-14 00:00:00+00:00
[2024-04-14T13:09:15.573+0000] {processor.py:183} INFO - Processing /home/airflow/.local/lib/python3.12/site-packages/airflow/example_dags/tutorial.py took 0.181 seconds
[2024-04-14T13:09:45.813+0000] {processor.py:161} INFO - Started process (PID=1155) to work on /home/airflow/.local/lib/python3.12/site-packages/airflow/example_dags/tutorial.py
[2024-04-14T13:09:45.814+0000] {processor.py:830} INFO - Processing file /home/airflow/.local/lib/python3.12/site-packages/airflow/example_dags/tutorial.py for tasks to queue
[2024-04-14T13:09:45.815+0000] {logging_mixin.py:188} INFO - [2024-04-14T13:09:45.815+0000] {dagbag.py:540} INFO - Filling up the DagBag from /home/airflow/.local/lib/python3.12/site-packages/airflow/example_dags/tutorial.py
[2024-04-14T13:09:45.820+0000] {processor.py:840} INFO - DAG(s) 'tutorial' retrieved from /home/airflow/.local/lib/python3.12/site-packages/airflow/example_dags/tutorial.py
[2024-04-14T13:09:45.835+0000] {logging_mixin.py:188} INFO - [2024-04-14T13:09:45.835+0000] {dag.py:3096} INFO - Sync 1 DAGs
[2024-04-14T13:09:45.853+0000] {logging_mixin.py:188} INFO - [2024-04-14T13:09:45.853+0000] {dag.py:3954} INFO - Setting next_dagrun for tutorial to 2024-04-13 00:00:00+00:00, run_after=2024-04-14 00:00:00+00:00
[2024-04-14T13:09:45.871+0000] {processor.py:183} INFO - Processing /home/airflow/.local/lib/python3.12/site-packages/airflow/example_dags/tutorial.py took 0.063 seconds
[2024-04-14T13:10:16.161+0000] {processor.py:161} INFO - Started process (PID=1212) to work on /home/airflow/.local/lib/python3.12/site-packages/airflow/example_dags/tutorial.py
[2024-04-14T13:10:16.162+0000] {processor.py:830} INFO - Processing file /home/airflow/.local/lib/python3.12/site-packages/airflow/example_dags/tutorial.py for tasks to queue
[2024-04-14T13:10:16.164+0000] {logging_mixin.py:188} INFO - [2024-04-14T13:10:16.163+0000] {dagbag.py:540} INFO - Filling up the DagBag from /home/airflow/.local/lib/python3.12/site-packages/airflow/example_dags/tutorial.py
[2024-04-14T13:10:16.168+0000] {processor.py:840} INFO - DAG(s) 'tutorial' retrieved from /home/airflow/.local/lib/python3.12/site-packages/airflow/example_dags/tutorial.py
[2024-04-14T13:10:16.186+0000] {logging_mixin.py:188} INFO - [2024-04-14T13:10:16.186+0000] {dag.py:3096} INFO - Sync 1 DAGs
[2024-04-14T13:10:16.211+0000] {logging_mixin.py:188} INFO - [2024-04-14T13:10:16.210+0000] {dag.py:3954} INFO - Setting next_dagrun for tutorial to 2024-04-13 00:00:00+00:00, run_after=2024-04-14 00:00:00+00:00
[2024-04-14T13:10:16.230+0000] {processor.py:183} INFO - Processing /home/airflow/.local/lib/python3.12/site-packages/airflow/example_dags/tutorial.py took 0.074 seconds
[2024-04-14T13:10:46.644+0000] {processor.py:161} INFO - Started process (PID=1276) to work on /home/airflow/.local/lib/python3.12/site-packages/airflow/example_dags/tutorial.py
[2024-04-14T13:10:46.644+0000] {processor.py:830} INFO - Processing file /home/airflow/.local/lib/python3.12/site-packages/airflow/example_dags/tutorial.py for tasks to queue
[2024-04-14T13:10:46.646+0000] {logging_mixin.py:188} INFO - [2024-04-14T13:10:46.646+0000] {dagbag.py:540} INFO - Filling up the DagBag from /home/airflow/.local/lib/python3.12/site-packages/airflow/example_dags/tutorial.py
[2024-04-14T13:10:46.650+0000] {processor.py:840} INFO - DAG(s) 'tutorial' retrieved from /home/airflow/.local/lib/python3.12/site-packages/airflow/example_dags/tutorial.py
[2024-04-14T13:10:46.666+0000] {logging_mixin.py:188} INFO - [2024-04-14T13:10:46.666+0000] {dag.py:3096} INFO - Sync 1 DAGs
[2024-04-14T13:10:46.684+0000] {logging_mixin.py:188} INFO - [2024-04-14T13:10:46.684+0000] {dag.py:3954} INFO - Setting next_dagrun for tutorial to 2024-04-13 00:00:00+00:00, run_after=2024-04-14 00:00:00+00:00
[2024-04-14T13:10:46.702+0000] {processor.py:183} INFO - Processing /home/airflow/.local/lib/python3.12/site-packages/airflow/example_dags/tutorial.py took 0.063 seconds
[2024-04-14T13:11:16.989+0000] {processor.py:161} INFO - Started process (PID=1334) to work on /home/airflow/.local/lib/python3.12/site-packages/airflow/example_dags/tutorial.py
[2024-04-14T13:11:16.990+0000] {processor.py:830} INFO - Processing file /home/airflow/.local/lib/python3.12/site-packages/airflow/example_dags/tutorial.py for tasks to queue
[2024-04-14T13:11:16.991+0000] {logging_mixin.py:188} INFO - [2024-04-14T13:11:16.991+0000] {dagbag.py:540} INFO - Filling up the DagBag from /home/airflow/.local/lib/python3.12/site-packages/airflow/example_dags/tutorial.py
[2024-04-14T13:11:16.996+0000] {processor.py:840} INFO - DAG(s) 'tutorial' retrieved from /home/airflow/.local/lib/python3.12/site-packages/airflow/example_dags/tutorial.py
[2024-04-14T13:11:17.012+0000] {logging_mixin.py:188} INFO - [2024-04-14T13:11:17.012+0000] {dag.py:3096} INFO - Sync 1 DAGs
[2024-04-14T13:11:17.031+0000] {logging_mixin.py:188} INFO - [2024-04-14T13:11:17.031+0000] {dag.py:3954} INFO - Setting next_dagrun for tutorial to 2024-04-13 00:00:00+00:00, run_after=2024-04-14 00:00:00+00:00
[2024-04-14T13:11:17.050+0000] {processor.py:183} INFO - Processing /home/airflow/.local/lib/python3.12/site-packages/airflow/example_dags/tutorial.py took 0.067 seconds
[2024-04-14T13:11:47.330+0000] {processor.py:161} INFO - Started process (PID=1392) to work on /home/airflow/.local/lib/python3.12/site-packages/airflow/example_dags/tutorial.py
[2024-04-14T13:11:47.331+0000] {processor.py:830} INFO - Processing file /home/airflow/.local/lib/python3.12/site-packages/airflow/example_dags/tutorial.py for tasks to queue
[2024-04-14T13:11:47.332+0000] {logging_mixin.py:188} INFO - [2024-04-14T13:11:47.332+0000] {dagbag.py:540} INFO - Filling up the DagBag from /home/airflow/.local/lib/python3.12/site-packages/airflow/example_dags/tutorial.py
[2024-04-14T13:11:47.336+0000] {processor.py:840} INFO - DAG(s) 'tutorial' retrieved from /home/airflow/.local/lib/python3.12/site-packages/airflow/example_dags/tutorial.py
[2024-04-14T13:11:47.351+0000] {logging_mixin.py:188} INFO - [2024-04-14T13:11:47.351+0000] {dag.py:3096} INFO - Sync 1 DAGs
[2024-04-14T13:11:47.368+0000] {logging_mixin.py:188} INFO - [2024-04-14T13:11:47.368+0000] {dag.py:3954} INFO - Setting next_dagrun for tutorial to 2024-04-13 00:00:00+00:00, run_after=2024-04-14 00:00:00+00:00
[2024-04-14T13:11:47.386+0000] {processor.py:183} INFO - Processing /home/airflow/.local/lib/python3.12/site-packages/airflow/example_dags/tutorial.py took 0.061 seconds
[2024-04-14T13:12:17.673+0000] {processor.py:161} INFO - Started process (PID=1450) to work on /home/airflow/.local/lib/python3.12/site-packages/airflow/example_dags/tutorial.py
[2024-04-14T13:12:17.674+0000] {processor.py:830} INFO - Processing file /home/airflow/.local/lib/python3.12/site-packages/airflow/example_dags/tutorial.py for tasks to queue
[2024-04-14T13:12:17.675+0000] {logging_mixin.py:188} INFO - [2024-04-14T13:12:17.675+0000] {dagbag.py:540} INFO - Filling up the DagBag from /home/airflow/.local/lib/python3.12/site-packages/airflow/example_dags/tutorial.py
[2024-04-14T13:12:17.680+0000] {processor.py:840} INFO - DAG(s) 'tutorial' retrieved from /home/airflow/.local/lib/python3.12/site-packages/airflow/example_dags/tutorial.py
[2024-04-14T13:12:17.697+0000] {logging_mixin.py:188} INFO - [2024-04-14T13:12:17.696+0000] {dag.py:3096} INFO - Sync 1 DAGs
[2024-04-14T13:12:17.717+0000] {logging_mixin.py:188} INFO - [2024-04-14T13:12:17.716+0000] {dag.py:3954} INFO - Setting next_dagrun for tutorial to 2024-04-13 00:00:00+00:00, run_after=2024-04-14 00:00:00+00:00
[2024-04-14T13:12:17.736+0000] {processor.py:183} INFO - Processing /home/airflow/.local/lib/python3.12/site-packages/airflow/example_dags/tutorial.py took 0.068 seconds
[2024-04-14T13:12:48.032+0000] {processor.py:161} INFO - Started process (PID=1508) to work on /home/airflow/.local/lib/python3.12/site-packages/airflow/example_dags/tutorial.py
[2024-04-14T13:12:48.033+0000] {processor.py:830} INFO - Processing file /home/airflow/.local/lib/python3.12/site-packages/airflow/example_dags/tutorial.py for tasks to queue
[2024-04-14T13:12:48.034+0000] {logging_mixin.py:188} INFO - [2024-04-14T13:12:48.034+0000] {dagbag.py:540} INFO - Filling up the DagBag from /home/airflow/.local/lib/python3.12/site-packages/airflow/example_dags/tutorial.py
[2024-04-14T13:12:48.038+0000] {processor.py:840} INFO - DAG(s) 'tutorial' retrieved from /home/airflow/.local/lib/python3.12/site-packages/airflow/example_dags/tutorial.py
[2024-04-14T13:12:48.053+0000] {logging_mixin.py:188} INFO - [2024-04-14T13:12:48.053+0000] {dag.py:3096} INFO - Sync 1 DAGs
[2024-04-14T13:12:48.071+0000] {logging_mixin.py:188} INFO - [2024-04-14T13:12:48.071+0000] {dag.py:3954} INFO - Setting next_dagrun for tutorial to 2024-04-13 00:00:00+00:00, run_after=2024-04-14 00:00:00+00:00
[2024-04-14T13:12:48.088+0000] {processor.py:183} INFO - Processing /home/airflow/.local/lib/python3.12/site-packages/airflow/example_dags/tutorial.py took 0.061 seconds
[2024-04-14T13:13:18.441+0000] {processor.py:161} INFO - Started process (PID=1566) to work on /home/airflow/.local/lib/python3.12/site-packages/airflow/example_dags/tutorial.py
[2024-04-14T13:13:18.442+0000] {processor.py:830} INFO - Processing file /home/airflow/.local/lib/python3.12/site-packages/airflow/example_dags/tutorial.py for tasks to queue
[2024-04-14T13:13:18.444+0000] {logging_mixin.py:188} INFO - [2024-04-14T13:13:18.444+0000] {dagbag.py:540} INFO - Filling up the DagBag from /home/airflow/.local/lib/python3.12/site-packages/airflow/example_dags/tutorial.py
[2024-04-14T13:13:18.448+0000] {processor.py:840} INFO - DAG(s) 'tutorial' retrieved from /home/airflow/.local/lib/python3.12/site-packages/airflow/example_dags/tutorial.py
[2024-04-14T13:13:18.463+0000] {logging_mixin.py:188} INFO - [2024-04-14T13:13:18.463+0000] {dag.py:3096} INFO - Sync 1 DAGs
[2024-04-14T13:13:18.483+0000] {logging_mixin.py:188} INFO - [2024-04-14T13:13:18.483+0000] {dag.py:3954} INFO - Setting next_dagrun for tutorial to 2024-04-13 00:00:00+00:00, run_after=2024-04-14 00:00:00+00:00
[2024-04-14T13:13:18.500+0000] {processor.py:183} INFO - Processing /home/airflow/.local/lib/python3.12/site-packages/airflow/example_dags/tutorial.py took 0.063 seconds
[2024-04-14T13:13:49.141+0000] {processor.py:161} INFO - Started process (PID=1624) to work on /home/airflow/.local/lib/python3.12/site-packages/airflow/example_dags/tutorial.py
[2024-04-14T13:13:49.142+0000] {processor.py:830} INFO - Processing file /home/airflow/.local/lib/python3.12/site-packages/airflow/example_dags/tutorial.py for tasks to queue
[2024-04-14T13:13:49.144+0000] {logging_mixin.py:188} INFO - [2024-04-14T13:13:49.144+0000] {dagbag.py:540} INFO - Filling up the DagBag from /home/airflow/.local/lib/python3.12/site-packages/airflow/example_dags/tutorial.py
[2024-04-14T13:13:49.155+0000] {processor.py:840} INFO - DAG(s) 'tutorial' retrieved from /home/airflow/.local/lib/python3.12/site-packages/airflow/example_dags/tutorial.py
[2024-04-14T13:13:49.240+0000] {logging_mixin.py:188} INFO - [2024-04-14T13:13:49.240+0000] {dag.py:3096} INFO - Sync 1 DAGs
[2024-04-14T13:13:49.299+0000] {logging_mixin.py:188} INFO - [2024-04-14T13:13:49.298+0000] {dag.py:3954} INFO - Setting next_dagrun for tutorial to 2024-04-13 00:00:00+00:00, run_after=2024-04-14 00:00:00+00:00
[2024-04-14T13:13:49.322+0000] {processor.py:183} INFO - Processing /home/airflow/.local/lib/python3.12/site-packages/airflow/example_dags/tutorial.py took 0.222 seconds
[2024-04-14T13:14:19.937+0000] {processor.py:161} INFO - Started process (PID=1682) to work on /home/airflow/.local/lib/python3.12/site-packages/airflow/example_dags/tutorial.py
[2024-04-14T13:14:19.938+0000] {processor.py:830} INFO - Processing file /home/airflow/.local/lib/python3.12/site-packages/airflow/example_dags/tutorial.py for tasks to queue
[2024-04-14T13:14:19.939+0000] {logging_mixin.py:188} INFO - [2024-04-14T13:14:19.939+0000] {dagbag.py:540} INFO - Filling up the DagBag from /home/airflow/.local/lib/python3.12/site-packages/airflow/example_dags/tutorial.py
[2024-04-14T13:14:19.943+0000] {processor.py:840} INFO - DAG(s) 'tutorial' retrieved from /home/airflow/.local/lib/python3.12/site-packages/airflow/example_dags/tutorial.py
[2024-04-14T13:14:19.959+0000] {logging_mixin.py:188} INFO - [2024-04-14T13:14:19.958+0000] {dag.py:3096} INFO - Sync 1 DAGs
[2024-04-14T13:14:19.977+0000] {logging_mixin.py:188} INFO - [2024-04-14T13:14:19.977+0000] {dag.py:3954} INFO - Setting next_dagrun for tutorial to 2024-04-13 00:00:00+00:00, run_after=2024-04-14 00:00:00+00:00
[2024-04-14T13:14:19.992+0000] {processor.py:183} INFO - Processing /home/airflow/.local/lib/python3.12/site-packages/airflow/example_dags/tutorial.py took 0.060 seconds
[2024-04-14T13:14:50.267+0000] {processor.py:161} INFO - Started process (PID=1741) to work on /home/airflow/.local/lib/python3.12/site-packages/airflow/example_dags/tutorial.py
[2024-04-14T13:14:50.268+0000] {processor.py:830} INFO - Processing file /home/airflow/.local/lib/python3.12/site-packages/airflow/example_dags/tutorial.py for tasks to queue
[2024-04-14T13:14:50.269+0000] {logging_mixin.py:188} INFO - [2024-04-14T13:14:50.269+0000] {dagbag.py:540} INFO - Filling up the DagBag from /home/airflow/.local/lib/python3.12/site-packages/airflow/example_dags/tutorial.py
[2024-04-14T13:14:50.274+0000] {processor.py:840} INFO - DAG(s) 'tutorial' retrieved from /home/airflow/.local/lib/python3.12/site-packages/airflow/example_dags/tutorial.py
[2024-04-14T13:14:50.290+0000] {logging_mixin.py:188} INFO - [2024-04-14T13:14:50.289+0000] {dag.py:3096} INFO - Sync 1 DAGs
[2024-04-14T13:14:50.308+0000] {logging_mixin.py:188} INFO - [2024-04-14T13:14:50.308+0000] {dag.py:3954} INFO - Setting next_dagrun for tutorial to 2024-04-13 00:00:00+00:00, run_after=2024-04-14 00:00:00+00:00
[2024-04-14T13:14:50.325+0000] {processor.py:183} INFO - Processing /home/airflow/.local/lib/python3.12/site-packages/airflow/example_dags/tutorial.py took 0.062 seconds
[2024-04-14T13:15:20.902+0000] {processor.py:161} INFO - Started process (PID=1799) to work on /home/airflow/.local/lib/python3.12/site-packages/airflow/example_dags/tutorial.py
[2024-04-14T13:15:20.903+0000] {processor.py:830} INFO - Processing file /home/airflow/.local/lib/python3.12/site-packages/airflow/example_dags/tutorial.py for tasks to queue
[2024-04-14T13:15:20.904+0000] {logging_mixin.py:188} INFO - [2024-04-14T13:15:20.904+0000] {dagbag.py:540} INFO - Filling up the DagBag from /home/airflow/.local/lib/python3.12/site-packages/airflow/example_dags/tutorial.py
[2024-04-14T13:15:20.908+0000] {processor.py:840} INFO - DAG(s) 'tutorial' retrieved from /home/airflow/.local/lib/python3.12/site-packages/airflow/example_dags/tutorial.py
[2024-04-14T13:15:20.924+0000] {logging_mixin.py:188} INFO - [2024-04-14T13:15:20.924+0000] {dag.py:3096} INFO - Sync 1 DAGs
[2024-04-14T13:15:20.943+0000] {logging_mixin.py:188} INFO - [2024-04-14T13:15:20.943+0000] {dag.py:3954} INFO - Setting next_dagrun for tutorial to 2024-04-13 00:00:00+00:00, run_after=2024-04-14 00:00:00+00:00
[2024-04-14T13:15:20.959+0000] {processor.py:183} INFO - Processing /home/airflow/.local/lib/python3.12/site-packages/airflow/example_dags/tutorial.py took 0.060 seconds
[2024-04-14T13:15:51.365+0000] {processor.py:161} INFO - Started process (PID=1858) to work on /home/airflow/.local/lib/python3.12/site-packages/airflow/example_dags/tutorial.py
[2024-04-14T13:15:51.366+0000] {processor.py:830} INFO - Processing file /home/airflow/.local/lib/python3.12/site-packages/airflow/example_dags/tutorial.py for tasks to queue
[2024-04-14T13:15:51.367+0000] {logging_mixin.py:188} INFO - [2024-04-14T13:15:51.367+0000] {dagbag.py:540} INFO - Filling up the DagBag from /home/airflow/.local/lib/python3.12/site-packages/airflow/example_dags/tutorial.py
[2024-04-14T13:15:51.371+0000] {processor.py:840} INFO - DAG(s) 'tutorial' retrieved from /home/airflow/.local/lib/python3.12/site-packages/airflow/example_dags/tutorial.py
[2024-04-14T13:15:51.387+0000] {logging_mixin.py:188} INFO - [2024-04-14T13:15:51.387+0000] {dag.py:3096} INFO - Sync 1 DAGs
[2024-04-14T13:15:51.405+0000] {logging_mixin.py:188} INFO - [2024-04-14T13:15:51.405+0000] {dag.py:3954} INFO - Setting next_dagrun for tutorial to 2024-04-13 00:00:00+00:00, run_after=2024-04-14 00:00:00+00:00
[2024-04-14T13:15:51.421+0000] {processor.py:183} INFO - Processing /home/airflow/.local/lib/python3.12/site-packages/airflow/example_dags/tutorial.py took 0.060 seconds
[2024-04-14T13:16:21.833+0000] {processor.py:161} INFO - Started process (PID=1916) to work on /home/airflow/.local/lib/python3.12/site-packages/airflow/example_dags/tutorial.py
[2024-04-14T13:16:21.834+0000] {processor.py:830} INFO - Processing file /home/airflow/.local/lib/python3.12/site-packages/airflow/example_dags/tutorial.py for tasks to queue
[2024-04-14T13:16:21.836+0000] {logging_mixin.py:188} INFO - [2024-04-14T13:16:21.835+0000] {dagbag.py:540} INFO - Filling up the DagBag from /home/airflow/.local/lib/python3.12/site-packages/airflow/example_dags/tutorial.py
[2024-04-14T13:16:21.840+0000] {processor.py:840} INFO - DAG(s) 'tutorial' retrieved from /home/airflow/.local/lib/python3.12/site-packages/airflow/example_dags/tutorial.py
[2024-04-14T13:16:21.855+0000] {logging_mixin.py:188} INFO - [2024-04-14T13:16:21.855+0000] {dag.py:3096} INFO - Sync 1 DAGs
[2024-04-14T13:16:21.873+0000] {logging_mixin.py:188} INFO - [2024-04-14T13:16:21.873+0000] {dag.py:3954} INFO - Setting next_dagrun for tutorial to 2024-04-13 00:00:00+00:00, run_after=2024-04-14 00:00:00+00:00
[2024-04-14T13:16:21.889+0000] {processor.py:183} INFO - Processing /home/airflow/.local/lib/python3.12/site-packages/airflow/example_dags/tutorial.py took 0.060 seconds
[2024-04-14T13:16:52.310+0000] {processor.py:161} INFO - Started process (PID=1975) to work on /home/airflow/.local/lib/python3.12/site-packages/airflow/example_dags/tutorial.py
[2024-04-14T13:16:52.311+0000] {processor.py:830} INFO - Processing file /home/airflow/.local/lib/python3.12/site-packages/airflow/example_dags/tutorial.py for tasks to queue
[2024-04-14T13:16:52.312+0000] {logging_mixin.py:188} INFO - [2024-04-14T13:16:52.312+0000] {dagbag.py:540} INFO - Filling up the DagBag from /home/airflow/.local/lib/python3.12/site-packages/airflow/example_dags/tutorial.py
[2024-04-14T13:16:52.316+0000] {processor.py:840} INFO - DAG(s) 'tutorial' retrieved from /home/airflow/.local/lib/python3.12/site-packages/airflow/example_dags/tutorial.py
[2024-04-14T13:16:52.332+0000] {logging_mixin.py:188} INFO - [2024-04-14T13:16:52.331+0000] {dag.py:3096} INFO - Sync 1 DAGs
[2024-04-14T13:16:52.352+0000] {logging_mixin.py:188} INFO - [2024-04-14T13:16:52.352+0000] {dag.py:3954} INFO - Setting next_dagrun for tutorial to 2024-04-13 00:00:00+00:00, run_after=2024-04-14 00:00:00+00:00
[2024-04-14T13:16:52.368+0000] {processor.py:183} INFO - Processing /home/airflow/.local/lib/python3.12/site-packages/airflow/example_dags/tutorial.py took 0.062 seconds
[2024-04-14T13:17:22.603+0000] {processor.py:161} INFO - Started process (PID=2034) to work on /home/airflow/.local/lib/python3.12/site-packages/airflow/example_dags/tutorial.py
[2024-04-14T13:17:22.604+0000] {processor.py:830} INFO - Processing file /home/airflow/.local/lib/python3.12/site-packages/airflow/example_dags/tutorial.py for tasks to queue
[2024-04-14T13:17:22.605+0000] {logging_mixin.py:188} INFO - [2024-04-14T13:17:22.605+0000] {dagbag.py:540} INFO - Filling up the DagBag from /home/airflow/.local/lib/python3.12/site-packages/airflow/example_dags/tutorial.py
[2024-04-14T13:17:22.609+0000] {processor.py:840} INFO - DAG(s) 'tutorial' retrieved from /home/airflow/.local/lib/python3.12/site-packages/airflow/example_dags/tutorial.py
[2024-04-14T13:17:22.625+0000] {logging_mixin.py:188} INFO - [2024-04-14T13:17:22.625+0000] {dag.py:3096} INFO - Sync 1 DAGs
[2024-04-14T13:17:22.645+0000] {logging_mixin.py:188} INFO - [2024-04-14T13:17:22.644+0000] {dag.py:3954} INFO - Setting next_dagrun for tutorial to 2024-04-13 00:00:00+00:00, run_after=2024-04-14 00:00:00+00:00
[2024-04-14T13:17:22.662+0000] {processor.py:183} INFO - Processing /home/airflow/.local/lib/python3.12/site-packages/airflow/example_dags/tutorial.py took 0.063 seconds
[2024-04-14T13:17:53.043+0000] {processor.py:161} INFO - Started process (PID=2092) to work on /home/airflow/.local/lib/python3.12/site-packages/airflow/example_dags/tutorial.py
[2024-04-14T13:17:53.044+0000] {processor.py:830} INFO - Processing file /home/airflow/.local/lib/python3.12/site-packages/airflow/example_dags/tutorial.py for tasks to queue
[2024-04-14T13:17:53.046+0000] {logging_mixin.py:188} INFO - [2024-04-14T13:17:53.045+0000] {dagbag.py:540} INFO - Filling up the DagBag from /home/airflow/.local/lib/python3.12/site-packages/airflow/example_dags/tutorial.py
[2024-04-14T13:17:53.050+0000] {processor.py:840} INFO - DAG(s) 'tutorial' retrieved from /home/airflow/.local/lib/python3.12/site-packages/airflow/example_dags/tutorial.py
[2024-04-14T13:17:53.064+0000] {logging_mixin.py:188} INFO - [2024-04-14T13:17:53.064+0000] {dag.py:3096} INFO - Sync 1 DAGs
[2024-04-14T13:17:53.083+0000] {logging_mixin.py:188} INFO - [2024-04-14T13:17:53.083+0000] {dag.py:3954} INFO - Setting next_dagrun for tutorial to 2024-04-13 00:00:00+00:00, run_after=2024-04-14 00:00:00+00:00
[2024-04-14T13:17:53.098+0000] {processor.py:183} INFO - Processing /home/airflow/.local/lib/python3.12/site-packages/airflow/example_dags/tutorial.py took 0.059 seconds
[2024-04-14T13:18:23.373+0000] {processor.py:161} INFO - Started process (PID=2150) to work on /home/airflow/.local/lib/python3.12/site-packages/airflow/example_dags/tutorial.py
[2024-04-14T13:18:23.374+0000] {processor.py:830} INFO - Processing file /home/airflow/.local/lib/python3.12/site-packages/airflow/example_dags/tutorial.py for tasks to queue
[2024-04-14T13:18:23.375+0000] {logging_mixin.py:188} INFO - [2024-04-14T13:18:23.375+0000] {dagbag.py:540} INFO - Filling up the DagBag from /home/airflow/.local/lib/python3.12/site-packages/airflow/example_dags/tutorial.py
[2024-04-14T13:18:23.380+0000] {processor.py:840} INFO - DAG(s) 'tutorial' retrieved from /home/airflow/.local/lib/python3.12/site-packages/airflow/example_dags/tutorial.py
[2024-04-14T13:18:23.395+0000] {logging_mixin.py:188} INFO - [2024-04-14T13:18:23.395+0000] {dag.py:3096} INFO - Sync 1 DAGs
[2024-04-14T13:18:23.413+0000] {logging_mixin.py:188} INFO - [2024-04-14T13:18:23.413+0000] {dag.py:3954} INFO - Setting next_dagrun for tutorial to 2024-04-13 00:00:00+00:00, run_after=2024-04-14 00:00:00+00:00
[2024-04-14T13:18:23.429+0000] {processor.py:183} INFO - Processing /home/airflow/.local/lib/python3.12/site-packages/airflow/example_dags/tutorial.py took 0.059 seconds
[2024-04-14T13:18:54.111+0000] {processor.py:161} INFO - Started process (PID=2209) to work on /home/airflow/.local/lib/python3.12/site-packages/airflow/example_dags/tutorial.py
[2024-04-14T13:18:54.112+0000] {processor.py:830} INFO - Processing file /home/airflow/.local/lib/python3.12/site-packages/airflow/example_dags/tutorial.py for tasks to queue
[2024-04-14T13:18:54.114+0000] {logging_mixin.py:188} INFO - [2024-04-14T13:18:54.113+0000] {dagbag.py:540} INFO - Filling up the DagBag from /home/airflow/.local/lib/python3.12/site-packages/airflow/example_dags/tutorial.py
[2024-04-14T13:18:54.118+0000] {processor.py:840} INFO - DAG(s) 'tutorial' retrieved from /home/airflow/.local/lib/python3.12/site-packages/airflow/example_dags/tutorial.py
[2024-04-14T13:18:54.134+0000] {logging_mixin.py:188} INFO - [2024-04-14T13:18:54.134+0000] {dag.py:3096} INFO - Sync 1 DAGs
[2024-04-14T13:18:54.155+0000] {logging_mixin.py:188} INFO - [2024-04-14T13:18:54.154+0000] {dag.py:3954} INFO - Setting next_dagrun for tutorial to 2024-04-13 00:00:00+00:00, run_after=2024-04-14 00:00:00+00:00
[2024-04-14T13:18:54.173+0000] {processor.py:183} INFO - Processing /home/airflow/.local/lib/python3.12/site-packages/airflow/example_dags/tutorial.py took 0.066 seconds
[2024-04-14T13:19:25.038+0000] {processor.py:161} INFO - Started process (PID=2267) to work on /home/airflow/.local/lib/python3.12/site-packages/airflow/example_dags/tutorial.py
[2024-04-14T13:19:25.039+0000] {processor.py:830} INFO - Processing file /home/airflow/.local/lib/python3.12/site-packages/airflow/example_dags/tutorial.py for tasks to queue
[2024-04-14T13:19:25.040+0000] {logging_mixin.py:188} INFO - [2024-04-14T13:19:25.040+0000] {dagbag.py:540} INFO - Filling up the DagBag from /home/airflow/.local/lib/python3.12/site-packages/airflow/example_dags/tutorial.py
[2024-04-14T13:19:25.044+0000] {processor.py:840} INFO - DAG(s) 'tutorial' retrieved from /home/airflow/.local/lib/python3.12/site-packages/airflow/example_dags/tutorial.py
[2024-04-14T13:19:25.060+0000] {logging_mixin.py:188} INFO - [2024-04-14T13:19:25.060+0000] {dag.py:3096} INFO - Sync 1 DAGs
[2024-04-14T13:19:25.079+0000] {logging_mixin.py:188} INFO - [2024-04-14T13:19:25.079+0000] {dag.py:3954} INFO - Setting next_dagrun for tutorial to 2024-04-13 00:00:00+00:00, run_after=2024-04-14 00:00:00+00:00
[2024-04-14T13:19:25.095+0000] {processor.py:183} INFO - Processing /home/airflow/.local/lib/python3.12/site-packages/airflow/example_dags/tutorial.py took 0.061 seconds
[2024-04-14T13:19:55.391+0000] {processor.py:161} INFO - Started process (PID=2325) to work on /home/airflow/.local/lib/python3.12/site-packages/airflow/example_dags/tutorial.py
[2024-04-14T13:19:55.391+0000] {processor.py:830} INFO - Processing file /home/airflow/.local/lib/python3.12/site-packages/airflow/example_dags/tutorial.py for tasks to queue
[2024-04-14T13:19:55.393+0000] {logging_mixin.py:188} INFO - [2024-04-14T13:19:55.392+0000] {dagbag.py:540} INFO - Filling up the DagBag from /home/airflow/.local/lib/python3.12/site-packages/airflow/example_dags/tutorial.py
[2024-04-14T13:19:55.397+0000] {processor.py:840} INFO - DAG(s) 'tutorial' retrieved from /home/airflow/.local/lib/python3.12/site-packages/airflow/example_dags/tutorial.py
[2024-04-14T13:19:55.413+0000] {logging_mixin.py:188} INFO - [2024-04-14T13:19:55.413+0000] {dag.py:3096} INFO - Sync 1 DAGs
[2024-04-14T13:19:55.432+0000] {logging_mixin.py:188} INFO - [2024-04-14T13:19:55.432+0000] {dag.py:3954} INFO - Setting next_dagrun for tutorial to 2024-04-13 00:00:00+00:00, run_after=2024-04-14 00:00:00+00:00
[2024-04-14T13:19:55.447+0000] {processor.py:183} INFO - Processing /home/airflow/.local/lib/python3.12/site-packages/airflow/example_dags/tutorial.py took 0.060 seconds
