[2024-05-02T02:08:33.992+0000] {local_task_job_runner.py:120} INFO - ::group::Pre task execution logs
[2024-05-02T02:08:34.018+0000] {taskinstance.py:2073} INFO - Dependencies all met for dep_context=non-requeueable deps ti=<TaskInstance: ingest_btc_data.insert_post_postgres_task manual__2024-05-02T02:08:30.084206+00:00 [queued]>
[2024-05-02T02:08:34.037+0000] {taskinstance.py:2073} INFO - Dependencies all met for dep_context=requeueable deps ti=<TaskInstance: ingest_btc_data.insert_post_postgres_task manual__2024-05-02T02:08:30.084206+00:00 [queued]>
[2024-05-02T02:08:34.038+0000] {taskinstance.py:2303} INFO - Starting attempt 1 of 2
[2024-05-02T02:08:34.076+0000] {taskinstance.py:2327} INFO - Executing <Task(PythonOperator): insert_post_postgres_task> on 2024-05-02 02:08:30.084206+00:00
[2024-05-02T02:08:34.091+0000] {warnings.py:110} WARNING - /home/***/.local/lib/python3.12/site-packages/***/task/task_runner/standard_task_runner.py:61: DeprecationWarning: This process (pid=2630) is multi-threaded, use of fork() may lead to deadlocks in the child.
  pid = os.fork()

[2024-05-02T02:08:34.093+0000] {standard_task_runner.py:63} INFO - Started process 2646 to run task
[2024-05-02T02:08:34.091+0000] {standard_task_runner.py:90} INFO - Running: ['***', 'tasks', 'run', 'ingest_btc_data', 'insert_post_postgres_task', 'manual__2024-05-02T02:08:30.084206+00:00', '--job-id', '76', '--raw', '--subdir', 'DAGS_FOLDER/ingest_btc_data.py', '--cfg-path', '/tmp/tmp258x07en']
[2024-05-02T02:08:34.096+0000] {standard_task_runner.py:91} INFO - Job 76: Subtask insert_post_postgres_task
[2024-05-02T02:08:34.160+0000] {task_command.py:426} INFO - Running <TaskInstance: ingest_btc_data.insert_post_postgres_task manual__2024-05-02T02:08:30.084206+00:00 [running]> on host 30e755686735
[2024-05-02T02:08:34.269+0000] {taskinstance.py:2644} INFO - Exporting env vars: AIRFLOW_CTX_DAG_EMAIL='nononsaa.david@gmail.com' AIRFLOW_CTX_DAG_OWNER='***' AIRFLOW_CTX_DAG_ID='ingest_btc_data' AIRFLOW_CTX_TASK_ID='insert_post_postgres_task' AIRFLOW_CTX_EXECUTION_DATE='2024-05-02T02:08:30.084206+00:00' AIRFLOW_CTX_TRY_NUMBER='1' AIRFLOW_CTX_DAG_RUN_ID='manual__2024-05-02T02:08:30.084206+00:00'
[2024-05-02T02:08:34.271+0000] {taskinstance.py:430} INFO - ::endgroup::
[2024-05-02T02:08:34.354+0000] {base.py:84} INFO - Using connection ID 'postgrecon' for task execution.
[2024-05-02T02:08:34.427+0000] {sql.py:580} INFO - Done loading. Loaded a total of 367 rows into t_btc_eur
[2024-05-02T02:08:34.429+0000] {python.py:237} INFO - Done. Returned value was: None
[2024-05-02T02:08:34.430+0000] {taskinstance.py:441} INFO - ::group::Post task execution logs
[2024-05-02T02:08:34.438+0000] {taskinstance.py:1205} INFO - Marking task as SUCCESS. dag_id=ingest_btc_data, task_id=insert_post_postgres_task, execution_date=20240502T020830, start_date=20240502T020834, end_date=20240502T020834
[2024-05-02T02:08:34.473+0000] {local_task_job_runner.py:240} INFO - Task exited with return code 0
[2024-05-02T02:08:34.490+0000] {taskinstance.py:3482} INFO - 0 downstream tasks scheduled from follow-on schedule check
[2024-05-02T02:08:34.491+0000] {local_task_job_runner.py:222} INFO - ::endgroup::
