[2024-05-02T00:28:08.066+0000] {local_task_job_runner.py:120} INFO - ::group::Pre task execution logs
[2024-05-02T00:28:08.163+0000] {taskinstance.py:2073} INFO - Dependencies all met for dep_context=non-requeueable deps ti=<TaskInstance: ingest_btc_data.create_table_btc_eur_postgres scheduled__2024-05-01T00:00:00+00:00 [queued]>
[2024-05-02T00:28:08.176+0000] {taskinstance.py:2073} INFO - Dependencies all met for dep_context=requeueable deps ti=<TaskInstance: ingest_btc_data.create_table_btc_eur_postgres scheduled__2024-05-01T00:00:00+00:00 [queued]>
[2024-05-02T00:28:08.178+0000] {taskinstance.py:2303} INFO - Starting attempt 1 of 2
[2024-05-02T00:28:08.258+0000] {taskinstance.py:2327} INFO - Executing <Task(PostgresOperator): create_table_btc_eur_postgres> on 2024-05-01 00:00:00+00:00
[2024-05-02T00:28:08.301+0000] {warnings.py:110} WARNING - /home/***/.local/lib/python3.12/site-packages/***/task/task_runner/standard_task_runner.py:61: DeprecationWarning: This process (pid=1254) is multi-threaded, use of fork() may lead to deadlocks in the child.
  pid = os.fork()

[2024-05-02T00:28:08.307+0000] {standard_task_runner.py:63} INFO - Started process 1305 to run task
[2024-05-02T00:28:08.313+0000] {standard_task_runner.py:90} INFO - Running: ['***', 'tasks', 'run', 'ingest_btc_data', 'create_table_btc_eur_postgres', 'scheduled__2024-05-01T00:00:00+00:00', '--job-id', '68', '--raw', '--subdir', 'DAGS_FOLDER/ingest_btc_data.py', '--cfg-path', '/tmp/tmp5zfvpy08']
[2024-05-02T00:28:08.323+0000] {standard_task_runner.py:91} INFO - Job 68: Subtask create_table_btc_eur_postgres
[2024-05-02T00:28:08.439+0000] {task_command.py:426} INFO - Running <TaskInstance: ingest_btc_data.create_table_btc_eur_postgres scheduled__2024-05-01T00:00:00+00:00 [running]> on host 30e755686735
[2024-05-02T00:28:08.757+0000] {taskinstance.py:2644} INFO - Exporting env vars: AIRFLOW_CTX_DAG_EMAIL='nononsaa.david@gmail.com' AIRFLOW_CTX_DAG_OWNER='***' AIRFLOW_CTX_DAG_ID='ingest_btc_data' AIRFLOW_CTX_TASK_ID='create_table_btc_eur_postgres' AIRFLOW_CTX_EXECUTION_DATE='2024-05-01T00:00:00+00:00' AIRFLOW_CTX_TRY_NUMBER='1' AIRFLOW_CTX_DAG_RUN_ID='scheduled__2024-05-01T00:00:00+00:00'
[2024-05-02T00:28:08.760+0000] {taskinstance.py:430} INFO - ::endgroup::
[2024-05-02T00:28:08.791+0000] {sql.py:276} INFO - Executing: 

            DROP TABLE IF EXISTS t_btc_eur;

            CREATE TABLE IF NOT EXISTS t_btc_eur(
            id_btc_eur SERIAL PRIMARY KEY,
            date DATE,
            open DECIMAL,
            high DECIMAL,
            low DECIMAL,
            close DECIMAL,
            adj_close DECIMAL,
            volume BIGINT
        );
        
[2024-05-02T00:28:08.844+0000] {base.py:84} INFO - Using connection ID 'postgrecon' for task execution.
[2024-05-02T00:28:08.892+0000] {base.py:84} INFO - Using connection ID 'postgrecon' for task execution.
[2024-05-02T00:28:08.927+0000] {sql.py:457} INFO - Running statement: 

            DROP TABLE IF EXISTS t_btc_eur;

            CREATE TABLE IF NOT EXISTS t_btc_eur(
            id_btc_eur SERIAL PRIMARY KEY,
            date DATE,
            open DECIMAL,
            high DECIMAL,
            low DECIMAL,
            close DECIMAL,
            adj_close DECIMAL,
            volume BIGINT
        );
        , parameters: None
[2024-05-02T00:28:08.947+0000] {warnings.py:110} WARNING - /home/***/.local/lib/python3.12/site-packages/***/providers/common/sql/hooks/sql.py:407: AirflowProviderDeprecationWarning: Call to deprecated method _make_common_data_structure. (The `_make_serializable` method is deprecated and support will be removed in a future version of the common.sql provider. Please update the DbApiHook's provider to a version based on common.sql >= 1.9.1.)
  result = self._make_common_data_structure(handler(cur))

[2024-05-02T00:28:08.960+0000] {taskinstance.py:441} INFO - ::group::Post task execution logs
[2024-05-02T00:28:08.973+0000] {taskinstance.py:1205} INFO - Marking task as SUCCESS. dag_id=ingest_btc_data, task_id=create_table_btc_eur_postgres, execution_date=20240501T000000, start_date=20240502T002808, end_date=20240502T002808
[2024-05-02T00:28:09.027+0000] {local_task_job_runner.py:240} INFO - Task exited with return code 0
[2024-05-02T00:28:09.059+0000] {taskinstance.py:3482} INFO - 0 downstream tasks scheduled from follow-on schedule check
[2024-05-02T00:28:09.080+0000] {local_task_job_runner.py:222} INFO - ::endgroup::
