[2024-05-02T00:00:02.249+0000] {local_task_job_runner.py:120} INFO - ::group::Pre task execution logs
[2024-05-02T00:00:02.272+0000] {taskinstance.py:2073} INFO - Dependencies all met for dep_context=non-requeueable deps ti=<TaskInstance: bash_dag_example.first_bash_task scheduled__2024-05-01T00:00:00+00:00 [queued]>
[2024-05-02T00:00:02.281+0000] {taskinstance.py:2073} INFO - Dependencies all met for dep_context=requeueable deps ti=<TaskInstance: bash_dag_example.first_bash_task scheduled__2024-05-01T00:00:00+00:00 [queued]>
[2024-05-02T00:00:02.281+0000] {taskinstance.py:2303} INFO - Starting attempt 1 of 1
[2024-05-02T00:00:02.295+0000] {taskinstance.py:2327} INFO - Executing <Task(BashOperator): first_bash_task> on 2024-05-01 00:00:00+00:00
[2024-05-02T00:00:02.302+0000] {warnings.py:110} WARNING - /home/***/.local/lib/python3.12/site-packages/***/task/task_runner/standard_task_runner.py:61: DeprecationWarning: This process (pid=888) is multi-threaded, use of fork() may lead to deadlocks in the child.
  pid = os.fork()

[2024-05-02T00:00:02.303+0000] {standard_task_runner.py:63} INFO - Started process 889 to run task
[2024-05-02T00:00:02.303+0000] {standard_task_runner.py:90} INFO - Running: ['***', 'tasks', 'run', 'bash_dag_example', 'first_bash_task', 'scheduled__2024-05-01T00:00:00+00:00', '--job-id', '53', '--raw', '--subdir', 'DAGS_FOLDER/bashexample.py', '--cfg-path', '/tmp/tmpu__h7_yv']
[2024-05-02T00:00:02.305+0000] {standard_task_runner.py:91} INFO - Job 53: Subtask first_bash_task
[2024-05-02T00:00:02.340+0000] {task_command.py:426} INFO - Running <TaskInstance: bash_dag_example.first_bash_task scheduled__2024-05-01T00:00:00+00:00 [running]> on host 30e755686735
[2024-05-02T00:00:02.425+0000] {taskinstance.py:2644} INFO - Exporting env vars: AIRFLOW_CTX_DAG_OWNER='***' AIRFLOW_CTX_DAG_ID='bash_dag_example' AIRFLOW_CTX_TASK_ID='first_bash_task' AIRFLOW_CTX_EXECUTION_DATE='2024-05-01T00:00:00+00:00' AIRFLOW_CTX_TRY_NUMBER='1' AIRFLOW_CTX_DAG_RUN_ID='scheduled__2024-05-01T00:00:00+00:00'
[2024-05-02T00:00:02.426+0000] {taskinstance.py:430} INFO - ::endgroup::
[2024-05-02T00:00:02.462+0000] {subprocess.py:63} INFO - Tmp dir root location: /tmp
[2024-05-02T00:00:02.463+0000] {subprocess.py:75} INFO - Running command: ['/usr/bin/bash', '-c', 'whoami;echo Dave Saa']
[2024-05-02T00:00:02.474+0000] {subprocess.py:86} INFO - Output:
[2024-05-02T00:00:02.481+0000] {subprocess.py:93} INFO - default
[2024-05-02T00:00:02.482+0000] {subprocess.py:93} INFO - Dave Saa
[2024-05-02T00:00:02.482+0000] {subprocess.py:97} INFO - Command exited with return code 0
[2024-05-02T00:00:02.483+0000] {taskinstance.py:441} INFO - ::group::Post task execution logs
[2024-05-02T00:00:02.503+0000] {taskinstance.py:1205} INFO - Marking task as SUCCESS. dag_id=bash_dag_example, task_id=first_bash_task, execution_date=20240501T000000, start_date=20240502T000002, end_date=20240502T000002
[2024-05-02T00:00:02.558+0000] {local_task_job_runner.py:240} INFO - Task exited with return code 0
[2024-05-02T00:00:02.572+0000] {taskinstance.py:3482} INFO - 0 downstream tasks scheduled from follow-on schedule check
[2024-05-02T00:00:02.573+0000] {local_task_job_runner.py:222} INFO - ::endgroup::
