[2024-04-25T14:19:51.298+0000] {processor.py:161} INFO - Started process (PID=28) to work on /opt/airflow/dags/ingest_btc_data.py
[2024-04-25T14:19:51.303+0000] {processor.py:830} INFO - Processing file /opt/airflow/dags/ingest_btc_data.py for tasks to queue
[2024-04-25T14:19:51.306+0000] {logging_mixin.py:188} INFO - [2024-04-25T14:19:51.306+0000] {dagbag.py:540} INFO - Filling up the DagBag from /opt/airflow/dags/ingest_btc_data.py
[2024-04-25T14:19:52.361+0000] {processor.py:840} INFO - DAG(s) 'ingest_btc_data' retrieved from /opt/airflow/dags/ingest_btc_data.py
[2024-04-25T14:19:52.415+0000] {logging_mixin.py:188} INFO - [2024-04-25T14:19:52.414+0000] {dag.py:3096} INFO - Sync 1 DAGs
[2024-04-25T14:19:52.453+0000] {logging_mixin.py:188} INFO - [2024-04-25T14:19:52.452+0000] {dag.py:3954} INFO - Setting next_dagrun for ingest_btc_data to 2024-04-24 00:00:00+00:00, run_after=2024-04-25 00:00:00+00:00
[2024-04-25T14:19:52.486+0000] {processor.py:183} INFO - Processing /opt/airflow/dags/ingest_btc_data.py took 1.199 seconds
[2024-04-25T14:20:22.954+0000] {processor.py:161} INFO - Started process (PID=38) to work on /opt/airflow/dags/ingest_btc_data.py
[2024-04-25T14:20:22.955+0000] {processor.py:830} INFO - Processing file /opt/airflow/dags/ingest_btc_data.py for tasks to queue
[2024-04-25T14:20:22.957+0000] {logging_mixin.py:188} INFO - [2024-04-25T14:20:22.956+0000] {dagbag.py:540} INFO - Filling up the DagBag from /opt/airflow/dags/ingest_btc_data.py
[2024-04-25T14:20:24.071+0000] {processor.py:840} INFO - DAG(s) 'ingest_btc_data' retrieved from /opt/airflow/dags/ingest_btc_data.py
[2024-04-25T14:20:24.098+0000] {logging_mixin.py:188} INFO - [2024-04-25T14:20:24.097+0000] {dag.py:3096} INFO - Sync 1 DAGs
[2024-04-25T14:20:24.115+0000] {logging_mixin.py:188} INFO - [2024-04-25T14:20:24.115+0000] {dag.py:3954} INFO - Setting next_dagrun for ingest_btc_data to 2024-04-24 00:00:00+00:00, run_after=2024-04-25 00:00:00+00:00
[2024-04-25T14:20:24.129+0000] {processor.py:183} INFO - Processing /opt/airflow/dags/ingest_btc_data.py took 1.180 seconds
[2024-04-25T14:20:54.304+0000] {processor.py:161} INFO - Started process (PID=47) to work on /opt/airflow/dags/ingest_btc_data.py
[2024-04-25T14:20:54.304+0000] {processor.py:830} INFO - Processing file /opt/airflow/dags/ingest_btc_data.py for tasks to queue
[2024-04-25T14:20:54.306+0000] {logging_mixin.py:188} INFO - [2024-04-25T14:20:54.306+0000] {dagbag.py:540} INFO - Filling up the DagBag from /opt/airflow/dags/ingest_btc_data.py
[2024-04-25T14:20:54.787+0000] {processor.py:840} INFO - DAG(s) 'ingest_btc_data' retrieved from /opt/airflow/dags/ingest_btc_data.py
[2024-04-25T14:20:54.806+0000] {logging_mixin.py:188} INFO - [2024-04-25T14:20:54.805+0000] {dag.py:3096} INFO - Sync 1 DAGs
[2024-04-25T14:20:54.823+0000] {logging_mixin.py:188} INFO - [2024-04-25T14:20:54.823+0000] {dag.py:3954} INFO - Setting next_dagrun for ingest_btc_data to 2024-04-24 00:00:00+00:00, run_after=2024-04-25 00:00:00+00:00
[2024-04-25T14:20:54.838+0000] {processor.py:183} INFO - Processing /opt/airflow/dags/ingest_btc_data.py took 0.538 seconds
[2024-04-25T14:21:25.603+0000] {processor.py:161} INFO - Started process (PID=56) to work on /opt/airflow/dags/ingest_btc_data.py
[2024-04-25T14:21:25.604+0000] {processor.py:830} INFO - Processing file /opt/airflow/dags/ingest_btc_data.py for tasks to queue
[2024-04-25T14:21:25.606+0000] {logging_mixin.py:188} INFO - [2024-04-25T14:21:25.606+0000] {dagbag.py:540} INFO - Filling up the DagBag from /opt/airflow/dags/ingest_btc_data.py
[2024-04-25T14:21:26.030+0000] {processor.py:840} INFO - DAG(s) 'ingest_btc_data' retrieved from /opt/airflow/dags/ingest_btc_data.py
[2024-04-25T14:21:26.049+0000] {logging_mixin.py:188} INFO - [2024-04-25T14:21:26.049+0000] {dag.py:3096} INFO - Sync 1 DAGs
[2024-04-25T14:21:26.067+0000] {logging_mixin.py:188} INFO - [2024-04-25T14:21:26.067+0000] {dag.py:3954} INFO - Setting next_dagrun for ingest_btc_data to 2024-04-24 00:00:00+00:00, run_after=2024-04-25 00:00:00+00:00
[2024-04-25T14:21:26.082+0000] {processor.py:183} INFO - Processing /opt/airflow/dags/ingest_btc_data.py took 0.484 seconds
[2024-04-25T14:21:56.860+0000] {processor.py:161} INFO - Started process (PID=65) to work on /opt/airflow/dags/ingest_btc_data.py
[2024-04-25T14:21:56.861+0000] {processor.py:830} INFO - Processing file /opt/airflow/dags/ingest_btc_data.py for tasks to queue
[2024-04-25T14:21:56.863+0000] {logging_mixin.py:188} INFO - [2024-04-25T14:21:56.862+0000] {dagbag.py:540} INFO - Filling up the DagBag from /opt/airflow/dags/ingest_btc_data.py
[2024-04-25T14:21:57.526+0000] {processor.py:840} INFO - DAG(s) 'ingest_btc_data' retrieved from /opt/airflow/dags/ingest_btc_data.py
[2024-04-25T14:21:57.549+0000] {logging_mixin.py:188} INFO - [2024-04-25T14:21:57.548+0000] {dag.py:3096} INFO - Sync 1 DAGs
[2024-04-25T14:21:57.570+0000] {logging_mixin.py:188} INFO - [2024-04-25T14:21:57.570+0000] {dag.py:3954} INFO - Setting next_dagrun for ingest_btc_data to 2024-04-24 00:00:00+00:00, run_after=2024-04-25 00:00:00+00:00
[2024-04-25T14:21:57.586+0000] {processor.py:183} INFO - Processing /opt/airflow/dags/ingest_btc_data.py took 0.733 seconds
[2024-04-25T14:37:02.542+0000] {processor.py:161} INFO - Started process (PID=29) to work on /opt/airflow/dags/ingest_btc_data.py
[2024-04-25T14:37:02.543+0000] {processor.py:830} INFO - Processing file /opt/airflow/dags/ingest_btc_data.py for tasks to queue
[2024-04-25T14:37:02.546+0000] {logging_mixin.py:188} INFO - [2024-04-25T14:37:02.546+0000] {dagbag.py:540} INFO - Filling up the DagBag from /opt/airflow/dags/ingest_btc_data.py
[2024-04-25T14:37:04.163+0000] {processor.py:840} INFO - DAG(s) 'ingest_btc_data' retrieved from /opt/airflow/dags/ingest_btc_data.py
[2024-04-25T14:37:04.246+0000] {logging_mixin.py:188} INFO - [2024-04-25T14:37:04.244+0000] {dag.py:3096} INFO - Sync 1 DAGs
[2024-04-25T14:37:04.311+0000] {logging_mixin.py:188} INFO - [2024-04-25T14:37:04.310+0000] {dag.py:3954} INFO - Setting next_dagrun for ingest_btc_data to 2024-04-24 00:00:00+00:00, run_after=2024-04-25 00:00:00+00:00
[2024-04-25T14:37:04.349+0000] {processor.py:183} INFO - Processing /opt/airflow/dags/ingest_btc_data.py took 1.815 seconds
