[2024-05-01T21:30:30.640+0000] {local_task_job_runner.py:120} INFO - ::group::Pre task execution logs
[2024-05-01T21:30:30.660+0000] {taskinstance.py:2073} INFO - Dependencies all met for dep_context=non-requeueable deps ti=<TaskInstance: bash_dag_example.first_bash_task scheduled__2024-04-30T00:00:00+00:00 [queued]>
[2024-05-01T21:30:30.668+0000] {taskinstance.py:2073} INFO - Dependencies all met for dep_context=requeueable deps ti=<TaskInstance: bash_dag_example.first_bash_task scheduled__2024-04-30T00:00:00+00:00 [queued]>
[2024-05-01T21:30:30.669+0000] {taskinstance.py:2303} INFO - Starting attempt 1 of 1
[2024-05-01T21:30:30.682+0000] {taskinstance.py:2327} INFO - Executing <Task(BashOperator): first_bash_task> on 2024-04-30 00:00:00+00:00
[2024-05-01T21:30:30.688+0000] {warnings.py:110} WARNING - /home/***/.local/lib/python3.12/site-packages/***/task/task_runner/standard_task_runner.py:61: DeprecationWarning: This process (pid=47) is multi-threaded, use of fork() may lead to deadlocks in the child.
  pid = os.fork()

[2024-05-01T21:30:30.690+0000] {standard_task_runner.py:63} INFO - Started process 48 to run task
[2024-05-01T21:30:30.690+0000] {standard_task_runner.py:90} INFO - Running: ['***', 'tasks', 'run', 'bash_dag_example', 'first_bash_task', 'scheduled__2024-04-30T00:00:00+00:00', '--job-id', '50', '--raw', '--subdir', 'DAGS_FOLDER/bashexample.py', '--cfg-path', '/tmp/tmpv45uj4rx']
[2024-05-01T21:30:30.692+0000] {standard_task_runner.py:91} INFO - Job 50: Subtask first_bash_task
[2024-05-01T21:30:30.729+0000] {task_command.py:426} INFO - Running <TaskInstance: bash_dag_example.first_bash_task scheduled__2024-04-30T00:00:00+00:00 [running]> on host 45f0851514ff
[2024-05-01T21:30:30.806+0000] {taskinstance.py:2644} INFO - Exporting env vars: AIRFLOW_CTX_DAG_OWNER='***' AIRFLOW_CTX_DAG_ID='bash_dag_example' AIRFLOW_CTX_TASK_ID='first_bash_task' AIRFLOW_CTX_EXECUTION_DATE='2024-04-30T00:00:00+00:00' AIRFLOW_CTX_TRY_NUMBER='1' AIRFLOW_CTX_DAG_RUN_ID='scheduled__2024-04-30T00:00:00+00:00'
[2024-05-01T21:30:30.807+0000] {taskinstance.py:430} INFO - ::endgroup::
[2024-05-01T21:30:30.834+0000] {subprocess.py:63} INFO - Tmp dir root location: /tmp
[2024-05-01T21:30:30.835+0000] {subprocess.py:75} INFO - Running command: ['/usr/bin/bash', '-c', 'whoami;echo Dave Saa']
[2024-05-01T21:30:30.844+0000] {subprocess.py:86} INFO - Output:
[2024-05-01T21:30:30.847+0000] {subprocess.py:93} INFO - default
[2024-05-01T21:30:30.848+0000] {subprocess.py:93} INFO - Dave Saa
[2024-05-01T21:30:30.848+0000] {subprocess.py:97} INFO - Command exited with return code 0
[2024-05-01T21:30:30.849+0000] {taskinstance.py:441} INFO - ::group::Post task execution logs
[2024-05-01T21:30:30.869+0000] {taskinstance.py:1205} INFO - Marking task as SUCCESS. dag_id=bash_dag_example, task_id=first_bash_task, execution_date=20240430T000000, start_date=20240501T213030, end_date=20240501T213030
[2024-05-01T21:30:30.904+0000] {local_task_job_runner.py:240} INFO - Task exited with return code 0
[2024-05-01T21:30:30.919+0000] {taskinstance.py:3482} INFO - 0 downstream tasks scheduled from follow-on schedule check
[2024-05-01T21:30:30.921+0000] {local_task_job_runner.py:222} INFO - ::endgroup::
