[2024-05-02T00:28:07.588+0000] {local_task_job_runner.py:120} INFO - ::group::Pre task execution logs
[2024-05-02T00:28:07.652+0000] {taskinstance.py:2073} INFO - Dependencies all met for dep_context=non-requeueable deps ti=<TaskInstance: ingest_btc_data.insert_post_mysql_task manual__2024-04-14T15:15:15.060807+00:00 [queued]>
[2024-05-02T00:28:07.690+0000] {taskinstance.py:2073} INFO - Dependencies all met for dep_context=requeueable deps ti=<TaskInstance: ingest_btc_data.insert_post_mysql_task manual__2024-04-14T15:15:15.060807+00:00 [queued]>
[2024-05-02T00:28:07.690+0000] {taskinstance.py:2303} INFO - Starting attempt 1 of 2
[2024-05-02T00:28:07.780+0000] {taskinstance.py:2327} INFO - Executing <Task(PythonOperator): insert_post_mysql_task> on 2024-04-14 15:15:15.060807+00:00
[2024-05-02T00:28:07.834+0000] {warnings.py:110} WARNING - /home/***/.local/lib/python3.12/site-packages/***/task/task_runner/standard_task_runner.py:61: DeprecationWarning: This process (pid=1264) is multi-threaded, use of fork() may lead to deadlocks in the child.
  pid = os.fork()

[2024-05-02T00:28:07.878+0000] {standard_task_runner.py:63} INFO - Started process 1303 to run task
[2024-05-02T00:28:07.872+0000] {standard_task_runner.py:90} INFO - Running: ['***', 'tasks', 'run', 'ingest_btc_data', 'insert_post_mysql_task', 'manual__2024-04-14T15:15:15.060807+00:00', '--job-id', '66', '--raw', '--subdir', 'DAGS_FOLDER/ingest_btc_data.py', '--cfg-path', '/tmp/tmp351i6s08']
[2024-05-02T00:28:07.889+0000] {standard_task_runner.py:91} INFO - Job 66: Subtask insert_post_mysql_task
[2024-05-02T00:28:08.127+0000] {task_command.py:426} INFO - Running <TaskInstance: ingest_btc_data.insert_post_mysql_task manual__2024-04-14T15:15:15.060807+00:00 [running]> on host 30e755686735
[2024-05-02T00:28:08.457+0000] {taskinstance.py:2644} INFO - Exporting env vars: AIRFLOW_CTX_DAG_EMAIL='nononsaa.david@gmail.com' AIRFLOW_CTX_DAG_OWNER='***' AIRFLOW_CTX_DAG_ID='ingest_btc_data' AIRFLOW_CTX_TASK_ID='insert_post_mysql_task' AIRFLOW_CTX_EXECUTION_DATE='2024-04-14T15:15:15.060807+00:00' AIRFLOW_CTX_TRY_NUMBER='1' AIRFLOW_CTX_DAG_RUN_ID='manual__2024-04-14T15:15:15.060807+00:00'
[2024-05-02T00:28:08.460+0000] {taskinstance.py:430} INFO - ::endgroup::
[2024-05-02T00:28:08.838+0000] {base.py:84} INFO - Using connection ID 'mysqlcon' for task execution.
[2024-05-02T00:28:08.996+0000] {sql.py:580} INFO - Done loading. Loaded a total of 367 rows into t_btc_eur
[2024-05-02T00:28:08.997+0000] {python.py:237} INFO - Done. Returned value was: None
[2024-05-02T00:28:09.000+0000] {taskinstance.py:441} INFO - ::group::Post task execution logs
[2024-05-02T00:28:09.029+0000] {taskinstance.py:1205} INFO - Marking task as SUCCESS. dag_id=ingest_btc_data, task_id=insert_post_mysql_task, execution_date=20240414T151515, start_date=20240502T002807, end_date=20240502T002809
[2024-05-02T00:28:09.081+0000] {local_task_job_runner.py:240} INFO - Task exited with return code 0
[2024-05-02T00:28:09.099+0000] {taskinstance.py:3482} INFO - 0 downstream tasks scheduled from follow-on schedule check
[2024-05-02T00:28:09.148+0000] {local_task_job_runner.py:222} INFO - ::endgroup::
