[2024-05-02T00:28:11.194+0000] {local_task_job_runner.py:120} INFO - ::group::Pre task execution logs
[2024-05-02T00:28:11.214+0000] {taskinstance.py:2073} INFO - Dependencies all met for dep_context=non-requeueable deps ti=<TaskInstance: ingest_btc_data.create_table_btc_eur_postgres manual__2024-05-02T00:27:48.667551+00:00 [queued]>
[2024-05-02T00:28:11.223+0000] {taskinstance.py:2073} INFO - Dependencies all met for dep_context=requeueable deps ti=<TaskInstance: ingest_btc_data.create_table_btc_eur_postgres manual__2024-05-02T00:27:48.667551+00:00 [queued]>
[2024-05-02T00:28:11.224+0000] {taskinstance.py:2303} INFO - Starting attempt 1 of 2
[2024-05-02T00:28:11.248+0000] {taskinstance.py:2327} INFO - Executing <Task(PostgresOperator): create_table_btc_eur_postgres> on 2024-05-02 00:27:48.667551+00:00
[2024-05-02T00:28:11.258+0000] {warnings.py:110} WARNING - /home/***/.local/lib/python3.12/site-packages/***/task/task_runner/standard_task_runner.py:61: DeprecationWarning: This process (pid=1310) is multi-threaded, use of fork() may lead to deadlocks in the child.
  pid = os.fork()

[2024-05-02T00:28:11.261+0000] {standard_task_runner.py:63} INFO - Started process 1320 to run task
[2024-05-02T00:28:11.262+0000] {standard_task_runner.py:90} INFO - Running: ['***', 'tasks', 'run', 'ingest_btc_data', 'create_table_btc_eur_postgres', 'manual__2024-05-02T00:27:48.667551+00:00', '--job-id', '73', '--raw', '--subdir', 'DAGS_FOLDER/ingest_btc_data.py', '--cfg-path', '/tmp/tmp_zo1rlxh']
[2024-05-02T00:28:11.267+0000] {standard_task_runner.py:91} INFO - Job 73: Subtask create_table_btc_eur_postgres
[2024-05-02T00:28:11.339+0000] {task_command.py:426} INFO - Running <TaskInstance: ingest_btc_data.create_table_btc_eur_postgres manual__2024-05-02T00:27:48.667551+00:00 [running]> on host 30e755686735
[2024-05-02T00:28:11.518+0000] {taskinstance.py:2644} INFO - Exporting env vars: AIRFLOW_CTX_DAG_EMAIL='nononsaa.david@gmail.com' AIRFLOW_CTX_DAG_OWNER='***' AIRFLOW_CTX_DAG_ID='ingest_btc_data' AIRFLOW_CTX_TASK_ID='create_table_btc_eur_postgres' AIRFLOW_CTX_EXECUTION_DATE='2024-05-02T00:27:48.667551+00:00' AIRFLOW_CTX_TRY_NUMBER='1' AIRFLOW_CTX_DAG_RUN_ID='manual__2024-05-02T00:27:48.667551+00:00'
[2024-05-02T00:28:11.522+0000] {taskinstance.py:430} INFO - ::endgroup::
[2024-05-02T00:28:11.544+0000] {sql.py:276} INFO - Executing: 

            DROP TABLE IF EXISTS t_btc_eur;

            CREATE TABLE IF NOT EXISTS t_btc_eur(
            id_btc_eur SERIAL PRIMARY KEY,
            date DATE,
            open DECIMAL,
            high DECIMAL,
            low DECIMAL,
            close DECIMAL,
            adj_close DECIMAL,
            volume BIGINT
        );
        
[2024-05-02T00:28:11.557+0000] {base.py:84} INFO - Using connection ID 'postgrecon' for task execution.
[2024-05-02T00:28:11.568+0000] {base.py:84} INFO - Using connection ID 'postgrecon' for task execution.
[2024-05-02T00:28:11.575+0000] {sql.py:457} INFO - Running statement: 

            DROP TABLE IF EXISTS t_btc_eur;

            CREATE TABLE IF NOT EXISTS t_btc_eur(
            id_btc_eur SERIAL PRIMARY KEY,
            date DATE,
            open DECIMAL,
            high DECIMAL,
            low DECIMAL,
            close DECIMAL,
            adj_close DECIMAL,
            volume BIGINT
        );
        , parameters: None
[2024-05-02T00:28:11.590+0000] {warnings.py:110} WARNING - /home/***/.local/lib/python3.12/site-packages/***/providers/common/sql/hooks/sql.py:407: AirflowProviderDeprecationWarning: Call to deprecated method _make_common_data_structure. (The `_make_serializable` method is deprecated and support will be removed in a future version of the common.sql provider. Please update the DbApiHook's provider to a version based on common.sql >= 1.9.1.)
  result = self._make_common_data_structure(handler(cur))

[2024-05-02T00:28:11.593+0000] {taskinstance.py:441} INFO - ::group::Post task execution logs
[2024-05-02T00:28:11.607+0000] {taskinstance.py:1205} INFO - Marking task as SUCCESS. dag_id=ingest_btc_data, task_id=create_table_btc_eur_postgres, execution_date=20240502T002748, start_date=20240502T002811, end_date=20240502T002811
[2024-05-02T00:28:11.640+0000] {local_task_job_runner.py:240} INFO - Task exited with return code 0
[2024-05-02T00:28:11.661+0000] {taskinstance.py:3482} INFO - 0 downstream tasks scheduled from follow-on schedule check
[2024-05-02T00:28:11.662+0000] {local_task_job_runner.py:222} INFO - ::endgroup::
