[2024-04-15T00:00:06.021+0000] {processor.py:161} INFO - Started process (PID=1909) to work on /opt/airflow/dags/bashexample.py
[2024-04-15T00:00:06.022+0000] {processor.py:830} INFO - Processing file /opt/airflow/dags/bashexample.py for tasks to queue
[2024-04-15T00:00:06.022+0000] {logging_mixin.py:188} INFO - [2024-04-15T00:00:06.022+0000] {dagbag.py:540} INFO - Filling up the DagBag from /opt/airflow/dags/bashexample.py
[2024-04-15T00:00:06.038+0000] {processor.py:840} INFO - DAG(s) 'bash_dag_example' retrieved from /opt/airflow/dags/bashexample.py
[2024-04-15T00:00:06.055+0000] {logging_mixin.py:188} INFO - [2024-04-15T00:00:06.055+0000] {dag.py:3096} INFO - Sync 1 DAGs
[2024-04-15T00:00:06.074+0000] {logging_mixin.py:188} INFO - [2024-04-15T00:00:06.073+0000] {dag.py:3954} INFO - Setting next_dagrun for bash_dag_example to 2024-04-15 00:00:00+00:00, run_after=2024-04-16 00:00:00+00:00
[2024-04-15T00:00:06.089+0000] {processor.py:183} INFO - Processing /opt/airflow/dags/bashexample.py took 0.072 seconds
[2024-04-15T00:00:36.288+0000] {processor.py:161} INFO - Started process (PID=1917) to work on /opt/airflow/dags/bashexample.py
[2024-04-15T00:00:36.289+0000] {processor.py:830} INFO - Processing file /opt/airflow/dags/bashexample.py for tasks to queue
[2024-04-15T00:00:36.291+0000] {logging_mixin.py:188} INFO - [2024-04-15T00:00:36.290+0000] {dagbag.py:540} INFO - Filling up the DagBag from /opt/airflow/dags/bashexample.py
[2024-04-15T00:00:36.307+0000] {processor.py:840} INFO - DAG(s) 'bash_dag_example' retrieved from /opt/airflow/dags/bashexample.py
[2024-04-15T00:00:36.323+0000] {logging_mixin.py:188} INFO - [2024-04-15T00:00:36.323+0000] {dag.py:3096} INFO - Sync 1 DAGs
[2024-04-15T00:00:36.343+0000] {logging_mixin.py:188} INFO - [2024-04-15T00:00:36.343+0000] {dag.py:3954} INFO - Setting next_dagrun for bash_dag_example to 2024-04-15 00:00:00+00:00, run_after=2024-04-16 00:00:00+00:00
[2024-04-15T00:00:36.357+0000] {processor.py:183} INFO - Processing /opt/airflow/dags/bashexample.py took 0.075 seconds
[2024-04-15T00:01:06.609+0000] {processor.py:161} INFO - Started process (PID=1925) to work on /opt/airflow/dags/bashexample.py
[2024-04-15T00:01:06.610+0000] {processor.py:830} INFO - Processing file /opt/airflow/dags/bashexample.py for tasks to queue
[2024-04-15T00:01:06.611+0000] {logging_mixin.py:188} INFO - [2024-04-15T00:01:06.611+0000] {dagbag.py:540} INFO - Filling up the DagBag from /opt/airflow/dags/bashexample.py
[2024-04-15T00:01:06.628+0000] {processor.py:840} INFO - DAG(s) 'bash_dag_example' retrieved from /opt/airflow/dags/bashexample.py
[2024-04-15T00:01:06.647+0000] {logging_mixin.py:188} INFO - [2024-04-15T00:01:06.647+0000] {dag.py:3096} INFO - Sync 1 DAGs
[2024-04-15T00:01:06.668+0000] {logging_mixin.py:188} INFO - [2024-04-15T00:01:06.667+0000] {dag.py:3954} INFO - Setting next_dagrun for bash_dag_example to 2024-04-15 00:00:00+00:00, run_after=2024-04-16 00:00:00+00:00
[2024-04-15T00:01:06.691+0000] {processor.py:183} INFO - Processing /opt/airflow/dags/bashexample.py took 0.086 seconds
[2024-04-15T00:01:36.876+0000] {processor.py:161} INFO - Started process (PID=1933) to work on /opt/airflow/dags/bashexample.py
[2024-04-15T00:01:36.876+0000] {processor.py:830} INFO - Processing file /opt/airflow/dags/bashexample.py for tasks to queue
[2024-04-15T00:01:36.877+0000] {logging_mixin.py:188} INFO - [2024-04-15T00:01:36.877+0000] {dagbag.py:540} INFO - Filling up the DagBag from /opt/airflow/dags/bashexample.py
[2024-04-15T00:01:36.892+0000] {processor.py:840} INFO - DAG(s) 'bash_dag_example' retrieved from /opt/airflow/dags/bashexample.py
[2024-04-15T00:01:36.909+0000] {logging_mixin.py:188} INFO - [2024-04-15T00:01:36.909+0000] {dag.py:3096} INFO - Sync 1 DAGs
[2024-04-15T00:01:36.929+0000] {logging_mixin.py:188} INFO - [2024-04-15T00:01:36.929+0000] {dag.py:3954} INFO - Setting next_dagrun for bash_dag_example to 2024-04-15 00:00:00+00:00, run_after=2024-04-16 00:00:00+00:00
[2024-04-15T00:01:36.945+0000] {processor.py:183} INFO - Processing /opt/airflow/dags/bashexample.py took 0.073 seconds
[2024-04-15T00:02:07.138+0000] {processor.py:161} INFO - Started process (PID=1941) to work on /opt/airflow/dags/bashexample.py
[2024-04-15T00:02:07.140+0000] {processor.py:830} INFO - Processing file /opt/airflow/dags/bashexample.py for tasks to queue
[2024-04-15T00:02:07.141+0000] {logging_mixin.py:188} INFO - [2024-04-15T00:02:07.140+0000] {dagbag.py:540} INFO - Filling up the DagBag from /opt/airflow/dags/bashexample.py
[2024-04-15T00:02:07.156+0000] {processor.py:840} INFO - DAG(s) 'bash_dag_example' retrieved from /opt/airflow/dags/bashexample.py
[2024-04-15T00:02:07.174+0000] {logging_mixin.py:188} INFO - [2024-04-15T00:02:07.173+0000] {dag.py:3096} INFO - Sync 1 DAGs
[2024-04-15T00:02:07.192+0000] {logging_mixin.py:188} INFO - [2024-04-15T00:02:07.192+0000] {dag.py:3954} INFO - Setting next_dagrun for bash_dag_example to 2024-04-15 00:00:00+00:00, run_after=2024-04-16 00:00:00+00:00
[2024-04-15T00:02:07.207+0000] {processor.py:183} INFO - Processing /opt/airflow/dags/bashexample.py took 0.073 seconds
[2024-04-15T00:02:37.383+0000] {processor.py:161} INFO - Started process (PID=1949) to work on /opt/airflow/dags/bashexample.py
[2024-04-15T00:02:37.384+0000] {processor.py:830} INFO - Processing file /opt/airflow/dags/bashexample.py for tasks to queue
[2024-04-15T00:02:37.385+0000] {logging_mixin.py:188} INFO - [2024-04-15T00:02:37.384+0000] {dagbag.py:540} INFO - Filling up the DagBag from /opt/airflow/dags/bashexample.py
[2024-04-15T00:02:37.401+0000] {processor.py:840} INFO - DAG(s) 'bash_dag_example' retrieved from /opt/airflow/dags/bashexample.py
[2024-04-15T00:02:37.419+0000] {logging_mixin.py:188} INFO - [2024-04-15T00:02:37.419+0000] {dag.py:3096} INFO - Sync 1 DAGs
[2024-04-15T00:02:37.450+0000] {logging_mixin.py:188} INFO - [2024-04-15T00:02:37.450+0000] {dag.py:3954} INFO - Setting next_dagrun for bash_dag_example to 2024-04-15 00:00:00+00:00, run_after=2024-04-16 00:00:00+00:00
[2024-04-15T00:02:37.478+0000] {processor.py:183} INFO - Processing /opt/airflow/dags/bashexample.py took 0.099 seconds
[2024-04-15T00:03:07.653+0000] {processor.py:161} INFO - Started process (PID=1957) to work on /opt/airflow/dags/bashexample.py
[2024-04-15T00:03:07.654+0000] {processor.py:830} INFO - Processing file /opt/airflow/dags/bashexample.py for tasks to queue
[2024-04-15T00:03:07.655+0000] {logging_mixin.py:188} INFO - [2024-04-15T00:03:07.655+0000] {dagbag.py:540} INFO - Filling up the DagBag from /opt/airflow/dags/bashexample.py
[2024-04-15T00:03:07.676+0000] {processor.py:840} INFO - DAG(s) 'bash_dag_example' retrieved from /opt/airflow/dags/bashexample.py
[2024-04-15T00:03:07.699+0000] {logging_mixin.py:188} INFO - [2024-04-15T00:03:07.699+0000] {dag.py:3096} INFO - Sync 1 DAGs
[2024-04-15T00:03:07.723+0000] {logging_mixin.py:188} INFO - [2024-04-15T00:03:07.722+0000] {dag.py:3954} INFO - Setting next_dagrun for bash_dag_example to 2024-04-15 00:00:00+00:00, run_after=2024-04-16 00:00:00+00:00
[2024-04-15T00:03:07.747+0000] {processor.py:183} INFO - Processing /opt/airflow/dags/bashexample.py took 0.099 seconds
[2024-04-15T00:03:37.946+0000] {processor.py:161} INFO - Started process (PID=1965) to work on /opt/airflow/dags/bashexample.py
[2024-04-15T00:03:37.947+0000] {processor.py:830} INFO - Processing file /opt/airflow/dags/bashexample.py for tasks to queue
[2024-04-15T00:03:37.948+0000] {logging_mixin.py:188} INFO - [2024-04-15T00:03:37.947+0000] {dagbag.py:540} INFO - Filling up the DagBag from /opt/airflow/dags/bashexample.py
[2024-04-15T00:03:37.972+0000] {processor.py:840} INFO - DAG(s) 'bash_dag_example' retrieved from /opt/airflow/dags/bashexample.py
[2024-04-15T00:03:37.999+0000] {logging_mixin.py:188} INFO - [2024-04-15T00:03:37.998+0000] {dag.py:3096} INFO - Sync 1 DAGs
[2024-04-15T00:03:38.023+0000] {logging_mixin.py:188} INFO - [2024-04-15T00:03:38.023+0000] {dag.py:3954} INFO - Setting next_dagrun for bash_dag_example to 2024-04-15 00:00:00+00:00, run_after=2024-04-16 00:00:00+00:00
[2024-04-15T00:03:38.043+0000] {processor.py:183} INFO - Processing /opt/airflow/dags/bashexample.py took 0.101 seconds
[2024-04-15T00:04:08.232+0000] {processor.py:161} INFO - Started process (PID=1973) to work on /opt/airflow/dags/bashexample.py
[2024-04-15T00:04:08.233+0000] {processor.py:830} INFO - Processing file /opt/airflow/dags/bashexample.py for tasks to queue
[2024-04-15T00:04:08.234+0000] {logging_mixin.py:188} INFO - [2024-04-15T00:04:08.234+0000] {dagbag.py:540} INFO - Filling up the DagBag from /opt/airflow/dags/bashexample.py
[2024-04-15T00:04:08.249+0000] {processor.py:840} INFO - DAG(s) 'bash_dag_example' retrieved from /opt/airflow/dags/bashexample.py
[2024-04-15T00:04:08.266+0000] {logging_mixin.py:188} INFO - [2024-04-15T00:04:08.266+0000] {dag.py:3096} INFO - Sync 1 DAGs
[2024-04-15T00:04:08.283+0000] {logging_mixin.py:188} INFO - [2024-04-15T00:04:08.283+0000] {dag.py:3954} INFO - Setting next_dagrun for bash_dag_example to 2024-04-15 00:00:00+00:00, run_after=2024-04-16 00:00:00+00:00
[2024-04-15T00:04:08.298+0000] {processor.py:183} INFO - Processing /opt/airflow/dags/bashexample.py took 0.069 seconds
[2024-04-15T00:04:38.470+0000] {processor.py:161} INFO - Started process (PID=1982) to work on /opt/airflow/dags/bashexample.py
[2024-04-15T00:04:38.471+0000] {processor.py:830} INFO - Processing file /opt/airflow/dags/bashexample.py for tasks to queue
[2024-04-15T00:04:38.472+0000] {logging_mixin.py:188} INFO - [2024-04-15T00:04:38.472+0000] {dagbag.py:540} INFO - Filling up the DagBag from /opt/airflow/dags/bashexample.py
[2024-04-15T00:04:38.487+0000] {processor.py:840} INFO - DAG(s) 'bash_dag_example' retrieved from /opt/airflow/dags/bashexample.py
[2024-04-15T00:04:38.505+0000] {logging_mixin.py:188} INFO - [2024-04-15T00:04:38.505+0000] {dag.py:3096} INFO - Sync 1 DAGs
[2024-04-15T00:04:38.524+0000] {logging_mixin.py:188} INFO - [2024-04-15T00:04:38.524+0000] {dag.py:3954} INFO - Setting next_dagrun for bash_dag_example to 2024-04-15 00:00:00+00:00, run_after=2024-04-16 00:00:00+00:00
[2024-04-15T00:04:38.539+0000] {processor.py:183} INFO - Processing /opt/airflow/dags/bashexample.py took 0.073 seconds
[2024-04-15T00:05:08.701+0000] {processor.py:161} INFO - Started process (PID=1997) to work on /opt/airflow/dags/bashexample.py
[2024-04-15T00:05:08.702+0000] {processor.py:830} INFO - Processing file /opt/airflow/dags/bashexample.py for tasks to queue
[2024-04-15T00:05:08.703+0000] {logging_mixin.py:188} INFO - [2024-04-15T00:05:08.703+0000] {dagbag.py:540} INFO - Filling up the DagBag from /opt/airflow/dags/bashexample.py
[2024-04-15T00:05:08.721+0000] {processor.py:840} INFO - DAG(s) 'bash_dag_example' retrieved from /opt/airflow/dags/bashexample.py
[2024-04-15T00:05:08.738+0000] {logging_mixin.py:188} INFO - [2024-04-15T00:05:08.738+0000] {dag.py:3096} INFO - Sync 1 DAGs
[2024-04-15T00:05:08.759+0000] {logging_mixin.py:188} INFO - [2024-04-15T00:05:08.759+0000] {dag.py:3954} INFO - Setting next_dagrun for bash_dag_example to 2024-04-15 00:00:00+00:00, run_after=2024-04-16 00:00:00+00:00
[2024-04-15T00:05:08.774+0000] {processor.py:183} INFO - Processing /opt/airflow/dags/bashexample.py took 0.077 seconds
[2024-04-15T00:05:38.949+0000] {processor.py:161} INFO - Started process (PID=2005) to work on /opt/airflow/dags/bashexample.py
[2024-04-15T00:05:38.950+0000] {processor.py:830} INFO - Processing file /opt/airflow/dags/bashexample.py for tasks to queue
[2024-04-15T00:05:38.950+0000] {logging_mixin.py:188} INFO - [2024-04-15T00:05:38.950+0000] {dagbag.py:540} INFO - Filling up the DagBag from /opt/airflow/dags/bashexample.py
[2024-04-15T00:05:38.966+0000] {processor.py:840} INFO - DAG(s) 'bash_dag_example' retrieved from /opt/airflow/dags/bashexample.py
[2024-04-15T00:05:38.983+0000] {logging_mixin.py:188} INFO - [2024-04-15T00:05:38.983+0000] {dag.py:3096} INFO - Sync 1 DAGs
[2024-04-15T00:05:39.003+0000] {logging_mixin.py:188} INFO - [2024-04-15T00:05:39.003+0000] {dag.py:3954} INFO - Setting next_dagrun for bash_dag_example to 2024-04-15 00:00:00+00:00, run_after=2024-04-16 00:00:00+00:00
[2024-04-15T00:05:39.019+0000] {processor.py:183} INFO - Processing /opt/airflow/dags/bashexample.py took 0.075 seconds
[2024-04-15T00:06:09.248+0000] {processor.py:161} INFO - Started process (PID=2013) to work on /opt/airflow/dags/bashexample.py
[2024-04-15T00:06:09.249+0000] {processor.py:830} INFO - Processing file /opt/airflow/dags/bashexample.py for tasks to queue
[2024-04-15T00:06:09.250+0000] {logging_mixin.py:188} INFO - [2024-04-15T00:06:09.249+0000] {dagbag.py:540} INFO - Filling up the DagBag from /opt/airflow/dags/bashexample.py
[2024-04-15T00:06:09.264+0000] {processor.py:840} INFO - DAG(s) 'bash_dag_example' retrieved from /opt/airflow/dags/bashexample.py
[2024-04-15T00:06:09.284+0000] {logging_mixin.py:188} INFO - [2024-04-15T00:06:09.283+0000] {dag.py:3096} INFO - Sync 1 DAGs
[2024-04-15T00:06:09.304+0000] {logging_mixin.py:188} INFO - [2024-04-15T00:06:09.304+0000] {dag.py:3954} INFO - Setting next_dagrun for bash_dag_example to 2024-04-15 00:00:00+00:00, run_after=2024-04-16 00:00:00+00:00
[2024-04-15T00:06:09.319+0000] {processor.py:183} INFO - Processing /opt/airflow/dags/bashexample.py took 0.075 seconds
[2024-04-15T00:06:39.509+0000] {processor.py:161} INFO - Started process (PID=2021) to work on /opt/airflow/dags/bashexample.py
[2024-04-15T00:06:39.509+0000] {processor.py:830} INFO - Processing file /opt/airflow/dags/bashexample.py for tasks to queue
[2024-04-15T00:06:39.510+0000] {logging_mixin.py:188} INFO - [2024-04-15T00:06:39.510+0000] {dagbag.py:540} INFO - Filling up the DagBag from /opt/airflow/dags/bashexample.py
[2024-04-15T00:06:39.529+0000] {processor.py:840} INFO - DAG(s) 'bash_dag_example' retrieved from /opt/airflow/dags/bashexample.py
[2024-04-15T00:06:39.548+0000] {logging_mixin.py:188} INFO - [2024-04-15T00:06:39.548+0000] {dag.py:3096} INFO - Sync 1 DAGs
[2024-04-15T00:06:39.570+0000] {logging_mixin.py:188} INFO - [2024-04-15T00:06:39.569+0000] {dag.py:3954} INFO - Setting next_dagrun for bash_dag_example to 2024-04-15 00:00:00+00:00, run_after=2024-04-16 00:00:00+00:00
[2024-04-15T00:06:39.588+0000] {processor.py:183} INFO - Processing /opt/airflow/dags/bashexample.py took 0.084 seconds
[2024-04-15T00:07:09.781+0000] {processor.py:161} INFO - Started process (PID=2030) to work on /opt/airflow/dags/bashexample.py
[2024-04-15T00:07:09.782+0000] {processor.py:830} INFO - Processing file /opt/airflow/dags/bashexample.py for tasks to queue
[2024-04-15T00:07:09.783+0000] {logging_mixin.py:188} INFO - [2024-04-15T00:07:09.782+0000] {dagbag.py:540} INFO - Filling up the DagBag from /opt/airflow/dags/bashexample.py
[2024-04-15T00:07:09.799+0000] {processor.py:840} INFO - DAG(s) 'bash_dag_example' retrieved from /opt/airflow/dags/bashexample.py
[2024-04-15T00:07:09.819+0000] {logging_mixin.py:188} INFO - [2024-04-15T00:07:09.819+0000] {dag.py:3096} INFO - Sync 1 DAGs
[2024-04-15T00:07:09.838+0000] {logging_mixin.py:188} INFO - [2024-04-15T00:07:09.838+0000] {dag.py:3954} INFO - Setting next_dagrun for bash_dag_example to 2024-04-15 00:00:00+00:00, run_after=2024-04-16 00:00:00+00:00
[2024-04-15T00:07:09.854+0000] {processor.py:183} INFO - Processing /opt/airflow/dags/bashexample.py took 0.077 seconds
[2024-04-15T00:07:40.045+0000] {processor.py:161} INFO - Started process (PID=2038) to work on /opt/airflow/dags/bashexample.py
[2024-04-15T00:07:40.046+0000] {processor.py:830} INFO - Processing file /opt/airflow/dags/bashexample.py for tasks to queue
[2024-04-15T00:07:40.046+0000] {logging_mixin.py:188} INFO - [2024-04-15T00:07:40.046+0000] {dagbag.py:540} INFO - Filling up the DagBag from /opt/airflow/dags/bashexample.py
[2024-04-15T00:07:40.061+0000] {processor.py:840} INFO - DAG(s) 'bash_dag_example' retrieved from /opt/airflow/dags/bashexample.py
[2024-04-15T00:07:40.078+0000] {logging_mixin.py:188} INFO - [2024-04-15T00:07:40.078+0000] {dag.py:3096} INFO - Sync 1 DAGs
[2024-04-15T00:07:40.097+0000] {logging_mixin.py:188} INFO - [2024-04-15T00:07:40.097+0000] {dag.py:3954} INFO - Setting next_dagrun for bash_dag_example to 2024-04-15 00:00:00+00:00, run_after=2024-04-16 00:00:00+00:00
[2024-04-15T00:07:40.116+0000] {processor.py:183} INFO - Processing /opt/airflow/dags/bashexample.py took 0.075 seconds
[2024-04-15T00:08:10.311+0000] {processor.py:161} INFO - Started process (PID=2046) to work on /opt/airflow/dags/bashexample.py
[2024-04-15T00:08:10.311+0000] {processor.py:830} INFO - Processing file /opt/airflow/dags/bashexample.py for tasks to queue
[2024-04-15T00:08:10.312+0000] {logging_mixin.py:188} INFO - [2024-04-15T00:08:10.312+0000] {dagbag.py:540} INFO - Filling up the DagBag from /opt/airflow/dags/bashexample.py
[2024-04-15T00:08:10.328+0000] {processor.py:840} INFO - DAG(s) 'bash_dag_example' retrieved from /opt/airflow/dags/bashexample.py
[2024-04-15T00:08:10.345+0000] {logging_mixin.py:188} INFO - [2024-04-15T00:08:10.345+0000] {dag.py:3096} INFO - Sync 1 DAGs
[2024-04-15T00:08:10.364+0000] {logging_mixin.py:188} INFO - [2024-04-15T00:08:10.363+0000] {dag.py:3954} INFO - Setting next_dagrun for bash_dag_example to 2024-04-15 00:00:00+00:00, run_after=2024-04-16 00:00:00+00:00
[2024-04-15T00:08:10.384+0000] {processor.py:183} INFO - Processing /opt/airflow/dags/bashexample.py took 0.078 seconds
[2024-04-15T00:08:41.129+0000] {processor.py:161} INFO - Started process (PID=2063) to work on /opt/airflow/dags/bashexample.py
[2024-04-15T00:08:41.130+0000] {processor.py:830} INFO - Processing file /opt/airflow/dags/bashexample.py for tasks to queue
[2024-04-15T00:08:41.131+0000] {logging_mixin.py:188} INFO - [2024-04-15T00:08:41.130+0000] {dagbag.py:540} INFO - Filling up the DagBag from /opt/airflow/dags/bashexample.py
[2024-04-15T00:08:41.147+0000] {processor.py:840} INFO - DAG(s) 'bash_dag_example' retrieved from /opt/airflow/dags/bashexample.py
[2024-04-15T00:08:41.165+0000] {logging_mixin.py:188} INFO - [2024-04-15T00:08:41.165+0000] {dag.py:3096} INFO - Sync 1 DAGs
[2024-04-15T00:08:41.184+0000] {logging_mixin.py:188} INFO - [2024-04-15T00:08:41.184+0000] {dag.py:3954} INFO - Setting next_dagrun for bash_dag_example to 2024-04-15 00:00:00+00:00, run_after=2024-04-16 00:00:00+00:00
[2024-04-15T00:08:41.200+0000] {processor.py:183} INFO - Processing /opt/airflow/dags/bashexample.py took 0.075 seconds
[2024-04-15T00:09:11.393+0000] {processor.py:161} INFO - Started process (PID=2084) to work on /opt/airflow/dags/bashexample.py
[2024-04-15T00:09:11.394+0000] {processor.py:830} INFO - Processing file /opt/airflow/dags/bashexample.py for tasks to queue
[2024-04-15T00:09:11.394+0000] {logging_mixin.py:188} INFO - [2024-04-15T00:09:11.394+0000] {dagbag.py:540} INFO - Filling up the DagBag from /opt/airflow/dags/bashexample.py
[2024-04-15T00:09:11.411+0000] {processor.py:840} INFO - DAG(s) 'bash_dag_example' retrieved from /opt/airflow/dags/bashexample.py
[2024-04-15T00:09:11.430+0000] {logging_mixin.py:188} INFO - [2024-04-15T00:09:11.430+0000] {dag.py:3096} INFO - Sync 1 DAGs
[2024-04-15T00:09:11.452+0000] {logging_mixin.py:188} INFO - [2024-04-15T00:09:11.451+0000] {dag.py:3954} INFO - Setting next_dagrun for bash_dag_example to 2024-04-15 00:00:00+00:00, run_after=2024-04-16 00:00:00+00:00
[2024-04-15T00:09:11.467+0000] {processor.py:183} INFO - Processing /opt/airflow/dags/bashexample.py took 0.079 seconds
[2024-04-15T00:09:41.815+0000] {processor.py:161} INFO - Started process (PID=2094) to work on /opt/airflow/dags/bashexample.py
[2024-04-15T00:09:41.816+0000] {processor.py:830} INFO - Processing file /opt/airflow/dags/bashexample.py for tasks to queue
[2024-04-15T00:09:41.817+0000] {logging_mixin.py:188} INFO - [2024-04-15T00:09:41.816+0000] {dagbag.py:540} INFO - Filling up the DagBag from /opt/airflow/dags/bashexample.py
[2024-04-15T00:09:41.833+0000] {processor.py:840} INFO - DAG(s) 'bash_dag_example' retrieved from /opt/airflow/dags/bashexample.py
[2024-04-15T00:09:41.851+0000] {logging_mixin.py:188} INFO - [2024-04-15T00:09:41.851+0000] {dag.py:3096} INFO - Sync 1 DAGs
[2024-04-15T00:09:41.870+0000] {logging_mixin.py:188} INFO - [2024-04-15T00:09:41.870+0000] {dag.py:3954} INFO - Setting next_dagrun for bash_dag_example to 2024-04-15 00:00:00+00:00, run_after=2024-04-16 00:00:00+00:00
[2024-04-15T00:09:41.887+0000] {processor.py:183} INFO - Processing /opt/airflow/dags/bashexample.py took 0.076 seconds
[2024-04-15T00:10:12.171+0000] {processor.py:161} INFO - Started process (PID=2103) to work on /opt/airflow/dags/bashexample.py
[2024-04-15T00:10:12.171+0000] {processor.py:830} INFO - Processing file /opt/airflow/dags/bashexample.py for tasks to queue
[2024-04-15T00:10:12.172+0000] {logging_mixin.py:188} INFO - [2024-04-15T00:10:12.172+0000] {dagbag.py:540} INFO - Filling up the DagBag from /opt/airflow/dags/bashexample.py
[2024-04-15T00:10:12.189+0000] {processor.py:840} INFO - DAG(s) 'bash_dag_example' retrieved from /opt/airflow/dags/bashexample.py
[2024-04-15T00:10:12.209+0000] {logging_mixin.py:188} INFO - [2024-04-15T00:10:12.208+0000] {dag.py:3096} INFO - Sync 1 DAGs
[2024-04-15T00:10:12.230+0000] {logging_mixin.py:188} INFO - [2024-04-15T00:10:12.229+0000] {dag.py:3954} INFO - Setting next_dagrun for bash_dag_example to 2024-04-15 00:00:00+00:00, run_after=2024-04-16 00:00:00+00:00
[2024-04-15T00:10:12.246+0000] {processor.py:183} INFO - Processing /opt/airflow/dags/bashexample.py took 0.080 seconds
[2024-04-15T00:10:42.421+0000] {processor.py:161} INFO - Started process (PID=2117) to work on /opt/airflow/dags/bashexample.py
[2024-04-15T00:10:42.422+0000] {processor.py:830} INFO - Processing file /opt/airflow/dags/bashexample.py for tasks to queue
[2024-04-15T00:10:42.423+0000] {logging_mixin.py:188} INFO - [2024-04-15T00:10:42.422+0000] {dagbag.py:540} INFO - Filling up the DagBag from /opt/airflow/dags/bashexample.py
[2024-04-15T00:10:42.444+0000] {processor.py:840} INFO - DAG(s) 'bash_dag_example' retrieved from /opt/airflow/dags/bashexample.py
[2024-04-15T00:10:42.515+0000] {logging_mixin.py:188} INFO - [2024-04-15T00:10:42.515+0000] {dag.py:3096} INFO - Sync 1 DAGs
[2024-04-15T00:10:42.540+0000] {logging_mixin.py:188} INFO - [2024-04-15T00:10:42.540+0000] {dag.py:3954} INFO - Setting next_dagrun for bash_dag_example to 2024-04-15 00:00:00+00:00, run_after=2024-04-16 00:00:00+00:00
[2024-04-15T00:10:42.560+0000] {processor.py:183} INFO - Processing /opt/airflow/dags/bashexample.py took 0.146 seconds
[2024-04-15T00:11:13.002+0000] {processor.py:161} INFO - Started process (PID=2136) to work on /opt/airflow/dags/bashexample.py
[2024-04-15T00:11:13.003+0000] {processor.py:830} INFO - Processing file /opt/airflow/dags/bashexample.py for tasks to queue
[2024-04-15T00:11:13.004+0000] {logging_mixin.py:188} INFO - [2024-04-15T00:11:13.004+0000] {dagbag.py:540} INFO - Filling up the DagBag from /opt/airflow/dags/bashexample.py
[2024-04-15T00:11:13.021+0000] {processor.py:840} INFO - DAG(s) 'bash_dag_example' retrieved from /opt/airflow/dags/bashexample.py
[2024-04-15T00:11:13.039+0000] {logging_mixin.py:188} INFO - [2024-04-15T00:11:13.039+0000] {dag.py:3096} INFO - Sync 1 DAGs
[2024-04-15T00:11:13.061+0000] {logging_mixin.py:188} INFO - [2024-04-15T00:11:13.061+0000] {dag.py:3954} INFO - Setting next_dagrun for bash_dag_example to 2024-04-15 00:00:00+00:00, run_after=2024-04-16 00:00:00+00:00
[2024-04-15T00:11:13.079+0000] {processor.py:183} INFO - Processing /opt/airflow/dags/bashexample.py took 0.081 seconds
[2024-04-15T00:11:43.254+0000] {processor.py:161} INFO - Started process (PID=2144) to work on /opt/airflow/dags/bashexample.py
[2024-04-15T00:11:43.255+0000] {processor.py:830} INFO - Processing file /opt/airflow/dags/bashexample.py for tasks to queue
[2024-04-15T00:11:43.256+0000] {logging_mixin.py:188} INFO - [2024-04-15T00:11:43.255+0000] {dagbag.py:540} INFO - Filling up the DagBag from /opt/airflow/dags/bashexample.py
[2024-04-15T00:11:43.271+0000] {processor.py:840} INFO - DAG(s) 'bash_dag_example' retrieved from /opt/airflow/dags/bashexample.py
[2024-04-15T00:11:43.287+0000] {logging_mixin.py:188} INFO - [2024-04-15T00:11:43.287+0000] {dag.py:3096} INFO - Sync 1 DAGs
[2024-04-15T00:11:43.306+0000] {logging_mixin.py:188} INFO - [2024-04-15T00:11:43.306+0000] {dag.py:3954} INFO - Setting next_dagrun for bash_dag_example to 2024-04-15 00:00:00+00:00, run_after=2024-04-16 00:00:00+00:00
[2024-04-15T00:11:43.327+0000] {processor.py:183} INFO - Processing /opt/airflow/dags/bashexample.py took 0.077 seconds
[2024-04-15T00:12:13.499+0000] {processor.py:161} INFO - Started process (PID=2153) to work on /opt/airflow/dags/bashexample.py
[2024-04-15T00:12:13.500+0000] {processor.py:830} INFO - Processing file /opt/airflow/dags/bashexample.py for tasks to queue
[2024-04-15T00:12:13.501+0000] {logging_mixin.py:188} INFO - [2024-04-15T00:12:13.501+0000] {dagbag.py:540} INFO - Filling up the DagBag from /opt/airflow/dags/bashexample.py
[2024-04-15T00:12:13.518+0000] {processor.py:840} INFO - DAG(s) 'bash_dag_example' retrieved from /opt/airflow/dags/bashexample.py
[2024-04-15T00:12:13.536+0000] {logging_mixin.py:188} INFO - [2024-04-15T00:12:13.536+0000] {dag.py:3096} INFO - Sync 1 DAGs
[2024-04-15T00:12:13.555+0000] {logging_mixin.py:188} INFO - [2024-04-15T00:12:13.555+0000] {dag.py:3954} INFO - Setting next_dagrun for bash_dag_example to 2024-04-15 00:00:00+00:00, run_after=2024-04-16 00:00:00+00:00
[2024-04-15T00:12:13.570+0000] {processor.py:183} INFO - Processing /opt/airflow/dags/bashexample.py took 0.075 seconds
[2024-04-15T00:12:43.739+0000] {processor.py:161} INFO - Started process (PID=2161) to work on /opt/airflow/dags/bashexample.py
[2024-04-15T00:12:43.739+0000] {processor.py:830} INFO - Processing file /opt/airflow/dags/bashexample.py for tasks to queue
[2024-04-15T00:12:43.740+0000] {logging_mixin.py:188} INFO - [2024-04-15T00:12:43.740+0000] {dagbag.py:540} INFO - Filling up the DagBag from /opt/airflow/dags/bashexample.py
[2024-04-15T00:12:43.756+0000] {processor.py:840} INFO - DAG(s) 'bash_dag_example' retrieved from /opt/airflow/dags/bashexample.py
[2024-04-15T00:12:43.775+0000] {logging_mixin.py:188} INFO - [2024-04-15T00:12:43.775+0000] {dag.py:3096} INFO - Sync 1 DAGs
[2024-04-15T00:12:43.794+0000] {logging_mixin.py:188} INFO - [2024-04-15T00:12:43.794+0000] {dag.py:3954} INFO - Setting next_dagrun for bash_dag_example to 2024-04-15 00:00:00+00:00, run_after=2024-04-16 00:00:00+00:00
[2024-04-15T00:12:43.808+0000] {processor.py:183} INFO - Processing /opt/airflow/dags/bashexample.py took 0.074 seconds
[2024-04-15T00:13:13.987+0000] {processor.py:161} INFO - Started process (PID=2169) to work on /opt/airflow/dags/bashexample.py
[2024-04-15T00:13:13.987+0000] {processor.py:830} INFO - Processing file /opt/airflow/dags/bashexample.py for tasks to queue
[2024-04-15T00:13:13.988+0000] {logging_mixin.py:188} INFO - [2024-04-15T00:13:13.988+0000] {dagbag.py:540} INFO - Filling up the DagBag from /opt/airflow/dags/bashexample.py
[2024-04-15T00:13:14.003+0000] {processor.py:840} INFO - DAG(s) 'bash_dag_example' retrieved from /opt/airflow/dags/bashexample.py
[2024-04-15T00:13:14.022+0000] {logging_mixin.py:188} INFO - [2024-04-15T00:13:14.022+0000] {dag.py:3096} INFO - Sync 1 DAGs
[2024-04-15T00:13:14.041+0000] {logging_mixin.py:188} INFO - [2024-04-15T00:13:14.041+0000] {dag.py:3954} INFO - Setting next_dagrun for bash_dag_example to 2024-04-15 00:00:00+00:00, run_after=2024-04-16 00:00:00+00:00
[2024-04-15T00:13:14.060+0000] {processor.py:183} INFO - Processing /opt/airflow/dags/bashexample.py took 0.077 seconds
[2024-04-15T00:13:44.233+0000] {processor.py:161} INFO - Started process (PID=2177) to work on /opt/airflow/dags/bashexample.py
[2024-04-15T00:13:44.234+0000] {processor.py:830} INFO - Processing file /opt/airflow/dags/bashexample.py for tasks to queue
[2024-04-15T00:13:44.234+0000] {logging_mixin.py:188} INFO - [2024-04-15T00:13:44.234+0000] {dagbag.py:540} INFO - Filling up the DagBag from /opt/airflow/dags/bashexample.py
[2024-04-15T00:13:44.254+0000] {processor.py:840} INFO - DAG(s) 'bash_dag_example' retrieved from /opt/airflow/dags/bashexample.py
[2024-04-15T00:13:44.274+0000] {logging_mixin.py:188} INFO - [2024-04-15T00:13:44.274+0000] {dag.py:3096} INFO - Sync 1 DAGs
[2024-04-15T00:13:44.300+0000] {logging_mixin.py:188} INFO - [2024-04-15T00:13:44.299+0000] {dag.py:3954} INFO - Setting next_dagrun for bash_dag_example to 2024-04-15 00:00:00+00:00, run_after=2024-04-16 00:00:00+00:00
[2024-04-15T00:13:44.318+0000] {processor.py:183} INFO - Processing /opt/airflow/dags/bashexample.py took 0.091 seconds
[2024-04-15T00:14:14.534+0000] {processor.py:161} INFO - Started process (PID=2185) to work on /opt/airflow/dags/bashexample.py
[2024-04-15T00:14:14.535+0000] {processor.py:830} INFO - Processing file /opt/airflow/dags/bashexample.py for tasks to queue
[2024-04-15T00:14:14.536+0000] {logging_mixin.py:188} INFO - [2024-04-15T00:14:14.536+0000] {dagbag.py:540} INFO - Filling up the DagBag from /opt/airflow/dags/bashexample.py
[2024-04-15T00:14:14.555+0000] {processor.py:840} INFO - DAG(s) 'bash_dag_example' retrieved from /opt/airflow/dags/bashexample.py
[2024-04-15T00:14:14.579+0000] {logging_mixin.py:188} INFO - [2024-04-15T00:14:14.578+0000] {dag.py:3096} INFO - Sync 1 DAGs
[2024-04-15T00:14:14.603+0000] {logging_mixin.py:188} INFO - [2024-04-15T00:14:14.603+0000] {dag.py:3954} INFO - Setting next_dagrun for bash_dag_example to 2024-04-15 00:00:00+00:00, run_after=2024-04-16 00:00:00+00:00
[2024-04-15T00:14:14.622+0000] {processor.py:183} INFO - Processing /opt/airflow/dags/bashexample.py took 0.094 seconds
[2024-04-15T00:14:44.797+0000] {processor.py:161} INFO - Started process (PID=2193) to work on /opt/airflow/dags/bashexample.py
[2024-04-15T00:14:44.798+0000] {processor.py:830} INFO - Processing file /opt/airflow/dags/bashexample.py for tasks to queue
[2024-04-15T00:14:44.799+0000] {logging_mixin.py:188} INFO - [2024-04-15T00:14:44.799+0000] {dagbag.py:540} INFO - Filling up the DagBag from /opt/airflow/dags/bashexample.py
[2024-04-15T00:14:44.815+0000] {processor.py:840} INFO - DAG(s) 'bash_dag_example' retrieved from /opt/airflow/dags/bashexample.py
[2024-04-15T00:14:44.833+0000] {logging_mixin.py:188} INFO - [2024-04-15T00:14:44.833+0000] {dag.py:3096} INFO - Sync 1 DAGs
[2024-04-15T00:14:44.852+0000] {logging_mixin.py:188} INFO - [2024-04-15T00:14:44.852+0000] {dag.py:3954} INFO - Setting next_dagrun for bash_dag_example to 2024-04-15 00:00:00+00:00, run_after=2024-04-16 00:00:00+00:00
[2024-04-15T00:14:44.868+0000] {processor.py:183} INFO - Processing /opt/airflow/dags/bashexample.py took 0.074 seconds
[2024-04-15T00:15:15.034+0000] {processor.py:161} INFO - Started process (PID=2201) to work on /opt/airflow/dags/bashexample.py
[2024-04-15T00:15:15.034+0000] {processor.py:830} INFO - Processing file /opt/airflow/dags/bashexample.py for tasks to queue
[2024-04-15T00:15:15.035+0000] {logging_mixin.py:188} INFO - [2024-04-15T00:15:15.035+0000] {dagbag.py:540} INFO - Filling up the DagBag from /opt/airflow/dags/bashexample.py
[2024-04-15T00:15:15.051+0000] {processor.py:840} INFO - DAG(s) 'bash_dag_example' retrieved from /opt/airflow/dags/bashexample.py
[2024-04-15T00:15:15.069+0000] {logging_mixin.py:188} INFO - [2024-04-15T00:15:15.069+0000] {dag.py:3096} INFO - Sync 1 DAGs
[2024-04-15T00:15:15.089+0000] {logging_mixin.py:188} INFO - [2024-04-15T00:15:15.089+0000] {dag.py:3954} INFO - Setting next_dagrun for bash_dag_example to 2024-04-15 00:00:00+00:00, run_after=2024-04-16 00:00:00+00:00
[2024-04-15T00:15:15.110+0000] {processor.py:183} INFO - Processing /opt/airflow/dags/bashexample.py took 0.081 seconds
[2024-04-15T00:15:45.285+0000] {processor.py:161} INFO - Started process (PID=2209) to work on /opt/airflow/dags/bashexample.py
[2024-04-15T00:15:45.286+0000] {processor.py:830} INFO - Processing file /opt/airflow/dags/bashexample.py for tasks to queue
[2024-04-15T00:15:45.287+0000] {logging_mixin.py:188} INFO - [2024-04-15T00:15:45.287+0000] {dagbag.py:540} INFO - Filling up the DagBag from /opt/airflow/dags/bashexample.py
[2024-04-15T00:15:45.303+0000] {processor.py:840} INFO - DAG(s) 'bash_dag_example' retrieved from /opt/airflow/dags/bashexample.py
[2024-04-15T00:15:45.322+0000] {logging_mixin.py:188} INFO - [2024-04-15T00:15:45.321+0000] {dag.py:3096} INFO - Sync 1 DAGs
[2024-04-15T00:15:45.348+0000] {logging_mixin.py:188} INFO - [2024-04-15T00:15:45.348+0000] {dag.py:3954} INFO - Setting next_dagrun for bash_dag_example to 2024-04-15 00:00:00+00:00, run_after=2024-04-16 00:00:00+00:00
[2024-04-15T00:15:45.376+0000] {processor.py:183} INFO - Processing /opt/airflow/dags/bashexample.py took 0.096 seconds
[2024-04-15T00:16:15.604+0000] {processor.py:161} INFO - Started process (PID=2217) to work on /opt/airflow/dags/bashexample.py
[2024-04-15T00:16:15.605+0000] {processor.py:830} INFO - Processing file /opt/airflow/dags/bashexample.py for tasks to queue
[2024-04-15T00:16:15.606+0000] {logging_mixin.py:188} INFO - [2024-04-15T00:16:15.606+0000] {dagbag.py:540} INFO - Filling up the DagBag from /opt/airflow/dags/bashexample.py
[2024-04-15T00:16:15.621+0000] {processor.py:840} INFO - DAG(s) 'bash_dag_example' retrieved from /opt/airflow/dags/bashexample.py
[2024-04-15T00:16:15.639+0000] {logging_mixin.py:188} INFO - [2024-04-15T00:16:15.639+0000] {dag.py:3096} INFO - Sync 1 DAGs
[2024-04-15T00:16:15.661+0000] {logging_mixin.py:188} INFO - [2024-04-15T00:16:15.661+0000] {dag.py:3954} INFO - Setting next_dagrun for bash_dag_example to 2024-04-15 00:00:00+00:00, run_after=2024-04-16 00:00:00+00:00
[2024-04-15T00:16:15.676+0000] {processor.py:183} INFO - Processing /opt/airflow/dags/bashexample.py took 0.077 seconds
[2024-04-15T00:16:45.877+0000] {processor.py:161} INFO - Started process (PID=2231) to work on /opt/airflow/dags/bashexample.py
[2024-04-15T00:16:45.878+0000] {processor.py:830} INFO - Processing file /opt/airflow/dags/bashexample.py for tasks to queue
[2024-04-15T00:16:45.879+0000] {logging_mixin.py:188} INFO - [2024-04-15T00:16:45.878+0000] {dagbag.py:540} INFO - Filling up the DagBag from /opt/airflow/dags/bashexample.py
[2024-04-15T00:16:45.894+0000] {processor.py:840} INFO - DAG(s) 'bash_dag_example' retrieved from /opt/airflow/dags/bashexample.py
[2024-04-15T00:16:45.912+0000] {logging_mixin.py:188} INFO - [2024-04-15T00:16:45.912+0000] {dag.py:3096} INFO - Sync 1 DAGs
[2024-04-15T00:16:45.932+0000] {logging_mixin.py:188} INFO - [2024-04-15T00:16:45.931+0000] {dag.py:3954} INFO - Setting next_dagrun for bash_dag_example to 2024-04-15 00:00:00+00:00, run_after=2024-04-16 00:00:00+00:00
[2024-04-15T00:16:45.948+0000] {processor.py:183} INFO - Processing /opt/airflow/dags/bashexample.py took 0.075 seconds
[2024-04-15T00:17:16.152+0000] {processor.py:161} INFO - Started process (PID=2239) to work on /opt/airflow/dags/bashexample.py
[2024-04-15T00:17:16.153+0000] {processor.py:830} INFO - Processing file /opt/airflow/dags/bashexample.py for tasks to queue
[2024-04-15T00:17:16.153+0000] {logging_mixin.py:188} INFO - [2024-04-15T00:17:16.153+0000] {dagbag.py:540} INFO - Filling up the DagBag from /opt/airflow/dags/bashexample.py
[2024-04-15T00:17:16.170+0000] {processor.py:840} INFO - DAG(s) 'bash_dag_example' retrieved from /opt/airflow/dags/bashexample.py
[2024-04-15T00:17:16.188+0000] {logging_mixin.py:188} INFO - [2024-04-15T00:17:16.188+0000] {dag.py:3096} INFO - Sync 1 DAGs
[2024-04-15T00:17:16.208+0000] {logging_mixin.py:188} INFO - [2024-04-15T00:17:16.208+0000] {dag.py:3954} INFO - Setting next_dagrun for bash_dag_example to 2024-04-15 00:00:00+00:00, run_after=2024-04-16 00:00:00+00:00
[2024-04-15T00:17:16.225+0000] {processor.py:183} INFO - Processing /opt/airflow/dags/bashexample.py took 0.077 seconds
[2024-04-15T00:17:46.427+0000] {processor.py:161} INFO - Started process (PID=2247) to work on /opt/airflow/dags/bashexample.py
[2024-04-15T00:17:46.428+0000] {processor.py:830} INFO - Processing file /opt/airflow/dags/bashexample.py for tasks to queue
[2024-04-15T00:17:46.429+0000] {logging_mixin.py:188} INFO - [2024-04-15T00:17:46.429+0000] {dagbag.py:540} INFO - Filling up the DagBag from /opt/airflow/dags/bashexample.py
[2024-04-15T00:17:46.444+0000] {processor.py:840} INFO - DAG(s) 'bash_dag_example' retrieved from /opt/airflow/dags/bashexample.py
[2024-04-15T00:17:46.463+0000] {logging_mixin.py:188} INFO - [2024-04-15T00:17:46.463+0000] {dag.py:3096} INFO - Sync 1 DAGs
[2024-04-15T00:17:46.484+0000] {logging_mixin.py:188} INFO - [2024-04-15T00:17:46.483+0000] {dag.py:3954} INFO - Setting next_dagrun for bash_dag_example to 2024-04-15 00:00:00+00:00, run_after=2024-04-16 00:00:00+00:00
[2024-04-15T00:17:46.499+0000] {processor.py:183} INFO - Processing /opt/airflow/dags/bashexample.py took 0.077 seconds
[2024-04-15T00:18:16.697+0000] {processor.py:161} INFO - Started process (PID=2255) to work on /opt/airflow/dags/bashexample.py
[2024-04-15T00:18:16.697+0000] {processor.py:830} INFO - Processing file /opt/airflow/dags/bashexample.py for tasks to queue
[2024-04-15T00:18:16.698+0000] {logging_mixin.py:188} INFO - [2024-04-15T00:18:16.698+0000] {dagbag.py:540} INFO - Filling up the DagBag from /opt/airflow/dags/bashexample.py
[2024-04-15T00:18:16.714+0000] {processor.py:840} INFO - DAG(s) 'bash_dag_example' retrieved from /opt/airflow/dags/bashexample.py
[2024-04-15T00:18:16.733+0000] {logging_mixin.py:188} INFO - [2024-04-15T00:18:16.733+0000] {dag.py:3096} INFO - Sync 1 DAGs
[2024-04-15T00:18:16.753+0000] {logging_mixin.py:188} INFO - [2024-04-15T00:18:16.752+0000] {dag.py:3954} INFO - Setting next_dagrun for bash_dag_example to 2024-04-15 00:00:00+00:00, run_after=2024-04-16 00:00:00+00:00
[2024-04-15T00:18:16.774+0000] {processor.py:183} INFO - Processing /opt/airflow/dags/bashexample.py took 0.082 seconds
[2024-04-15T00:18:46.978+0000] {processor.py:161} INFO - Started process (PID=2263) to work on /opt/airflow/dags/bashexample.py
[2024-04-15T00:18:46.980+0000] {processor.py:830} INFO - Processing file /opt/airflow/dags/bashexample.py for tasks to queue
[2024-04-15T00:18:46.980+0000] {logging_mixin.py:188} INFO - [2024-04-15T00:18:46.980+0000] {dagbag.py:540} INFO - Filling up the DagBag from /opt/airflow/dags/bashexample.py
[2024-04-15T00:18:46.995+0000] {processor.py:840} INFO - DAG(s) 'bash_dag_example' retrieved from /opt/airflow/dags/bashexample.py
[2024-04-15T00:18:47.012+0000] {logging_mixin.py:188} INFO - [2024-04-15T00:18:47.012+0000] {dag.py:3096} INFO - Sync 1 DAGs
[2024-04-15T00:18:47.033+0000] {logging_mixin.py:188} INFO - [2024-04-15T00:18:47.033+0000] {dag.py:3954} INFO - Setting next_dagrun for bash_dag_example to 2024-04-15 00:00:00+00:00, run_after=2024-04-16 00:00:00+00:00
[2024-04-15T00:18:47.056+0000] {processor.py:183} INFO - Processing /opt/airflow/dags/bashexample.py took 0.082 seconds
[2024-04-15T00:19:17.244+0000] {processor.py:161} INFO - Started process (PID=2271) to work on /opt/airflow/dags/bashexample.py
[2024-04-15T00:19:17.245+0000] {processor.py:830} INFO - Processing file /opt/airflow/dags/bashexample.py for tasks to queue
[2024-04-15T00:19:17.245+0000] {logging_mixin.py:188} INFO - [2024-04-15T00:19:17.245+0000] {dagbag.py:540} INFO - Filling up the DagBag from /opt/airflow/dags/bashexample.py
[2024-04-15T00:19:17.261+0000] {processor.py:840} INFO - DAG(s) 'bash_dag_example' retrieved from /opt/airflow/dags/bashexample.py
[2024-04-15T00:19:17.279+0000] {logging_mixin.py:188} INFO - [2024-04-15T00:19:17.279+0000] {dag.py:3096} INFO - Sync 1 DAGs
[2024-04-15T00:19:17.299+0000] {logging_mixin.py:188} INFO - [2024-04-15T00:19:17.299+0000] {dag.py:3954} INFO - Setting next_dagrun for bash_dag_example to 2024-04-15 00:00:00+00:00, run_after=2024-04-16 00:00:00+00:00
[2024-04-15T00:19:17.315+0000] {processor.py:183} INFO - Processing /opt/airflow/dags/bashexample.py took 0.075 seconds
[2024-04-15T00:19:47.488+0000] {processor.py:161} INFO - Started process (PID=2279) to work on /opt/airflow/dags/bashexample.py
[2024-04-15T00:19:47.489+0000] {processor.py:830} INFO - Processing file /opt/airflow/dags/bashexample.py for tasks to queue
[2024-04-15T00:19:47.490+0000] {logging_mixin.py:188} INFO - [2024-04-15T00:19:47.489+0000] {dagbag.py:540} INFO - Filling up the DagBag from /opt/airflow/dags/bashexample.py
[2024-04-15T00:19:47.505+0000] {processor.py:840} INFO - DAG(s) 'bash_dag_example' retrieved from /opt/airflow/dags/bashexample.py
[2024-04-15T00:19:47.522+0000] {logging_mixin.py:188} INFO - [2024-04-15T00:19:47.522+0000] {dag.py:3096} INFO - Sync 1 DAGs
[2024-04-15T00:19:47.540+0000] {logging_mixin.py:188} INFO - [2024-04-15T00:19:47.540+0000] {dag.py:3954} INFO - Setting next_dagrun for bash_dag_example to 2024-04-15 00:00:00+00:00, run_after=2024-04-16 00:00:00+00:00
[2024-04-15T00:19:47.556+0000] {processor.py:183} INFO - Processing /opt/airflow/dags/bashexample.py took 0.072 seconds
[2024-04-15T00:20:17.735+0000] {processor.py:161} INFO - Started process (PID=2287) to work on /opt/airflow/dags/bashexample.py
[2024-04-15T00:20:17.736+0000] {processor.py:830} INFO - Processing file /opt/airflow/dags/bashexample.py for tasks to queue
[2024-04-15T00:20:17.736+0000] {logging_mixin.py:188} INFO - [2024-04-15T00:20:17.736+0000] {dagbag.py:540} INFO - Filling up the DagBag from /opt/airflow/dags/bashexample.py
[2024-04-15T00:20:17.751+0000] {processor.py:840} INFO - DAG(s) 'bash_dag_example' retrieved from /opt/airflow/dags/bashexample.py
[2024-04-15T00:20:17.768+0000] {logging_mixin.py:188} INFO - [2024-04-15T00:20:17.768+0000] {dag.py:3096} INFO - Sync 1 DAGs
[2024-04-15T00:20:17.787+0000] {logging_mixin.py:188} INFO - [2024-04-15T00:20:17.787+0000] {dag.py:3954} INFO - Setting next_dagrun for bash_dag_example to 2024-04-15 00:00:00+00:00, run_after=2024-04-16 00:00:00+00:00
[2024-04-15T00:20:17.802+0000] {processor.py:183} INFO - Processing /opt/airflow/dags/bashexample.py took 0.071 seconds
