[2024-04-15T00:00:28.231+0000] {processor.py:161} INFO - Started process (PID=1916) to work on /opt/airflow/dags/ingest_btc_data.py
[2024-04-15T00:00:28.232+0000] {processor.py:830} INFO - Processing file /opt/airflow/dags/ingest_btc_data.py for tasks to queue
[2024-04-15T00:00:28.233+0000] {logging_mixin.py:188} INFO - [2024-04-15T00:00:28.233+0000] {dagbag.py:540} INFO - Filling up the DagBag from /opt/airflow/dags/ingest_btc_data.py
[2024-04-15T00:00:28.261+0000] {processor.py:840} INFO - DAG(s) 'ingest_btc_data' retrieved from /opt/airflow/dags/ingest_btc_data.py
[2024-04-15T00:00:28.281+0000] {logging_mixin.py:188} INFO - [2024-04-15T00:00:28.281+0000] {dag.py:3096} INFO - Sync 1 DAGs
[2024-04-15T00:00:28.302+0000] {logging_mixin.py:188} INFO - [2024-04-15T00:00:28.302+0000] {dag.py:3954} INFO - Setting next_dagrun for ingest_btc_data to 2024-04-14 00:00:00+00:00, run_after=2024-04-15 00:00:00+00:00
[2024-04-15T00:00:28.317+0000] {processor.py:183} INFO - Processing /opt/airflow/dags/ingest_btc_data.py took 0.090 seconds
[2024-04-15T00:00:58.551+0000] {processor.py:161} INFO - Started process (PID=1924) to work on /opt/airflow/dags/ingest_btc_data.py
[2024-04-15T00:00:58.552+0000] {processor.py:830} INFO - Processing file /opt/airflow/dags/ingest_btc_data.py for tasks to queue
[2024-04-15T00:00:58.553+0000] {logging_mixin.py:188} INFO - [2024-04-15T00:00:58.552+0000] {dagbag.py:540} INFO - Filling up the DagBag from /opt/airflow/dags/ingest_btc_data.py
[2024-04-15T00:00:58.579+0000] {processor.py:840} INFO - DAG(s) 'ingest_btc_data' retrieved from /opt/airflow/dags/ingest_btc_data.py
[2024-04-15T00:00:58.597+0000] {logging_mixin.py:188} INFO - [2024-04-15T00:00:58.597+0000] {dag.py:3096} INFO - Sync 1 DAGs
[2024-04-15T00:00:58.616+0000] {logging_mixin.py:188} INFO - [2024-04-15T00:00:58.615+0000] {dag.py:3954} INFO - Setting next_dagrun for ingest_btc_data to 2024-04-14 00:00:00+00:00, run_after=2024-04-15 00:00:00+00:00
[2024-04-15T00:00:58.637+0000] {processor.py:183} INFO - Processing /opt/airflow/dags/ingest_btc_data.py took 0.090 seconds
[2024-04-15T00:01:28.816+0000] {processor.py:161} INFO - Started process (PID=1932) to work on /opt/airflow/dags/ingest_btc_data.py
[2024-04-15T00:01:28.816+0000] {processor.py:830} INFO - Processing file /opt/airflow/dags/ingest_btc_data.py for tasks to queue
[2024-04-15T00:01:28.817+0000] {logging_mixin.py:188} INFO - [2024-04-15T00:01:28.817+0000] {dagbag.py:540} INFO - Filling up the DagBag from /opt/airflow/dags/ingest_btc_data.py
[2024-04-15T00:01:28.845+0000] {processor.py:840} INFO - DAG(s) 'ingest_btc_data' retrieved from /opt/airflow/dags/ingest_btc_data.py
[2024-04-15T00:01:28.866+0000] {logging_mixin.py:188} INFO - [2024-04-15T00:01:28.865+0000] {dag.py:3096} INFO - Sync 1 DAGs
[2024-04-15T00:01:28.885+0000] {logging_mixin.py:188} INFO - [2024-04-15T00:01:28.885+0000] {dag.py:3954} INFO - Setting next_dagrun for ingest_btc_data to 2024-04-14 00:00:00+00:00, run_after=2024-04-15 00:00:00+00:00
[2024-04-15T00:01:28.900+0000] {processor.py:183} INFO - Processing /opt/airflow/dags/ingest_btc_data.py took 0.089 seconds
[2024-04-15T00:01:59.085+0000] {processor.py:161} INFO - Started process (PID=1940) to work on /opt/airflow/dags/ingest_btc_data.py
[2024-04-15T00:01:59.085+0000] {processor.py:830} INFO - Processing file /opt/airflow/dags/ingest_btc_data.py for tasks to queue
[2024-04-15T00:01:59.086+0000] {logging_mixin.py:188} INFO - [2024-04-15T00:01:59.086+0000] {dagbag.py:540} INFO - Filling up the DagBag from /opt/airflow/dags/ingest_btc_data.py
[2024-04-15T00:01:59.113+0000] {processor.py:840} INFO - DAG(s) 'ingest_btc_data' retrieved from /opt/airflow/dags/ingest_btc_data.py
[2024-04-15T00:01:59.132+0000] {logging_mixin.py:188} INFO - [2024-04-15T00:01:59.132+0000] {dag.py:3096} INFO - Sync 1 DAGs
[2024-04-15T00:01:59.152+0000] {logging_mixin.py:188} INFO - [2024-04-15T00:01:59.152+0000] {dag.py:3954} INFO - Setting next_dagrun for ingest_btc_data to 2024-04-14 00:00:00+00:00, run_after=2024-04-15 00:00:00+00:00
[2024-04-15T00:01:59.175+0000] {processor.py:183} INFO - Processing /opt/airflow/dags/ingest_btc_data.py took 0.094 seconds
[2024-04-15T00:02:29.263+0000] {processor.py:161} INFO - Started process (PID=1948) to work on /opt/airflow/dags/ingest_btc_data.py
[2024-04-15T00:02:29.264+0000] {processor.py:830} INFO - Processing file /opt/airflow/dags/ingest_btc_data.py for tasks to queue
[2024-04-15T00:02:29.265+0000] {logging_mixin.py:188} INFO - [2024-04-15T00:02:29.265+0000] {dagbag.py:540} INFO - Filling up the DagBag from /opt/airflow/dags/ingest_btc_data.py
[2024-04-15T00:02:29.292+0000] {processor.py:840} INFO - DAG(s) 'ingest_btc_data' retrieved from /opt/airflow/dags/ingest_btc_data.py
[2024-04-15T00:02:29.312+0000] {logging_mixin.py:188} INFO - [2024-04-15T00:02:29.312+0000] {dag.py:3096} INFO - Sync 1 DAGs
[2024-04-15T00:02:29.332+0000] {logging_mixin.py:188} INFO - [2024-04-15T00:02:29.332+0000] {dag.py:3954} INFO - Setting next_dagrun for ingest_btc_data to 2024-04-14 00:00:00+00:00, run_after=2024-04-15 00:00:00+00:00
[2024-04-15T00:02:29.347+0000] {processor.py:183} INFO - Processing /opt/airflow/dags/ingest_btc_data.py took 0.089 seconds
[2024-04-15T00:02:59.529+0000] {processor.py:161} INFO - Started process (PID=1956) to work on /opt/airflow/dags/ingest_btc_data.py
[2024-04-15T00:02:59.530+0000] {processor.py:830} INFO - Processing file /opt/airflow/dags/ingest_btc_data.py for tasks to queue
[2024-04-15T00:02:59.531+0000] {logging_mixin.py:188} INFO - [2024-04-15T00:02:59.531+0000] {dagbag.py:540} INFO - Filling up the DagBag from /opt/airflow/dags/ingest_btc_data.py
[2024-04-15T00:02:59.571+0000] {processor.py:840} INFO - DAG(s) 'ingest_btc_data' retrieved from /opt/airflow/dags/ingest_btc_data.py
[2024-04-15T00:02:59.598+0000] {logging_mixin.py:188} INFO - [2024-04-15T00:02:59.598+0000] {dag.py:3096} INFO - Sync 1 DAGs
[2024-04-15T00:02:59.639+0000] {logging_mixin.py:188} INFO - [2024-04-15T00:02:59.639+0000] {dag.py:3954} INFO - Setting next_dagrun for ingest_btc_data to 2024-04-14 00:00:00+00:00, run_after=2024-04-15 00:00:00+00:00
[2024-04-15T00:02:59.678+0000] {processor.py:183} INFO - Processing /opt/airflow/dags/ingest_btc_data.py took 0.154 seconds
[2024-04-15T00:03:29.783+0000] {processor.py:161} INFO - Started process (PID=1964) to work on /opt/airflow/dags/ingest_btc_data.py
[2024-04-15T00:03:29.784+0000] {processor.py:830} INFO - Processing file /opt/airflow/dags/ingest_btc_data.py for tasks to queue
[2024-04-15T00:03:29.785+0000] {logging_mixin.py:188} INFO - [2024-04-15T00:03:29.785+0000] {dagbag.py:540} INFO - Filling up the DagBag from /opt/airflow/dags/ingest_btc_data.py
[2024-04-15T00:03:29.811+0000] {processor.py:840} INFO - DAG(s) 'ingest_btc_data' retrieved from /opt/airflow/dags/ingest_btc_data.py
[2024-04-15T00:03:29.831+0000] {logging_mixin.py:188} INFO - [2024-04-15T00:03:29.831+0000] {dag.py:3096} INFO - Sync 1 DAGs
[2024-04-15T00:03:29.851+0000] {logging_mixin.py:188} INFO - [2024-04-15T00:03:29.850+0000] {dag.py:3954} INFO - Setting next_dagrun for ingest_btc_data to 2024-04-14 00:00:00+00:00, run_after=2024-04-15 00:00:00+00:00
[2024-04-15T00:03:29.872+0000] {processor.py:183} INFO - Processing /opt/airflow/dags/ingest_btc_data.py took 0.093 seconds
[2024-04-15T00:04:00.076+0000] {processor.py:161} INFO - Started process (PID=1972) to work on /opt/airflow/dags/ingest_btc_data.py
[2024-04-15T00:04:00.077+0000] {processor.py:830} INFO - Processing file /opt/airflow/dags/ingest_btc_data.py for tasks to queue
[2024-04-15T00:04:00.078+0000] {logging_mixin.py:188} INFO - [2024-04-15T00:04:00.077+0000] {dagbag.py:540} INFO - Filling up the DagBag from /opt/airflow/dags/ingest_btc_data.py
[2024-04-15T00:04:00.107+0000] {processor.py:840} INFO - DAG(s) 'ingest_btc_data' retrieved from /opt/airflow/dags/ingest_btc_data.py
[2024-04-15T00:04:00.128+0000] {logging_mixin.py:188} INFO - [2024-04-15T00:04:00.128+0000] {dag.py:3096} INFO - Sync 1 DAGs
[2024-04-15T00:04:00.148+0000] {logging_mixin.py:188} INFO - [2024-04-15T00:04:00.148+0000] {dag.py:3954} INFO - Setting next_dagrun for ingest_btc_data to 2024-04-14 00:00:00+00:00, run_after=2024-04-15 00:00:00+00:00
[2024-04-15T00:04:00.166+0000] {processor.py:183} INFO - Processing /opt/airflow/dags/ingest_btc_data.py took 0.095 seconds
[2024-04-15T00:04:30.367+0000] {processor.py:161} INFO - Started process (PID=1980) to work on /opt/airflow/dags/ingest_btc_data.py
[2024-04-15T00:04:30.367+0000] {processor.py:830} INFO - Processing file /opt/airflow/dags/ingest_btc_data.py for tasks to queue
[2024-04-15T00:04:30.368+0000] {logging_mixin.py:188} INFO - [2024-04-15T00:04:30.368+0000] {dagbag.py:540} INFO - Filling up the DagBag from /opt/airflow/dags/ingest_btc_data.py
[2024-04-15T00:04:30.401+0000] {processor.py:840} INFO - DAG(s) 'ingest_btc_data' retrieved from /opt/airflow/dags/ingest_btc_data.py
[2024-04-15T00:04:30.420+0000] {logging_mixin.py:188} INFO - [2024-04-15T00:04:30.420+0000] {dag.py:3096} INFO - Sync 1 DAGs
[2024-04-15T00:04:30.440+0000] {logging_mixin.py:188} INFO - [2024-04-15T00:04:30.440+0000] {dag.py:3954} INFO - Setting next_dagrun for ingest_btc_data to 2024-04-14 00:00:00+00:00, run_after=2024-04-15 00:00:00+00:00
[2024-04-15T00:04:30.456+0000] {processor.py:183} INFO - Processing /opt/airflow/dags/ingest_btc_data.py took 0.093 seconds
[2024-04-15T00:05:00.628+0000] {processor.py:161} INFO - Started process (PID=1996) to work on /opt/airflow/dags/ingest_btc_data.py
[2024-04-15T00:05:00.629+0000] {processor.py:830} INFO - Processing file /opt/airflow/dags/ingest_btc_data.py for tasks to queue
[2024-04-15T00:05:00.630+0000] {logging_mixin.py:188} INFO - [2024-04-15T00:05:00.629+0000] {dagbag.py:540} INFO - Filling up the DagBag from /opt/airflow/dags/ingest_btc_data.py
[2024-04-15T00:05:00.657+0000] {processor.py:840} INFO - DAG(s) 'ingest_btc_data' retrieved from /opt/airflow/dags/ingest_btc_data.py
[2024-04-15T00:05:00.677+0000] {logging_mixin.py:188} INFO - [2024-04-15T00:05:00.677+0000] {dag.py:3096} INFO - Sync 1 DAGs
[2024-04-15T00:05:00.696+0000] {logging_mixin.py:188} INFO - [2024-04-15T00:05:00.695+0000] {dag.py:3954} INFO - Setting next_dagrun for ingest_btc_data to 2024-04-14 00:00:00+00:00, run_after=2024-04-15 00:00:00+00:00
[2024-04-15T00:05:00.712+0000] {processor.py:183} INFO - Processing /opt/airflow/dags/ingest_btc_data.py took 0.089 seconds
[2024-04-15T00:05:22.868+0000] {processor.py:161} INFO - Started process (PID=2004) to work on /opt/airflow/dags/ingest_btc_data.py
[2024-04-15T00:05:22.868+0000] {processor.py:830} INFO - Processing file /opt/airflow/dags/ingest_btc_data.py for tasks to queue
[2024-04-15T00:05:22.869+0000] {logging_mixin.py:188} INFO - [2024-04-15T00:05:22.869+0000] {dagbag.py:540} INFO - Filling up the DagBag from /opt/airflow/dags/ingest_btc_data.py
[2024-04-15T00:05:22.903+0000] {processor.py:840} INFO - DAG(s) 'ingest_btc_data' retrieved from /opt/airflow/dags/ingest_btc_data.py
[2024-04-15T00:05:23.060+0000] {logging_mixin.py:188} INFO - [2024-04-15T00:05:23.059+0000] {dag.py:3096} INFO - Sync 1 DAGs
[2024-04-15T00:05:23.080+0000] {logging_mixin.py:188} INFO - [2024-04-15T00:05:23.080+0000] {dag.py:3954} INFO - Setting next_dagrun for ingest_btc_data to 2024-04-14 00:00:00+00:00, run_after=2024-04-15 00:00:00+00:00
[2024-04-15T00:05:23.640+0000] {processor.py:183} INFO - Processing /opt/airflow/dags/ingest_btc_data.py took 0.777 seconds
[2024-04-15T00:05:40.967+0000] {processor.py:161} INFO - Started process (PID=2006) to work on /opt/airflow/dags/ingest_btc_data.py
[2024-04-15T00:05:40.967+0000] {processor.py:830} INFO - Processing file /opt/airflow/dags/ingest_btc_data.py for tasks to queue
[2024-04-15T00:05:40.968+0000] {logging_mixin.py:188} INFO - [2024-04-15T00:05:40.968+0000] {dagbag.py:540} INFO - Filling up the DagBag from /opt/airflow/dags/ingest_btc_data.py
[2024-04-15T00:05:41.004+0000] {processor.py:840} INFO - DAG(s) 'ingest_btc_data' retrieved from /opt/airflow/dags/ingest_btc_data.py
[2024-04-15T00:05:41.015+0000] {logging_mixin.py:188} INFO - [2024-04-15T00:05:41.015+0000] {dag.py:3096} INFO - Sync 1 DAGs
[2024-04-15T00:05:41.039+0000] {logging_mixin.py:188} INFO - [2024-04-15T00:05:41.038+0000] {dag.py:3954} INFO - Setting next_dagrun for ingest_btc_data to 2024-04-14 00:00:00+00:00, run_after=2024-04-15 00:00:00+00:00
[2024-04-15T00:05:41.061+0000] {processor.py:183} INFO - Processing /opt/airflow/dags/ingest_btc_data.py took 0.098 seconds
[2024-04-15T00:06:11.276+0000] {processor.py:161} INFO - Started process (PID=2014) to work on /opt/airflow/dags/ingest_btc_data.py
[2024-04-15T00:06:11.277+0000] {processor.py:830} INFO - Processing file /opt/airflow/dags/ingest_btc_data.py for tasks to queue
[2024-04-15T00:06:11.278+0000] {logging_mixin.py:188} INFO - [2024-04-15T00:06:11.277+0000] {dagbag.py:540} INFO - Filling up the DagBag from /opt/airflow/dags/ingest_btc_data.py
[2024-04-15T00:06:11.305+0000] {processor.py:840} INFO - DAG(s) 'ingest_btc_data' retrieved from /opt/airflow/dags/ingest_btc_data.py
[2024-04-15T00:06:11.408+0000] {logging_mixin.py:188} INFO - [2024-04-15T00:06:11.408+0000] {dag.py:3096} INFO - Sync 1 DAGs
[2024-04-15T00:06:11.582+0000] {logging_mixin.py:188} INFO - [2024-04-15T00:06:11.581+0000] {dag.py:3954} INFO - Setting next_dagrun for ingest_btc_data to 2024-04-14 00:00:00+00:00, run_after=2024-04-15 00:00:00+00:00
[2024-04-15T00:06:11.599+0000] {processor.py:183} INFO - Processing /opt/airflow/dags/ingest_btc_data.py took 0.329 seconds
[2024-04-15T00:06:42.534+0000] {processor.py:161} INFO - Started process (PID=2022) to work on /opt/airflow/dags/ingest_btc_data.py
[2024-04-15T00:06:42.535+0000] {processor.py:830} INFO - Processing file /opt/airflow/dags/ingest_btc_data.py for tasks to queue
[2024-04-15T00:06:42.536+0000] {logging_mixin.py:188} INFO - [2024-04-15T00:06:42.536+0000] {dagbag.py:540} INFO - Filling up the DagBag from /opt/airflow/dags/ingest_btc_data.py
[2024-04-15T00:06:42.564+0000] {processor.py:840} INFO - DAG(s) 'ingest_btc_data' retrieved from /opt/airflow/dags/ingest_btc_data.py
[2024-04-15T00:06:42.586+0000] {logging_mixin.py:188} INFO - [2024-04-15T00:06:42.586+0000] {dag.py:3096} INFO - Sync 1 DAGs
[2024-04-15T00:06:42.607+0000] {logging_mixin.py:188} INFO - [2024-04-15T00:06:42.607+0000] {dag.py:3954} INFO - Setting next_dagrun for ingest_btc_data to 2024-04-14 00:00:00+00:00, run_after=2024-04-15 00:00:00+00:00
[2024-04-15T00:06:42.626+0000] {processor.py:183} INFO - Processing /opt/airflow/dags/ingest_btc_data.py took 0.096 seconds
[2024-04-15T00:07:12.817+0000] {processor.py:161} INFO - Started process (PID=2031) to work on /opt/airflow/dags/ingest_btc_data.py
[2024-04-15T00:07:12.818+0000] {processor.py:830} INFO - Processing file /opt/airflow/dags/ingest_btc_data.py for tasks to queue
[2024-04-15T00:07:12.818+0000] {logging_mixin.py:188} INFO - [2024-04-15T00:07:12.818+0000] {dagbag.py:540} INFO - Filling up the DagBag from /opt/airflow/dags/ingest_btc_data.py
[2024-04-15T00:07:12.846+0000] {processor.py:840} INFO - DAG(s) 'ingest_btc_data' retrieved from /opt/airflow/dags/ingest_btc_data.py
[2024-04-15T00:07:12.865+0000] {logging_mixin.py:188} INFO - [2024-04-15T00:07:12.865+0000] {dag.py:3096} INFO - Sync 1 DAGs
[2024-04-15T00:07:12.885+0000] {logging_mixin.py:188} INFO - [2024-04-15T00:07:12.884+0000] {dag.py:3954} INFO - Setting next_dagrun for ingest_btc_data to 2024-04-14 00:00:00+00:00, run_after=2024-04-15 00:00:00+00:00
[2024-04-15T00:07:12.905+0000] {processor.py:183} INFO - Processing /opt/airflow/dags/ingest_btc_data.py took 0.092 seconds
[2024-04-15T00:07:43.078+0000] {processor.py:161} INFO - Started process (PID=2039) to work on /opt/airflow/dags/ingest_btc_data.py
[2024-04-15T00:07:43.079+0000] {processor.py:830} INFO - Processing file /opt/airflow/dags/ingest_btc_data.py for tasks to queue
[2024-04-15T00:07:43.080+0000] {logging_mixin.py:188} INFO - [2024-04-15T00:07:43.079+0000] {dagbag.py:540} INFO - Filling up the DagBag from /opt/airflow/dags/ingest_btc_data.py
[2024-04-15T00:07:43.107+0000] {processor.py:840} INFO - DAG(s) 'ingest_btc_data' retrieved from /opt/airflow/dags/ingest_btc_data.py
[2024-04-15T00:07:43.127+0000] {logging_mixin.py:188} INFO - [2024-04-15T00:07:43.127+0000] {dag.py:3096} INFO - Sync 1 DAGs
[2024-04-15T00:07:43.147+0000] {logging_mixin.py:188} INFO - [2024-04-15T00:07:43.147+0000] {dag.py:3954} INFO - Setting next_dagrun for ingest_btc_data to 2024-04-14 00:00:00+00:00, run_after=2024-04-15 00:00:00+00:00
[2024-04-15T00:07:43.163+0000] {processor.py:183} INFO - Processing /opt/airflow/dags/ingest_btc_data.py took 0.090 seconds
[2024-04-15T00:08:13.343+0000] {processor.py:161} INFO - Started process (PID=2047) to work on /opt/airflow/dags/ingest_btc_data.py
[2024-04-15T00:08:13.344+0000] {processor.py:830} INFO - Processing file /opt/airflow/dags/ingest_btc_data.py for tasks to queue
[2024-04-15T00:08:13.345+0000] {logging_mixin.py:188} INFO - [2024-04-15T00:08:13.345+0000] {dagbag.py:540} INFO - Filling up the DagBag from /opt/airflow/dags/ingest_btc_data.py
[2024-04-15T00:08:13.372+0000] {processor.py:840} INFO - DAG(s) 'ingest_btc_data' retrieved from /opt/airflow/dags/ingest_btc_data.py
[2024-04-15T00:08:13.394+0000] {logging_mixin.py:188} INFO - [2024-04-15T00:08:13.394+0000] {dag.py:3096} INFO - Sync 1 DAGs
[2024-04-15T00:08:13.414+0000] {logging_mixin.py:188} INFO - [2024-04-15T00:08:13.414+0000] {dag.py:3954} INFO - Setting next_dagrun for ingest_btc_data to 2024-04-14 00:00:00+00:00, run_after=2024-04-15 00:00:00+00:00
[2024-04-15T00:08:13.429+0000] {processor.py:183} INFO - Processing /opt/airflow/dags/ingest_btc_data.py took 0.091 seconds
[2024-04-15T00:08:22.492+0000] {processor.py:161} INFO - Started process (PID=2054) to work on /opt/airflow/dags/ingest_btc_data.py
[2024-04-15T00:08:22.493+0000] {processor.py:830} INFO - Processing file /opt/airflow/dags/ingest_btc_data.py for tasks to queue
[2024-04-15T00:08:22.494+0000] {logging_mixin.py:188} INFO - [2024-04-15T00:08:22.494+0000] {dagbag.py:540} INFO - Filling up the DagBag from /opt/airflow/dags/ingest_btc_data.py
[2024-04-15T00:08:22.530+0000] {processor.py:840} INFO - DAG(s) 'ingest_btc_data' retrieved from /opt/airflow/dags/ingest_btc_data.py
[2024-04-15T00:08:22.552+0000] {logging_mixin.py:188} INFO - [2024-04-15T00:08:22.552+0000] {dag.py:3096} INFO - Sync 1 DAGs
[2024-04-15T00:08:22.572+0000] {logging_mixin.py:188} INFO - [2024-04-15T00:08:22.572+0000] {dag.py:3954} INFO - Setting next_dagrun for ingest_btc_data to 2024-04-14 00:00:00+00:00, run_after=2024-04-15 00:00:00+00:00
[2024-04-15T00:08:22.589+0000] {processor.py:183} INFO - Processing /opt/airflow/dags/ingest_btc_data.py took 0.102 seconds
[2024-04-15T00:08:29.561+0000] {processor.py:161} INFO - Started process (PID=2055) to work on /opt/airflow/dags/ingest_btc_data.py
[2024-04-15T00:08:29.562+0000] {processor.py:830} INFO - Processing file /opt/airflow/dags/ingest_btc_data.py for tasks to queue
[2024-04-15T00:08:29.563+0000] {logging_mixin.py:188} INFO - [2024-04-15T00:08:29.562+0000] {dagbag.py:540} INFO - Filling up the DagBag from /opt/airflow/dags/ingest_btc_data.py
[2024-04-15T00:08:29.597+0000] {processor.py:840} INFO - DAG(s) 'ingest_btc_data' retrieved from /opt/airflow/dags/ingest_btc_data.py
[2024-04-15T00:08:29.618+0000] {logging_mixin.py:188} INFO - [2024-04-15T00:08:29.617+0000] {dag.py:3096} INFO - Sync 1 DAGs
[2024-04-15T00:08:29.643+0000] {logging_mixin.py:188} INFO - [2024-04-15T00:08:29.643+0000] {dag.py:3954} INFO - Setting next_dagrun for ingest_btc_data to 2024-04-14 00:00:00+00:00, run_after=2024-04-15 00:00:00+00:00
[2024-04-15T00:08:29.669+0000] {processor.py:183} INFO - Processing /opt/airflow/dags/ingest_btc_data.py took 0.112 seconds
[2024-04-15T00:08:30.668+0000] {processor.py:161} INFO - Started process (PID=2056) to work on /opt/airflow/dags/ingest_btc_data.py
[2024-04-15T00:08:30.669+0000] {processor.py:830} INFO - Processing file /opt/airflow/dags/ingest_btc_data.py for tasks to queue
[2024-04-15T00:08:30.670+0000] {logging_mixin.py:188} INFO - [2024-04-15T00:08:30.670+0000] {dagbag.py:540} INFO - Filling up the DagBag from /opt/airflow/dags/ingest_btc_data.py
[2024-04-15T00:08:30.704+0000] {processor.py:840} INFO - DAG(s) 'ingest_btc_data' retrieved from /opt/airflow/dags/ingest_btc_data.py
[2024-04-15T00:08:30.723+0000] {logging_mixin.py:188} INFO - [2024-04-15T00:08:30.723+0000] {dag.py:3096} INFO - Sync 1 DAGs
[2024-04-15T00:08:30.744+0000] {logging_mixin.py:188} INFO - [2024-04-15T00:08:30.744+0000] {dag.py:3954} INFO - Setting next_dagrun for ingest_btc_data to 2024-04-14 00:00:00+00:00, run_after=2024-04-15 00:00:00+00:00
[2024-04-15T00:08:30.763+0000] {processor.py:183} INFO - Processing /opt/airflow/dags/ingest_btc_data.py took 0.099 seconds
[2024-04-15T00:08:33.733+0000] {processor.py:161} INFO - Started process (PID=2057) to work on /opt/airflow/dags/ingest_btc_data.py
[2024-04-15T00:08:33.734+0000] {processor.py:830} INFO - Processing file /opt/airflow/dags/ingest_btc_data.py for tasks to queue
[2024-04-15T00:08:33.735+0000] {logging_mixin.py:188} INFO - [2024-04-15T00:08:33.734+0000] {dagbag.py:540} INFO - Filling up the DagBag from /opt/airflow/dags/ingest_btc_data.py
[2024-04-15T00:08:33.771+0000] {processor.py:840} INFO - DAG(s) 'ingest_btc_data' retrieved from /opt/airflow/dags/ingest_btc_data.py
[2024-04-15T00:08:33.791+0000] {logging_mixin.py:188} INFO - [2024-04-15T00:08:33.791+0000] {dag.py:3096} INFO - Sync 1 DAGs
[2024-04-15T00:08:33.813+0000] {logging_mixin.py:188} INFO - [2024-04-15T00:08:33.813+0000] {dag.py:3954} INFO - Setting next_dagrun for ingest_btc_data to 2024-04-14 00:00:00+00:00, run_after=2024-04-15 00:00:00+00:00
[2024-04-15T00:08:33.832+0000] {processor.py:183} INFO - Processing /opt/airflow/dags/ingest_btc_data.py took 0.104 seconds
[2024-04-15T00:08:34.820+0000] {processor.py:161} INFO - Started process (PID=2058) to work on /opt/airflow/dags/ingest_btc_data.py
[2024-04-15T00:08:34.820+0000] {processor.py:830} INFO - Processing file /opt/airflow/dags/ingest_btc_data.py for tasks to queue
[2024-04-15T00:08:34.821+0000] {logging_mixin.py:188} INFO - [2024-04-15T00:08:34.821+0000] {dagbag.py:540} INFO - Filling up the DagBag from /opt/airflow/dags/ingest_btc_data.py
[2024-04-15T00:08:34.857+0000] {processor.py:840} INFO - DAG(s) 'ingest_btc_data' retrieved from /opt/airflow/dags/ingest_btc_data.py
[2024-04-15T00:08:34.877+0000] {logging_mixin.py:188} INFO - [2024-04-15T00:08:34.877+0000] {dag.py:3096} INFO - Sync 1 DAGs
[2024-04-15T00:08:34.897+0000] {logging_mixin.py:188} INFO - [2024-04-15T00:08:34.897+0000] {dag.py:3954} INFO - Setting next_dagrun for ingest_btc_data to 2024-04-14 00:00:00+00:00, run_after=2024-04-15 00:00:00+00:00
[2024-04-15T00:08:34.915+0000] {processor.py:183} INFO - Processing /opt/airflow/dags/ingest_btc_data.py took 0.100 seconds
[2024-04-15T00:08:37.894+0000] {processor.py:161} INFO - Started process (PID=2059) to work on /opt/airflow/dags/ingest_btc_data.py
[2024-04-15T00:08:37.895+0000] {processor.py:830} INFO - Processing file /opt/airflow/dags/ingest_btc_data.py for tasks to queue
[2024-04-15T00:08:37.896+0000] {logging_mixin.py:188} INFO - [2024-04-15T00:08:37.896+0000] {dagbag.py:540} INFO - Filling up the DagBag from /opt/airflow/dags/ingest_btc_data.py
[2024-04-15T00:08:37.930+0000] {processor.py:840} INFO - DAG(s) 'ingest_btc_data' retrieved from /opt/airflow/dags/ingest_btc_data.py
[2024-04-15T00:08:37.949+0000] {logging_mixin.py:188} INFO - [2024-04-15T00:08:37.949+0000] {dag.py:3096} INFO - Sync 1 DAGs
[2024-04-15T00:08:37.968+0000] {logging_mixin.py:188} INFO - [2024-04-15T00:08:37.968+0000] {dag.py:3954} INFO - Setting next_dagrun for ingest_btc_data to 2024-04-14 00:00:00+00:00, run_after=2024-04-15 00:00:00+00:00
[2024-04-15T00:08:37.986+0000] {processor.py:183} INFO - Processing /opt/airflow/dags/ingest_btc_data.py took 0.096 seconds
[2024-04-15T00:08:38.974+0000] {processor.py:161} INFO - Started process (PID=2060) to work on /opt/airflow/dags/ingest_btc_data.py
[2024-04-15T00:08:38.976+0000] {processor.py:830} INFO - Processing file /opt/airflow/dags/ingest_btc_data.py for tasks to queue
[2024-04-15T00:08:38.977+0000] {logging_mixin.py:188} INFO - [2024-04-15T00:08:38.977+0000] {dagbag.py:540} INFO - Filling up the DagBag from /opt/airflow/dags/ingest_btc_data.py
[2024-04-15T00:08:39.013+0000] {processor.py:840} INFO - DAG(s) 'ingest_btc_data' retrieved from /opt/airflow/dags/ingest_btc_data.py
[2024-04-15T00:08:39.033+0000] {logging_mixin.py:188} INFO - [2024-04-15T00:08:39.032+0000] {dag.py:3096} INFO - Sync 1 DAGs
[2024-04-15T00:08:39.052+0000] {logging_mixin.py:188} INFO - [2024-04-15T00:08:39.052+0000] {dag.py:3954} INFO - Setting next_dagrun for ingest_btc_data to 2024-04-14 00:00:00+00:00, run_after=2024-04-15 00:00:00+00:00
[2024-04-15T00:08:39.071+0000] {processor.py:183} INFO - Processing /opt/airflow/dags/ingest_btc_data.py took 0.102 seconds
[2024-04-15T00:08:40.032+0000] {processor.py:161} INFO - Started process (PID=2061) to work on /opt/airflow/dags/ingest_btc_data.py
[2024-04-15T00:08:40.032+0000] {processor.py:830} INFO - Processing file /opt/airflow/dags/ingest_btc_data.py for tasks to queue
[2024-04-15T00:08:40.033+0000] {logging_mixin.py:188} INFO - [2024-04-15T00:08:40.033+0000] {dagbag.py:540} INFO - Filling up the DagBag from /opt/airflow/dags/ingest_btc_data.py
[2024-04-15T00:08:40.067+0000] {processor.py:840} INFO - DAG(s) 'ingest_btc_data' retrieved from /opt/airflow/dags/ingest_btc_data.py
[2024-04-15T00:08:40.087+0000] {logging_mixin.py:188} INFO - [2024-04-15T00:08:40.086+0000] {dag.py:3096} INFO - Sync 1 DAGs
[2024-04-15T00:08:40.109+0000] {logging_mixin.py:188} INFO - [2024-04-15T00:08:40.108+0000] {dag.py:3954} INFO - Setting next_dagrun for ingest_btc_data to 2024-04-14 00:00:00+00:00, run_after=2024-04-15 00:00:00+00:00
[2024-04-15T00:08:40.129+0000] {processor.py:183} INFO - Processing /opt/airflow/dags/ingest_btc_data.py took 0.101 seconds
[2024-04-15T00:08:41.119+0000] {processor.py:161} INFO - Started process (PID=2062) to work on /opt/airflow/dags/ingest_btc_data.py
[2024-04-15T00:08:41.120+0000] {processor.py:830} INFO - Processing file /opt/airflow/dags/ingest_btc_data.py for tasks to queue
[2024-04-15T00:08:41.121+0000] {logging_mixin.py:188} INFO - [2024-04-15T00:08:41.121+0000] {dagbag.py:540} INFO - Filling up the DagBag from /opt/airflow/dags/ingest_btc_data.py
[2024-04-15T00:08:41.157+0000] {processor.py:840} INFO - DAG(s) 'ingest_btc_data' retrieved from /opt/airflow/dags/ingest_btc_data.py
[2024-04-15T00:08:41.179+0000] {logging_mixin.py:188} INFO - [2024-04-15T00:08:41.179+0000] {dag.py:3096} INFO - Sync 1 DAGs
[2024-04-15T00:08:41.198+0000] {logging_mixin.py:188} INFO - [2024-04-15T00:08:41.198+0000] {dag.py:3954} INFO - Setting next_dagrun for ingest_btc_data to 2024-04-14 00:00:00+00:00, run_after=2024-04-15 00:00:00+00:00
[2024-04-15T00:08:41.216+0000] {processor.py:183} INFO - Processing /opt/airflow/dags/ingest_btc_data.py took 0.102 seconds
[2024-04-15T00:08:45.266+0000] {processor.py:161} INFO - Started process (PID=2071) to work on /opt/airflow/dags/ingest_btc_data.py
[2024-04-15T00:08:45.266+0000] {processor.py:830} INFO - Processing file /opt/airflow/dags/ingest_btc_data.py for tasks to queue
[2024-04-15T00:08:45.267+0000] {logging_mixin.py:188} INFO - [2024-04-15T00:08:45.267+0000] {dagbag.py:540} INFO - Filling up the DagBag from /opt/airflow/dags/ingest_btc_data.py
[2024-04-15T00:08:45.299+0000] {processor.py:840} INFO - DAG(s) 'ingest_btc_data' retrieved from /opt/airflow/dags/ingest_btc_data.py
[2024-04-15T00:08:45.320+0000] {logging_mixin.py:188} INFO - [2024-04-15T00:08:45.320+0000] {dag.py:3096} INFO - Sync 1 DAGs
[2024-04-15T00:08:45.339+0000] {logging_mixin.py:188} INFO - [2024-04-15T00:08:45.339+0000] {dag.py:3954} INFO - Setting next_dagrun for ingest_btc_data to 2024-04-14 00:00:00+00:00, run_after=2024-04-15 00:00:00+00:00
[2024-04-15T00:08:45.357+0000] {processor.py:183} INFO - Processing /opt/airflow/dags/ingest_btc_data.py took 0.096 seconds
[2024-04-15T00:08:47.300+0000] {processor.py:161} INFO - Started process (PID=2072) to work on /opt/airflow/dags/ingest_btc_data.py
[2024-04-15T00:08:47.301+0000] {processor.py:830} INFO - Processing file /opt/airflow/dags/ingest_btc_data.py for tasks to queue
[2024-04-15T00:08:47.302+0000] {logging_mixin.py:188} INFO - [2024-04-15T00:08:47.301+0000] {dagbag.py:540} INFO - Filling up the DagBag from /opt/airflow/dags/ingest_btc_data.py
[2024-04-15T00:08:47.337+0000] {processor.py:840} INFO - DAG(s) 'ingest_btc_data' retrieved from /opt/airflow/dags/ingest_btc_data.py
[2024-04-15T00:08:47.357+0000] {logging_mixin.py:188} INFO - [2024-04-15T00:08:47.357+0000] {dag.py:3096} INFO - Sync 1 DAGs
[2024-04-15T00:08:47.376+0000] {logging_mixin.py:188} INFO - [2024-04-15T00:08:47.376+0000] {dag.py:3954} INFO - Setting next_dagrun for ingest_btc_data to 2024-04-14 00:00:00+00:00, run_after=2024-04-15 00:00:00+00:00
[2024-04-15T00:08:47.394+0000] {processor.py:183} INFO - Processing /opt/airflow/dags/ingest_btc_data.py took 0.098 seconds
[2024-04-15T00:08:50.423+0000] {processor.py:161} INFO - Started process (PID=2073) to work on /opt/airflow/dags/ingest_btc_data.py
[2024-04-15T00:08:50.424+0000] {processor.py:830} INFO - Processing file /opt/airflow/dags/ingest_btc_data.py for tasks to queue
[2024-04-15T00:08:50.424+0000] {logging_mixin.py:188} INFO - [2024-04-15T00:08:50.424+0000] {dagbag.py:540} INFO - Filling up the DagBag from /opt/airflow/dags/ingest_btc_data.py
[2024-04-15T00:08:50.458+0000] {processor.py:840} INFO - DAG(s) 'ingest_btc_data' retrieved from /opt/airflow/dags/ingest_btc_data.py
[2024-04-15T00:08:50.479+0000] {logging_mixin.py:188} INFO - [2024-04-15T00:08:50.479+0000] {dag.py:3096} INFO - Sync 1 DAGs
[2024-04-15T00:08:50.498+0000] {logging_mixin.py:188} INFO - [2024-04-15T00:08:50.497+0000] {dag.py:3954} INFO - Setting next_dagrun for ingest_btc_data to 2024-04-14 00:00:00+00:00, run_after=2024-04-15 00:00:00+00:00
[2024-04-15T00:08:50.518+0000] {processor.py:183} INFO - Processing /opt/airflow/dags/ingest_btc_data.py took 0.099 seconds
[2024-04-15T00:08:56.474+0000] {processor.py:161} INFO - Started process (PID=2074) to work on /opt/airflow/dags/ingest_btc_data.py
[2024-04-15T00:08:56.475+0000] {processor.py:830} INFO - Processing file /opt/airflow/dags/ingest_btc_data.py for tasks to queue
[2024-04-15T00:08:56.476+0000] {logging_mixin.py:188} INFO - [2024-04-15T00:08:56.475+0000] {dagbag.py:540} INFO - Filling up the DagBag from /opt/airflow/dags/ingest_btc_data.py
[2024-04-15T00:08:56.514+0000] {processor.py:840} INFO - DAG(s) 'ingest_btc_data' retrieved from /opt/airflow/dags/ingest_btc_data.py
[2024-04-15T00:08:56.537+0000] {logging_mixin.py:188} INFO - [2024-04-15T00:08:56.536+0000] {dag.py:3096} INFO - Sync 1 DAGs
[2024-04-15T00:08:56.557+0000] {logging_mixin.py:188} INFO - [2024-04-15T00:08:56.557+0000] {dag.py:3954} INFO - Setting next_dagrun for ingest_btc_data to 2024-04-14 00:00:00+00:00, run_after=2024-04-15 00:00:00+00:00
[2024-04-15T00:08:56.576+0000] {processor.py:183} INFO - Processing /opt/airflow/dags/ingest_btc_data.py took 0.107 seconds
[2024-04-15T00:08:57.598+0000] {processor.py:161} INFO - Started process (PID=2075) to work on /opt/airflow/dags/ingest_btc_data.py
[2024-04-15T00:08:57.598+0000] {processor.py:830} INFO - Processing file /opt/airflow/dags/ingest_btc_data.py for tasks to queue
[2024-04-15T00:08:57.599+0000] {logging_mixin.py:188} INFO - [2024-04-15T00:08:57.599+0000] {dagbag.py:540} INFO - Filling up the DagBag from /opt/airflow/dags/ingest_btc_data.py
[2024-04-15T00:08:57.640+0000] {processor.py:840} INFO - DAG(s) 'ingest_btc_data' retrieved from /opt/airflow/dags/ingest_btc_data.py
[2024-04-15T00:08:57.665+0000] {logging_mixin.py:188} INFO - [2024-04-15T00:08:57.665+0000] {dag.py:3096} INFO - Sync 1 DAGs
[2024-04-15T00:08:57.688+0000] {logging_mixin.py:188} INFO - [2024-04-15T00:08:57.687+0000] {dag.py:3954} INFO - Setting next_dagrun for ingest_btc_data to 2024-04-14 00:00:00+00:00, run_after=2024-04-15 00:00:00+00:00
[2024-04-15T00:08:57.709+0000] {processor.py:183} INFO - Processing /opt/airflow/dags/ingest_btc_data.py took 0.115 seconds
[2024-04-15T00:08:59.634+0000] {processor.py:161} INFO - Started process (PID=2076) to work on /opt/airflow/dags/ingest_btc_data.py
[2024-04-15T00:08:59.635+0000] {processor.py:830} INFO - Processing file /opt/airflow/dags/ingest_btc_data.py for tasks to queue
[2024-04-15T00:08:59.636+0000] {logging_mixin.py:188} INFO - [2024-04-15T00:08:59.635+0000] {dagbag.py:540} INFO - Filling up the DagBag from /opt/airflow/dags/ingest_btc_data.py
[2024-04-15T00:08:59.670+0000] {processor.py:840} INFO - DAG(s) 'ingest_btc_data' retrieved from /opt/airflow/dags/ingest_btc_data.py
[2024-04-15T00:08:59.691+0000] {logging_mixin.py:188} INFO - [2024-04-15T00:08:59.691+0000] {dag.py:3096} INFO - Sync 1 DAGs
[2024-04-15T00:08:59.710+0000] {logging_mixin.py:188} INFO - [2024-04-15T00:08:59.709+0000] {dag.py:3954} INFO - Setting next_dagrun for ingest_btc_data to 2024-04-14 00:00:00+00:00, run_after=2024-04-15 00:00:00+00:00
[2024-04-15T00:08:59.728+0000] {processor.py:183} INFO - Processing /opt/airflow/dags/ingest_btc_data.py took 0.098 seconds
[2024-04-15T00:09:00.763+0000] {processor.py:161} INFO - Started process (PID=2077) to work on /opt/airflow/dags/ingest_btc_data.py
[2024-04-15T00:09:00.764+0000] {processor.py:830} INFO - Processing file /opt/airflow/dags/ingest_btc_data.py for tasks to queue
[2024-04-15T00:09:00.765+0000] {logging_mixin.py:188} INFO - [2024-04-15T00:09:00.764+0000] {dagbag.py:540} INFO - Filling up the DagBag from /opt/airflow/dags/ingest_btc_data.py
[2024-04-15T00:09:00.797+0000] {processor.py:840} INFO - DAG(s) 'ingest_btc_data' retrieved from /opt/airflow/dags/ingest_btc_data.py
[2024-04-15T00:09:00.819+0000] {logging_mixin.py:188} INFO - [2024-04-15T00:09:00.818+0000] {dag.py:3096} INFO - Sync 1 DAGs
[2024-04-15T00:09:00.838+0000] {logging_mixin.py:188} INFO - [2024-04-15T00:09:00.838+0000] {dag.py:3954} INFO - Setting next_dagrun for ingest_btc_data to 2024-04-14 00:00:00+00:00, run_after=2024-04-15 00:00:00+00:00
[2024-04-15T00:09:00.858+0000] {processor.py:183} INFO - Processing /opt/airflow/dags/ingest_btc_data.py took 0.099 seconds
[2024-04-15T00:09:01.903+0000] {processor.py:161} INFO - Started process (PID=2078) to work on /opt/airflow/dags/ingest_btc_data.py
[2024-04-15T00:09:01.904+0000] {processor.py:830} INFO - Processing file /opt/airflow/dags/ingest_btc_data.py for tasks to queue
[2024-04-15T00:09:01.905+0000] {logging_mixin.py:188} INFO - [2024-04-15T00:09:01.905+0000] {dagbag.py:540} INFO - Filling up the DagBag from /opt/airflow/dags/ingest_btc_data.py
[2024-04-15T00:09:01.940+0000] {processor.py:840} INFO - DAG(s) 'ingest_btc_data' retrieved from /opt/airflow/dags/ingest_btc_data.py
[2024-04-15T00:09:01.960+0000] {logging_mixin.py:188} INFO - [2024-04-15T00:09:01.960+0000] {dag.py:3096} INFO - Sync 1 DAGs
[2024-04-15T00:09:01.980+0000] {logging_mixin.py:188} INFO - [2024-04-15T00:09:01.980+0000] {dag.py:3954} INFO - Setting next_dagrun for ingest_btc_data to 2024-04-14 00:00:00+00:00, run_after=2024-04-15 00:00:00+00:00
[2024-04-15T00:09:01.999+0000] {processor.py:183} INFO - Processing /opt/airflow/dags/ingest_btc_data.py took 0.100 seconds
[2024-04-15T00:09:03.039+0000] {processor.py:161} INFO - Started process (PID=2079) to work on /opt/airflow/dags/ingest_btc_data.py
[2024-04-15T00:09:03.039+0000] {processor.py:830} INFO - Processing file /opt/airflow/dags/ingest_btc_data.py for tasks to queue
[2024-04-15T00:09:03.040+0000] {logging_mixin.py:188} INFO - [2024-04-15T00:09:03.040+0000] {dagbag.py:540} INFO - Filling up the DagBag from /opt/airflow/dags/ingest_btc_data.py
[2024-04-15T00:09:03.073+0000] {processor.py:840} INFO - DAG(s) 'ingest_btc_data' retrieved from /opt/airflow/dags/ingest_btc_data.py
[2024-04-15T00:09:03.093+0000] {logging_mixin.py:188} INFO - [2024-04-15T00:09:03.093+0000] {dag.py:3096} INFO - Sync 1 DAGs
[2024-04-15T00:09:03.112+0000] {logging_mixin.py:188} INFO - [2024-04-15T00:09:03.112+0000] {dag.py:3954} INFO - Setting next_dagrun for ingest_btc_data to 2024-04-14 00:00:00+00:00, run_after=2024-04-15 00:00:00+00:00
[2024-04-15T00:09:03.138+0000] {processor.py:183} INFO - Processing /opt/airflow/dags/ingest_btc_data.py took 0.103 seconds
[2024-04-15T00:09:04.187+0000] {processor.py:161} INFO - Started process (PID=2080) to work on /opt/airflow/dags/ingest_btc_data.py
[2024-04-15T00:09:04.188+0000] {processor.py:830} INFO - Processing file /opt/airflow/dags/ingest_btc_data.py for tasks to queue
[2024-04-15T00:09:04.189+0000] {logging_mixin.py:188} INFO - [2024-04-15T00:09:04.188+0000] {dagbag.py:540} INFO - Filling up the DagBag from /opt/airflow/dags/ingest_btc_data.py
[2024-04-15T00:09:04.235+0000] {processor.py:840} INFO - DAG(s) 'ingest_btc_data' retrieved from /opt/airflow/dags/ingest_btc_data.py
[2024-04-15T00:09:04.255+0000] {logging_mixin.py:188} INFO - [2024-04-15T00:09:04.255+0000] {dag.py:3096} INFO - Sync 1 DAGs
[2024-04-15T00:09:04.273+0000] {logging_mixin.py:188} INFO - [2024-04-15T00:09:04.273+0000] {dag.py:3954} INFO - Setting next_dagrun for ingest_btc_data to 2024-04-14 00:00:00+00:00, run_after=2024-04-15 00:00:00+00:00
[2024-04-15T00:09:04.291+0000] {processor.py:183} INFO - Processing /opt/airflow/dags/ingest_btc_data.py took 0.109 seconds
[2024-04-15T00:09:06.208+0000] {processor.py:161} INFO - Started process (PID=2081) to work on /opt/airflow/dags/ingest_btc_data.py
[2024-04-15T00:09:06.208+0000] {processor.py:830} INFO - Processing file /opt/airflow/dags/ingest_btc_data.py for tasks to queue
[2024-04-15T00:09:06.209+0000] {logging_mixin.py:188} INFO - [2024-04-15T00:09:06.209+0000] {dagbag.py:540} INFO - Filling up the DagBag from /opt/airflow/dags/ingest_btc_data.py
[2024-04-15T00:09:06.247+0000] {processor.py:840} INFO - DAG(s) 'ingest_btc_data' retrieved from /opt/airflow/dags/ingest_btc_data.py
[2024-04-15T00:09:06.269+0000] {logging_mixin.py:188} INFO - [2024-04-15T00:09:06.269+0000] {dag.py:3096} INFO - Sync 1 DAGs
[2024-04-15T00:09:06.291+0000] {logging_mixin.py:188} INFO - [2024-04-15T00:09:06.290+0000] {dag.py:3954} INFO - Setting next_dagrun for ingest_btc_data to 2024-04-14 00:00:00+00:00, run_after=2024-04-15 00:00:00+00:00
[2024-04-15T00:09:06.311+0000] {processor.py:183} INFO - Processing /opt/airflow/dags/ingest_btc_data.py took 0.107 seconds
[2024-04-15T00:09:10.362+0000] {processor.py:161} INFO - Started process (PID=2082) to work on /opt/airflow/dags/ingest_btc_data.py
[2024-04-15T00:09:10.362+0000] {processor.py:830} INFO - Processing file /opt/airflow/dags/ingest_btc_data.py for tasks to queue
[2024-04-15T00:09:10.363+0000] {logging_mixin.py:188} INFO - [2024-04-15T00:09:10.363+0000] {dagbag.py:540} INFO - Filling up the DagBag from /opt/airflow/dags/ingest_btc_data.py
[2024-04-15T00:09:10.397+0000] {processor.py:840} INFO - DAG(s) 'ingest_btc_data' retrieved from /opt/airflow/dags/ingest_btc_data.py
[2024-04-15T00:09:10.417+0000] {logging_mixin.py:188} INFO - [2024-04-15T00:09:10.417+0000] {dag.py:3096} INFO - Sync 1 DAGs
[2024-04-15T00:09:10.437+0000] {logging_mixin.py:188} INFO - [2024-04-15T00:09:10.437+0000] {dag.py:3954} INFO - Setting next_dagrun for ingest_btc_data to 2024-04-14 00:00:00+00:00, run_after=2024-04-15 00:00:00+00:00
[2024-04-15T00:09:10.456+0000] {processor.py:183} INFO - Processing /opt/airflow/dags/ingest_btc_data.py took 0.100 seconds
[2024-04-15T00:09:11.387+0000] {processor.py:161} INFO - Started process (PID=2083) to work on /opt/airflow/dags/ingest_btc_data.py
[2024-04-15T00:09:11.387+0000] {processor.py:830} INFO - Processing file /opt/airflow/dags/ingest_btc_data.py for tasks to queue
[2024-04-15T00:09:11.388+0000] {logging_mixin.py:188} INFO - [2024-04-15T00:09:11.388+0000] {dagbag.py:540} INFO - Filling up the DagBag from /opt/airflow/dags/ingest_btc_data.py
[2024-04-15T00:09:11.425+0000] {processor.py:840} INFO - DAG(s) 'ingest_btc_data' retrieved from /opt/airflow/dags/ingest_btc_data.py
[2024-04-15T00:09:11.447+0000] {logging_mixin.py:188} INFO - [2024-04-15T00:09:11.447+0000] {dag.py:3096} INFO - Sync 1 DAGs
[2024-04-15T00:09:11.468+0000] {logging_mixin.py:188} INFO - [2024-04-15T00:09:11.468+0000] {dag.py:3954} INFO - Setting next_dagrun for ingest_btc_data to 2024-04-14 00:00:00+00:00, run_after=2024-04-15 00:00:00+00:00
[2024-04-15T00:09:11.488+0000] {processor.py:183} INFO - Processing /opt/airflow/dags/ingest_btc_data.py took 0.106 seconds
[2024-04-15T00:09:15.531+0000] {processor.py:161} INFO - Started process (PID=2091) to work on /opt/airflow/dags/ingest_btc_data.py
[2024-04-15T00:09:15.532+0000] {processor.py:830} INFO - Processing file /opt/airflow/dags/ingest_btc_data.py for tasks to queue
[2024-04-15T00:09:15.533+0000] {logging_mixin.py:188} INFO - [2024-04-15T00:09:15.532+0000] {dagbag.py:540} INFO - Filling up the DagBag from /opt/airflow/dags/ingest_btc_data.py
[2024-04-15T00:09:15.567+0000] {processor.py:840} INFO - DAG(s) 'ingest_btc_data' retrieved from /opt/airflow/dags/ingest_btc_data.py
[2024-04-15T00:09:15.587+0000] {logging_mixin.py:188} INFO - [2024-04-15T00:09:15.587+0000] {dag.py:3096} INFO - Sync 1 DAGs
[2024-04-15T00:09:15.607+0000] {logging_mixin.py:188} INFO - [2024-04-15T00:09:15.607+0000] {dag.py:3954} INFO - Setting next_dagrun for ingest_btc_data to 2024-04-14 00:00:00+00:00, run_after=2024-04-15 00:00:00+00:00
[2024-04-15T00:09:15.626+0000] {processor.py:183} INFO - Processing /opt/airflow/dags/ingest_btc_data.py took 0.099 seconds
[2024-04-15T00:09:17.564+0000] {processor.py:161} INFO - Started process (PID=2092) to work on /opt/airflow/dags/ingest_btc_data.py
[2024-04-15T00:09:17.564+0000] {processor.py:830} INFO - Processing file /opt/airflow/dags/ingest_btc_data.py for tasks to queue
[2024-04-15T00:09:17.565+0000] {logging_mixin.py:188} INFO - [2024-04-15T00:09:17.565+0000] {dagbag.py:540} INFO - Filling up the DagBag from /opt/airflow/dags/ingest_btc_data.py
[2024-04-15T00:09:17.601+0000] {processor.py:840} INFO - DAG(s) 'ingest_btc_data' retrieved from /opt/airflow/dags/ingest_btc_data.py
[2024-04-15T00:09:17.622+0000] {logging_mixin.py:188} INFO - [2024-04-15T00:09:17.621+0000] {dag.py:3096} INFO - Sync 1 DAGs
[2024-04-15T00:09:17.645+0000] {logging_mixin.py:188} INFO - [2024-04-15T00:09:17.644+0000] {dag.py:3954} INFO - Setting next_dagrun for ingest_btc_data to 2024-04-14 00:00:00+00:00, run_after=2024-04-15 00:00:00+00:00
[2024-04-15T00:09:17.667+0000] {processor.py:183} INFO - Processing /opt/airflow/dags/ingest_btc_data.py took 0.107 seconds
[2024-04-15T00:09:18.677+0000] {processor.py:161} INFO - Started process (PID=2093) to work on /opt/airflow/dags/ingest_btc_data.py
[2024-04-15T00:09:18.678+0000] {processor.py:830} INFO - Processing file /opt/airflow/dags/ingest_btc_data.py for tasks to queue
[2024-04-15T00:09:18.679+0000] {logging_mixin.py:188} INFO - [2024-04-15T00:09:18.679+0000] {dagbag.py:540} INFO - Filling up the DagBag from /opt/airflow/dags/ingest_btc_data.py
[2024-04-15T00:09:18.712+0000] {processor.py:840} INFO - DAG(s) 'ingest_btc_data' retrieved from /opt/airflow/dags/ingest_btc_data.py
[2024-04-15T00:09:18.731+0000] {logging_mixin.py:188} INFO - [2024-04-15T00:09:18.730+0000] {dag.py:3096} INFO - Sync 1 DAGs
[2024-04-15T00:09:18.750+0000] {logging_mixin.py:188} INFO - [2024-04-15T00:09:18.750+0000] {dag.py:3954} INFO - Setting next_dagrun for ingest_btc_data to 2024-04-14 00:00:00+00:00, run_after=2024-04-15 00:00:00+00:00
[2024-04-15T00:09:18.769+0000] {processor.py:183} INFO - Processing /opt/airflow/dags/ingest_btc_data.py took 0.096 seconds
[2024-04-15T00:09:48.938+0000] {processor.py:161} INFO - Started process (PID=2101) to work on /opt/airflow/dags/ingest_btc_data.py
[2024-04-15T00:09:48.939+0000] {processor.py:830} INFO - Processing file /opt/airflow/dags/ingest_btc_data.py for tasks to queue
[2024-04-15T00:09:48.940+0000] {logging_mixin.py:188} INFO - [2024-04-15T00:09:48.940+0000] {dagbag.py:540} INFO - Filling up the DagBag from /opt/airflow/dags/ingest_btc_data.py
[2024-04-15T00:09:48.970+0000] {processor.py:840} INFO - DAG(s) 'ingest_btc_data' retrieved from /opt/airflow/dags/ingest_btc_data.py
[2024-04-15T00:09:48.991+0000] {logging_mixin.py:188} INFO - [2024-04-15T00:09:48.991+0000] {dag.py:3096} INFO - Sync 1 DAGs
[2024-04-15T00:09:49.013+0000] {logging_mixin.py:188} INFO - [2024-04-15T00:09:49.012+0000] {dag.py:3954} INFO - Setting next_dagrun for ingest_btc_data to 2024-04-14 00:00:00+00:00, run_after=2024-04-15 00:00:00+00:00
[2024-04-15T00:09:49.032+0000] {processor.py:183} INFO - Processing /opt/airflow/dags/ingest_btc_data.py took 0.098 seconds
[2024-04-15T00:10:10.072+0000] {processor.py:161} INFO - Started process (PID=2102) to work on /opt/airflow/dags/ingest_btc_data.py
[2024-04-15T00:10:10.073+0000] {processor.py:830} INFO - Processing file /opt/airflow/dags/ingest_btc_data.py for tasks to queue
[2024-04-15T00:10:10.074+0000] {logging_mixin.py:188} INFO - [2024-04-15T00:10:10.074+0000] {dagbag.py:540} INFO - Filling up the DagBag from /opt/airflow/dags/ingest_btc_data.py
[2024-04-15T00:10:10.111+0000] {processor.py:840} INFO - DAG(s) 'ingest_btc_data' retrieved from /opt/airflow/dags/ingest_btc_data.py
[2024-04-15T00:10:10.214+0000] {logging_mixin.py:188} INFO - [2024-04-15T00:10:10.214+0000] {dag.py:3096} INFO - Sync 1 DAGs
[2024-04-15T00:10:10.233+0000] {logging_mixin.py:188} INFO - [2024-04-15T00:10:10.233+0000] {dag.py:3954} INFO - Setting next_dagrun for ingest_btc_data to 2024-04-14 00:00:00+00:00, run_after=2024-04-15 00:00:00+00:00
[2024-04-15T00:10:10.254+0000] {processor.py:183} INFO - Processing /opt/airflow/dags/ingest_btc_data.py took 0.186 seconds
[2024-04-15T00:10:40.332+0000] {processor.py:161} INFO - Started process (PID=2116) to work on /opt/airflow/dags/ingest_btc_data.py
[2024-04-15T00:10:40.333+0000] {processor.py:830} INFO - Processing file /opt/airflow/dags/ingest_btc_data.py for tasks to queue
[2024-04-15T00:10:40.333+0000] {logging_mixin.py:188} INFO - [2024-04-15T00:10:40.333+0000] {dagbag.py:540} INFO - Filling up the DagBag from /opt/airflow/dags/ingest_btc_data.py
[2024-04-15T00:10:40.361+0000] {processor.py:840} INFO - DAG(s) 'ingest_btc_data' retrieved from /opt/airflow/dags/ingest_btc_data.py
[2024-04-15T00:10:40.382+0000] {logging_mixin.py:188} INFO - [2024-04-15T00:10:40.382+0000] {dag.py:3096} INFO - Sync 1 DAGs
[2024-04-15T00:10:40.402+0000] {logging_mixin.py:188} INFO - [2024-04-15T00:10:40.402+0000] {dag.py:3954} INFO - Setting next_dagrun for ingest_btc_data to 2024-04-14 00:00:00+00:00, run_after=2024-04-15 00:00:00+00:00
[2024-04-15T00:10:40.419+0000] {processor.py:183} INFO - Processing /opt/airflow/dags/ingest_btc_data.py took 0.091 seconds
[2024-04-15T00:10:49.539+0000] {processor.py:161} INFO - Started process (PID=2124) to work on /opt/airflow/dags/ingest_btc_data.py
[2024-04-15T00:10:49.540+0000] {processor.py:830} INFO - Processing file /opt/airflow/dags/ingest_btc_data.py for tasks to queue
[2024-04-15T00:10:49.541+0000] {logging_mixin.py:188} INFO - [2024-04-15T00:10:49.541+0000] {dagbag.py:540} INFO - Filling up the DagBag from /opt/airflow/dags/ingest_btc_data.py
[2024-04-15T00:10:49.577+0000] {processor.py:840} INFO - DAG(s) 'ingest_btc_data' retrieved from /opt/airflow/dags/ingest_btc_data.py
[2024-04-15T00:10:49.670+0000] {logging_mixin.py:188} INFO - [2024-04-15T00:10:49.669+0000] {dag.py:3096} INFO - Sync 1 DAGs
[2024-04-15T00:10:49.689+0000] {logging_mixin.py:188} INFO - [2024-04-15T00:10:49.689+0000] {dag.py:3954} INFO - Setting next_dagrun for ingest_btc_data to 2024-04-14 00:00:00+00:00, run_after=2024-04-15 00:00:00+00:00
[2024-04-15T00:10:49.837+0000] {processor.py:183} INFO - Processing /opt/airflow/dags/ingest_btc_data.py took 0.302 seconds
[2024-04-15T00:10:54.658+0000] {processor.py:161} INFO - Started process (PID=2125) to work on /opt/airflow/dags/ingest_btc_data.py
[2024-04-15T00:10:54.659+0000] {processor.py:830} INFO - Processing file /opt/airflow/dags/ingest_btc_data.py for tasks to queue
[2024-04-15T00:10:54.659+0000] {logging_mixin.py:188} INFO - [2024-04-15T00:10:54.659+0000] {dagbag.py:540} INFO - Filling up the DagBag from /opt/airflow/dags/ingest_btc_data.py
[2024-04-15T00:10:54.695+0000] {processor.py:840} INFO - DAG(s) 'ingest_btc_data' retrieved from /opt/airflow/dags/ingest_btc_data.py
[2024-04-15T00:10:54.705+0000] {logging_mixin.py:188} INFO - [2024-04-15T00:10:54.705+0000] {dag.py:3096} INFO - Sync 1 DAGs
[2024-04-15T00:10:54.727+0000] {logging_mixin.py:188} INFO - [2024-04-15T00:10:54.727+0000] {dag.py:3954} INFO - Setting next_dagrun for ingest_btc_data to 2024-04-14 00:00:00+00:00, run_after=2024-04-15 00:00:00+00:00
[2024-04-15T00:10:54.747+0000] {processor.py:183} INFO - Processing /opt/airflow/dags/ingest_btc_data.py took 0.094 seconds
[2024-04-15T00:10:56.684+0000] {processor.py:161} INFO - Started process (PID=2126) to work on /opt/airflow/dags/ingest_btc_data.py
[2024-04-15T00:10:56.685+0000] {processor.py:830} INFO - Processing file /opt/airflow/dags/ingest_btc_data.py for tasks to queue
[2024-04-15T00:10:56.686+0000] {logging_mixin.py:188} INFO - [2024-04-15T00:10:56.686+0000] {dagbag.py:540} INFO - Filling up the DagBag from /opt/airflow/dags/ingest_btc_data.py
[2024-04-15T00:10:56.726+0000] {processor.py:840} INFO - DAG(s) 'ingest_btc_data' retrieved from /opt/airflow/dags/ingest_btc_data.py
[2024-04-15T00:10:56.736+0000] {logging_mixin.py:188} INFO - [2024-04-15T00:10:56.736+0000] {dag.py:3096} INFO - Sync 1 DAGs
[2024-04-15T00:10:56.759+0000] {logging_mixin.py:188} INFO - [2024-04-15T00:10:56.758+0000] {dag.py:3954} INFO - Setting next_dagrun for ingest_btc_data to 2024-04-14 00:00:00+00:00, run_after=2024-04-15 00:00:00+00:00
[2024-04-15T00:10:56.779+0000] {processor.py:183} INFO - Processing /opt/airflow/dags/ingest_btc_data.py took 0.099 seconds
[2024-04-15T00:10:59.817+0000] {processor.py:161} INFO - Started process (PID=2127) to work on /opt/airflow/dags/ingest_btc_data.py
[2024-04-15T00:10:59.818+0000] {processor.py:830} INFO - Processing file /opt/airflow/dags/ingest_btc_data.py for tasks to queue
[2024-04-15T00:10:59.819+0000] {logging_mixin.py:188} INFO - [2024-04-15T00:10:59.818+0000] {dagbag.py:540} INFO - Filling up the DagBag from /opt/airflow/dags/ingest_btc_data.py
[2024-04-15T00:10:59.852+0000] {processor.py:840} INFO - DAG(s) 'ingest_btc_data' retrieved from /opt/airflow/dags/ingest_btc_data.py
[2024-04-15T00:10:59.861+0000] {logging_mixin.py:188} INFO - [2024-04-15T00:10:59.861+0000] {dag.py:3096} INFO - Sync 1 DAGs
[2024-04-15T00:10:59.883+0000] {logging_mixin.py:188} INFO - [2024-04-15T00:10:59.883+0000] {dag.py:3954} INFO - Setting next_dagrun for ingest_btc_data to 2024-04-14 00:00:00+00:00, run_after=2024-04-15 00:00:00+00:00
[2024-04-15T00:10:59.902+0000] {processor.py:183} INFO - Processing /opt/airflow/dags/ingest_btc_data.py took 0.089 seconds
[2024-04-15T00:11:01.849+0000] {processor.py:161} INFO - Started process (PID=2128) to work on /opt/airflow/dags/ingest_btc_data.py
[2024-04-15T00:11:01.850+0000] {processor.py:830} INFO - Processing file /opt/airflow/dags/ingest_btc_data.py for tasks to queue
[2024-04-15T00:11:01.850+0000] {logging_mixin.py:188} INFO - [2024-04-15T00:11:01.850+0000] {dagbag.py:540} INFO - Filling up the DagBag from /opt/airflow/dags/ingest_btc_data.py
[2024-04-15T00:11:01.889+0000] {processor.py:840} INFO - DAG(s) 'ingest_btc_data' retrieved from /opt/airflow/dags/ingest_btc_data.py
[2024-04-15T00:11:01.901+0000] {logging_mixin.py:188} INFO - [2024-04-15T00:11:01.901+0000] {dag.py:3096} INFO - Sync 1 DAGs
[2024-04-15T00:11:01.925+0000] {logging_mixin.py:188} INFO - [2024-04-15T00:11:01.925+0000] {dag.py:3954} INFO - Setting next_dagrun for ingest_btc_data to 2024-04-14 00:00:00+00:00, run_after=2024-04-15 00:00:00+00:00
[2024-04-15T00:11:01.947+0000] {processor.py:183} INFO - Processing /opt/airflow/dags/ingest_btc_data.py took 0.103 seconds
[2024-04-15T00:11:32.173+0000] {processor.py:161} INFO - Started process (PID=2143) to work on /opt/airflow/dags/ingest_btc_data.py
[2024-04-15T00:11:32.174+0000] {processor.py:830} INFO - Processing file /opt/airflow/dags/ingest_btc_data.py for tasks to queue
[2024-04-15T00:11:32.175+0000] {logging_mixin.py:188} INFO - [2024-04-15T00:11:32.175+0000] {dagbag.py:540} INFO - Filling up the DagBag from /opt/airflow/dags/ingest_btc_data.py
[2024-04-15T00:11:32.205+0000] {processor.py:840} INFO - DAG(s) 'ingest_btc_data' retrieved from /opt/airflow/dags/ingest_btc_data.py
[2024-04-15T00:11:32.298+0000] {logging_mixin.py:188} INFO - [2024-04-15T00:11:32.297+0000] {dag.py:3096} INFO - Sync 1 DAGs
[2024-04-15T00:11:32.435+0000] {logging_mixin.py:188} INFO - [2024-04-15T00:11:32.435+0000] {dag.py:3954} INFO - Setting next_dagrun for ingest_btc_data to 2024-04-14 00:00:00+00:00, run_after=2024-04-15 00:00:00+00:00
[2024-04-15T00:11:32.451+0000] {processor.py:183} INFO - Processing /opt/airflow/dags/ingest_btc_data.py took 0.284 seconds
[2024-04-15T00:12:03.379+0000] {processor.py:161} INFO - Started process (PID=2152) to work on /opt/airflow/dags/ingest_btc_data.py
[2024-04-15T00:12:03.380+0000] {processor.py:830} INFO - Processing file /opt/airflow/dags/ingest_btc_data.py for tasks to queue
[2024-04-15T00:12:03.381+0000] {logging_mixin.py:188} INFO - [2024-04-15T00:12:03.380+0000] {dagbag.py:540} INFO - Filling up the DagBag from /opt/airflow/dags/ingest_btc_data.py
[2024-04-15T00:12:03.408+0000] {processor.py:840} INFO - DAG(s) 'ingest_btc_data' retrieved from /opt/airflow/dags/ingest_btc_data.py
[2024-04-15T00:12:03.428+0000] {logging_mixin.py:188} INFO - [2024-04-15T00:12:03.427+0000] {dag.py:3096} INFO - Sync 1 DAGs
[2024-04-15T00:12:03.446+0000] {logging_mixin.py:188} INFO - [2024-04-15T00:12:03.446+0000] {dag.py:3954} INFO - Setting next_dagrun for ingest_btc_data to 2024-04-14 00:00:00+00:00, run_after=2024-04-15 00:00:00+00:00
[2024-04-15T00:12:03.461+0000] {processor.py:183} INFO - Processing /opt/airflow/dags/ingest_btc_data.py took 0.086 seconds
[2024-04-15T00:12:33.646+0000] {processor.py:161} INFO - Started process (PID=2160) to work on /opt/airflow/dags/ingest_btc_data.py
[2024-04-15T00:12:33.647+0000] {processor.py:830} INFO - Processing file /opt/airflow/dags/ingest_btc_data.py for tasks to queue
[2024-04-15T00:12:33.647+0000] {logging_mixin.py:188} INFO - [2024-04-15T00:12:33.647+0000] {dagbag.py:540} INFO - Filling up the DagBag from /opt/airflow/dags/ingest_btc_data.py
[2024-04-15T00:12:33.676+0000] {processor.py:840} INFO - DAG(s) 'ingest_btc_data' retrieved from /opt/airflow/dags/ingest_btc_data.py
[2024-04-15T00:12:33.695+0000] {logging_mixin.py:188} INFO - [2024-04-15T00:12:33.695+0000] {dag.py:3096} INFO - Sync 1 DAGs
[2024-04-15T00:12:33.714+0000] {logging_mixin.py:188} INFO - [2024-04-15T00:12:33.714+0000] {dag.py:3954} INFO - Setting next_dagrun for ingest_btc_data to 2024-04-14 00:00:00+00:00, run_after=2024-04-15 00:00:00+00:00
[2024-04-15T00:12:33.730+0000] {processor.py:183} INFO - Processing /opt/airflow/dags/ingest_btc_data.py took 0.088 seconds
[2024-04-15T00:13:03.918+0000] {processor.py:161} INFO - Started process (PID=2168) to work on /opt/airflow/dags/ingest_btc_data.py
[2024-04-15T00:13:03.920+0000] {processor.py:830} INFO - Processing file /opt/airflow/dags/ingest_btc_data.py for tasks to queue
[2024-04-15T00:13:03.921+0000] {logging_mixin.py:188} INFO - [2024-04-15T00:13:03.921+0000] {dagbag.py:540} INFO - Filling up the DagBag from /opt/airflow/dags/ingest_btc_data.py
[2024-04-15T00:13:03.953+0000] {processor.py:840} INFO - DAG(s) 'ingest_btc_data' retrieved from /opt/airflow/dags/ingest_btc_data.py
[2024-04-15T00:13:03.976+0000] {logging_mixin.py:188} INFO - [2024-04-15T00:13:03.976+0000] {dag.py:3096} INFO - Sync 1 DAGs
[2024-04-15T00:13:03.996+0000] {logging_mixin.py:188} INFO - [2024-04-15T00:13:03.996+0000] {dag.py:3954} INFO - Setting next_dagrun for ingest_btc_data to 2024-04-14 00:00:00+00:00, run_after=2024-04-15 00:00:00+00:00
[2024-04-15T00:13:04.013+0000] {processor.py:183} INFO - Processing /opt/airflow/dags/ingest_btc_data.py took 0.103 seconds
[2024-04-15T00:13:34.103+0000] {processor.py:161} INFO - Started process (PID=2176) to work on /opt/airflow/dags/ingest_btc_data.py
[2024-04-15T00:13:34.104+0000] {processor.py:830} INFO - Processing file /opt/airflow/dags/ingest_btc_data.py for tasks to queue
[2024-04-15T00:13:34.104+0000] {logging_mixin.py:188} INFO - [2024-04-15T00:13:34.104+0000] {dagbag.py:540} INFO - Filling up the DagBag from /opt/airflow/dags/ingest_btc_data.py
[2024-04-15T00:13:34.135+0000] {processor.py:840} INFO - DAG(s) 'ingest_btc_data' retrieved from /opt/airflow/dags/ingest_btc_data.py
[2024-04-15T00:13:34.156+0000] {logging_mixin.py:188} INFO - [2024-04-15T00:13:34.156+0000] {dag.py:3096} INFO - Sync 1 DAGs
[2024-04-15T00:13:34.177+0000] {logging_mixin.py:188} INFO - [2024-04-15T00:13:34.177+0000] {dag.py:3954} INFO - Setting next_dagrun for ingest_btc_data to 2024-04-14 00:00:00+00:00, run_after=2024-04-15 00:00:00+00:00
[2024-04-15T00:13:34.196+0000] {processor.py:183} INFO - Processing /opt/airflow/dags/ingest_btc_data.py took 0.097 seconds
[2024-04-15T00:14:04.377+0000] {processor.py:161} INFO - Started process (PID=2184) to work on /opt/airflow/dags/ingest_btc_data.py
[2024-04-15T00:14:04.378+0000] {processor.py:830} INFO - Processing file /opt/airflow/dags/ingest_btc_data.py for tasks to queue
[2024-04-15T00:14:04.379+0000] {logging_mixin.py:188} INFO - [2024-04-15T00:14:04.379+0000] {dagbag.py:540} INFO - Filling up the DagBag from /opt/airflow/dags/ingest_btc_data.py
[2024-04-15T00:14:04.408+0000] {processor.py:840} INFO - DAG(s) 'ingest_btc_data' retrieved from /opt/airflow/dags/ingest_btc_data.py
[2024-04-15T00:14:04.432+0000] {logging_mixin.py:188} INFO - [2024-04-15T00:14:04.431+0000] {dag.py:3096} INFO - Sync 1 DAGs
[2024-04-15T00:14:04.453+0000] {logging_mixin.py:188} INFO - [2024-04-15T00:14:04.453+0000] {dag.py:3954} INFO - Setting next_dagrun for ingest_btc_data to 2024-04-14 00:00:00+00:00, run_after=2024-04-15 00:00:00+00:00
[2024-04-15T00:14:04.471+0000] {processor.py:183} INFO - Processing /opt/airflow/dags/ingest_btc_data.py took 0.098 seconds
[2024-04-15T00:14:34.658+0000] {processor.py:161} INFO - Started process (PID=2192) to work on /opt/airflow/dags/ingest_btc_data.py
[2024-04-15T00:14:34.659+0000] {processor.py:830} INFO - Processing file /opt/airflow/dags/ingest_btc_data.py for tasks to queue
[2024-04-15T00:14:34.660+0000] {logging_mixin.py:188} INFO - [2024-04-15T00:14:34.660+0000] {dagbag.py:540} INFO - Filling up the DagBag from /opt/airflow/dags/ingest_btc_data.py
[2024-04-15T00:14:34.692+0000] {processor.py:840} INFO - DAG(s) 'ingest_btc_data' retrieved from /opt/airflow/dags/ingest_btc_data.py
[2024-04-15T00:14:34.714+0000] {logging_mixin.py:188} INFO - [2024-04-15T00:14:34.714+0000] {dag.py:3096} INFO - Sync 1 DAGs
[2024-04-15T00:14:34.737+0000] {logging_mixin.py:188} INFO - [2024-04-15T00:14:34.736+0000] {dag.py:3954} INFO - Setting next_dagrun for ingest_btc_data to 2024-04-14 00:00:00+00:00, run_after=2024-04-15 00:00:00+00:00
[2024-04-15T00:14:34.754+0000] {processor.py:183} INFO - Processing /opt/airflow/dags/ingest_btc_data.py took 0.102 seconds
[2024-04-15T00:15:04.929+0000] {processor.py:161} INFO - Started process (PID=2200) to work on /opt/airflow/dags/ingest_btc_data.py
[2024-04-15T00:15:04.930+0000] {processor.py:830} INFO - Processing file /opt/airflow/dags/ingest_btc_data.py for tasks to queue
[2024-04-15T00:15:04.931+0000] {logging_mixin.py:188} INFO - [2024-04-15T00:15:04.931+0000] {dagbag.py:540} INFO - Filling up the DagBag from /opt/airflow/dags/ingest_btc_data.py
[2024-04-15T00:15:04.961+0000] {processor.py:840} INFO - DAG(s) 'ingest_btc_data' retrieved from /opt/airflow/dags/ingest_btc_data.py
[2024-04-15T00:15:04.981+0000] {logging_mixin.py:188} INFO - [2024-04-15T00:15:04.981+0000] {dag.py:3096} INFO - Sync 1 DAGs
[2024-04-15T00:15:05.000+0000] {logging_mixin.py:188} INFO - [2024-04-15T00:15:05.000+0000] {dag.py:3954} INFO - Setting next_dagrun for ingest_btc_data to 2024-04-14 00:00:00+00:00, run_after=2024-04-15 00:00:00+00:00
[2024-04-15T00:15:05.017+0000] {processor.py:183} INFO - Processing /opt/airflow/dags/ingest_btc_data.py took 0.092 seconds
[2024-04-15T00:15:35.214+0000] {processor.py:161} INFO - Started process (PID=2208) to work on /opt/airflow/dags/ingest_btc_data.py
[2024-04-15T00:15:35.215+0000] {processor.py:830} INFO - Processing file /opt/airflow/dags/ingest_btc_data.py for tasks to queue
[2024-04-15T00:15:35.216+0000] {logging_mixin.py:188} INFO - [2024-04-15T00:15:35.215+0000] {dagbag.py:540} INFO - Filling up the DagBag from /opt/airflow/dags/ingest_btc_data.py
[2024-04-15T00:15:35.246+0000] {processor.py:840} INFO - DAG(s) 'ingest_btc_data' retrieved from /opt/airflow/dags/ingest_btc_data.py
[2024-04-15T00:15:35.273+0000] {logging_mixin.py:188} INFO - [2024-04-15T00:15:35.273+0000] {dag.py:3096} INFO - Sync 1 DAGs
[2024-04-15T00:15:35.298+0000] {logging_mixin.py:188} INFO - [2024-04-15T00:15:35.298+0000] {dag.py:3954} INFO - Setting next_dagrun for ingest_btc_data to 2024-04-14 00:00:00+00:00, run_after=2024-04-15 00:00:00+00:00
[2024-04-15T00:15:35.315+0000] {processor.py:183} INFO - Processing /opt/airflow/dags/ingest_btc_data.py took 0.107 seconds
[2024-04-15T00:16:05.539+0000] {processor.py:161} INFO - Started process (PID=2216) to work on /opt/airflow/dags/ingest_btc_data.py
[2024-04-15T00:16:05.540+0000] {processor.py:830} INFO - Processing file /opt/airflow/dags/ingest_btc_data.py for tasks to queue
[2024-04-15T00:16:05.541+0000] {logging_mixin.py:188} INFO - [2024-04-15T00:16:05.541+0000] {dagbag.py:540} INFO - Filling up the DagBag from /opt/airflow/dags/ingest_btc_data.py
[2024-04-15T00:16:05.570+0000] {processor.py:840} INFO - DAG(s) 'ingest_btc_data' retrieved from /opt/airflow/dags/ingest_btc_data.py
[2024-04-15T00:16:05.592+0000] {logging_mixin.py:188} INFO - [2024-04-15T00:16:05.591+0000] {dag.py:3096} INFO - Sync 1 DAGs
[2024-04-15T00:16:05.616+0000] {logging_mixin.py:188} INFO - [2024-04-15T00:16:05.616+0000] {dag.py:3954} INFO - Setting next_dagrun for ingest_btc_data to 2024-04-14 00:00:00+00:00, run_after=2024-04-15 00:00:00+00:00
[2024-04-15T00:16:05.634+0000] {processor.py:183} INFO - Processing /opt/airflow/dags/ingest_btc_data.py took 0.099 seconds
[2024-04-15T00:16:35.812+0000] {processor.py:161} INFO - Started process (PID=2224) to work on /opt/airflow/dags/ingest_btc_data.py
[2024-04-15T00:16:35.813+0000] {processor.py:830} INFO - Processing file /opt/airflow/dags/ingest_btc_data.py for tasks to queue
[2024-04-15T00:16:35.814+0000] {logging_mixin.py:188} INFO - [2024-04-15T00:16:35.813+0000] {dagbag.py:540} INFO - Filling up the DagBag from /opt/airflow/dags/ingest_btc_data.py
[2024-04-15T00:16:35.841+0000] {processor.py:840} INFO - DAG(s) 'ingest_btc_data' retrieved from /opt/airflow/dags/ingest_btc_data.py
[2024-04-15T00:16:35.861+0000] {logging_mixin.py:188} INFO - [2024-04-15T00:16:35.861+0000] {dag.py:3096} INFO - Sync 1 DAGs
[2024-04-15T00:16:35.882+0000] {logging_mixin.py:188} INFO - [2024-04-15T00:16:35.881+0000] {dag.py:3954} INFO - Setting next_dagrun for ingest_btc_data to 2024-04-14 00:00:00+00:00, run_after=2024-04-15 00:00:00+00:00
[2024-04-15T00:16:35.898+0000] {processor.py:183} INFO - Processing /opt/airflow/dags/ingest_btc_data.py took 0.090 seconds
[2024-04-15T00:17:06.082+0000] {processor.py:161} INFO - Started process (PID=2232) to work on /opt/airflow/dags/ingest_btc_data.py
[2024-04-15T00:17:06.082+0000] {processor.py:830} INFO - Processing file /opt/airflow/dags/ingest_btc_data.py for tasks to queue
[2024-04-15T00:17:06.083+0000] {logging_mixin.py:188} INFO - [2024-04-15T00:17:06.083+0000] {dagbag.py:540} INFO - Filling up the DagBag from /opt/airflow/dags/ingest_btc_data.py
[2024-04-15T00:17:06.109+0000] {processor.py:840} INFO - DAG(s) 'ingest_btc_data' retrieved from /opt/airflow/dags/ingest_btc_data.py
[2024-04-15T00:17:06.134+0000] {logging_mixin.py:188} INFO - [2024-04-15T00:17:06.133+0000] {dag.py:3096} INFO - Sync 1 DAGs
[2024-04-15T00:17:06.152+0000] {logging_mixin.py:188} INFO - [2024-04-15T00:17:06.151+0000] {dag.py:3954} INFO - Setting next_dagrun for ingest_btc_data to 2024-04-14 00:00:00+00:00, run_after=2024-04-15 00:00:00+00:00
[2024-04-15T00:17:06.166+0000] {processor.py:183} INFO - Processing /opt/airflow/dags/ingest_btc_data.py took 0.088 seconds
[2024-04-15T00:17:36.358+0000] {processor.py:161} INFO - Started process (PID=2240) to work on /opt/airflow/dags/ingest_btc_data.py
[2024-04-15T00:17:36.359+0000] {processor.py:830} INFO - Processing file /opt/airflow/dags/ingest_btc_data.py for tasks to queue
[2024-04-15T00:17:36.360+0000] {logging_mixin.py:188} INFO - [2024-04-15T00:17:36.360+0000] {dagbag.py:540} INFO - Filling up the DagBag from /opt/airflow/dags/ingest_btc_data.py
[2024-04-15T00:17:36.386+0000] {processor.py:840} INFO - DAG(s) 'ingest_btc_data' retrieved from /opt/airflow/dags/ingest_btc_data.py
[2024-04-15T00:17:36.407+0000] {logging_mixin.py:188} INFO - [2024-04-15T00:17:36.406+0000] {dag.py:3096} INFO - Sync 1 DAGs
[2024-04-15T00:17:36.425+0000] {logging_mixin.py:188} INFO - [2024-04-15T00:17:36.425+0000] {dag.py:3954} INFO - Setting next_dagrun for ingest_btc_data to 2024-04-14 00:00:00+00:00, run_after=2024-04-15 00:00:00+00:00
[2024-04-15T00:17:36.440+0000] {processor.py:183} INFO - Processing /opt/airflow/dags/ingest_btc_data.py took 0.086 seconds
[2024-04-15T00:18:06.627+0000] {processor.py:161} INFO - Started process (PID=2248) to work on /opt/airflow/dags/ingest_btc_data.py
[2024-04-15T00:18:06.627+0000] {processor.py:830} INFO - Processing file /opt/airflow/dags/ingest_btc_data.py for tasks to queue
[2024-04-15T00:18:06.628+0000] {logging_mixin.py:188} INFO - [2024-04-15T00:18:06.628+0000] {dagbag.py:540} INFO - Filling up the DagBag from /opt/airflow/dags/ingest_btc_data.py
[2024-04-15T00:18:06.654+0000] {processor.py:840} INFO - DAG(s) 'ingest_btc_data' retrieved from /opt/airflow/dags/ingest_btc_data.py
[2024-04-15T00:18:06.674+0000] {logging_mixin.py:188} INFO - [2024-04-15T00:18:06.673+0000] {dag.py:3096} INFO - Sync 1 DAGs
[2024-04-15T00:18:06.692+0000] {logging_mixin.py:188} INFO - [2024-04-15T00:18:06.692+0000] {dag.py:3954} INFO - Setting next_dagrun for ingest_btc_data to 2024-04-14 00:00:00+00:00, run_after=2024-04-15 00:00:00+00:00
[2024-04-15T00:18:06.707+0000] {processor.py:183} INFO - Processing /opt/airflow/dags/ingest_btc_data.py took 0.085 seconds
